Setting stack size to unlimited...
core file size          (blocks, -c) 0
data seg size           (kbytes, -d) unlimited
scheduling priority             (-e) 0
file size               (blocks, -f) unlimited
pending signals                 (-i) 2062696
max locked memory       (kbytes, -l) unlimited
max memory size         (kbytes, -m) 253952000
open files                      (-n) 1024
pipe size            (512 bytes, -p) 8
POSIX message queues     (bytes, -q) 819200
real-time priority              (-r) 0
stack size              (kbytes, -s) unlimited
cpu time               (seconds, -t) unlimited
max user processes              (-u) 4096
virtual memory          (kbytes, -v) unlimited
file locks                      (-x) unlimited

Running Job...!
===============================================================================
Running compiled binary...
Serial version...
Elapsed time: 177.96
R: 149.659528, G: 148.049722, B: 139.202555
Parallel version with 1 threads
OMP: Info #212: KMP_AFFINITY: decoding x2APIC ids.
OMP: Info #210: KMP_AFFINITY: Affinity capable, using global cpuid leaf 11 info
OMP: Info #154: KMP_AFFINITY: Initial OS proc set respected: 5,7,9,11,13,15,17,19,21,23,24,26,28,30,32,34
OMP: Info #156: KMP_AFFINITY: 16 available OS procs
OMP: Info #158: KMP_AFFINITY: Nonuniform topology
OMP: Info #179: KMP_AFFINITY: 2 packages x 10 cores/pkg x 1 threads/core (16 total cores)
OMP: Info #214: KMP_AFFINITY: OS proc to physical thread map:
OMP: Info #171: KMP_AFFINITY: OS proc 24 maps to package 0 core 19 
OMP: Info #171: KMP_AFFINITY: OS proc 26 maps to package 0 core 20 
OMP: Info #171: KMP_AFFINITY: OS proc 28 maps to package 0 core 24 
OMP: Info #171: KMP_AFFINITY: OS proc 30 maps to package 0 core 25 
OMP: Info #171: KMP_AFFINITY: OS proc 32 maps to package 0 core 26 
OMP: Info #171: KMP_AFFINITY: OS proc 34 maps to package 0 core 27 
OMP: Info #171: KMP_AFFINITY: OS proc 5 maps to package 1 core 2 
OMP: Info #171: KMP_AFFINITY: OS proc 7 maps to package 1 core 3 
OMP: Info #171: KMP_AFFINITY: OS proc 9 maps to package 1 core 4 
OMP: Info #171: KMP_AFFINITY: OS proc 11 maps to package 1 core 8 
OMP: Info #171: KMP_AFFINITY: OS proc 13 maps to package 1 core 9 
OMP: Info #171: KMP_AFFINITY: OS proc 15 maps to package 1 core 10 
OMP: Info #171: KMP_AFFINITY: OS proc 17 maps to package 1 core 11 
OMP: Info #171: KMP_AFFINITY: OS proc 19 maps to package 1 core 16 
OMP: Info #171: KMP_AFFINITY: OS proc 21 maps to package 1 core 17 
OMP: Info #171: KMP_AFFINITY: OS proc 23 maps to package 1 core 18 
OMP: Info #250: KMP_AFFINITY: pid 87208 tid 87208 thread 0 bound to OS proc set 24
Elapsed time: 95.13
R: 149.659528, G: 148.049722, B: 139.202555
Parallel version with 2 threads
OMP: Info #212: KMP_AFFINITY: decoding x2APIC ids.
OMP: Info #210: KMP_AFFINITY: Affinity capable, using global cpuid leaf 11 info
OMP: Info #154: KMP_AFFINITY: Initial OS proc set respected: 5,7,9,11,13,15,17,19,21,23,24,26,28,30,32,34
OMP: Info #156: KMP_AFFINITY: 16 available OS procs
OMP: Info #158: KMP_AFFINITY: Nonuniform topology
OMP: Info #179: KMP_AFFINITY: 2 packages x 10 cores/pkg x 1 threads/core (16 total cores)
OMP: Info #214: KMP_AFFINITY: OS proc to physical thread map:
OMP: Info #171: KMP_AFFINITY: OS proc 24 maps to package 0 core 19 
OMP: Info #171: KMP_AFFINITY: OS proc 26 maps to package 0 core 20 
OMP: Info #171: KMP_AFFINITY: OS proc 28 maps to package 0 core 24 
OMP: Info #171: KMP_AFFINITY: OS proc 30 maps to package 0 core 25 
OMP: Info #171: KMP_AFFINITY: OS proc 32 maps to package 0 core 26 
OMP: Info #171: KMP_AFFINITY: OS proc 34 maps to package 0 core 27 
OMP: Info #171: KMP_AFFINITY: OS proc 5 maps to package 1 core 2 
OMP: Info #171: KMP_AFFINITY: OS proc 7 maps to package 1 core 3 
OMP: Info #171: KMP_AFFINITY: OS proc 9 maps to package 1 core 4 
OMP: Info #171: KMP_AFFINITY: OS proc 11 maps to package 1 core 8 
OMP: Info #171: KMP_AFFINITY: OS proc 13 maps to package 1 core 9 
OMP: Info #171: KMP_AFFINITY: OS proc 15 maps to package 1 core 10 
OMP: Info #171: KMP_AFFINITY: OS proc 17 maps to package 1 core 11 
OMP: Info #171: KMP_AFFINITY: OS proc 19 maps to package 1 core 16 
OMP: Info #171: KMP_AFFINITY: OS proc 21 maps to package 1 core 17 
OMP: Info #171: KMP_AFFINITY: OS proc 23 maps to package 1 core 18 
OMP: Info #250: KMP_AFFINITY: pid 87216 tid 87216 thread 0 bound to OS proc set 24
OMP: Info #250: KMP_AFFINITY: pid 87216 tid 87217 thread 1 bound to OS proc set 26
Elapsed time: 53.89
R: 149.659528, G: 148.049722, B: 139.202555
Parallel version with 4 threads
OMP: Info #212: KMP_AFFINITY: decoding x2APIC ids.
OMP: Info #210: KMP_AFFINITY: Affinity capable, using global cpuid leaf 11 info
OMP: Info #154: KMP_AFFINITY: Initial OS proc set respected: 5,7,9,11,13,15,17,19,21,23,24,26,28,30,32,34
OMP: Info #156: KMP_AFFINITY: 16 available OS procs
OMP: Info #158: KMP_AFFINITY: Nonuniform topology
OMP: Info #179: KMP_AFFINITY: 2 packages x 10 cores/pkg x 1 threads/core (16 total cores)
OMP: Info #214: KMP_AFFINITY: OS proc to physical thread map:
OMP: Info #171: KMP_AFFINITY: OS proc 24 maps to package 0 core 19 
OMP: Info #171: KMP_AFFINITY: OS proc 26 maps to package 0 core 20 
OMP: Info #171: KMP_AFFINITY: OS proc 28 maps to package 0 core 24 
OMP: Info #171: KMP_AFFINITY: OS proc 30 maps to package 0 core 25 
OMP: Info #171: KMP_AFFINITY: OS proc 32 maps to package 0 core 26 
OMP: Info #171: KMP_AFFINITY: OS proc 34 maps to package 0 core 27 
OMP: Info #171: KMP_AFFINITY: OS proc 5 maps to package 1 core 2 
OMP: Info #171: KMP_AFFINITY: OS proc 7 maps to package 1 core 3 
OMP: Info #171: KMP_AFFINITY: OS proc 9 maps to package 1 core 4 
OMP: Info #171: KMP_AFFINITY: OS proc 11 maps to package 1 core 8 
OMP: Info #171: KMP_AFFINITY: OS proc 13 maps to package 1 core 9 
OMP: Info #171: KMP_AFFINITY: OS proc 15 maps to package 1 core 10 
OMP: Info #171: KMP_AFFINITY: OS proc 17 maps to package 1 core 11 
OMP: Info #171: KMP_AFFINITY: OS proc 19 maps to package 1 core 16 
OMP: Info #171: KMP_AFFINITY: OS proc 21 maps to package 1 core 17 
OMP: Info #171: KMP_AFFINITY: OS proc 23 maps to package 1 core 18 
OMP: Info #250: KMP_AFFINITY: pid 87225 tid 87225 thread 0 bound to OS proc set 24
OMP: Info #250: KMP_AFFINITY: pid 87225 tid 87228 thread 2 bound to OS proc set 28
OMP: Info #250: KMP_AFFINITY: pid 87225 tid 87229 thread 3 bound to OS proc set 30
OMP: Info #250: KMP_AFFINITY: pid 87225 tid 87227 thread 1 bound to OS proc set 26
Elapsed time: 30.47
R: 149.659528, G: 148.049722, B: 139.202555
Parallel version with 8 threads
OMP: Info #212: KMP_AFFINITY: decoding x2APIC ids.
OMP: Info #210: KMP_AFFINITY: Affinity capable, using global cpuid leaf 11 info
OMP: Info #154: KMP_AFFINITY: Initial OS proc set respected: 5,7,9,11,13,15,17,19,21,23,24,26,28,30,32,34
OMP: Info #156: KMP_AFFINITY: 16 available OS procs
OMP: Info #158: KMP_AFFINITY: Nonuniform topology
OMP: Info #179: KMP_AFFINITY: 2 packages x 10 cores/pkg x 1 threads/core (16 total cores)
OMP: Info #214: KMP_AFFINITY: OS proc to physical thread map:
OMP: Info #171: KMP_AFFINITY: OS proc 24 maps to package 0 core 19 
OMP: Info #171: KMP_AFFINITY: OS proc 26 maps to package 0 core 20 
OMP: Info #171: KMP_AFFINITY: OS proc 28 maps to package 0 core 24 
OMP: Info #171: KMP_AFFINITY: OS proc 30 maps to package 0 core 25 
OMP: Info #171: KMP_AFFINITY: OS proc 32 maps to package 0 core 26 
OMP: Info #171: KMP_AFFINITY: OS proc 34 maps to package 0 core 27 
OMP: Info #171: KMP_AFFINITY: OS proc 5 maps to package 1 core 2 
OMP: Info #171: KMP_AFFINITY: OS proc 7 maps to package 1 core 3 
OMP: Info #171: KMP_AFFINITY: OS proc 9 maps to package 1 core 4 
OMP: Info #171: KMP_AFFINITY: OS proc 11 maps to package 1 core 8 
OMP: Info #171: KMP_AFFINITY: OS proc 13 maps to package 1 core 9 
OMP: Info #171: KMP_AFFINITY: OS proc 15 maps to package 1 core 10 
OMP: Info #171: KMP_AFFINITY: OS proc 17 maps to package 1 core 11 
OMP: Info #171: KMP_AFFINITY: OS proc 19 maps to package 1 core 16 
OMP: Info #171: KMP_AFFINITY: OS proc 21 maps to package 1 core 17 
OMP: Info #171: KMP_AFFINITY: OS proc 23 maps to package 1 core 18 
OMP: Info #250: KMP_AFFINITY: pid 87232 tid 87232 thread 0 bound to OS proc set 24
OMP: Info #250: KMP_AFFINITY: pid 87232 tid 87235 thread 3 bound to OS proc set 30
OMP: Info #250: KMP_AFFINITY: pid 87232 tid 87233 thread 1 bound to OS proc set 26
OMP: Info #250: KMP_AFFINITY: pid 87232 tid 87234 thread 2 bound to OS proc set 28
OMP: Info #250: KMP_AFFINITY: pid 87232 tid 87237 thread 5 bound to OS proc set 34
OMP: Info #250: KMP_AFFINITY: pid 87232 tid 87238 thread 6 bound to OS proc set 5
OMP: Info #250: KMP_AFFINITY: pid 87232 tid 87236 thread 4 bound to OS proc set 32
OMP: Info #250: KMP_AFFINITY: pid 87232 tid 87239 thread 7 bound to OS proc set 7
Elapsed time: 18.25
R: 149.659528, G: 148.049722, B: 139.202555
Parallel version with 16 threads
OMP: Info #212: KMP_AFFINITY: decoding x2APIC ids.
OMP: Info #210: KMP_AFFINITY: Affinity capable, using global cpuid leaf 11 info
OMP: Info #154: KMP_AFFINITY: Initial OS proc set respected: 5,7,9,11,13,15,17,19,21,23,24,26,28,30,32,34
OMP: Info #156: KMP_AFFINITY: 16 available OS procs
OMP: Info #158: KMP_AFFINITY: Nonuniform topology
OMP: Info #179: KMP_AFFINITY: 2 packages x 10 cores/pkg x 1 threads/core (16 total cores)
OMP: Info #214: KMP_AFFINITY: OS proc to physical thread map:
OMP: Info #171: KMP_AFFINITY: OS proc 24 maps to package 0 core 19 
OMP: Info #171: KMP_AFFINITY: OS proc 26 maps to package 0 core 20 
OMP: Info #171: KMP_AFFINITY: OS proc 28 maps to package 0 core 24 
OMP: Info #171: KMP_AFFINITY: OS proc 30 maps to package 0 core 25 
OMP: Info #171: KMP_AFFINITY: OS proc 32 maps to package 0 core 26 
OMP: Info #171: KMP_AFFINITY: OS proc 34 maps to package 0 core 27 
OMP: Info #171: KMP_AFFINITY: OS proc 5 maps to package 1 core 2 
OMP: Info #171: KMP_AFFINITY: OS proc 7 maps to package 1 core 3 
OMP: Info #171: KMP_AFFINITY: OS proc 9 maps to package 1 core 4 
OMP: Info #171: KMP_AFFINITY: OS proc 11 maps to package 1 core 8 
OMP: Info #171: KMP_AFFINITY: OS proc 13 maps to package 1 core 9 
OMP: Info #171: KMP_AFFINITY: OS proc 15 maps to package 1 core 10 
OMP: Info #171: KMP_AFFINITY: OS proc 17 maps to package 1 core 11 
OMP: Info #171: KMP_AFFINITY: OS proc 19 maps to package 1 core 16 
OMP: Info #171: KMP_AFFINITY: OS proc 21 maps to package 1 core 17 
OMP: Info #171: KMP_AFFINITY: OS proc 23 maps to package 1 core 18 
OMP: Info #250: KMP_AFFINITY: pid 87241 tid 87241 thread 0 bound to OS proc set 24
OMP: Info #250: KMP_AFFINITY: pid 87241 tid 87242 thread 1 bound to OS proc set 26
OMP: Info #250: KMP_AFFINITY: pid 87241 tid 87245 thread 4 bound to OS proc set 32
OMP: Info #250: KMP_AFFINITY: pid 87241 tid 87243 thread 2 bound to OS proc set 28
OMP: Info #250: KMP_AFFINITY: pid 87241 tid 87244 thread 3 bound to OS proc set 30
OMP: Info #250: KMP_AFFINITY: pid 87241 tid 87249 thread 8 bound to OS proc set 9
OMP: Info #250: KMP_AFFINITY: pid 87241 tid 87246 thread 5 bound to OS proc set 34
OMP: Info #250: KMP_AFFINITY: pid 87241 tid 87247 thread 6 bound to OS proc set 5
OMP: Info #250: KMP_AFFINITY: pid 87241 tid 87248 thread 7 bound to OS proc set 7
OMP: Info #250: KMP_AFFINITY: pid 87241 tid 87251 thread 10 bound to OS proc set 13
OMP: Info #250: KMP_AFFINITY: pid 87241 tid 87250 thread 9 bound to OS proc set 11
OMP: Info #250: KMP_AFFINITY: pid 87241 tid 87252 thread 11 bound to OS proc set 15
OMP: Info #250: KMP_AFFINITY: pid 87241 tid 87253 thread 12 bound to OS proc set 17
OMP: Info #250: KMP_AFFINITY: pid 87241 tid 87254 thread 13 bound to OS proc set 19
OMP: Info #250: KMP_AFFINITY: pid 87241 tid 87255 thread 14 bound to OS proc set 21
OMP: Info #250: KMP_AFFINITY: pid 87241 tid 87256 thread 15 bound to OS proc set 23
Elapsed time: 11.44
R: 149.659528, G: 148.049722, B: 139.202555
Parallel version with 32 threads
OMP: Info #212: KMP_AFFINITY: decoding x2APIC ids.
OMP: Info #210: KMP_AFFINITY: Affinity capable, using global cpuid leaf 11 info
OMP: Info #154: KMP_AFFINITY: Initial OS proc set respected: 5,7,9,11,13,15,17,19,21,23,24,26,28,30,32,34
OMP: Info #156: KMP_AFFINITY: 16 available OS procs
OMP: Info #158: KMP_AFFINITY: Nonuniform topology
OMP: Info #179: KMP_AFFINITY: 2 packages x 10 cores/pkg x 1 threads/core (16 total cores)
OMP: Info #214: KMP_AFFINITY: OS proc to physical thread map:
OMP: Info #171: KMP_AFFINITY: OS proc 24 maps to package 0 core 19 
OMP: Info #171: KMP_AFFINITY: OS proc 26 maps to package 0 core 20 
OMP: Info #171: KMP_AFFINITY: OS proc 28 maps to package 0 core 24 
OMP: Info #171: KMP_AFFINITY: OS proc 30 maps to package 0 core 25 
OMP: Info #171: KMP_AFFINITY: OS proc 32 maps to package 0 core 26 
OMP: Info #171: KMP_AFFINITY: OS proc 34 maps to package 0 core 27 
OMP: Info #171: KMP_AFFINITY: OS proc 5 maps to package 1 core 2 
OMP: Info #171: KMP_AFFINITY: OS proc 7 maps to package 1 core 3 
OMP: Info #171: KMP_AFFINITY: OS proc 9 maps to package 1 core 4 
OMP: Info #171: KMP_AFFINITY: OS proc 11 maps to package 1 core 8 
OMP: Info #171: KMP_AFFINITY: OS proc 13 maps to package 1 core 9 
OMP: Info #171: KMP_AFFINITY: OS proc 15 maps to package 1 core 10 
OMP: Info #171: KMP_AFFINITY: OS proc 17 maps to package 1 core 11 
OMP: Info #171: KMP_AFFINITY: OS proc 19 maps to package 1 core 16 
OMP: Info #171: KMP_AFFINITY: OS proc 21 maps to package 1 core 17 
OMP: Info #171: KMP_AFFINITY: OS proc 23 maps to package 1 core 18 
OMP: Info #250: KMP_AFFINITY: pid 87257 tid 87257 thread 0 bound to OS proc set 24
OMP: Info #250: KMP_AFFINITY: pid 87257 tid 87259 thread 2 bound to OS proc set 28
OMP: Info #250: KMP_AFFINITY: pid 87257 tid 87260 thread 3 bound to OS proc set 30
OMP: Info #250: KMP_AFFINITY: pid 87257 tid 87258 thread 1 bound to OS proc set 26
OMP: Info #250: KMP_AFFINITY: pid 87257 tid 87262 thread 5 bound to OS proc set 34
OMP: Info #250: KMP_AFFINITY: pid 87257 tid 87261 thread 4 bound to OS proc set 32
OMP: Info #250: KMP_AFFINITY: pid 87257 tid 87263 thread 6 bound to OS proc set 5
OMP: Info #250: KMP_AFFINITY: pid 87257 tid 87264 thread 7 bound to OS proc set 7
OMP: Info #250: KMP_AFFINITY: pid 87257 tid 87265 thread 8 bound to OS proc set 9
OMP: Info #250: KMP_AFFINITY: pid 87257 tid 87267 thread 10 bound to OS proc set 13
OMP: Info #250: KMP_AFFINITY: pid 87257 tid 87268 thread 11 bound to OS proc set 15
OMP: Info #250: KMP_AFFINITY: pid 87257 tid 87266 thread 9 bound to OS proc set 11
OMP: Info #250: KMP_AFFINITY: pid 87257 tid 87269 thread 12 bound to OS proc set 17
OMP: Info #250: KMP_AFFINITY: pid 87257 tid 87270 thread 13 bound to OS proc set 19
OMP: Info #250: KMP_AFFINITY: pid 87257 tid 87271 thread 14 bound to OS proc set 21
OMP: Info #250: KMP_AFFINITY: pid 87257 tid 87272 thread 15 bound to OS proc set 23
OMP: Info #250: KMP_AFFINITY: pid 87257 tid 87274 thread 17 bound to OS proc set 26
OMP: Info #250: KMP_AFFINITY: pid 87257 tid 87276 thread 19 bound to OS proc set 30
OMP: Info #250: KMP_AFFINITY: pid 87257 tid 87277 thread 20 bound to OS proc set 32
OMP: Info #250: KMP_AFFINITY: pid 87257 tid 87273 thread 16 bound to OS proc set 24
OMP: Info #250: KMP_AFFINITY: pid 87257 tid 87278 thread 21 bound to OS proc set 34
OMP: Info #250: KMP_AFFINITY: pid 87257 tid 87279 thread 22 bound to OS proc set 5
OMP: Info #250: KMP_AFFINITY: pid 87257 tid 87275 thread 18 bound to OS proc set 28
OMP: Info #250: KMP_AFFINITY: pid 87257 tid 87282 thread 25 bound to OS proc set 11
OMP: Info #250: KMP_AFFINITY: pid 87257 tid 87280 thread 23 bound to OS proc set 7
OMP: Info #250: KMP_AFFINITY: pid 87257 tid 87283 thread 26 bound to OS proc set 13
OMP: Info #250: KMP_AFFINITY: pid 87257 tid 87284 thread 27 bound to OS proc set 15
OMP: Info #250: KMP_AFFINITY: pid 87257 tid 87286 thread 29 bound to OS proc set 19
OMP: Info #250: KMP_AFFINITY: pid 87257 tid 87281 thread 24 bound to OS proc set 9
OMP: Info #250: KMP_AFFINITY: pid 87257 tid 87285 thread 28 bound to OS proc set 17
OMP: Info #250: KMP_AFFINITY: pid 87257 tid 87287 thread 30 bound to OS proc set 21
OMP: Info #250: KMP_AFFINITY: pid 87257 tid 87288 thread 31 bound to OS proc set 23
Elapsed time: 11.45
R: 149.659528, G: 148.049722, B: 139.202555
