Setting stack size to unlimited...
core file size          (blocks, -c) 0
data seg size           (kbytes, -d) unlimited
scheduling priority             (-e) 0
file size               (blocks, -f) unlimited
pending signals                 (-i) 1030873
max locked memory       (kbytes, -l) unlimited
max memory size         (kbytes, -m) 253952000
open files                      (-n) 1024
pipe size            (512 bytes, -p) 8
POSIX message queues     (bytes, -q) 819200
real-time priority              (-r) 0
stack size              (kbytes, -s) unlimited
cpu time               (seconds, -t) unlimited
max user processes              (-u) 4096
virtual memory          (kbytes, -v) unlimited
file locks                      (-x) unlimited

Running Job...!
===============================================================================
Running compiled binary...
Serial version...
Elapsed time: 199.03
R: 149.659528, G: 148.049722, B: 139.202555
Parallel version with 1 threads
OMP: Info #212: KMP_AFFINITY: decoding x2APIC ids.
OMP: Info #210: KMP_AFFINITY: Affinity capable, using global cpuid leaf 11 info
OMP: Info #154: KMP_AFFINITY: Initial OS proc set respected: 0-15
OMP: Info #156: KMP_AFFINITY: 16 available OS procs
OMP: Info #158: KMP_AFFINITY: Nonuniform topology
OMP: Info #179: KMP_AFFINITY: 2 packages x 10 cores/pkg x 1 threads/core (16 total cores)
OMP: Info #214: KMP_AFFINITY: OS proc to physical thread map:
OMP: Info #171: KMP_AFFINITY: OS proc 0 maps to package 0 core 0 
OMP: Info #171: KMP_AFFINITY: OS proc 1 maps to package 0 core 1 
OMP: Info #171: KMP_AFFINITY: OS proc 2 maps to package 0 core 2 
OMP: Info #171: KMP_AFFINITY: OS proc 3 maps to package 0 core 3 
OMP: Info #171: KMP_AFFINITY: OS proc 4 maps to package 0 core 4 
OMP: Info #171: KMP_AFFINITY: OS proc 5 maps to package 0 core 8 
OMP: Info #171: KMP_AFFINITY: OS proc 6 maps to package 0 core 9 
OMP: Info #171: KMP_AFFINITY: OS proc 7 maps to package 0 core 10 
OMP: Info #171: KMP_AFFINITY: OS proc 8 maps to package 0 core 11 
OMP: Info #171: KMP_AFFINITY: OS proc 9 maps to package 0 core 12 
OMP: Info #171: KMP_AFFINITY: OS proc 10 maps to package 1 core 0 
OMP: Info #171: KMP_AFFINITY: OS proc 11 maps to package 1 core 1 
OMP: Info #171: KMP_AFFINITY: OS proc 12 maps to package 1 core 2 
OMP: Info #171: KMP_AFFINITY: OS proc 13 maps to package 1 core 3 
OMP: Info #171: KMP_AFFINITY: OS proc 14 maps to package 1 core 4 
OMP: Info #171: KMP_AFFINITY: OS proc 15 maps to package 1 core 8 
OMP: Info #250: KMP_AFFINITY: pid 30583 tid 30583 thread 0 bound to OS proc set 0
Elapsed time: 104.83
R: 149.659528, G: 148.049722, B: 139.202555
Parallel version with 2 threads
OMP: Info #212: KMP_AFFINITY: decoding x2APIC ids.
OMP: Info #210: KMP_AFFINITY: Affinity capable, using global cpuid leaf 11 info
OMP: Info #154: KMP_AFFINITY: Initial OS proc set respected: 0-15
OMP: Info #156: KMP_AFFINITY: 16 available OS procs
OMP: Info #158: KMP_AFFINITY: Nonuniform topology
OMP: Info #179: KMP_AFFINITY: 2 packages x 10 cores/pkg x 1 threads/core (16 total cores)
OMP: Info #214: KMP_AFFINITY: OS proc to physical thread map:
OMP: Info #171: KMP_AFFINITY: OS proc 0 maps to package 0 core 0 
OMP: Info #171: KMP_AFFINITY: OS proc 1 maps to package 0 core 1 
OMP: Info #171: KMP_AFFINITY: OS proc 2 maps to package 0 core 2 
OMP: Info #171: KMP_AFFINITY: OS proc 3 maps to package 0 core 3 
OMP: Info #171: KMP_AFFINITY: OS proc 4 maps to package 0 core 4 
OMP: Info #171: KMP_AFFINITY: OS proc 5 maps to package 0 core 8 
OMP: Info #171: KMP_AFFINITY: OS proc 6 maps to package 0 core 9 
OMP: Info #171: KMP_AFFINITY: OS proc 7 maps to package 0 core 10 
OMP: Info #171: KMP_AFFINITY: OS proc 8 maps to package 0 core 11 
OMP: Info #171: KMP_AFFINITY: OS proc 9 maps to package 0 core 12 
OMP: Info #171: KMP_AFFINITY: OS proc 10 maps to package 1 core 0 
OMP: Info #171: KMP_AFFINITY: OS proc 11 maps to package 1 core 1 
OMP: Info #171: KMP_AFFINITY: OS proc 12 maps to package 1 core 2 
OMP: Info #171: KMP_AFFINITY: OS proc 13 maps to package 1 core 3 
OMP: Info #171: KMP_AFFINITY: OS proc 14 maps to package 1 core 4 
OMP: Info #171: KMP_AFFINITY: OS proc 15 maps to package 1 core 8 
OMP: Info #250: KMP_AFFINITY: pid 30586 tid 30586 thread 0 bound to OS proc set 0
OMP: Info #250: KMP_AFFINITY: pid 30586 tid 30587 thread 1 bound to OS proc set 1
Elapsed time: 57.46
R: 149.659528, G: 148.049722, B: 139.202555
Parallel version with 4 threads
OMP: Info #212: KMP_AFFINITY: decoding x2APIC ids.
OMP: Info #210: KMP_AFFINITY: Affinity capable, using global cpuid leaf 11 info
OMP: Info #154: KMP_AFFINITY: Initial OS proc set respected: 0-15
OMP: Info #156: KMP_AFFINITY: 16 available OS procs
OMP: Info #158: KMP_AFFINITY: Nonuniform topology
OMP: Info #179: KMP_AFFINITY: 2 packages x 10 cores/pkg x 1 threads/core (16 total cores)
OMP: Info #214: KMP_AFFINITY: OS proc to physical thread map:
OMP: Info #171: KMP_AFFINITY: OS proc 0 maps to package 0 core 0 
OMP: Info #171: KMP_AFFINITY: OS proc 1 maps to package 0 core 1 
OMP: Info #171: KMP_AFFINITY: OS proc 2 maps to package 0 core 2 
OMP: Info #171: KMP_AFFINITY: OS proc 3 maps to package 0 core 3 
OMP: Info #171: KMP_AFFINITY: OS proc 4 maps to package 0 core 4 
OMP: Info #171: KMP_AFFINITY: OS proc 5 maps to package 0 core 8 
OMP: Info #171: KMP_AFFINITY: OS proc 6 maps to package 0 core 9 
OMP: Info #171: KMP_AFFINITY: OS proc 7 maps to package 0 core 10 
OMP: Info #171: KMP_AFFINITY: OS proc 8 maps to package 0 core 11 
OMP: Info #171: KMP_AFFINITY: OS proc 9 maps to package 0 core 12 
OMP: Info #171: KMP_AFFINITY: OS proc 10 maps to package 1 core 0 
OMP: Info #171: KMP_AFFINITY: OS proc 11 maps to package 1 core 1 
OMP: Info #171: KMP_AFFINITY: OS proc 12 maps to package 1 core 2 
OMP: Info #171: KMP_AFFINITY: OS proc 13 maps to package 1 core 3 
OMP: Info #171: KMP_AFFINITY: OS proc 14 maps to package 1 core 4 
OMP: Info #171: KMP_AFFINITY: OS proc 15 maps to package 1 core 8 
OMP: Info #250: KMP_AFFINITY: pid 30588 tid 30588 thread 0 bound to OS proc set 0
OMP: Info #250: KMP_AFFINITY: pid 30588 tid 30592 thread 2 bound to OS proc set 2
OMP: Info #250: KMP_AFFINITY: pid 30588 tid 30591 thread 1 bound to OS proc set 1
OMP: Info #250: KMP_AFFINITY: pid 30588 tid 30593 thread 3 bound to OS proc set 3
Elapsed time: 32.29
R: 149.659528, G: 148.049722, B: 139.202555
Parallel version with 8 threads
OMP: Info #212: KMP_AFFINITY: decoding x2APIC ids.
OMP: Info #210: KMP_AFFINITY: Affinity capable, using global cpuid leaf 11 info
OMP: Info #154: KMP_AFFINITY: Initial OS proc set respected: 0-15
OMP: Info #156: KMP_AFFINITY: 16 available OS procs
OMP: Info #158: KMP_AFFINITY: Nonuniform topology
OMP: Info #179: KMP_AFFINITY: 2 packages x 10 cores/pkg x 1 threads/core (16 total cores)
OMP: Info #214: KMP_AFFINITY: OS proc to physical thread map:
OMP: Info #171: KMP_AFFINITY: OS proc 0 maps to package 0 core 0 
OMP: Info #171: KMP_AFFINITY: OS proc 1 maps to package 0 core 1 
OMP: Info #171: KMP_AFFINITY: OS proc 2 maps to package 0 core 2 
OMP: Info #171: KMP_AFFINITY: OS proc 3 maps to package 0 core 3 
OMP: Info #171: KMP_AFFINITY: OS proc 4 maps to package 0 core 4 
OMP: Info #171: KMP_AFFINITY: OS proc 5 maps to package 0 core 8 
OMP: Info #171: KMP_AFFINITY: OS proc 6 maps to package 0 core 9 
OMP: Info #171: KMP_AFFINITY: OS proc 7 maps to package 0 core 10 
OMP: Info #171: KMP_AFFINITY: OS proc 8 maps to package 0 core 11 
OMP: Info #171: KMP_AFFINITY: OS proc 9 maps to package 0 core 12 
OMP: Info #171: KMP_AFFINITY: OS proc 10 maps to package 1 core 0 
OMP: Info #171: KMP_AFFINITY: OS proc 11 maps to package 1 core 1 
OMP: Info #171: KMP_AFFINITY: OS proc 12 maps to package 1 core 2 
OMP: Info #171: KMP_AFFINITY: OS proc 13 maps to package 1 core 3 
OMP: Info #171: KMP_AFFINITY: OS proc 14 maps to package 1 core 4 
OMP: Info #171: KMP_AFFINITY: OS proc 15 maps to package 1 core 8 
OMP: Info #250: KMP_AFFINITY: pid 30595 tid 30595 thread 0 bound to OS proc set 0
OMP: Info #250: KMP_AFFINITY: pid 30595 tid 30597 thread 1 bound to OS proc set 1
OMP: Info #250: KMP_AFFINITY: pid 30595 tid 30598 thread 2 bound to OS proc set 2
OMP: Info #250: KMP_AFFINITY: pid 30595 tid 30599 thread 3 bound to OS proc set 3
OMP: Info #250: KMP_AFFINITY: pid 30595 tid 30600 thread 4 bound to OS proc set 4
OMP: Info #250: KMP_AFFINITY: pid 30595 tid 30602 thread 6 bound to OS proc set 6
OMP: Info #250: KMP_AFFINITY: pid 30595 tid 30601 thread 5 bound to OS proc set 5
OMP: Info #250: KMP_AFFINITY: pid 30595 tid 30603 thread 7 bound to OS proc set 7
Elapsed time: 18.54
R: 149.659528, G: 148.049722, B: 139.202555
Parallel version with 16 threads
OMP: Info #212: KMP_AFFINITY: decoding x2APIC ids.
OMP: Info #210: KMP_AFFINITY: Affinity capable, using global cpuid leaf 11 info
OMP: Info #154: KMP_AFFINITY: Initial OS proc set respected: 0-15
OMP: Info #156: KMP_AFFINITY: 16 available OS procs
OMP: Info #158: KMP_AFFINITY: Nonuniform topology
OMP: Info #179: KMP_AFFINITY: 2 packages x 10 cores/pkg x 1 threads/core (16 total cores)
OMP: Info #214: KMP_AFFINITY: OS proc to physical thread map:
OMP: Info #171: KMP_AFFINITY: OS proc 0 maps to package 0 core 0 
OMP: Info #171: KMP_AFFINITY: OS proc 1 maps to package 0 core 1 
OMP: Info #171: KMP_AFFINITY: OS proc 2 maps to package 0 core 2 
OMP: Info #171: KMP_AFFINITY: OS proc 3 maps to package 0 core 3 
OMP: Info #171: KMP_AFFINITY: OS proc 4 maps to package 0 core 4 
OMP: Info #171: KMP_AFFINITY: OS proc 5 maps to package 0 core 8 
OMP: Info #171: KMP_AFFINITY: OS proc 6 maps to package 0 core 9 
OMP: Info #171: KMP_AFFINITY: OS proc 7 maps to package 0 core 10 
OMP: Info #171: KMP_AFFINITY: OS proc 8 maps to package 0 core 11 
OMP: Info #171: KMP_AFFINITY: OS proc 9 maps to package 0 core 12 
OMP: Info #171: KMP_AFFINITY: OS proc 10 maps to package 1 core 0 
OMP: Info #171: KMP_AFFINITY: OS proc 11 maps to package 1 core 1 
OMP: Info #171: KMP_AFFINITY: OS proc 12 maps to package 1 core 2 
OMP: Info #171: KMP_AFFINITY: OS proc 13 maps to package 1 core 3 
OMP: Info #171: KMP_AFFINITY: OS proc 14 maps to package 1 core 4 
OMP: Info #171: KMP_AFFINITY: OS proc 15 maps to package 1 core 8 
OMP: Info #250: KMP_AFFINITY: pid 30604 tid 30604 thread 0 bound to OS proc set 0
OMP: Info #250: KMP_AFFINITY: pid 30604 tid 30605 thread 1 bound to OS proc set 1
OMP: Info #250: KMP_AFFINITY: pid 30604 tid 30607 thread 3 bound to OS proc set 3
OMP: Info #250: KMP_AFFINITY: pid 30604 tid 30606 thread 2 bound to OS proc set 2
OMP: Info #250: KMP_AFFINITY: pid 30604 tid 30608 thread 4 bound to OS proc set 4
OMP: Info #250: KMP_AFFINITY: pid 30604 tid 30609 thread 5 bound to OS proc set 5
OMP: Info #250: KMP_AFFINITY: pid 30604 tid 30610 thread 6 bound to OS proc set 6
OMP: Info #250: KMP_AFFINITY: pid 30604 tid 30611 thread 7 bound to OS proc set 7
OMP: Info #250: KMP_AFFINITY: pid 30604 tid 30617 thread 13 bound to OS proc set 13
OMP: Info #250: KMP_AFFINITY: pid 30604 tid 30614 thread 10 bound to OS proc set 10
OMP: Info #250: KMP_AFFINITY: pid 30604 tid 30612 thread 8 bound to OS proc set 8
OMP: Info #250: KMP_AFFINITY: pid 30604 tid 30613 thread 9 bound to OS proc set 9
OMP: Info #250: KMP_AFFINITY: pid 30604 tid 30616 thread 12 bound to OS proc set 12
OMP: Info #250: KMP_AFFINITY: pid 30604 tid 30618 thread 14 bound to OS proc set 14
OMP: Info #250: KMP_AFFINITY: pid 30604 tid 30615 thread 11 bound to OS proc set 11
OMP: Info #250: KMP_AFFINITY: pid 30604 tid 30619 thread 15 bound to OS proc set 15
Elapsed time: 11.61
R: 149.659528, G: 148.049722, B: 139.202555
Parallel version with 32 threads
OMP: Info #212: KMP_AFFINITY: decoding x2APIC ids.
OMP: Info #210: KMP_AFFINITY: Affinity capable, using global cpuid leaf 11 info
OMP: Info #154: KMP_AFFINITY: Initial OS proc set respected: 0-15
OMP: Info #156: KMP_AFFINITY: 16 available OS procs
OMP: Info #158: KMP_AFFINITY: Nonuniform topology
OMP: Info #179: KMP_AFFINITY: 2 packages x 10 cores/pkg x 1 threads/core (16 total cores)
OMP: Info #214: KMP_AFFINITY: OS proc to physical thread map:
OMP: Info #171: KMP_AFFINITY: OS proc 0 maps to package 0 core 0 
OMP: Info #171: KMP_AFFINITY: OS proc 1 maps to package 0 core 1 
OMP: Info #171: KMP_AFFINITY: OS proc 2 maps to package 0 core 2 
OMP: Info #171: KMP_AFFINITY: OS proc 3 maps to package 0 core 3 
OMP: Info #171: KMP_AFFINITY: OS proc 4 maps to package 0 core 4 
OMP: Info #171: KMP_AFFINITY: OS proc 5 maps to package 0 core 8 
OMP: Info #171: KMP_AFFINITY: OS proc 6 maps to package 0 core 9 
OMP: Info #171: KMP_AFFINITY: OS proc 7 maps to package 0 core 10 
OMP: Info #171: KMP_AFFINITY: OS proc 8 maps to package 0 core 11 
OMP: Info #171: KMP_AFFINITY: OS proc 9 maps to package 0 core 12 
OMP: Info #171: KMP_AFFINITY: OS proc 10 maps to package 1 core 0 
OMP: Info #171: KMP_AFFINITY: OS proc 11 maps to package 1 core 1 
OMP: Info #171: KMP_AFFINITY: OS proc 12 maps to package 1 core 2 
OMP: Info #171: KMP_AFFINITY: OS proc 13 maps to package 1 core 3 
OMP: Info #171: KMP_AFFINITY: OS proc 14 maps to package 1 core 4 
OMP: Info #171: KMP_AFFINITY: OS proc 15 maps to package 1 core 8 
OMP: Info #250: KMP_AFFINITY: pid 30620 tid 30620 thread 0 bound to OS proc set 0
OMP: Info #250: KMP_AFFINITY: pid 30620 tid 30621 thread 1 bound to OS proc set 1
OMP: Info #250: KMP_AFFINITY: pid 30620 tid 30624 thread 4 bound to OS proc set 4
OMP: Info #250: KMP_AFFINITY: pid 30620 tid 30622 thread 2 bound to OS proc set 2
OMP: Info #250: KMP_AFFINITY: pid 30620 tid 30623 thread 3 bound to OS proc set 3
OMP: Info #250: KMP_AFFINITY: pid 30620 tid 30625 thread 5 bound to OS proc set 5
OMP: Info #250: KMP_AFFINITY: pid 30620 tid 30626 thread 6 bound to OS proc set 6
OMP: Info #250: KMP_AFFINITY: pid 30620 tid 30627 thread 7 bound to OS proc set 7
OMP: Info #250: KMP_AFFINITY: pid 30620 tid 30628 thread 8 bound to OS proc set 8
OMP: Info #250: KMP_AFFINITY: pid 30620 tid 30629 thread 9 bound to OS proc set 9
OMP: Info #250: KMP_AFFINITY: pid 30620 tid 30630 thread 10 bound to OS proc set 10
OMP: Info #250: KMP_AFFINITY: pid 30620 tid 30631 thread 11 bound to OS proc set 11
OMP: Info #250: KMP_AFFINITY: pid 30620 tid 30632 thread 12 bound to OS proc set 12
OMP: Info #250: KMP_AFFINITY: pid 30620 tid 30633 thread 13 bound to OS proc set 13
OMP: Info #250: KMP_AFFINITY: pid 30620 tid 30635 thread 15 bound to OS proc set 15
OMP: Info #250: KMP_AFFINITY: pid 30620 tid 30637 thread 17 bound to OS proc set 1
OMP: Info #250: KMP_AFFINITY: pid 30620 tid 30634 thread 14 bound to OS proc set 14
OMP: Info #250: KMP_AFFINITY: pid 30620 tid 30640 thread 20 bound to OS proc set 4
OMP: Info #250: KMP_AFFINITY: pid 30620 tid 30641 thread 21 bound to OS proc set 5
OMP: Info #250: KMP_AFFINITY: pid 30620 tid 30644 thread 24 bound to OS proc set 8
OMP: Info #250: KMP_AFFINITY: pid 30620 tid 30643 thread 23 bound to OS proc set 7
OMP: Info #250: KMP_AFFINITY: pid 30620 tid 30645 thread 25 bound to OS proc set 9
OMP: Info #250: KMP_AFFINITY: pid 30620 tid 30642 thread 22 bound to OS proc set 6
OMP: Info #250: KMP_AFFINITY: pid 30620 tid 30638 thread 18 bound to OS proc set 2
OMP: Info #250: KMP_AFFINITY: pid 30620 tid 30649 thread 29 bound to OS proc set 13
OMP: Info #250: KMP_AFFINITY: pid 30620 tid 30647 thread 27 bound to OS proc set 11
OMP: Info #250: KMP_AFFINITY: pid 30620 tid 30639 thread 19 bound to OS proc set 3
OMP: Info #250: KMP_AFFINITY: pid 30620 tid 30646 thread 26 bound to OS proc set 10
OMP: Info #250: KMP_AFFINITY: pid 30620 tid 30648 thread 28 bound to OS proc set 12
OMP: Info #250: KMP_AFFINITY: pid 30620 tid 30636 thread 16 bound to OS proc set 0
OMP: Info #250: KMP_AFFINITY: pid 30620 tid 30650 thread 30 bound to OS proc set 14
OMP: Info #250: KMP_AFFINITY: pid 30620 tid 30651 thread 31 bound to OS proc set 15
Elapsed time: 11.74
R: 149.659528, G: 148.049722, B: 139.202555
