Setting stack size to unlimited...
core file size          (blocks, -c) 0
data seg size           (kbytes, -d) unlimited
scheduling priority             (-e) 0
file size               (blocks, -f) unlimited
pending signals                 (-i) 1030873
max locked memory       (kbytes, -l) unlimited
max memory size         (kbytes, -m) 253952000
open files                      (-n) 1024
pipe size            (512 bytes, -p) 8
POSIX message queues     (bytes, -q) 819200
real-time priority              (-r) 0
stack size              (kbytes, -s) unlimited
cpu time               (seconds, -t) unlimited
max user processes              (-u) 4096
virtual memory          (kbytes, -v) unlimited
file locks                      (-x) unlimited

Running Job...!
===============================================================================
Running compiled binary...
Parallel version with 16 threads Compact
OMP: Info #212: KMP_AFFINITY: decoding x2APIC ids.
OMP: Info #210: KMP_AFFINITY: Affinity capable, using global cpuid leaf 11 info
OMP: Info #154: KMP_AFFINITY: Initial OS proc set respected: 0-15
OMP: Info #156: KMP_AFFINITY: 16 available OS procs
OMP: Info #158: KMP_AFFINITY: Nonuniform topology
OMP: Info #179: KMP_AFFINITY: 2 packages x 10 cores/pkg x 1 threads/core (16 total cores)
OMP: Info #214: KMP_AFFINITY: OS proc to physical thread map:
OMP: Info #171: KMP_AFFINITY: OS proc 0 maps to package 0 core 0 
OMP: Info #171: KMP_AFFINITY: OS proc 1 maps to package 0 core 1 
OMP: Info #171: KMP_AFFINITY: OS proc 2 maps to package 0 core 2 
OMP: Info #171: KMP_AFFINITY: OS proc 3 maps to package 0 core 3 
OMP: Info #171: KMP_AFFINITY: OS proc 4 maps to package 0 core 4 
OMP: Info #171: KMP_AFFINITY: OS proc 5 maps to package 0 core 8 
OMP: Info #171: KMP_AFFINITY: OS proc 6 maps to package 0 core 9 
OMP: Info #171: KMP_AFFINITY: OS proc 7 maps to package 0 core 10 
OMP: Info #171: KMP_AFFINITY: OS proc 8 maps to package 0 core 11 
OMP: Info #171: KMP_AFFINITY: OS proc 9 maps to package 0 core 12 
OMP: Info #171: KMP_AFFINITY: OS proc 10 maps to package 1 core 0 
OMP: Info #171: KMP_AFFINITY: OS proc 11 maps to package 1 core 1 
OMP: Info #171: KMP_AFFINITY: OS proc 12 maps to package 1 core 2 
OMP: Info #171: KMP_AFFINITY: OS proc 13 maps to package 1 core 3 
OMP: Info #171: KMP_AFFINITY: OS proc 14 maps to package 1 core 4 
OMP: Info #171: KMP_AFFINITY: OS proc 15 maps to package 1 core 8 
OMP: Info #250: KMP_AFFINITY: pid 62213 tid 62213 thread 0 bound to OS proc set 0
OMP: Info #250: KMP_AFFINITY: pid 62213 tid 62215 thread 1 bound to OS proc set 1
OMP: Info #250: KMP_AFFINITY: pid 62213 tid 62216 thread 2 bound to OS proc set 2
OMP: Info #250: KMP_AFFINITY: pid 62213 tid 62217 thread 3 bound to OS proc set 3
OMP: Info #250: KMP_AFFINITY: pid 62213 tid 62218 thread 4 bound to OS proc set 4
OMP: Info #250: KMP_AFFINITY: pid 62213 tid 62219 thread 5 bound to OS proc set 5
OMP: Info #250: KMP_AFFINITY: pid 62213 tid 62220 thread 6 bound to OS proc set 6
OMP: Info #250: KMP_AFFINITY: pid 62213 tid 62221 thread 7 bound to OS proc set 7
OMP: Info #250: KMP_AFFINITY: pid 62213 tid 62222 thread 8 bound to OS proc set 8
OMP: Info #250: KMP_AFFINITY: pid 62213 tid 62224 thread 10 bound to OS proc set 10
OMP: Info #250: KMP_AFFINITY: pid 62213 tid 62226 thread 12 bound to OS proc set 12
OMP: Info #250: KMP_AFFINITY: pid 62213 tid 62225 thread 11 bound to OS proc set 11
OMP: Info #250: KMP_AFFINITY: pid 62213 tid 62223 thread 9 bound to OS proc set 9
OMP: Info #250: KMP_AFFINITY: pid 62213 tid 62227 thread 13 bound to OS proc set 13
OMP: Info #250: KMP_AFFINITY: pid 62213 tid 62229 thread 15 bound to OS proc set 15
OMP: Info #250: KMP_AFFINITY: pid 62213 tid 62228 thread 14 bound to OS proc set 14
Elapsed time: 12.28
R: 149.659528, G: 148.049722, B: 139.202555
Parallel version with 16 threads Scattered
OMP: Info #212: KMP_AFFINITY: decoding x2APIC ids.
OMP: Info #210: KMP_AFFINITY: Affinity capable, using global cpuid leaf 11 info
OMP: Info #154: KMP_AFFINITY: Initial OS proc set respected: 0-15
OMP: Info #156: KMP_AFFINITY: 16 available OS procs
OMP: Info #158: KMP_AFFINITY: Nonuniform topology
OMP: Info #179: KMP_AFFINITY: 2 packages x 10 cores/pkg x 1 threads/core (16 total cores)
OMP: Info #214: KMP_AFFINITY: OS proc to physical thread map:
OMP: Info #171: KMP_AFFINITY: OS proc 0 maps to package 0 core 0 
OMP: Info #171: KMP_AFFINITY: OS proc 1 maps to package 0 core 1 
OMP: Info #171: KMP_AFFINITY: OS proc 2 maps to package 0 core 2 
OMP: Info #171: KMP_AFFINITY: OS proc 3 maps to package 0 core 3 
OMP: Info #171: KMP_AFFINITY: OS proc 4 maps to package 0 core 4 
OMP: Info #171: KMP_AFFINITY: OS proc 5 maps to package 0 core 8 
OMP: Info #171: KMP_AFFINITY: OS proc 6 maps to package 0 core 9 
OMP: Info #171: KMP_AFFINITY: OS proc 7 maps to package 0 core 10 
OMP: Info #171: KMP_AFFINITY: OS proc 8 maps to package 0 core 11 
OMP: Info #171: KMP_AFFINITY: OS proc 9 maps to package 0 core 12 
OMP: Info #171: KMP_AFFINITY: OS proc 10 maps to package 1 core 0 
OMP: Info #171: KMP_AFFINITY: OS proc 11 maps to package 1 core 1 
OMP: Info #171: KMP_AFFINITY: OS proc 12 maps to package 1 core 2 
OMP: Info #171: KMP_AFFINITY: OS proc 13 maps to package 1 core 3 
OMP: Info #171: KMP_AFFINITY: OS proc 14 maps to package 1 core 4 
OMP: Info #171: KMP_AFFINITY: OS proc 15 maps to package 1 core 8 
OMP: Info #250: KMP_AFFINITY: pid 62231 tid 62231 thread 0 bound to OS proc set 0
OMP: Info #250: KMP_AFFINITY: pid 62231 tid 62232 thread 1 bound to OS proc set 10
OMP: Info #250: KMP_AFFINITY: pid 62231 tid 62234 thread 3 bound to OS proc set 11
OMP: Info #250: KMP_AFFINITY: pid 62231 tid 62235 thread 4 bound to OS proc set 2
OMP: Info #250: KMP_AFFINITY: pid 62231 tid 62233 thread 2 bound to OS proc set 1
OMP: Info #250: KMP_AFFINITY: pid 62231 tid 62236 thread 5 bound to OS proc set 12
OMP: Info #250: KMP_AFFINITY: pid 62231 tid 62237 thread 6 bound to OS proc set 3
OMP: Info #250: KMP_AFFINITY: pid 62231 tid 62238 thread 7 bound to OS proc set 13
OMP: Info #250: KMP_AFFINITY: pid 62231 tid 62241 thread 10 bound to OS proc set 5
OMP: Info #250: KMP_AFFINITY: pid 62231 tid 62240 thread 9 bound to OS proc set 14
OMP: Info #250: KMP_AFFINITY: pid 62231 tid 62243 thread 12 bound to OS proc set 6
OMP: Info #250: KMP_AFFINITY: pid 62231 tid 62239 thread 8 bound to OS proc set 4
OMP: Info #250: KMP_AFFINITY: pid 62231 tid 62244 thread 13 bound to OS proc set 7
OMP: Info #250: KMP_AFFINITY: pid 62231 tid 62242 thread 11 bound to OS proc set 15
OMP: Info #250: KMP_AFFINITY: pid 62231 tid 62246 thread 15 bound to OS proc set 9
OMP: Info #250: KMP_AFFINITY: pid 62231 tid 62245 thread 14 bound to OS proc set 8
Elapsed time: 12.24
R: 149.659528, G: 148.049722, B: 139.202555
