Setting stack size to unlimited...
core file size          (blocks, -c) 0
data seg size           (kbytes, -d) unlimited
scheduling priority             (-e) 0
file size               (blocks, -f) unlimited
pending signals                 (-i) 1030873
max locked memory       (kbytes, -l) unlimited
max memory size         (kbytes, -m) 253952000
open files                      (-n) 1024
pipe size            (512 bytes, -p) 8
POSIX message queues     (bytes, -q) 819200
real-time priority              (-r) 0
stack size              (kbytes, -s) unlimited
cpu time               (seconds, -t) unlimited
max user processes              (-u) 4096
virtual memory          (kbytes, -v) unlimited
file locks                      (-x) unlimited

Running Job...!
===============================================================================
Running compiled binary...
Serial version...
Elapsed time: 194.50
R: 149.659528, G: 148.049722, B: 139.202555
Parallel version with 1 threads
OMP: Info #212: KMP_AFFINITY: decoding x2APIC ids.
OMP: Info #210: KMP_AFFINITY: Affinity capable, using global cpuid leaf 11 info
OMP: Info #154: KMP_AFFINITY: Initial OS proc set respected: 0-15
OMP: Info #156: KMP_AFFINITY: 16 available OS procs
OMP: Info #158: KMP_AFFINITY: Nonuniform topology
OMP: Info #179: KMP_AFFINITY: 2 packages x 10 cores/pkg x 1 threads/core (16 total cores)
OMP: Info #214: KMP_AFFINITY: OS proc to physical thread map:
OMP: Info #171: KMP_AFFINITY: OS proc 0 maps to package 0 core 0 
OMP: Info #171: KMP_AFFINITY: OS proc 1 maps to package 0 core 1 
OMP: Info #171: KMP_AFFINITY: OS proc 2 maps to package 0 core 2 
OMP: Info #171: KMP_AFFINITY: OS proc 3 maps to package 0 core 3 
OMP: Info #171: KMP_AFFINITY: OS proc 4 maps to package 0 core 4 
OMP: Info #171: KMP_AFFINITY: OS proc 5 maps to package 0 core 8 
OMP: Info #171: KMP_AFFINITY: OS proc 6 maps to package 0 core 9 
OMP: Info #171: KMP_AFFINITY: OS proc 7 maps to package 0 core 10 
OMP: Info #171: KMP_AFFINITY: OS proc 8 maps to package 0 core 11 
OMP: Info #171: KMP_AFFINITY: OS proc 9 maps to package 0 core 12 
OMP: Info #171: KMP_AFFINITY: OS proc 10 maps to package 1 core 0 
OMP: Info #171: KMP_AFFINITY: OS proc 11 maps to package 1 core 1 
OMP: Info #171: KMP_AFFINITY: OS proc 12 maps to package 1 core 2 
OMP: Info #171: KMP_AFFINITY: OS proc 13 maps to package 1 core 3 
OMP: Info #171: KMP_AFFINITY: OS proc 14 maps to package 1 core 4 
OMP: Info #171: KMP_AFFINITY: OS proc 15 maps to package 1 core 8 
OMP: Info #250: KMP_AFFINITY: pid 30701 tid 30701 thread 0 bound to OS proc set 0
Elapsed time: 104.81
R: 149.659528, G: 148.049722, B: 139.202555
Parallel version with 2 threads
OMP: Info #212: KMP_AFFINITY: decoding x2APIC ids.
OMP: Info #210: KMP_AFFINITY: Affinity capable, using global cpuid leaf 11 info
OMP: Info #154: KMP_AFFINITY: Initial OS proc set respected: 0-15
OMP: Info #156: KMP_AFFINITY: 16 available OS procs
OMP: Info #158: KMP_AFFINITY: Nonuniform topology
OMP: Info #179: KMP_AFFINITY: 2 packages x 10 cores/pkg x 1 threads/core (16 total cores)
OMP: Info #214: KMP_AFFINITY: OS proc to physical thread map:
OMP: Info #171: KMP_AFFINITY: OS proc 0 maps to package 0 core 0 
OMP: Info #171: KMP_AFFINITY: OS proc 1 maps to package 0 core 1 
OMP: Info #171: KMP_AFFINITY: OS proc 2 maps to package 0 core 2 
OMP: Info #171: KMP_AFFINITY: OS proc 3 maps to package 0 core 3 
OMP: Info #171: KMP_AFFINITY: OS proc 4 maps to package 0 core 4 
OMP: Info #171: KMP_AFFINITY: OS proc 5 maps to package 0 core 8 
OMP: Info #171: KMP_AFFINITY: OS proc 6 maps to package 0 core 9 
OMP: Info #171: KMP_AFFINITY: OS proc 7 maps to package 0 core 10 
OMP: Info #171: KMP_AFFINITY: OS proc 8 maps to package 0 core 11 
OMP: Info #171: KMP_AFFINITY: OS proc 9 maps to package 0 core 12 
OMP: Info #171: KMP_AFFINITY: OS proc 10 maps to package 1 core 0 
OMP: Info #171: KMP_AFFINITY: OS proc 11 maps to package 1 core 1 
OMP: Info #171: KMP_AFFINITY: OS proc 12 maps to package 1 core 2 
OMP: Info #171: KMP_AFFINITY: OS proc 13 maps to package 1 core 3 
OMP: Info #171: KMP_AFFINITY: OS proc 14 maps to package 1 core 4 
OMP: Info #171: KMP_AFFINITY: OS proc 15 maps to package 1 core 8 
OMP: Info #250: KMP_AFFINITY: pid 30702 tid 30702 thread 0 bound to OS proc set 0
OMP: Info #250: KMP_AFFINITY: pid 30702 tid 30703 thread 1 bound to OS proc set 1
Elapsed time: 57.08
R: 149.659528, G: 148.049722, B: 139.202555
Parallel version with 4 threads
OMP: Info #212: KMP_AFFINITY: decoding x2APIC ids.
OMP: Info #210: KMP_AFFINITY: Affinity capable, using global cpuid leaf 11 info
OMP: Info #154: KMP_AFFINITY: Initial OS proc set respected: 0-15
OMP: Info #156: KMP_AFFINITY: 16 available OS procs
OMP: Info #158: KMP_AFFINITY: Nonuniform topology
OMP: Info #179: KMP_AFFINITY: 2 packages x 10 cores/pkg x 1 threads/core (16 total cores)
OMP: Info #214: KMP_AFFINITY: OS proc to physical thread map:
OMP: Info #171: KMP_AFFINITY: OS proc 0 maps to package 0 core 0 
OMP: Info #171: KMP_AFFINITY: OS proc 1 maps to package 0 core 1 
OMP: Info #171: KMP_AFFINITY: OS proc 2 maps to package 0 core 2 
OMP: Info #171: KMP_AFFINITY: OS proc 3 maps to package 0 core 3 
OMP: Info #171: KMP_AFFINITY: OS proc 4 maps to package 0 core 4 
OMP: Info #171: KMP_AFFINITY: OS proc 5 maps to package 0 core 8 
OMP: Info #171: KMP_AFFINITY: OS proc 6 maps to package 0 core 9 
OMP: Info #171: KMP_AFFINITY: OS proc 7 maps to package 0 core 10 
OMP: Info #171: KMP_AFFINITY: OS proc 8 maps to package 0 core 11 
OMP: Info #171: KMP_AFFINITY: OS proc 9 maps to package 0 core 12 
OMP: Info #171: KMP_AFFINITY: OS proc 10 maps to package 1 core 0 
OMP: Info #171: KMP_AFFINITY: OS proc 11 maps to package 1 core 1 
OMP: Info #171: KMP_AFFINITY: OS proc 12 maps to package 1 core 2 
OMP: Info #171: KMP_AFFINITY: OS proc 13 maps to package 1 core 3 
OMP: Info #171: KMP_AFFINITY: OS proc 14 maps to package 1 core 4 
OMP: Info #171: KMP_AFFINITY: OS proc 15 maps to package 1 core 8 
OMP: Info #250: KMP_AFFINITY: pid 30705 tid 30705 thread 0 bound to OS proc set 0
OMP: Info #250: KMP_AFFINITY: pid 30705 tid 30706 thread 1 bound to OS proc set 1
OMP: Info #250: KMP_AFFINITY: pid 30705 tid 30707 thread 2 bound to OS proc set 2
OMP: Info #250: KMP_AFFINITY: pid 30705 tid 30708 thread 3 bound to OS proc set 3
Elapsed time: 32.25
R: 149.659528, G: 148.049722, B: 139.202555
Parallel version with 8 threads
OMP: Info #212: KMP_AFFINITY: decoding x2APIC ids.
OMP: Info #210: KMP_AFFINITY: Affinity capable, using global cpuid leaf 11 info
OMP: Info #154: KMP_AFFINITY: Initial OS proc set respected: 0-15
OMP: Info #156: KMP_AFFINITY: 16 available OS procs
OMP: Info #158: KMP_AFFINITY: Nonuniform topology
OMP: Info #179: KMP_AFFINITY: 2 packages x 10 cores/pkg x 1 threads/core (16 total cores)
OMP: Info #214: KMP_AFFINITY: OS proc to physical thread map:
OMP: Info #171: KMP_AFFINITY: OS proc 0 maps to package 0 core 0 
OMP: Info #171: KMP_AFFINITY: OS proc 1 maps to package 0 core 1 
OMP: Info #171: KMP_AFFINITY: OS proc 2 maps to package 0 core 2 
OMP: Info #171: KMP_AFFINITY: OS proc 3 maps to package 0 core 3 
OMP: Info #171: KMP_AFFINITY: OS proc 4 maps to package 0 core 4 
OMP: Info #171: KMP_AFFINITY: OS proc 5 maps to package 0 core 8 
OMP: Info #171: KMP_AFFINITY: OS proc 6 maps to package 0 core 9 
OMP: Info #171: KMP_AFFINITY: OS proc 7 maps to package 0 core 10 
OMP: Info #171: KMP_AFFINITY: OS proc 8 maps to package 0 core 11 
OMP: Info #171: KMP_AFFINITY: OS proc 9 maps to package 0 core 12 
OMP: Info #171: KMP_AFFINITY: OS proc 10 maps to package 1 core 0 
OMP: Info #171: KMP_AFFINITY: OS proc 11 maps to package 1 core 1 
OMP: Info #171: KMP_AFFINITY: OS proc 12 maps to package 1 core 2 
OMP: Info #171: KMP_AFFINITY: OS proc 13 maps to package 1 core 3 
OMP: Info #171: KMP_AFFINITY: OS proc 14 maps to package 1 core 4 
OMP: Info #171: KMP_AFFINITY: OS proc 15 maps to package 1 core 8 
OMP: Info #250: KMP_AFFINITY: pid 30709 tid 30709 thread 0 bound to OS proc set 0
OMP: Info #250: KMP_AFFINITY: pid 30709 tid 30711 thread 1 bound to OS proc set 1
OMP: Info #250: KMP_AFFINITY: pid 30709 tid 30712 thread 2 bound to OS proc set 2
OMP: Info #250: KMP_AFFINITY: pid 30709 tid 30714 thread 4 bound to OS proc set 4
OMP: Info #250: KMP_AFFINITY: pid 30709 tid 30713 thread 3 bound to OS proc set 3
OMP: Info #250: KMP_AFFINITY: pid 30709 tid 30715 thread 5 bound to OS proc set 5
OMP: Info #250: KMP_AFFINITY: pid 30709 tid 30716 thread 6 bound to OS proc set 6
OMP: Info #250: KMP_AFFINITY: pid 30709 tid 30717 thread 7 bound to OS proc set 7
Elapsed time: 18.60
R: 149.659528, G: 148.049722, B: 139.202555
Parallel version with 16 threads
OMP: Info #212: KMP_AFFINITY: decoding x2APIC ids.
OMP: Info #210: KMP_AFFINITY: Affinity capable, using global cpuid leaf 11 info
OMP: Info #154: KMP_AFFINITY: Initial OS proc set respected: 0-15
OMP: Info #156: KMP_AFFINITY: 16 available OS procs
OMP: Info #158: KMP_AFFINITY: Nonuniform topology
OMP: Info #179: KMP_AFFINITY: 2 packages x 10 cores/pkg x 1 threads/core (16 total cores)
OMP: Info #214: KMP_AFFINITY: OS proc to physical thread map:
OMP: Info #171: KMP_AFFINITY: OS proc 0 maps to package 0 core 0 
OMP: Info #171: KMP_AFFINITY: OS proc 1 maps to package 0 core 1 
OMP: Info #171: KMP_AFFINITY: OS proc 2 maps to package 0 core 2 
OMP: Info #171: KMP_AFFINITY: OS proc 3 maps to package 0 core 3 
OMP: Info #171: KMP_AFFINITY: OS proc 4 maps to package 0 core 4 
OMP: Info #171: KMP_AFFINITY: OS proc 5 maps to package 0 core 8 
OMP: Info #171: KMP_AFFINITY: OS proc 6 maps to package 0 core 9 
OMP: Info #171: KMP_AFFINITY: OS proc 7 maps to package 0 core 10 
OMP: Info #171: KMP_AFFINITY: OS proc 8 maps to package 0 core 11 
OMP: Info #171: KMP_AFFINITY: OS proc 9 maps to package 0 core 12 
OMP: Info #171: KMP_AFFINITY: OS proc 10 maps to package 1 core 0 
OMP: Info #171: KMP_AFFINITY: OS proc 11 maps to package 1 core 1 
OMP: Info #171: KMP_AFFINITY: OS proc 12 maps to package 1 core 2 
OMP: Info #171: KMP_AFFINITY: OS proc 13 maps to package 1 core 3 
OMP: Info #171: KMP_AFFINITY: OS proc 14 maps to package 1 core 4 
OMP: Info #171: KMP_AFFINITY: OS proc 15 maps to package 1 core 8 
OMP: Info #250: KMP_AFFINITY: pid 30718 tid 30718 thread 0 bound to OS proc set 0
OMP: Info #250: KMP_AFFINITY: pid 30718 tid 30719 thread 1 bound to OS proc set 1
OMP: Info #250: KMP_AFFINITY: pid 30718 tid 30720 thread 2 bound to OS proc set 2
OMP: Info #250: KMP_AFFINITY: pid 30718 tid 30721 thread 3 bound to OS proc set 3
OMP: Info #250: KMP_AFFINITY: pid 30718 tid 30722 thread 4 bound to OS proc set 4
OMP: Info #250: KMP_AFFINITY: pid 30718 tid 30723 thread 5 bound to OS proc set 5
OMP: Info #250: KMP_AFFINITY: pid 30718 tid 30725 thread 7 bound to OS proc set 7
OMP: Info #250: KMP_AFFINITY: pid 30718 tid 30724 thread 6 bound to OS proc set 6
OMP: Info #250: KMP_AFFINITY: pid 30718 tid 30728 thread 10 bound to OS proc set 10
OMP: Info #250: KMP_AFFINITY: pid 30718 tid 30731 thread 13 bound to OS proc set 13
OMP: Info #250: KMP_AFFINITY: pid 30718 tid 30726 thread 8 bound to OS proc set 8
OMP: Info #250: KMP_AFFINITY: pid 30718 tid 30727 thread 9 bound to OS proc set 9
OMP: Info #250: KMP_AFFINITY: pid 30718 tid 30732 thread 14 bound to OS proc set 14
OMP: Info #250: KMP_AFFINITY: pid 30718 tid 30730 thread 12 bound to OS proc set 12
OMP: Info #250: KMP_AFFINITY: pid 30718 tid 30729 thread 11 bound to OS proc set 11
OMP: Info #250: KMP_AFFINITY: pid 30718 tid 30733 thread 15 bound to OS proc set 15
Elapsed time: 11.77
R: 149.659528, G: 148.049722, B: 139.202555
Parallel version with 32 threads
OMP: Info #212: KMP_AFFINITY: decoding x2APIC ids.
OMP: Info #210: KMP_AFFINITY: Affinity capable, using global cpuid leaf 11 info
OMP: Info #154: KMP_AFFINITY: Initial OS proc set respected: 0-15
OMP: Info #156: KMP_AFFINITY: 16 available OS procs
OMP: Info #158: KMP_AFFINITY: Nonuniform topology
OMP: Info #179: KMP_AFFINITY: 2 packages x 10 cores/pkg x 1 threads/core (16 total cores)
OMP: Info #214: KMP_AFFINITY: OS proc to physical thread map:
OMP: Info #171: KMP_AFFINITY: OS proc 0 maps to package 0 core 0 
OMP: Info #171: KMP_AFFINITY: OS proc 1 maps to package 0 core 1 
OMP: Info #171: KMP_AFFINITY: OS proc 2 maps to package 0 core 2 
OMP: Info #171: KMP_AFFINITY: OS proc 3 maps to package 0 core 3 
OMP: Info #171: KMP_AFFINITY: OS proc 4 maps to package 0 core 4 
OMP: Info #171: KMP_AFFINITY: OS proc 5 maps to package 0 core 8 
OMP: Info #171: KMP_AFFINITY: OS proc 6 maps to package 0 core 9 
OMP: Info #171: KMP_AFFINITY: OS proc 7 maps to package 0 core 10 
OMP: Info #171: KMP_AFFINITY: OS proc 8 maps to package 0 core 11 
OMP: Info #171: KMP_AFFINITY: OS proc 9 maps to package 0 core 12 
OMP: Info #171: KMP_AFFINITY: OS proc 10 maps to package 1 core 0 
OMP: Info #171: KMP_AFFINITY: OS proc 11 maps to package 1 core 1 
OMP: Info #171: KMP_AFFINITY: OS proc 12 maps to package 1 core 2 
OMP: Info #171: KMP_AFFINITY: OS proc 13 maps to package 1 core 3 
OMP: Info #171: KMP_AFFINITY: OS proc 14 maps to package 1 core 4 
OMP: Info #171: KMP_AFFINITY: OS proc 15 maps to package 1 core 8 
OMP: Info #250: KMP_AFFINITY: pid 30734 tid 30734 thread 0 bound to OS proc set 0
OMP: Info #250: KMP_AFFINITY: pid 30734 tid 30735 thread 1 bound to OS proc set 1
OMP: Info #250: KMP_AFFINITY: pid 30734 tid 30736 thread 2 bound to OS proc set 2
OMP: Info #250: KMP_AFFINITY: pid 30734 tid 30737 thread 3 bound to OS proc set 3
OMP: Info #250: KMP_AFFINITY: pid 30734 tid 30738 thread 4 bound to OS proc set 4
OMP: Info #250: KMP_AFFINITY: pid 30734 tid 30740 thread 6 bound to OS proc set 6
OMP: Info #250: KMP_AFFINITY: pid 30734 tid 30739 thread 5 bound to OS proc set 5
OMP: Info #250: KMP_AFFINITY: pid 30734 tid 30741 thread 7 bound to OS proc set 7
OMP: Info #250: KMP_AFFINITY: pid 30734 tid 30742 thread 8 bound to OS proc set 8
OMP: Info #250: KMP_AFFINITY: pid 30734 tid 30743 thread 9 bound to OS proc set 9
OMP: Info #250: KMP_AFFINITY: pid 30734 tid 30745 thread 11 bound to OS proc set 11
OMP: Info #250: KMP_AFFINITY: pid 30734 tid 30746 thread 12 bound to OS proc set 12
OMP: Info #250: KMP_AFFINITY: pid 30734 tid 30744 thread 10 bound to OS proc set 10
OMP: Info #250: KMP_AFFINITY: pid 30734 tid 30747 thread 13 bound to OS proc set 13
OMP: Info #250: KMP_AFFINITY: pid 30734 tid 30749 thread 15 bound to OS proc set 15
OMP: Info #250: KMP_AFFINITY: pid 30734 tid 30748 thread 14 bound to OS proc set 14
OMP: Info #250: KMP_AFFINITY: pid 30734 tid 30751 thread 17 bound to OS proc set 1
OMP: Info #250: KMP_AFFINITY: pid 30734 tid 30753 thread 19 bound to OS proc set 3
OMP: Info #250: KMP_AFFINITY: pid 30734 tid 30754 thread 20 bound to OS proc set 4
OMP: Info #250: KMP_AFFINITY: pid 30734 tid 30756 thread 22 bound to OS proc set 6
OMP: Info #250: KMP_AFFINITY: pid 30734 tid 30762 thread 28 bound to OS proc set 12
OMP: Info #250: KMP_AFFINITY: pid 30734 tid 30757 thread 23 bound to OS proc set 7
OMP: Info #250: KMP_AFFINITY: pid 30734 tid 30765 thread 31 bound to OS proc set 15
OMP: Info #250: KMP_AFFINITY: pid 30734 tid 30752 thread 18 bound to OS proc set 2
OMP: Info #250: KMP_AFFINITY: pid 30734 tid 30763 thread 29 bound to OS proc set 13
OMP: Info #250: KMP_AFFINITY: pid 30734 tid 30760 thread 26 bound to OS proc set 10
OMP: Info #250: KMP_AFFINITY: pid 30734 tid 30755 thread 21 bound to OS proc set 5
OMP: Info #250: KMP_AFFINITY: pid 30734 tid 30758 thread 24 bound to OS proc set 8
OMP: Info #250: KMP_AFFINITY: pid 30734 tid 30761 thread 27 bound to OS proc set 11
OMP: Info #250: KMP_AFFINITY: pid 30734 tid 30759 thread 25 bound to OS proc set 9
OMP: Info #250: KMP_AFFINITY: pid 30734 tid 30750 thread 16 bound to OS proc set 0
OMP: Info #250: KMP_AFFINITY: pid 30734 tid 30764 thread 30 bound to OS proc set 14
Elapsed time: 11.85
R: 149.659528, G: 148.049722, B: 139.202555
