Setting stack size to unlimited...
core file size          (blocks, -c) 0
data seg size           (kbytes, -d) unlimited
scheduling priority             (-e) 0
file size               (blocks, -f) unlimited
pending signals                 (-i) 1030562
max locked memory       (kbytes, -l) unlimited
max memory size         (kbytes, -m) 253952000
open files                      (-n) 1024
pipe size            (512 bytes, -p) 8
POSIX message queues     (bytes, -q) 819200
real-time priority              (-r) 0
stack size              (kbytes, -s) unlimited
cpu time               (seconds, -t) unlimited
max user processes              (-u) 4096
virtual memory          (kbytes, -v) unlimited
file locks                      (-x) unlimited

Running Job...!
===============================================================================
Running compiled binary...
Serial version...
Elapsed time: 183.94
R: 149.659528, G: 148.049722, B: 139.202555
Parallel version with 1 threads
OMP: Info #212: KMP_AFFINITY: decoding x2APIC ids.
OMP: Info #210: KMP_AFFINITY: Affinity capable, using global cpuid leaf 11 info
OMP: Info #154: KMP_AFFINITY: Initial OS proc set respected: 0-7,36-43
OMP: Info #156: KMP_AFFINITY: 16 available OS procs
OMP: Info #157: KMP_AFFINITY: Uniform topology
OMP: Info #179: KMP_AFFINITY: 1 packages x 8 cores/pkg x 2 threads/core (8 total cores)
OMP: Info #214: KMP_AFFINITY: OS proc to physical thread map:
OMP: Info #171: KMP_AFFINITY: OS proc 0 maps to package 0 core 0 thread 0 
OMP: Info #171: KMP_AFFINITY: OS proc 36 maps to package 0 core 0 thread 1 
OMP: Info #171: KMP_AFFINITY: OS proc 1 maps to package 0 core 1 thread 0 
OMP: Info #171: KMP_AFFINITY: OS proc 37 maps to package 0 core 1 thread 1 
OMP: Info #171: KMP_AFFINITY: OS proc 2 maps to package 0 core 2 thread 0 
OMP: Info #171: KMP_AFFINITY: OS proc 38 maps to package 0 core 2 thread 1 
OMP: Info #171: KMP_AFFINITY: OS proc 3 maps to package 0 core 3 thread 0 
OMP: Info #171: KMP_AFFINITY: OS proc 39 maps to package 0 core 3 thread 1 
OMP: Info #171: KMP_AFFINITY: OS proc 4 maps to package 0 core 4 thread 0 
OMP: Info #171: KMP_AFFINITY: OS proc 40 maps to package 0 core 4 thread 1 
OMP: Info #171: KMP_AFFINITY: OS proc 5 maps to package 0 core 8 thread 0 
OMP: Info #171: KMP_AFFINITY: OS proc 41 maps to package 0 core 8 thread 1 
OMP: Info #171: KMP_AFFINITY: OS proc 6 maps to package 0 core 9 thread 0 
OMP: Info #171: KMP_AFFINITY: OS proc 42 maps to package 0 core 9 thread 1 
OMP: Info #171: KMP_AFFINITY: OS proc 7 maps to package 0 core 10 thread 0 
OMP: Info #171: KMP_AFFINITY: OS proc 43 maps to package 0 core 10 thread 1 
OMP: Info #250: KMP_AFFINITY: pid 9619 tid 9619 thread 0 bound to OS proc set 0
Elapsed time: 95.93
R: 149.659528, G: 148.049722, B: 139.202555
Parallel version with 2 threads
OMP: Info #212: KMP_AFFINITY: decoding x2APIC ids.
OMP: Info #210: KMP_AFFINITY: Affinity capable, using global cpuid leaf 11 info
OMP: Info #154: KMP_AFFINITY: Initial OS proc set respected: 0-7,36-43
OMP: Info #156: KMP_AFFINITY: 16 available OS procs
OMP: Info #157: KMP_AFFINITY: Uniform topology
OMP: Info #179: KMP_AFFINITY: 1 packages x 8 cores/pkg x 2 threads/core (8 total cores)
OMP: Info #214: KMP_AFFINITY: OS proc to physical thread map:
OMP: Info #171: KMP_AFFINITY: OS proc 0 maps to package 0 core 0 thread 0 
OMP: Info #171: KMP_AFFINITY: OS proc 36 maps to package 0 core 0 thread 1 
OMP: Info #171: KMP_AFFINITY: OS proc 1 maps to package 0 core 1 thread 0 
OMP: Info #171: KMP_AFFINITY: OS proc 37 maps to package 0 core 1 thread 1 
OMP: Info #171: KMP_AFFINITY: OS proc 2 maps to package 0 core 2 thread 0 
OMP: Info #171: KMP_AFFINITY: OS proc 38 maps to package 0 core 2 thread 1 
OMP: Info #171: KMP_AFFINITY: OS proc 3 maps to package 0 core 3 thread 0 
OMP: Info #171: KMP_AFFINITY: OS proc 39 maps to package 0 core 3 thread 1 
OMP: Info #171: KMP_AFFINITY: OS proc 4 maps to package 0 core 4 thread 0 
OMP: Info #171: KMP_AFFINITY: OS proc 40 maps to package 0 core 4 thread 1 
OMP: Info #171: KMP_AFFINITY: OS proc 5 maps to package 0 core 8 thread 0 
OMP: Info #171: KMP_AFFINITY: OS proc 41 maps to package 0 core 8 thread 1 
OMP: Info #171: KMP_AFFINITY: OS proc 6 maps to package 0 core 9 thread 0 
OMP: Info #171: KMP_AFFINITY: OS proc 42 maps to package 0 core 9 thread 1 
OMP: Info #171: KMP_AFFINITY: OS proc 7 maps to package 0 core 10 thread 0 
OMP: Info #171: KMP_AFFINITY: OS proc 43 maps to package 0 core 10 thread 1 
OMP: Info #250: KMP_AFFINITY: pid 9621 tid 9621 thread 0 bound to OS proc set 0
OMP: Info #250: KMP_AFFINITY: pid 9621 tid 9622 thread 1 bound to OS proc set 36
Elapsed time: 81.30
R: 149.659528, G: 148.049722, B: 139.202555
Parallel version with 4 threads
OMP: Info #212: KMP_AFFINITY: decoding x2APIC ids.
OMP: Info #210: KMP_AFFINITY: Affinity capable, using global cpuid leaf 11 info
OMP: Info #154: KMP_AFFINITY: Initial OS proc set respected: 0-7,36-43
OMP: Info #156: KMP_AFFINITY: 16 available OS procs
OMP: Info #157: KMP_AFFINITY: Uniform topology
OMP: Info #179: KMP_AFFINITY: 1 packages x 8 cores/pkg x 2 threads/core (8 total cores)
OMP: Info #214: KMP_AFFINITY: OS proc to physical thread map:
OMP: Info #171: KMP_AFFINITY: OS proc 0 maps to package 0 core 0 thread 0 
OMP: Info #171: KMP_AFFINITY: OS proc 36 maps to package 0 core 0 thread 1 
OMP: Info #171: KMP_AFFINITY: OS proc 1 maps to package 0 core 1 thread 0 
OMP: Info #171: KMP_AFFINITY: OS proc 37 maps to package 0 core 1 thread 1 
OMP: Info #171: KMP_AFFINITY: OS proc 2 maps to package 0 core 2 thread 0 
OMP: Info #171: KMP_AFFINITY: OS proc 38 maps to package 0 core 2 thread 1 
OMP: Info #171: KMP_AFFINITY: OS proc 3 maps to package 0 core 3 thread 0 
OMP: Info #171: KMP_AFFINITY: OS proc 39 maps to package 0 core 3 thread 1 
OMP: Info #171: KMP_AFFINITY: OS proc 4 maps to package 0 core 4 thread 0 
OMP: Info #171: KMP_AFFINITY: OS proc 40 maps to package 0 core 4 thread 1 
OMP: Info #171: KMP_AFFINITY: OS proc 5 maps to package 0 core 8 thread 0 
OMP: Info #171: KMP_AFFINITY: OS proc 41 maps to package 0 core 8 thread 1 
OMP: Info #171: KMP_AFFINITY: OS proc 6 maps to package 0 core 9 thread 0 
OMP: Info #171: KMP_AFFINITY: OS proc 42 maps to package 0 core 9 thread 1 
OMP: Info #171: KMP_AFFINITY: OS proc 7 maps to package 0 core 10 thread 0 
OMP: Info #171: KMP_AFFINITY: OS proc 43 maps to package 0 core 10 thread 1 
OMP: Info #250: KMP_AFFINITY: pid 9623 tid 9623 thread 0 bound to OS proc set 0
OMP: Info #250: KMP_AFFINITY: pid 9623 tid 9624 thread 1 bound to OS proc set 36
OMP: Info #250: KMP_AFFINITY: pid 9623 tid 9625 thread 2 bound to OS proc set 1
OMP: Info #250: KMP_AFFINITY: pid 9623 tid 9626 thread 3 bound to OS proc set 37
Elapsed time: 44.46
R: 149.659528, G: 148.049722, B: 139.202555
Parallel version with 8 threads
OMP: Info #212: KMP_AFFINITY: decoding x2APIC ids.
OMP: Info #210: KMP_AFFINITY: Affinity capable, using global cpuid leaf 11 info
OMP: Info #154: KMP_AFFINITY: Initial OS proc set respected: 0-7,36-43
OMP: Info #156: KMP_AFFINITY: 16 available OS procs
OMP: Info #157: KMP_AFFINITY: Uniform topology
OMP: Info #179: KMP_AFFINITY: 1 packages x 8 cores/pkg x 2 threads/core (8 total cores)
OMP: Info #214: KMP_AFFINITY: OS proc to physical thread map:
OMP: Info #171: KMP_AFFINITY: OS proc 0 maps to package 0 core 0 thread 0 
OMP: Info #171: KMP_AFFINITY: OS proc 36 maps to package 0 core 0 thread 1 
OMP: Info #171: KMP_AFFINITY: OS proc 1 maps to package 0 core 1 thread 0 
OMP: Info #171: KMP_AFFINITY: OS proc 37 maps to package 0 core 1 thread 1 
OMP: Info #171: KMP_AFFINITY: OS proc 2 maps to package 0 core 2 thread 0 
OMP: Info #171: KMP_AFFINITY: OS proc 38 maps to package 0 core 2 thread 1 
OMP: Info #171: KMP_AFFINITY: OS proc 3 maps to package 0 core 3 thread 0 
OMP: Info #171: KMP_AFFINITY: OS proc 39 maps to package 0 core 3 thread 1 
OMP: Info #171: KMP_AFFINITY: OS proc 4 maps to package 0 core 4 thread 0 
OMP: Info #171: KMP_AFFINITY: OS proc 40 maps to package 0 core 4 thread 1 
OMP: Info #171: KMP_AFFINITY: OS proc 5 maps to package 0 core 8 thread 0 
OMP: Info #171: KMP_AFFINITY: OS proc 41 maps to package 0 core 8 thread 1 
OMP: Info #171: KMP_AFFINITY: OS proc 6 maps to package 0 core 9 thread 0 
OMP: Info #171: KMP_AFFINITY: OS proc 42 maps to package 0 core 9 thread 1 
OMP: Info #171: KMP_AFFINITY: OS proc 7 maps to package 0 core 10 thread 0 
OMP: Info #171: KMP_AFFINITY: OS proc 43 maps to package 0 core 10 thread 1 
OMP: Info #250: KMP_AFFINITY: pid 9627 tid 9627 thread 0 bound to OS proc set 0
OMP: Info #250: KMP_AFFINITY: pid 9627 tid 9628 thread 1 bound to OS proc set 36
OMP: Info #250: KMP_AFFINITY: pid 9627 tid 9629 thread 2 bound to OS proc set 1
OMP: Info #250: KMP_AFFINITY: pid 9627 tid 9630 thread 3 bound to OS proc set 37
OMP: Info #250: KMP_AFFINITY: pid 9627 tid 9631 thread 4 bound to OS proc set 2
OMP: Info #250: KMP_AFFINITY: pid 9627 tid 9632 thread 5 bound to OS proc set 38
OMP: Info #250: KMP_AFFINITY: pid 9627 tid 9633 thread 6 bound to OS proc set 3
OMP: Info #250: KMP_AFFINITY: pid 9627 tid 9634 thread 7 bound to OS proc set 39
Elapsed time: 26.29
R: 149.659528, G: 148.049722, B: 139.202555
Parallel version with 16 threads
OMP: Info #212: KMP_AFFINITY: decoding x2APIC ids.
OMP: Info #210: KMP_AFFINITY: Affinity capable, using global cpuid leaf 11 info
OMP: Info #154: KMP_AFFINITY: Initial OS proc set respected: 0-7,36-43
OMP: Info #156: KMP_AFFINITY: 16 available OS procs
OMP: Info #157: KMP_AFFINITY: Uniform topology
OMP: Info #179: KMP_AFFINITY: 1 packages x 8 cores/pkg x 2 threads/core (8 total cores)
OMP: Info #214: KMP_AFFINITY: OS proc to physical thread map:
OMP: Info #171: KMP_AFFINITY: OS proc 0 maps to package 0 core 0 thread 0 
OMP: Info #171: KMP_AFFINITY: OS proc 36 maps to package 0 core 0 thread 1 
OMP: Info #171: KMP_AFFINITY: OS proc 1 maps to package 0 core 1 thread 0 
OMP: Info #171: KMP_AFFINITY: OS proc 37 maps to package 0 core 1 thread 1 
OMP: Info #171: KMP_AFFINITY: OS proc 2 maps to package 0 core 2 thread 0 
OMP: Info #171: KMP_AFFINITY: OS proc 38 maps to package 0 core 2 thread 1 
OMP: Info #171: KMP_AFFINITY: OS proc 3 maps to package 0 core 3 thread 0 
OMP: Info #171: KMP_AFFINITY: OS proc 39 maps to package 0 core 3 thread 1 
OMP: Info #171: KMP_AFFINITY: OS proc 4 maps to package 0 core 4 thread 0 
OMP: Info #171: KMP_AFFINITY: OS proc 40 maps to package 0 core 4 thread 1 
OMP: Info #171: KMP_AFFINITY: OS proc 5 maps to package 0 core 8 thread 0 
OMP: Info #171: KMP_AFFINITY: OS proc 41 maps to package 0 core 8 thread 1 
OMP: Info #171: KMP_AFFINITY: OS proc 6 maps to package 0 core 9 thread 0 
OMP: Info #171: KMP_AFFINITY: OS proc 42 maps to package 0 core 9 thread 1 
OMP: Info #171: KMP_AFFINITY: OS proc 7 maps to package 0 core 10 thread 0 
OMP: Info #171: KMP_AFFINITY: OS proc 43 maps to package 0 core 10 thread 1 
OMP: Info #250: KMP_AFFINITY: pid 9635 tid 9635 thread 0 bound to OS proc set 0
OMP: Info #250: KMP_AFFINITY: pid 9635 tid 9636 thread 1 bound to OS proc set 36
OMP: Info #250: KMP_AFFINITY: pid 9635 tid 9637 thread 2 bound to OS proc set 1
OMP: Info #250: KMP_AFFINITY: pid 9635 tid 9638 thread 3 bound to OS proc set 37
OMP: Info #250: KMP_AFFINITY: pid 9635 tid 9639 thread 4 bound to OS proc set 2
OMP: Info #250: KMP_AFFINITY: pid 9635 tid 9640 thread 5 bound to OS proc set 38
OMP: Info #250: KMP_AFFINITY: pid 9635 tid 9641 thread 6 bound to OS proc set 3
OMP: Info #250: KMP_AFFINITY: pid 9635 tid 9643 thread 8 bound to OS proc set 4
OMP: Info #250: KMP_AFFINITY: pid 9635 tid 9642 thread 7 bound to OS proc set 39
OMP: Info #250: KMP_AFFINITY: pid 9635 tid 9644 thread 9 bound to OS proc set 40
OMP: Info #250: KMP_AFFINITY: pid 9635 tid 9646 thread 11 bound to OS proc set 41
OMP: Info #250: KMP_AFFINITY: pid 9635 tid 9645 thread 10 bound to OS proc set 5
OMP: Info #250: KMP_AFFINITY: pid 9635 tid 9647 thread 12 bound to OS proc set 6
OMP: Info #250: KMP_AFFINITY: pid 9635 tid 9648 thread 13 bound to OS proc set 42
OMP: Info #250: KMP_AFFINITY: pid 9635 tid 9649 thread 14 bound to OS proc set 7
OMP: Info #250: KMP_AFFINITY: pid 9635 tid 9650 thread 15 bound to OS proc set 43
Elapsed time: 16.43
R: 149.659528, G: 148.049722, B: 139.202555
Parallel version with 32 threads
OMP: Info #212: KMP_AFFINITY: decoding x2APIC ids.
OMP: Info #210: KMP_AFFINITY: Affinity capable, using global cpuid leaf 11 info
OMP: Info #154: KMP_AFFINITY: Initial OS proc set respected: 0-7,36-43
OMP: Info #156: KMP_AFFINITY: 16 available OS procs
OMP: Info #157: KMP_AFFINITY: Uniform topology
OMP: Info #179: KMP_AFFINITY: 1 packages x 8 cores/pkg x 2 threads/core (8 total cores)
OMP: Info #214: KMP_AFFINITY: OS proc to physical thread map:
OMP: Info #171: KMP_AFFINITY: OS proc 0 maps to package 0 core 0 thread 0 
OMP: Info #171: KMP_AFFINITY: OS proc 36 maps to package 0 core 0 thread 1 
OMP: Info #171: KMP_AFFINITY: OS proc 1 maps to package 0 core 1 thread 0 
OMP: Info #171: KMP_AFFINITY: OS proc 37 maps to package 0 core 1 thread 1 
OMP: Info #171: KMP_AFFINITY: OS proc 2 maps to package 0 core 2 thread 0 
OMP: Info #171: KMP_AFFINITY: OS proc 38 maps to package 0 core 2 thread 1 
OMP: Info #171: KMP_AFFINITY: OS proc 3 maps to package 0 core 3 thread 0 
OMP: Info #171: KMP_AFFINITY: OS proc 39 maps to package 0 core 3 thread 1 
OMP: Info #171: KMP_AFFINITY: OS proc 4 maps to package 0 core 4 thread 0 
OMP: Info #171: KMP_AFFINITY: OS proc 40 maps to package 0 core 4 thread 1 
OMP: Info #171: KMP_AFFINITY: OS proc 5 maps to package 0 core 8 thread 0 
OMP: Info #171: KMP_AFFINITY: OS proc 41 maps to package 0 core 8 thread 1 
OMP: Info #171: KMP_AFFINITY: OS proc 6 maps to package 0 core 9 thread 0 
OMP: Info #171: KMP_AFFINITY: OS proc 42 maps to package 0 core 9 thread 1 
OMP: Info #171: KMP_AFFINITY: OS proc 7 maps to package 0 core 10 thread 0 
OMP: Info #171: KMP_AFFINITY: OS proc 43 maps to package 0 core 10 thread 1 
OMP: Info #250: KMP_AFFINITY: pid 9651 tid 9651 thread 0 bound to OS proc set 0
OMP: Info #250: KMP_AFFINITY: pid 9651 tid 9652 thread 1 bound to OS proc set 36
OMP: Info #250: KMP_AFFINITY: pid 9651 tid 9653 thread 2 bound to OS proc set 1
OMP: Info #250: KMP_AFFINITY: pid 9651 tid 9654 thread 3 bound to OS proc set 37
OMP: Info #250: KMP_AFFINITY: pid 9651 tid 9655 thread 4 bound to OS proc set 2
OMP: Info #250: KMP_AFFINITY: pid 9651 tid 9656 thread 5 bound to OS proc set 38
OMP: Info #250: KMP_AFFINITY: pid 9651 tid 9657 thread 6 bound to OS proc set 3
OMP: Info #250: KMP_AFFINITY: pid 9651 tid 9658 thread 7 bound to OS proc set 39
OMP: Info #250: KMP_AFFINITY: pid 9651 tid 9659 thread 8 bound to OS proc set 4
OMP: Info #250: KMP_AFFINITY: pid 9651 tid 9661 thread 10 bound to OS proc set 5
OMP: Info #250: KMP_AFFINITY: pid 9651 tid 9662 thread 11 bound to OS proc set 41
OMP: Info #250: KMP_AFFINITY: pid 9651 tid 9664 thread 12 bound to OS proc set 6
OMP: Info #250: KMP_AFFINITY: pid 9651 tid 9665 thread 13 bound to OS proc set 42
OMP: Info #250: KMP_AFFINITY: pid 9651 tid 9660 thread 9 bound to OS proc set 40
OMP: Info #250: KMP_AFFINITY: pid 9651 tid 9666 thread 14 bound to OS proc set 7
OMP: Info #250: KMP_AFFINITY: pid 9651 tid 9668 thread 16 bound to OS proc set 0
OMP: Info #250: KMP_AFFINITY: pid 9651 tid 9670 thread 18 bound to OS proc set 1
OMP: Info #250: KMP_AFFINITY: pid 9651 tid 9669 thread 17 bound to OS proc set 36
OMP: Info #250: KMP_AFFINITY: pid 9651 tid 9672 thread 20 bound to OS proc set 2
OMP: Info #250: KMP_AFFINITY: pid 9651 tid 9671 thread 19 bound to OS proc set 37
OMP: Info #250: KMP_AFFINITY: pid 9651 tid 9674 thread 22 bound to OS proc set 3
OMP: Info #250: KMP_AFFINITY: pid 9651 tid 9673 thread 21 bound to OS proc set 38
OMP: Info #250: KMP_AFFINITY: pid 9651 tid 9676 thread 24 bound to OS proc set 4
OMP: Info #250: KMP_AFFINITY: pid 9651 tid 9667 thread 15 bound to OS proc set 43
OMP: Info #250: KMP_AFFINITY: pid 9651 tid 9679 thread 27 bound to OS proc set 41
OMP: Info #250: KMP_AFFINITY: pid 9651 tid 9675 thread 23 bound to OS proc set 39
OMP: Info #250: KMP_AFFINITY: pid 9651 tid 9677 thread 25 bound to OS proc set 40
OMP: Info #250: KMP_AFFINITY: pid 9651 tid 9682 thread 30 bound to OS proc set 7
OMP: Info #250: KMP_AFFINITY: pid 9651 tid 9678 thread 26 bound to OS proc set 5
OMP: Info #250: KMP_AFFINITY: pid 9651 tid 9681 thread 29 bound to OS proc set 42
OMP: Info #250: KMP_AFFINITY: pid 9651 tid 9680 thread 28 bound to OS proc set 6
OMP: Info #250: KMP_AFFINITY: pid 9651 tid 9683 thread 31 bound to OS proc set 43
Elapsed time: 16.50
R: 149.659528, G: 148.049722, B: 139.202555
