Setting stack size to unlimited...
core file size          (blocks, -c) 0
data seg size           (kbytes, -d) unlimited
scheduling priority             (-e) 0
file size               (blocks, -f) unlimited
pending signals                 (-i) 2062720
max locked memory       (kbytes, -l) unlimited
max memory size         (kbytes, -m) 253952000
open files                      (-n) 1024
pipe size            (512 bytes, -p) 8
POSIX message queues     (bytes, -q) 819200
real-time priority              (-r) 0
stack size              (kbytes, -s) unlimited
cpu time               (seconds, -t) unlimited
max user processes              (-u) 4096
virtual memory          (kbytes, -v) unlimited
file locks                      (-x) unlimited

Running Job...!
===============================================================================
Running compiled binary...
Serial version...
Elapsed time: 396.61
R: 151.594597, G: 49.390452, B: 71.300356
Parallel version with 1 threads
OMP: Info #212: KMP_AFFINITY: decoding x2APIC ids.
OMP: Info #210: KMP_AFFINITY: Affinity capable, using global cpuid leaf 11 info
OMP: Info #154: KMP_AFFINITY: Initial OS proc set respected: 0,2-6,8,12,36,38-42,44,48
OMP: Info #156: KMP_AFFINITY: 16 available OS procs
OMP: Info #157: KMP_AFFINITY: Uniform topology
OMP: Info #179: KMP_AFFINITY: 1 packages x 8 cores/pkg x 2 threads/core (8 total cores)
OMP: Info #214: KMP_AFFINITY: OS proc to physical thread map:
OMP: Info #171: KMP_AFFINITY: OS proc 0 maps to package 0 core 0 thread 0 
OMP: Info #171: KMP_AFFINITY: OS proc 36 maps to package 0 core 0 thread 1 
OMP: Info #171: KMP_AFFINITY: OS proc 2 maps to package 0 core 2 thread 0 
OMP: Info #171: KMP_AFFINITY: OS proc 38 maps to package 0 core 2 thread 1 
OMP: Info #171: KMP_AFFINITY: OS proc 3 maps to package 0 core 3 thread 0 
OMP: Info #171: KMP_AFFINITY: OS proc 39 maps to package 0 core 3 thread 1 
OMP: Info #171: KMP_AFFINITY: OS proc 4 maps to package 0 core 4 thread 0 
OMP: Info #171: KMP_AFFINITY: OS proc 40 maps to package 0 core 4 thread 1 
OMP: Info #171: KMP_AFFINITY: OS proc 5 maps to package 0 core 8 thread 0 
OMP: Info #171: KMP_AFFINITY: OS proc 41 maps to package 0 core 8 thread 1 
OMP: Info #171: KMP_AFFINITY: OS proc 6 maps to package 0 core 9 thread 0 
OMP: Info #171: KMP_AFFINITY: OS proc 42 maps to package 0 core 9 thread 1 
OMP: Info #171: KMP_AFFINITY: OS proc 8 maps to package 0 core 11 thread 0 
OMP: Info #171: KMP_AFFINITY: OS proc 44 maps to package 0 core 11 thread 1 
OMP: Info #171: KMP_AFFINITY: OS proc 12 maps to package 0 core 19 thread 0 
OMP: Info #171: KMP_AFFINITY: OS proc 48 maps to package 0 core 19 thread 1 
OMP: Info #250: KMP_AFFINITY: pid 140614 tid 140614 thread 0 bound to OS proc set 0
Elapsed time: 217.16
R: 151.594597, G: 49.390452, B: 71.300356
Parallel version with 2 threads
OMP: Info #212: KMP_AFFINITY: decoding x2APIC ids.
OMP: Info #210: KMP_AFFINITY: Affinity capable, using global cpuid leaf 11 info
OMP: Info #154: KMP_AFFINITY: Initial OS proc set respected: 0,2-6,8,12,36,38-42,44,48
OMP: Info #156: KMP_AFFINITY: 16 available OS procs
OMP: Info #157: KMP_AFFINITY: Uniform topology
OMP: Info #179: KMP_AFFINITY: 1 packages x 8 cores/pkg x 2 threads/core (8 total cores)
OMP: Info #214: KMP_AFFINITY: OS proc to physical thread map:
OMP: Info #171: KMP_AFFINITY: OS proc 0 maps to package 0 core 0 thread 0 
OMP: Info #171: KMP_AFFINITY: OS proc 36 maps to package 0 core 0 thread 1 
OMP: Info #171: KMP_AFFINITY: OS proc 2 maps to package 0 core 2 thread 0 
OMP: Info #171: KMP_AFFINITY: OS proc 38 maps to package 0 core 2 thread 1 
OMP: Info #171: KMP_AFFINITY: OS proc 3 maps to package 0 core 3 thread 0 
OMP: Info #171: KMP_AFFINITY: OS proc 39 maps to package 0 core 3 thread 1 
OMP: Info #171: KMP_AFFINITY: OS proc 4 maps to package 0 core 4 thread 0 
OMP: Info #171: KMP_AFFINITY: OS proc 40 maps to package 0 core 4 thread 1 
OMP: Info #171: KMP_AFFINITY: OS proc 5 maps to package 0 core 8 thread 0 
OMP: Info #171: KMP_AFFINITY: OS proc 41 maps to package 0 core 8 thread 1 
OMP: Info #171: KMP_AFFINITY: OS proc 6 maps to package 0 core 9 thread 0 
OMP: Info #171: KMP_AFFINITY: OS proc 42 maps to package 0 core 9 thread 1 
OMP: Info #171: KMP_AFFINITY: OS proc 8 maps to package 0 core 11 thread 0 
OMP: Info #171: KMP_AFFINITY: OS proc 44 maps to package 0 core 11 thread 1 
OMP: Info #171: KMP_AFFINITY: OS proc 12 maps to package 0 core 19 thread 0 
OMP: Info #171: KMP_AFFINITY: OS proc 48 maps to package 0 core 19 thread 1 
OMP: Info #250: KMP_AFFINITY: pid 140616 tid 140616 thread 0 bound to OS proc set 0
OMP: Info #250: KMP_AFFINITY: pid 140616 tid 140617 thread 1 bound to OS proc set 36
Elapsed time: 177.29
R: 151.594597, G: 49.390452, B: 71.300356
Parallel version with 4 threads
OMP: Info #212: KMP_AFFINITY: decoding x2APIC ids.
OMP: Info #210: KMP_AFFINITY: Affinity capable, using global cpuid leaf 11 info
OMP: Info #154: KMP_AFFINITY: Initial OS proc set respected: 0,2-6,8,12,36,38-42,44,48
OMP: Info #156: KMP_AFFINITY: 16 available OS procs
OMP: Info #157: KMP_AFFINITY: Uniform topology
OMP: Info #179: KMP_AFFINITY: 1 packages x 8 cores/pkg x 2 threads/core (8 total cores)
OMP: Info #214: KMP_AFFINITY: OS proc to physical thread map:
OMP: Info #171: KMP_AFFINITY: OS proc 0 maps to package 0 core 0 thread 0 
OMP: Info #171: KMP_AFFINITY: OS proc 36 maps to package 0 core 0 thread 1 
OMP: Info #171: KMP_AFFINITY: OS proc 2 maps to package 0 core 2 thread 0 
OMP: Info #171: KMP_AFFINITY: OS proc 38 maps to package 0 core 2 thread 1 
OMP: Info #171: KMP_AFFINITY: OS proc 3 maps to package 0 core 3 thread 0 
OMP: Info #171: KMP_AFFINITY: OS proc 39 maps to package 0 core 3 thread 1 
OMP: Info #171: KMP_AFFINITY: OS proc 4 maps to package 0 core 4 thread 0 
OMP: Info #171: KMP_AFFINITY: OS proc 40 maps to package 0 core 4 thread 1 
OMP: Info #171: KMP_AFFINITY: OS proc 5 maps to package 0 core 8 thread 0 
OMP: Info #171: KMP_AFFINITY: OS proc 41 maps to package 0 core 8 thread 1 
OMP: Info #171: KMP_AFFINITY: OS proc 6 maps to package 0 core 9 thread 0 
OMP: Info #171: KMP_AFFINITY: OS proc 42 maps to package 0 core 9 thread 1 
OMP: Info #171: KMP_AFFINITY: OS proc 8 maps to package 0 core 11 thread 0 
OMP: Info #171: KMP_AFFINITY: OS proc 44 maps to package 0 core 11 thread 1 
OMP: Info #171: KMP_AFFINITY: OS proc 12 maps to package 0 core 19 thread 0 
OMP: Info #171: KMP_AFFINITY: OS proc 48 maps to package 0 core 19 thread 1 
OMP: Info #250: KMP_AFFINITY: pid 140619 tid 140619 thread 0 bound to OS proc set 0
OMP: Info #250: KMP_AFFINITY: pid 140619 tid 140620 thread 1 bound to OS proc set 36
OMP: Info #250: KMP_AFFINITY: pid 140619 tid 140621 thread 2 bound to OS proc set 2
OMP: Info #250: KMP_AFFINITY: pid 140619 tid 140622 thread 3 bound to OS proc set 38
Elapsed time: 93.78
R: 151.594597, G: 49.390452, B: 71.300356
Parallel version with 8 threads
OMP: Info #212: KMP_AFFINITY: decoding x2APIC ids.
OMP: Info #210: KMP_AFFINITY: Affinity capable, using global cpuid leaf 11 info
OMP: Info #154: KMP_AFFINITY: Initial OS proc set respected: 0,2-6,8,12,36,38-42,44,48
OMP: Info #156: KMP_AFFINITY: 16 available OS procs
OMP: Info #157: KMP_AFFINITY: Uniform topology
OMP: Info #179: KMP_AFFINITY: 1 packages x 8 cores/pkg x 2 threads/core (8 total cores)
OMP: Info #214: KMP_AFFINITY: OS proc to physical thread map:
OMP: Info #171: KMP_AFFINITY: OS proc 0 maps to package 0 core 0 thread 0 
OMP: Info #171: KMP_AFFINITY: OS proc 36 maps to package 0 core 0 thread 1 
OMP: Info #171: KMP_AFFINITY: OS proc 2 maps to package 0 core 2 thread 0 
OMP: Info #171: KMP_AFFINITY: OS proc 38 maps to package 0 core 2 thread 1 
OMP: Info #171: KMP_AFFINITY: OS proc 3 maps to package 0 core 3 thread 0 
OMP: Info #171: KMP_AFFINITY: OS proc 39 maps to package 0 core 3 thread 1 
OMP: Info #171: KMP_AFFINITY: OS proc 4 maps to package 0 core 4 thread 0 
OMP: Info #171: KMP_AFFINITY: OS proc 40 maps to package 0 core 4 thread 1 
OMP: Info #171: KMP_AFFINITY: OS proc 5 maps to package 0 core 8 thread 0 
OMP: Info #171: KMP_AFFINITY: OS proc 41 maps to package 0 core 8 thread 1 
OMP: Info #171: KMP_AFFINITY: OS proc 6 maps to package 0 core 9 thread 0 
OMP: Info #171: KMP_AFFINITY: OS proc 42 maps to package 0 core 9 thread 1 
OMP: Info #171: KMP_AFFINITY: OS proc 8 maps to package 0 core 11 thread 0 
OMP: Info #171: KMP_AFFINITY: OS proc 44 maps to package 0 core 11 thread 1 
OMP: Info #171: KMP_AFFINITY: OS proc 12 maps to package 0 core 19 thread 0 
OMP: Info #171: KMP_AFFINITY: OS proc 48 maps to package 0 core 19 thread 1 
OMP: Info #250: KMP_AFFINITY: pid 140638 tid 140638 thread 0 bound to OS proc set 0
OMP: Info #250: KMP_AFFINITY: pid 140638 tid 140639 thread 1 bound to OS proc set 36
OMP: Info #250: KMP_AFFINITY: pid 140638 tid 140640 thread 2 bound to OS proc set 2
OMP: Info #250: KMP_AFFINITY: pid 140638 tid 140641 thread 3 bound to OS proc set 38
OMP: Info #250: KMP_AFFINITY: pid 140638 tid 140642 thread 4 bound to OS proc set 3
OMP: Info #250: KMP_AFFINITY: pid 140638 tid 140644 thread 6 bound to OS proc set 4
OMP: Info #250: KMP_AFFINITY: pid 140638 tid 140643 thread 5 bound to OS proc set 39
OMP: Info #250: KMP_AFFINITY: pid 140638 tid 140645 thread 7 bound to OS proc set 40
Elapsed time: 51.93
R: 151.594597, G: 49.390452, B: 71.300356
Parallel version with 16 threads
OMP: Info #212: KMP_AFFINITY: decoding x2APIC ids.
OMP: Info #210: KMP_AFFINITY: Affinity capable, using global cpuid leaf 11 info
OMP: Info #154: KMP_AFFINITY: Initial OS proc set respected: 0,2-6,8,12,36,38-42,44,48
OMP: Info #156: KMP_AFFINITY: 16 available OS procs
OMP: Info #157: KMP_AFFINITY: Uniform topology
OMP: Info #179: KMP_AFFINITY: 1 packages x 8 cores/pkg x 2 threads/core (8 total cores)
OMP: Info #214: KMP_AFFINITY: OS proc to physical thread map:
OMP: Info #171: KMP_AFFINITY: OS proc 0 maps to package 0 core 0 thread 0 
OMP: Info #171: KMP_AFFINITY: OS proc 36 maps to package 0 core 0 thread 1 
OMP: Info #171: KMP_AFFINITY: OS proc 2 maps to package 0 core 2 thread 0 
OMP: Info #171: KMP_AFFINITY: OS proc 38 maps to package 0 core 2 thread 1 
OMP: Info #171: KMP_AFFINITY: OS proc 3 maps to package 0 core 3 thread 0 
OMP: Info #171: KMP_AFFINITY: OS proc 39 maps to package 0 core 3 thread 1 
OMP: Info #171: KMP_AFFINITY: OS proc 4 maps to package 0 core 4 thread 0 
OMP: Info #171: KMP_AFFINITY: OS proc 40 maps to package 0 core 4 thread 1 
OMP: Info #171: KMP_AFFINITY: OS proc 5 maps to package 0 core 8 thread 0 
OMP: Info #171: KMP_AFFINITY: OS proc 41 maps to package 0 core 8 thread 1 
OMP: Info #171: KMP_AFFINITY: OS proc 6 maps to package 0 core 9 thread 0 
OMP: Info #171: KMP_AFFINITY: OS proc 42 maps to package 0 core 9 thread 1 
OMP: Info #171: KMP_AFFINITY: OS proc 8 maps to package 0 core 11 thread 0 
OMP: Info #171: KMP_AFFINITY: OS proc 44 maps to package 0 core 11 thread 1 
OMP: Info #171: KMP_AFFINITY: OS proc 12 maps to package 0 core 19 thread 0 
OMP: Info #171: KMP_AFFINITY: OS proc 48 maps to package 0 core 19 thread 1 
OMP: Info #250: KMP_AFFINITY: pid 140646 tid 140646 thread 0 bound to OS proc set 0
OMP: Info #250: KMP_AFFINITY: pid 140646 tid 140647 thread 1 bound to OS proc set 36
OMP: Info #250: KMP_AFFINITY: pid 140646 tid 140648 thread 2 bound to OS proc set 2
OMP: Info #250: KMP_AFFINITY: pid 140646 tid 140649 thread 3 bound to OS proc set 38
OMP: Info #250: KMP_AFFINITY: pid 140646 tid 140650 thread 4 bound to OS proc set 3
OMP: Info #250: KMP_AFFINITY: pid 140646 tid 140651 thread 5 bound to OS proc set 39
OMP: Info #250: KMP_AFFINITY: pid 140646 tid 140652 thread 6 bound to OS proc set 4
OMP: Info #250: KMP_AFFINITY: pid 140646 tid 140653 thread 7 bound to OS proc set 40
OMP: Info #250: KMP_AFFINITY: pid 140646 tid 140654 thread 8 bound to OS proc set 5
OMP: Info #250: KMP_AFFINITY: pid 140646 tid 140655 thread 9 bound to OS proc set 41
OMP: Info #250: KMP_AFFINITY: pid 140646 tid 140656 thread 10 bound to OS proc set 6
OMP: Info #250: KMP_AFFINITY: pid 140646 tid 140657 thread 11 bound to OS proc set 42
OMP: Info #250: KMP_AFFINITY: pid 140646 tid 140658 thread 12 bound to OS proc set 8
OMP: Info #250: KMP_AFFINITY: pid 140646 tid 140659 thread 13 bound to OS proc set 44
OMP: Info #250: KMP_AFFINITY: pid 140646 tid 140660 thread 14 bound to OS proc set 12
OMP: Info #250: KMP_AFFINITY: pid 140646 tid 140661 thread 15 bound to OS proc set 48
Elapsed time: 30.96
R: 151.594597, G: 49.390452, B: 71.300356
Parallel version with 32 threads
OMP: Info #212: KMP_AFFINITY: decoding x2APIC ids.
OMP: Info #210: KMP_AFFINITY: Affinity capable, using global cpuid leaf 11 info
OMP: Info #154: KMP_AFFINITY: Initial OS proc set respected: 0,2-6,8,12,36,38-42,44,48
OMP: Info #156: KMP_AFFINITY: 16 available OS procs
OMP: Info #157: KMP_AFFINITY: Uniform topology
OMP: Info #179: KMP_AFFINITY: 1 packages x 8 cores/pkg x 2 threads/core (8 total cores)
OMP: Info #214: KMP_AFFINITY: OS proc to physical thread map:
OMP: Info #171: KMP_AFFINITY: OS proc 0 maps to package 0 core 0 thread 0 
OMP: Info #171: KMP_AFFINITY: OS proc 36 maps to package 0 core 0 thread 1 
OMP: Info #171: KMP_AFFINITY: OS proc 2 maps to package 0 core 2 thread 0 
OMP: Info #171: KMP_AFFINITY: OS proc 38 maps to package 0 core 2 thread 1 
OMP: Info #171: KMP_AFFINITY: OS proc 3 maps to package 0 core 3 thread 0 
OMP: Info #171: KMP_AFFINITY: OS proc 39 maps to package 0 core 3 thread 1 
OMP: Info #171: KMP_AFFINITY: OS proc 4 maps to package 0 core 4 thread 0 
OMP: Info #171: KMP_AFFINITY: OS proc 40 maps to package 0 core 4 thread 1 
OMP: Info #171: KMP_AFFINITY: OS proc 5 maps to package 0 core 8 thread 0 
OMP: Info #171: KMP_AFFINITY: OS proc 41 maps to package 0 core 8 thread 1 
OMP: Info #171: KMP_AFFINITY: OS proc 6 maps to package 0 core 9 thread 0 
OMP: Info #171: KMP_AFFINITY: OS proc 42 maps to package 0 core 9 thread 1 
OMP: Info #171: KMP_AFFINITY: OS proc 8 maps to package 0 core 11 thread 0 
OMP: Info #171: KMP_AFFINITY: OS proc 44 maps to package 0 core 11 thread 1 
OMP: Info #171: KMP_AFFINITY: OS proc 12 maps to package 0 core 19 thread 0 
OMP: Info #171: KMP_AFFINITY: OS proc 48 maps to package 0 core 19 thread 1 
OMP: Info #250: KMP_AFFINITY: pid 140664 tid 140664 thread 0 bound to OS proc set 0
OMP: Info #250: KMP_AFFINITY: pid 140664 tid 140666 thread 2 bound to OS proc set 2
OMP: Info #250: KMP_AFFINITY: pid 140664 tid 140665 thread 1 bound to OS proc set 36
OMP: Info #250: KMP_AFFINITY: pid 140664 tid 140667 thread 3 bound to OS proc set 38
OMP: Info #250: KMP_AFFINITY: pid 140664 tid 140668 thread 4 bound to OS proc set 3
OMP: Info #250: KMP_AFFINITY: pid 140664 tid 140669 thread 5 bound to OS proc set 39
OMP: Info #250: KMP_AFFINITY: pid 140664 tid 140670 thread 6 bound to OS proc set 4
OMP: Info #250: KMP_AFFINITY: pid 140664 tid 140671 thread 7 bound to OS proc set 40
OMP: Info #250: KMP_AFFINITY: pid 140664 tid 140672 thread 8 bound to OS proc set 5
OMP: Info #250: KMP_AFFINITY: pid 140664 tid 140674 thread 10 bound to OS proc set 6
OMP: Info #250: KMP_AFFINITY: pid 140664 tid 140673 thread 9 bound to OS proc set 41
OMP: Info #250: KMP_AFFINITY: pid 140664 tid 140675 thread 11 bound to OS proc set 42
OMP: Info #250: KMP_AFFINITY: pid 140664 tid 140676 thread 12 bound to OS proc set 8
OMP: Info #250: KMP_AFFINITY: pid 140664 tid 140677 thread 13 bound to OS proc set 44
OMP: Info #250: KMP_AFFINITY: pid 140664 tid 140679 thread 15 bound to OS proc set 48
OMP: Info #250: KMP_AFFINITY: pid 140664 tid 140678 thread 14 bound to OS proc set 12
OMP: Info #250: KMP_AFFINITY: pid 140664 tid 140680 thread 16 bound to OS proc set 0
OMP: Info #250: KMP_AFFINITY: pid 140664 tid 140681 thread 17 bound to OS proc set 36
OMP: Info #250: KMP_AFFINITY: pid 140664 tid 140682 thread 18 bound to OS proc set 2
OMP: Info #250: KMP_AFFINITY: pid 140664 tid 140683 thread 19 bound to OS proc set 38
OMP: Info #250: KMP_AFFINITY: pid 140664 tid 140694 thread 30 bound to OS proc set 12
OMP: Info #250: KMP_AFFINITY: pid 140664 tid 140693 thread 29 bound to OS proc set 44
OMP: Info #250: KMP_AFFINITY: pid 140664 tid 140684 thread 20 bound to OS proc set 3
OMP: Info #250: KMP_AFFINITY: pid 140664 tid 140692 thread 28 bound to OS proc set 8
OMP: Info #250: KMP_AFFINITY: pid 140664 tid 140685 thread 21 bound to OS proc set 39
OMP: Info #250: KMP_AFFINITY: pid 140664 tid 140695 thread 31 bound to OS proc set 48
OMP: Info #250: KMP_AFFINITY: pid 140664 tid 140689 thread 25 bound to OS proc set 41
OMP: Info #250: KMP_AFFINITY: pid 140664 tid 140687 thread 23 bound to OS proc set 40
OMP: Info #250: KMP_AFFINITY: pid 140664 tid 140691 thread 27 bound to OS proc set 42
OMP: Info #250: KMP_AFFINITY: pid 140664 tid 140688 thread 24 bound to OS proc set 5
OMP: Info #250: KMP_AFFINITY: pid 140664 tid 140686 thread 22 bound to OS proc set 4
OMP: Info #250: KMP_AFFINITY: pid 140664 tid 140690 thread 26 bound to OS proc set 6
Elapsed time: 31.20
R: 151.594597, G: 49.390452, B: 71.300356
