Setting stack size to unlimited...
core file size          (blocks, -c) 0
data seg size           (kbytes, -d) unlimited
scheduling priority             (-e) 0
file size               (blocks, -f) unlimited
pending signals                 (-i) 1030872
max locked memory       (kbytes, -l) unlimited
max memory size         (kbytes, -m) 253952000
open files                      (-n) 1024
pipe size            (512 bytes, -p) 8
POSIX message queues     (bytes, -q) 819200
real-time priority              (-r) 0
stack size              (kbytes, -s) unlimited
cpu time               (seconds, -t) unlimited
max user processes              (-u) 4096
virtual memory          (kbytes, -v) unlimited
file locks                      (-x) unlimited

Running Job...!
===============================================================================
Running compiled binary...
Serial version...
Elapsed time: 196.85
R: 149.659528, G: 148.049722, B: 139.202555
Parallel version with 1 threads
OMP: Info #212: KMP_AFFINITY: decoding x2APIC ids.
OMP: Info #210: KMP_AFFINITY: Affinity capable, using global cpuid leaf 11 info
OMP: Info #154: KMP_AFFINITY: Initial OS proc set respected: 0-15
OMP: Info #156: KMP_AFFINITY: 16 available OS procs
OMP: Info #158: KMP_AFFINITY: Nonuniform topology
OMP: Info #179: KMP_AFFINITY: 2 packages x 10 cores/pkg x 1 threads/core (16 total cores)
OMP: Info #214: KMP_AFFINITY: OS proc to physical thread map:
OMP: Info #171: KMP_AFFINITY: OS proc 0 maps to package 0 core 0 
OMP: Info #171: KMP_AFFINITY: OS proc 1 maps to package 0 core 1 
OMP: Info #171: KMP_AFFINITY: OS proc 2 maps to package 0 core 2 
OMP: Info #171: KMP_AFFINITY: OS proc 3 maps to package 0 core 3 
OMP: Info #171: KMP_AFFINITY: OS proc 4 maps to package 0 core 4 
OMP: Info #171: KMP_AFFINITY: OS proc 5 maps to package 0 core 8 
OMP: Info #171: KMP_AFFINITY: OS proc 6 maps to package 0 core 9 
OMP: Info #171: KMP_AFFINITY: OS proc 7 maps to package 0 core 10 
OMP: Info #171: KMP_AFFINITY: OS proc 8 maps to package 0 core 11 
OMP: Info #171: KMP_AFFINITY: OS proc 9 maps to package 0 core 12 
OMP: Info #171: KMP_AFFINITY: OS proc 10 maps to package 1 core 0 
OMP: Info #171: KMP_AFFINITY: OS proc 11 maps to package 1 core 1 
OMP: Info #171: KMP_AFFINITY: OS proc 12 maps to package 1 core 2 
OMP: Info #171: KMP_AFFINITY: OS proc 13 maps to package 1 core 3 
OMP: Info #171: KMP_AFFINITY: OS proc 14 maps to package 1 core 4 
OMP: Info #171: KMP_AFFINITY: OS proc 15 maps to package 1 core 8 
OMP: Info #250: KMP_AFFINITY: pid 6357 tid 6357 thread 0 bound to OS proc set 0
Elapsed time: 104.53
R: 149.659528, G: 148.049722, B: 139.202555
Parallel version with 2 threads
OMP: Info #212: KMP_AFFINITY: decoding x2APIC ids.
OMP: Info #210: KMP_AFFINITY: Affinity capable, using global cpuid leaf 11 info
OMP: Info #154: KMP_AFFINITY: Initial OS proc set respected: 0-15
OMP: Info #156: KMP_AFFINITY: 16 available OS procs
OMP: Info #158: KMP_AFFINITY: Nonuniform topology
OMP: Info #179: KMP_AFFINITY: 2 packages x 10 cores/pkg x 1 threads/core (16 total cores)
OMP: Info #214: KMP_AFFINITY: OS proc to physical thread map:
OMP: Info #171: KMP_AFFINITY: OS proc 0 maps to package 0 core 0 
OMP: Info #171: KMP_AFFINITY: OS proc 1 maps to package 0 core 1 
OMP: Info #171: KMP_AFFINITY: OS proc 2 maps to package 0 core 2 
OMP: Info #171: KMP_AFFINITY: OS proc 3 maps to package 0 core 3 
OMP: Info #171: KMP_AFFINITY: OS proc 4 maps to package 0 core 4 
OMP: Info #171: KMP_AFFINITY: OS proc 5 maps to package 0 core 8 
OMP: Info #171: KMP_AFFINITY: OS proc 6 maps to package 0 core 9 
OMP: Info #171: KMP_AFFINITY: OS proc 7 maps to package 0 core 10 
OMP: Info #171: KMP_AFFINITY: OS proc 8 maps to package 0 core 11 
OMP: Info #171: KMP_AFFINITY: OS proc 9 maps to package 0 core 12 
OMP: Info #171: KMP_AFFINITY: OS proc 10 maps to package 1 core 0 
OMP: Info #171: KMP_AFFINITY: OS proc 11 maps to package 1 core 1 
OMP: Info #171: KMP_AFFINITY: OS proc 12 maps to package 1 core 2 
OMP: Info #171: KMP_AFFINITY: OS proc 13 maps to package 1 core 3 
OMP: Info #171: KMP_AFFINITY: OS proc 14 maps to package 1 core 4 
OMP: Info #171: KMP_AFFINITY: OS proc 15 maps to package 1 core 8 
OMP: Info #250: KMP_AFFINITY: pid 6360 tid 6360 thread 0 bound to OS proc set 0
OMP: Info #250: KMP_AFFINITY: pid 6360 tid 6361 thread 1 bound to OS proc set 1
Elapsed time: 57.16
R: 149.659528, G: 148.049722, B: 139.202555
Parallel version with 4 threads
OMP: Info #212: KMP_AFFINITY: decoding x2APIC ids.
OMP: Info #210: KMP_AFFINITY: Affinity capable, using global cpuid leaf 11 info
OMP: Info #154: KMP_AFFINITY: Initial OS proc set respected: 0-15
OMP: Info #156: KMP_AFFINITY: 16 available OS procs
OMP: Info #158: KMP_AFFINITY: Nonuniform topology
OMP: Info #179: KMP_AFFINITY: 2 packages x 10 cores/pkg x 1 threads/core (16 total cores)
OMP: Info #214: KMP_AFFINITY: OS proc to physical thread map:
OMP: Info #171: KMP_AFFINITY: OS proc 0 maps to package 0 core 0 
OMP: Info #171: KMP_AFFINITY: OS proc 1 maps to package 0 core 1 
OMP: Info #171: KMP_AFFINITY: OS proc 2 maps to package 0 core 2 
OMP: Info #171: KMP_AFFINITY: OS proc 3 maps to package 0 core 3 
OMP: Info #171: KMP_AFFINITY: OS proc 4 maps to package 0 core 4 
OMP: Info #171: KMP_AFFINITY: OS proc 5 maps to package 0 core 8 
OMP: Info #171: KMP_AFFINITY: OS proc 6 maps to package 0 core 9 
OMP: Info #171: KMP_AFFINITY: OS proc 7 maps to package 0 core 10 
OMP: Info #171: KMP_AFFINITY: OS proc 8 maps to package 0 core 11 
OMP: Info #171: KMP_AFFINITY: OS proc 9 maps to package 0 core 12 
OMP: Info #171: KMP_AFFINITY: OS proc 10 maps to package 1 core 0 
OMP: Info #171: KMP_AFFINITY: OS proc 11 maps to package 1 core 1 
OMP: Info #171: KMP_AFFINITY: OS proc 12 maps to package 1 core 2 
OMP: Info #171: KMP_AFFINITY: OS proc 13 maps to package 1 core 3 
OMP: Info #171: KMP_AFFINITY: OS proc 14 maps to package 1 core 4 
OMP: Info #171: KMP_AFFINITY: OS proc 15 maps to package 1 core 8 
OMP: Info #250: KMP_AFFINITY: pid 6362 tid 6362 thread 0 bound to OS proc set 0
OMP: Info #250: KMP_AFFINITY: pid 6362 tid 6363 thread 1 bound to OS proc set 1
OMP: Info #250: KMP_AFFINITY: pid 6362 tid 6364 thread 2 bound to OS proc set 2
OMP: Info #250: KMP_AFFINITY: pid 6362 tid 6365 thread 3 bound to OS proc set 3
Elapsed time: 32.27
R: 149.659528, G: 148.049722, B: 139.202555
Parallel version with 8 threads
OMP: Info #212: KMP_AFFINITY: decoding x2APIC ids.
OMP: Info #210: KMP_AFFINITY: Affinity capable, using global cpuid leaf 11 info
OMP: Info #154: KMP_AFFINITY: Initial OS proc set respected: 0-15
OMP: Info #156: KMP_AFFINITY: 16 available OS procs
OMP: Info #158: KMP_AFFINITY: Nonuniform topology
OMP: Info #179: KMP_AFFINITY: 2 packages x 10 cores/pkg x 1 threads/core (16 total cores)
OMP: Info #214: KMP_AFFINITY: OS proc to physical thread map:
OMP: Info #171: KMP_AFFINITY: OS proc 0 maps to package 0 core 0 
OMP: Info #171: KMP_AFFINITY: OS proc 1 maps to package 0 core 1 
OMP: Info #171: KMP_AFFINITY: OS proc 2 maps to package 0 core 2 
OMP: Info #171: KMP_AFFINITY: OS proc 3 maps to package 0 core 3 
OMP: Info #171: KMP_AFFINITY: OS proc 4 maps to package 0 core 4 
OMP: Info #171: KMP_AFFINITY: OS proc 5 maps to package 0 core 8 
OMP: Info #171: KMP_AFFINITY: OS proc 6 maps to package 0 core 9 
OMP: Info #171: KMP_AFFINITY: OS proc 7 maps to package 0 core 10 
OMP: Info #171: KMP_AFFINITY: OS proc 8 maps to package 0 core 11 
OMP: Info #171: KMP_AFFINITY: OS proc 9 maps to package 0 core 12 
OMP: Info #171: KMP_AFFINITY: OS proc 10 maps to package 1 core 0 
OMP: Info #171: KMP_AFFINITY: OS proc 11 maps to package 1 core 1 
OMP: Info #171: KMP_AFFINITY: OS proc 12 maps to package 1 core 2 
OMP: Info #171: KMP_AFFINITY: OS proc 13 maps to package 1 core 3 
OMP: Info #171: KMP_AFFINITY: OS proc 14 maps to package 1 core 4 
OMP: Info #171: KMP_AFFINITY: OS proc 15 maps to package 1 core 8 
OMP: Info #250: KMP_AFFINITY: pid 6367 tid 6367 thread 0 bound to OS proc set 0
OMP: Info #250: KMP_AFFINITY: pid 6367 tid 6368 thread 1 bound to OS proc set 1
OMP: Info #250: KMP_AFFINITY: pid 6367 tid 6369 thread 2 bound to OS proc set 2
OMP: Info #250: KMP_AFFINITY: pid 6367 tid 6371 thread 4 bound to OS proc set 4
OMP: Info #250: KMP_AFFINITY: pid 6367 tid 6370 thread 3 bound to OS proc set 3
OMP: Info #250: KMP_AFFINITY: pid 6367 tid 6372 thread 5 bound to OS proc set 5
OMP: Info #250: KMP_AFFINITY: pid 6367 tid 6373 thread 6 bound to OS proc set 6
OMP: Info #250: KMP_AFFINITY: pid 6367 tid 6374 thread 7 bound to OS proc set 7
Elapsed time: 18.66
R: 149.659528, G: 148.049722, B: 139.202555
Parallel version with 16 threads
OMP: Info #212: KMP_AFFINITY: decoding x2APIC ids.
OMP: Info #210: KMP_AFFINITY: Affinity capable, using global cpuid leaf 11 info
OMP: Info #154: KMP_AFFINITY: Initial OS proc set respected: 0-15
OMP: Info #156: KMP_AFFINITY: 16 available OS procs
OMP: Info #158: KMP_AFFINITY: Nonuniform topology
OMP: Info #179: KMP_AFFINITY: 2 packages x 10 cores/pkg x 1 threads/core (16 total cores)
OMP: Info #214: KMP_AFFINITY: OS proc to physical thread map:
OMP: Info #171: KMP_AFFINITY: OS proc 0 maps to package 0 core 0 
OMP: Info #171: KMP_AFFINITY: OS proc 1 maps to package 0 core 1 
OMP: Info #171: KMP_AFFINITY: OS proc 2 maps to package 0 core 2 
OMP: Info #171: KMP_AFFINITY: OS proc 3 maps to package 0 core 3 
OMP: Info #171: KMP_AFFINITY: OS proc 4 maps to package 0 core 4 
OMP: Info #171: KMP_AFFINITY: OS proc 5 maps to package 0 core 8 
OMP: Info #171: KMP_AFFINITY: OS proc 6 maps to package 0 core 9 
OMP: Info #171: KMP_AFFINITY: OS proc 7 maps to package 0 core 10 
OMP: Info #171: KMP_AFFINITY: OS proc 8 maps to package 0 core 11 
OMP: Info #171: KMP_AFFINITY: OS proc 9 maps to package 0 core 12 
OMP: Info #171: KMP_AFFINITY: OS proc 10 maps to package 1 core 0 
OMP: Info #171: KMP_AFFINITY: OS proc 11 maps to package 1 core 1 
OMP: Info #171: KMP_AFFINITY: OS proc 12 maps to package 1 core 2 
OMP: Info #171: KMP_AFFINITY: OS proc 13 maps to package 1 core 3 
OMP: Info #171: KMP_AFFINITY: OS proc 14 maps to package 1 core 4 
OMP: Info #171: KMP_AFFINITY: OS proc 15 maps to package 1 core 8 
OMP: Info #250: KMP_AFFINITY: pid 6378 tid 6378 thread 0 bound to OS proc set 0
OMP: Info #250: KMP_AFFINITY: pid 6378 tid 6380 thread 2 bound to OS proc set 2
OMP: Info #250: KMP_AFFINITY: pid 6378 tid 6379 thread 1 bound to OS proc set 1
OMP: Info #250: KMP_AFFINITY: pid 6378 tid 6381 thread 3 bound to OS proc set 3
OMP: Info #250: KMP_AFFINITY: pid 6378 tid 6382 thread 4 bound to OS proc set 4
OMP: Info #250: KMP_AFFINITY: pid 6378 tid 6383 thread 5 bound to OS proc set 5
OMP: Info #250: KMP_AFFINITY: pid 6378 tid 6384 thread 6 bound to OS proc set 6
OMP: Info #250: KMP_AFFINITY: pid 6378 tid 6385 thread 7 bound to OS proc set 7
OMP: Info #250: KMP_AFFINITY: pid 6378 tid 6386 thread 8 bound to OS proc set 8
OMP: Info #250: KMP_AFFINITY: pid 6378 tid 6387 thread 9 bound to OS proc set 9
OMP: Info #250: KMP_AFFINITY: pid 6378 tid 6388 thread 10 bound to OS proc set 10
OMP: Info #250: KMP_AFFINITY: pid 6378 tid 6391 thread 13 bound to OS proc set 13
OMP: Info #250: KMP_AFFINITY: pid 6378 tid 6389 thread 11 bound to OS proc set 11
OMP: Info #250: KMP_AFFINITY: pid 6378 tid 6390 thread 12 bound to OS proc set 12
OMP: Info #250: KMP_AFFINITY: pid 6378 tid 6393 thread 15 bound to OS proc set 15
OMP: Info #250: KMP_AFFINITY: pid 6378 tid 6392 thread 14 bound to OS proc set 14
Elapsed time: 11.65
R: 149.659528, G: 148.049722, B: 139.202555
Parallel version with 32 threads
OMP: Info #212: KMP_AFFINITY: decoding x2APIC ids.
OMP: Info #210: KMP_AFFINITY: Affinity capable, using global cpuid leaf 11 info
OMP: Info #154: KMP_AFFINITY: Initial OS proc set respected: 0-15
OMP: Info #156: KMP_AFFINITY: 16 available OS procs
OMP: Info #158: KMP_AFFINITY: Nonuniform topology
OMP: Info #179: KMP_AFFINITY: 2 packages x 10 cores/pkg x 1 threads/core (16 total cores)
OMP: Info #214: KMP_AFFINITY: OS proc to physical thread map:
OMP: Info #171: KMP_AFFINITY: OS proc 0 maps to package 0 core 0 
OMP: Info #171: KMP_AFFINITY: OS proc 1 maps to package 0 core 1 
OMP: Info #171: KMP_AFFINITY: OS proc 2 maps to package 0 core 2 
OMP: Info #171: KMP_AFFINITY: OS proc 3 maps to package 0 core 3 
OMP: Info #171: KMP_AFFINITY: OS proc 4 maps to package 0 core 4 
OMP: Info #171: KMP_AFFINITY: OS proc 5 maps to package 0 core 8 
OMP: Info #171: KMP_AFFINITY: OS proc 6 maps to package 0 core 9 
OMP: Info #171: KMP_AFFINITY: OS proc 7 maps to package 0 core 10 
OMP: Info #171: KMP_AFFINITY: OS proc 8 maps to package 0 core 11 
OMP: Info #171: KMP_AFFINITY: OS proc 9 maps to package 0 core 12 
OMP: Info #171: KMP_AFFINITY: OS proc 10 maps to package 1 core 0 
OMP: Info #171: KMP_AFFINITY: OS proc 11 maps to package 1 core 1 
OMP: Info #171: KMP_AFFINITY: OS proc 12 maps to package 1 core 2 
OMP: Info #171: KMP_AFFINITY: OS proc 13 maps to package 1 core 3 
OMP: Info #171: KMP_AFFINITY: OS proc 14 maps to package 1 core 4 
OMP: Info #171: KMP_AFFINITY: OS proc 15 maps to package 1 core 8 
OMP: Info #250: KMP_AFFINITY: pid 6394 tid 6394 thread 0 bound to OS proc set 0
OMP: Info #250: KMP_AFFINITY: pid 6394 tid 6395 thread 1 bound to OS proc set 1
OMP: Info #250: KMP_AFFINITY: pid 6394 tid 6396 thread 2 bound to OS proc set 2
OMP: Info #250: KMP_AFFINITY: pid 6394 tid 6397 thread 3 bound to OS proc set 3
OMP: Info #250: KMP_AFFINITY: pid 6394 tid 6398 thread 4 bound to OS proc set 4
OMP: Info #250: KMP_AFFINITY: pid 6394 tid 6399 thread 5 bound to OS proc set 5
OMP: Info #250: KMP_AFFINITY: pid 6394 tid 6400 thread 6 bound to OS proc set 6
OMP: Info #250: KMP_AFFINITY: pid 6394 tid 6401 thread 7 bound to OS proc set 7
OMP: Info #250: KMP_AFFINITY: pid 6394 tid 6402 thread 8 bound to OS proc set 8
OMP: Info #250: KMP_AFFINITY: pid 6394 tid 6403 thread 9 bound to OS proc set 9
OMP: Info #250: KMP_AFFINITY: pid 6394 tid 6405 thread 11 bound to OS proc set 11
OMP: Info #250: KMP_AFFINITY: pid 6394 tid 6404 thread 10 bound to OS proc set 10
OMP: Info #250: KMP_AFFINITY: pid 6394 tid 6406 thread 12 bound to OS proc set 12
OMP: Info #250: KMP_AFFINITY: pid 6394 tid 6407 thread 13 bound to OS proc set 13
OMP: Info #250: KMP_AFFINITY: pid 6394 tid 6408 thread 14 bound to OS proc set 14
OMP: Info #250: KMP_AFFINITY: pid 6394 tid 6409 thread 15 bound to OS proc set 15
OMP: Info #250: KMP_AFFINITY: pid 6394 tid 6410 thread 16 bound to OS proc set 0
OMP: Info #250: KMP_AFFINITY: pid 6394 tid 6411 thread 17 bound to OS proc set 1
OMP: Info #250: KMP_AFFINITY: pid 6394 tid 6413 thread 19 bound to OS proc set 3
OMP: Info #250: KMP_AFFINITY: pid 6394 tid 6417 thread 23 bound to OS proc set 7
OMP: Info #250: KMP_AFFINITY: pid 6394 tid 6416 thread 22 bound to OS proc set 6
OMP: Info #250: KMP_AFFINITY: pid 6394 tid 6419 thread 25 bound to OS proc set 9
OMP: Info #250: KMP_AFFINITY: pid 6394 tid 6412 thread 18 bound to OS proc set 2
OMP: Info #250: KMP_AFFINITY: pid 6394 tid 6414 thread 20 bound to OS proc set 4
OMP: Info #250: KMP_AFFINITY: pid 6394 tid 6420 thread 26 bound to OS proc set 10
OMP: Info #250: KMP_AFFINITY: pid 6394 tid 6418 thread 24 bound to OS proc set 8
OMP: Info #250: KMP_AFFINITY: pid 6394 tid 6415 thread 21 bound to OS proc set 5
OMP: Info #250: KMP_AFFINITY: pid 6394 tid 6425 thread 31 bound to OS proc set 15
OMP: Info #250: KMP_AFFINITY: pid 6394 tid 6424 thread 30 bound to OS proc set 14
OMP: Info #250: KMP_AFFINITY: pid 6394 tid 6422 thread 28 bound to OS proc set 12
OMP: Info #250: KMP_AFFINITY: pid 6394 tid 6423 thread 29 bound to OS proc set 13
OMP: Info #250: KMP_AFFINITY: pid 6394 tid 6421 thread 27 bound to OS proc set 11
Elapsed time: 11.77
R: 149.659528, G: 148.049722, B: 139.202555
