Setting stack size to unlimited...
core file size          (blocks, -c) 0
data seg size           (kbytes, -d) unlimited
scheduling priority             (-e) 0
file size               (blocks, -f) unlimited
pending signals                 (-i) 1030873
max locked memory       (kbytes, -l) unlimited
max memory size         (kbytes, -m) 253952000
open files                      (-n) 1024
pipe size            (512 bytes, -p) 8
POSIX message queues     (bytes, -q) 819200
real-time priority              (-r) 0
stack size              (kbytes, -s) unlimited
cpu time               (seconds, -t) unlimited
max user processes              (-u) 4096
virtual memory          (kbytes, -v) unlimited
file locks                      (-x) unlimited

Running Job...!
===============================================================================
Running compiled binary...
Serial version...
Elapsed time: 346.99
R: 151.594597, G: 49.390452, B: 71.300356
Parallel version with 1 threads
OMP: Info #212: KMP_AFFINITY: decoding x2APIC ids.
OMP: Info #210: KMP_AFFINITY: Affinity capable, using global cpuid leaf 11 info
OMP: Info #154: KMP_AFFINITY: Initial OS proc set respected: 0-15
OMP: Info #156: KMP_AFFINITY: 16 available OS procs
OMP: Info #158: KMP_AFFINITY: Nonuniform topology
OMP: Info #179: KMP_AFFINITY: 2 packages x 10 cores/pkg x 1 threads/core (16 total cores)
OMP: Info #214: KMP_AFFINITY: OS proc to physical thread map:
OMP: Info #171: KMP_AFFINITY: OS proc 0 maps to package 0 core 0 
OMP: Info #171: KMP_AFFINITY: OS proc 1 maps to package 0 core 1 
OMP: Info #171: KMP_AFFINITY: OS proc 2 maps to package 0 core 2 
OMP: Info #171: KMP_AFFINITY: OS proc 3 maps to package 0 core 3 
OMP: Info #171: KMP_AFFINITY: OS proc 4 maps to package 0 core 4 
OMP: Info #171: KMP_AFFINITY: OS proc 5 maps to package 0 core 8 
OMP: Info #171: KMP_AFFINITY: OS proc 6 maps to package 0 core 9 
OMP: Info #171: KMP_AFFINITY: OS proc 7 maps to package 0 core 10 
OMP: Info #171: KMP_AFFINITY: OS proc 8 maps to package 0 core 11 
OMP: Info #171: KMP_AFFINITY: OS proc 9 maps to package 0 core 12 
OMP: Info #171: KMP_AFFINITY: OS proc 10 maps to package 1 core 0 
OMP: Info #171: KMP_AFFINITY: OS proc 11 maps to package 1 core 1 
OMP: Info #171: KMP_AFFINITY: OS proc 12 maps to package 1 core 2 
OMP: Info #171: KMP_AFFINITY: OS proc 13 maps to package 1 core 3 
OMP: Info #171: KMP_AFFINITY: OS proc 14 maps to package 1 core 4 
OMP: Info #171: KMP_AFFINITY: OS proc 15 maps to package 1 core 8 
OMP: Info #250: KMP_AFFINITY: pid 30345 tid 30345 thread 0 bound to OS proc set 0
Elapsed time: 188.15
R: 151.594597, G: 49.390452, B: 71.300356
Parallel version with 2 threads
OMP: Info #212: KMP_AFFINITY: decoding x2APIC ids.
OMP: Info #210: KMP_AFFINITY: Affinity capable, using global cpuid leaf 11 info
OMP: Info #154: KMP_AFFINITY: Initial OS proc set respected: 0-15
OMP: Info #156: KMP_AFFINITY: 16 available OS procs
OMP: Info #158: KMP_AFFINITY: Nonuniform topology
OMP: Info #179: KMP_AFFINITY: 2 packages x 10 cores/pkg x 1 threads/core (16 total cores)
OMP: Info #214: KMP_AFFINITY: OS proc to physical thread map:
OMP: Info #171: KMP_AFFINITY: OS proc 0 maps to package 0 core 0 
OMP: Info #171: KMP_AFFINITY: OS proc 1 maps to package 0 core 1 
OMP: Info #171: KMP_AFFINITY: OS proc 2 maps to package 0 core 2 
OMP: Info #171: KMP_AFFINITY: OS proc 3 maps to package 0 core 3 
OMP: Info #171: KMP_AFFINITY: OS proc 4 maps to package 0 core 4 
OMP: Info #171: KMP_AFFINITY: OS proc 5 maps to package 0 core 8 
OMP: Info #171: KMP_AFFINITY: OS proc 6 maps to package 0 core 9 
OMP: Info #171: KMP_AFFINITY: OS proc 7 maps to package 0 core 10 
OMP: Info #171: KMP_AFFINITY: OS proc 8 maps to package 0 core 11 
OMP: Info #171: KMP_AFFINITY: OS proc 9 maps to package 0 core 12 
OMP: Info #171: KMP_AFFINITY: OS proc 10 maps to package 1 core 0 
OMP: Info #171: KMP_AFFINITY: OS proc 11 maps to package 1 core 1 
OMP: Info #171: KMP_AFFINITY: OS proc 12 maps to package 1 core 2 
OMP: Info #171: KMP_AFFINITY: OS proc 13 maps to package 1 core 3 
OMP: Info #171: KMP_AFFINITY: OS proc 14 maps to package 1 core 4 
OMP: Info #171: KMP_AFFINITY: OS proc 15 maps to package 1 core 8 
OMP: Info #250: KMP_AFFINITY: pid 30354 tid 30354 thread 0 bound to OS proc set 0
OMP: Info #250: KMP_AFFINITY: pid 30354 tid 30355 thread 1 bound to OS proc set 1
Elapsed time: 103.51
R: 151.594597, G: 49.390452, B: 71.300356
Parallel version with 4 threads
OMP: Info #212: KMP_AFFINITY: decoding x2APIC ids.
OMP: Info #210: KMP_AFFINITY: Affinity capable, using global cpuid leaf 11 info
OMP: Info #154: KMP_AFFINITY: Initial OS proc set respected: 0-15
OMP: Info #156: KMP_AFFINITY: 16 available OS procs
OMP: Info #158: KMP_AFFINITY: Nonuniform topology
OMP: Info #179: KMP_AFFINITY: 2 packages x 10 cores/pkg x 1 threads/core (16 total cores)
OMP: Info #214: KMP_AFFINITY: OS proc to physical thread map:
OMP: Info #171: KMP_AFFINITY: OS proc 0 maps to package 0 core 0 
OMP: Info #171: KMP_AFFINITY: OS proc 1 maps to package 0 core 1 
OMP: Info #171: KMP_AFFINITY: OS proc 2 maps to package 0 core 2 
OMP: Info #171: KMP_AFFINITY: OS proc 3 maps to package 0 core 3 
OMP: Info #171: KMP_AFFINITY: OS proc 4 maps to package 0 core 4 
OMP: Info #171: KMP_AFFINITY: OS proc 5 maps to package 0 core 8 
OMP: Info #171: KMP_AFFINITY: OS proc 6 maps to package 0 core 9 
OMP: Info #171: KMP_AFFINITY: OS proc 7 maps to package 0 core 10 
OMP: Info #171: KMP_AFFINITY: OS proc 8 maps to package 0 core 11 
OMP: Info #171: KMP_AFFINITY: OS proc 9 maps to package 0 core 12 
OMP: Info #171: KMP_AFFINITY: OS proc 10 maps to package 1 core 0 
OMP: Info #171: KMP_AFFINITY: OS proc 11 maps to package 1 core 1 
OMP: Info #171: KMP_AFFINITY: OS proc 12 maps to package 1 core 2 
OMP: Info #171: KMP_AFFINITY: OS proc 13 maps to package 1 core 3 
OMP: Info #171: KMP_AFFINITY: OS proc 14 maps to package 1 core 4 
OMP: Info #171: KMP_AFFINITY: OS proc 15 maps to package 1 core 8 
OMP: Info #250: KMP_AFFINITY: pid 30356 tid 30356 thread 0 bound to OS proc set 0
OMP: Info #250: KMP_AFFINITY: pid 30356 tid 30357 thread 1 bound to OS proc set 1
OMP: Info #250: KMP_AFFINITY: pid 30356 tid 30358 thread 2 bound to OS proc set 2
OMP: Info #250: KMP_AFFINITY: pid 30356 tid 30359 thread 3 bound to OS proc set 3
Elapsed time: 58.74
R: 151.594597, G: 49.390452, B: 71.300356
Parallel version with 8 threads
OMP: Info #212: KMP_AFFINITY: decoding x2APIC ids.
OMP: Info #210: KMP_AFFINITY: Affinity capable, using global cpuid leaf 11 info
OMP: Info #154: KMP_AFFINITY: Initial OS proc set respected: 0-15
OMP: Info #156: KMP_AFFINITY: 16 available OS procs
OMP: Info #158: KMP_AFFINITY: Nonuniform topology
OMP: Info #179: KMP_AFFINITY: 2 packages x 10 cores/pkg x 1 threads/core (16 total cores)
OMP: Info #214: KMP_AFFINITY: OS proc to physical thread map:
OMP: Info #171: KMP_AFFINITY: OS proc 0 maps to package 0 core 0 
OMP: Info #171: KMP_AFFINITY: OS proc 1 maps to package 0 core 1 
OMP: Info #171: KMP_AFFINITY: OS proc 2 maps to package 0 core 2 
OMP: Info #171: KMP_AFFINITY: OS proc 3 maps to package 0 core 3 
OMP: Info #171: KMP_AFFINITY: OS proc 4 maps to package 0 core 4 
OMP: Info #171: KMP_AFFINITY: OS proc 5 maps to package 0 core 8 
OMP: Info #171: KMP_AFFINITY: OS proc 6 maps to package 0 core 9 
OMP: Info #171: KMP_AFFINITY: OS proc 7 maps to package 0 core 10 
OMP: Info #171: KMP_AFFINITY: OS proc 8 maps to package 0 core 11 
OMP: Info #171: KMP_AFFINITY: OS proc 9 maps to package 0 core 12 
OMP: Info #171: KMP_AFFINITY: OS proc 10 maps to package 1 core 0 
OMP: Info #171: KMP_AFFINITY: OS proc 11 maps to package 1 core 1 
OMP: Info #171: KMP_AFFINITY: OS proc 12 maps to package 1 core 2 
OMP: Info #171: KMP_AFFINITY: OS proc 13 maps to package 1 core 3 
OMP: Info #171: KMP_AFFINITY: OS proc 14 maps to package 1 core 4 
OMP: Info #171: KMP_AFFINITY: OS proc 15 maps to package 1 core 8 
OMP: Info #250: KMP_AFFINITY: pid 30360 tid 30360 thread 0 bound to OS proc set 0
OMP: Info #250: KMP_AFFINITY: pid 30360 tid 30362 thread 1 bound to OS proc set 1
OMP: Info #250: KMP_AFFINITY: pid 30360 tid 30363 thread 2 bound to OS proc set 2
OMP: Info #250: KMP_AFFINITY: pid 30360 tid 30364 thread 3 bound to OS proc set 3
OMP: Info #250: KMP_AFFINITY: pid 30360 tid 30365 thread 4 bound to OS proc set 4
OMP: Info #250: KMP_AFFINITY: pid 30360 tid 30366 thread 5 bound to OS proc set 5
OMP: Info #250: KMP_AFFINITY: pid 30360 tid 30367 thread 6 bound to OS proc set 6
OMP: Info #250: KMP_AFFINITY: pid 30360 tid 30368 thread 7 bound to OS proc set 7
Elapsed time: 33.96
R: 151.594597, G: 49.390452, B: 71.300356
Parallel version with 16 threads
OMP: Info #212: KMP_AFFINITY: decoding x2APIC ids.
OMP: Info #210: KMP_AFFINITY: Affinity capable, using global cpuid leaf 11 info
OMP: Info #154: KMP_AFFINITY: Initial OS proc set respected: 0-15
OMP: Info #156: KMP_AFFINITY: 16 available OS procs
OMP: Info #158: KMP_AFFINITY: Nonuniform topology
OMP: Info #179: KMP_AFFINITY: 2 packages x 10 cores/pkg x 1 threads/core (16 total cores)
OMP: Info #214: KMP_AFFINITY: OS proc to physical thread map:
OMP: Info #171: KMP_AFFINITY: OS proc 0 maps to package 0 core 0 
OMP: Info #171: KMP_AFFINITY: OS proc 1 maps to package 0 core 1 
OMP: Info #171: KMP_AFFINITY: OS proc 2 maps to package 0 core 2 
OMP: Info #171: KMP_AFFINITY: OS proc 3 maps to package 0 core 3 
OMP: Info #171: KMP_AFFINITY: OS proc 4 maps to package 0 core 4 
OMP: Info #171: KMP_AFFINITY: OS proc 5 maps to package 0 core 8 
OMP: Info #171: KMP_AFFINITY: OS proc 6 maps to package 0 core 9 
OMP: Info #171: KMP_AFFINITY: OS proc 7 maps to package 0 core 10 
OMP: Info #171: KMP_AFFINITY: OS proc 8 maps to package 0 core 11 
OMP: Info #171: KMP_AFFINITY: OS proc 9 maps to package 0 core 12 
OMP: Info #171: KMP_AFFINITY: OS proc 10 maps to package 1 core 0 
OMP: Info #171: KMP_AFFINITY: OS proc 11 maps to package 1 core 1 
OMP: Info #171: KMP_AFFINITY: OS proc 12 maps to package 1 core 2 
OMP: Info #171: KMP_AFFINITY: OS proc 13 maps to package 1 core 3 
OMP: Info #171: KMP_AFFINITY: OS proc 14 maps to package 1 core 4 
OMP: Info #171: KMP_AFFINITY: OS proc 15 maps to package 1 core 8 
OMP: Info #250: KMP_AFFINITY: pid 30370 tid 30370 thread 0 bound to OS proc set 0
OMP: Info #250: KMP_AFFINITY: pid 30370 tid 30371 thread 1 bound to OS proc set 1
OMP: Info #250: KMP_AFFINITY: pid 30370 tid 30372 thread 2 bound to OS proc set 2
OMP: Info #250: KMP_AFFINITY: pid 30370 tid 30373 thread 3 bound to OS proc set 3
OMP: Info #250: KMP_AFFINITY: pid 30370 tid 30374 thread 4 bound to OS proc set 4
OMP: Info #250: KMP_AFFINITY: pid 30370 tid 30375 thread 5 bound to OS proc set 5
OMP: Info #250: KMP_AFFINITY: pid 30370 tid 30376 thread 6 bound to OS proc set 6
OMP: Info #250: KMP_AFFINITY: pid 30370 tid 30377 thread 7 bound to OS proc set 7
OMP: Info #250: KMP_AFFINITY: pid 30370 tid 30378 thread 8 bound to OS proc set 8
OMP: Info #250: KMP_AFFINITY: pid 30370 tid 30382 thread 12 bound to OS proc set 12
OMP: Info #250: KMP_AFFINITY: pid 30370 tid 30383 thread 13 bound to OS proc set 13
OMP: Info #250: KMP_AFFINITY: pid 30370 tid 30381 thread 11 bound to OS proc set 11
OMP: Info #250: KMP_AFFINITY: pid 30370 tid 30380 thread 10 bound to OS proc set 10
OMP: Info #250: KMP_AFFINITY: pid 30370 tid 30379 thread 9 bound to OS proc set 9
OMP: Info #250: KMP_AFFINITY: pid 30370 tid 30384 thread 14 bound to OS proc set 14
OMP: Info #250: KMP_AFFINITY: pid 30370 tid 30385 thread 15 bound to OS proc set 15
Elapsed time: 21.52
R: 151.594597, G: 49.390452, B: 71.300356
Parallel version with 32 threads
OMP: Info #212: KMP_AFFINITY: decoding x2APIC ids.
OMP: Info #210: KMP_AFFINITY: Affinity capable, using global cpuid leaf 11 info
OMP: Info #154: KMP_AFFINITY: Initial OS proc set respected: 0-15
OMP: Info #156: KMP_AFFINITY: 16 available OS procs
OMP: Info #158: KMP_AFFINITY: Nonuniform topology
OMP: Info #179: KMP_AFFINITY: 2 packages x 10 cores/pkg x 1 threads/core (16 total cores)
OMP: Info #214: KMP_AFFINITY: OS proc to physical thread map:
OMP: Info #171: KMP_AFFINITY: OS proc 0 maps to package 0 core 0 
OMP: Info #171: KMP_AFFINITY: OS proc 1 maps to package 0 core 1 
OMP: Info #171: KMP_AFFINITY: OS proc 2 maps to package 0 core 2 
OMP: Info #171: KMP_AFFINITY: OS proc 3 maps to package 0 core 3 
OMP: Info #171: KMP_AFFINITY: OS proc 4 maps to package 0 core 4 
OMP: Info #171: KMP_AFFINITY: OS proc 5 maps to package 0 core 8 
OMP: Info #171: KMP_AFFINITY: OS proc 6 maps to package 0 core 9 
OMP: Info #171: KMP_AFFINITY: OS proc 7 maps to package 0 core 10 
OMP: Info #171: KMP_AFFINITY: OS proc 8 maps to package 0 core 11 
OMP: Info #171: KMP_AFFINITY: OS proc 9 maps to package 0 core 12 
OMP: Info #171: KMP_AFFINITY: OS proc 10 maps to package 1 core 0 
OMP: Info #171: KMP_AFFINITY: OS proc 11 maps to package 1 core 1 
OMP: Info #171: KMP_AFFINITY: OS proc 12 maps to package 1 core 2 
OMP: Info #171: KMP_AFFINITY: OS proc 13 maps to package 1 core 3 
OMP: Info #171: KMP_AFFINITY: OS proc 14 maps to package 1 core 4 
OMP: Info #171: KMP_AFFINITY: OS proc 15 maps to package 1 core 8 
OMP: Info #250: KMP_AFFINITY: pid 30386 tid 30386 thread 0 bound to OS proc set 0
OMP: Info #250: KMP_AFFINITY: pid 30386 tid 30388 thread 2 bound to OS proc set 2
OMP: Info #250: KMP_AFFINITY: pid 30386 tid 30387 thread 1 bound to OS proc set 1
OMP: Info #250: KMP_AFFINITY: pid 30386 tid 30389 thread 3 bound to OS proc set 3
OMP: Info #250: KMP_AFFINITY: pid 30386 tid 30390 thread 4 bound to OS proc set 4
OMP: Info #250: KMP_AFFINITY: pid 30386 tid 30392 thread 6 bound to OS proc set 6
OMP: Info #250: KMP_AFFINITY: pid 30386 tid 30393 thread 7 bound to OS proc set 7
OMP: Info #250: KMP_AFFINITY: pid 30386 tid 30391 thread 5 bound to OS proc set 5
OMP: Info #250: KMP_AFFINITY: pid 30386 tid 30394 thread 8 bound to OS proc set 8
OMP: Info #250: KMP_AFFINITY: pid 30386 tid 30395 thread 9 bound to OS proc set 9
OMP: Info #250: KMP_AFFINITY: pid 30386 tid 30397 thread 11 bound to OS proc set 11
OMP: Info #250: KMP_AFFINITY: pid 30386 tid 30398 thread 12 bound to OS proc set 12
OMP: Info #250: KMP_AFFINITY: pid 30386 tid 30396 thread 10 bound to OS proc set 10
OMP: Info #250: KMP_AFFINITY: pid 30386 tid 30399 thread 13 bound to OS proc set 13
OMP: Info #250: KMP_AFFINITY: pid 30386 tid 30400 thread 14 bound to OS proc set 14
OMP: Info #250: KMP_AFFINITY: pid 30386 tid 30401 thread 15 bound to OS proc set 15
OMP: Info #250: KMP_AFFINITY: pid 30386 tid 30403 thread 16 bound to OS proc set 0
OMP: Info #250: KMP_AFFINITY: pid 30386 tid 30405 thread 18 bound to OS proc set 2
OMP: Info #250: KMP_AFFINITY: pid 30386 tid 30407 thread 20 bound to OS proc set 4
OMP: Info #250: KMP_AFFINITY: pid 30386 tid 30408 thread 21 bound to OS proc set 5
OMP: Info #250: KMP_AFFINITY: pid 30386 tid 30412 thread 25 bound to OS proc set 9
OMP: Info #250: KMP_AFFINITY: pid 30386 tid 30414 thread 27 bound to OS proc set 11
OMP: Info #250: KMP_AFFINITY: pid 30386 tid 30413 thread 26 bound to OS proc set 10
OMP: Info #250: KMP_AFFINITY: pid 30386 tid 30416 thread 29 bound to OS proc set 13
OMP: Info #250: KMP_AFFINITY: pid 30386 tid 30417 thread 30 bound to OS proc set 14
OMP: Info #250: KMP_AFFINITY: pid 30386 tid 30410 thread 23 bound to OS proc set 7
OMP: Info #250: KMP_AFFINITY: pid 30386 tid 30415 thread 28 bound to OS proc set 12
OMP: Info #250: KMP_AFFINITY: pid 30386 tid 30406 thread 19 bound to OS proc set 3
OMP: Info #250: KMP_AFFINITY: pid 30386 tid 30411 thread 24 bound to OS proc set 8
OMP: Info #250: KMP_AFFINITY: pid 30386 tid 30404 thread 17 bound to OS proc set 1
OMP: Info #250: KMP_AFFINITY: pid 30386 tid 30418 thread 31 bound to OS proc set 15
OMP: Info #250: KMP_AFFINITY: pid 30386 tid 30409 thread 22 bound to OS proc set 6
Elapsed time: 21.64
R: 151.594597, G: 49.390452, B: 71.300356
