Setting stack size to unlimited...
core file size          (blocks, -c) 0
data seg size           (kbytes, -d) unlimited
scheduling priority             (-e) 0
file size               (blocks, -f) unlimited
pending signals                 (-i) 2062728
max locked memory       (kbytes, -l) unlimited
max memory size         (kbytes, -m) 253952000
open files                      (-n) 1024
pipe size            (512 bytes, -p) 8
POSIX message queues     (bytes, -q) 819200
real-time priority              (-r) 0
stack size              (kbytes, -s) unlimited
cpu time               (seconds, -t) unlimited
max user processes              (-u) 4096
virtual memory          (kbytes, -v) unlimited
file locks                      (-x) unlimited

Running Job...!
===============================================================================
Running compiled binary...
Parallel version with 1 threads
OMP: Info #212: KMP_AFFINITY: decoding x2APIC ids.
OMP: Info #210: KMP_AFFINITY: Affinity capable, using global cpuid leaf 11 info
OMP: Info #154: KMP_AFFINITY: Initial OS proc set respected: 1,3,5,7,9,11,13,15,17,22,24,26,28,30,32,34
OMP: Info #156: KMP_AFFINITY: 16 available OS procs
OMP: Info #158: KMP_AFFINITY: Nonuniform topology
OMP: Info #179: KMP_AFFINITY: 2 packages x 9 cores/pkg x 1 threads/core (16 total cores)
OMP: Info #214: KMP_AFFINITY: OS proc to physical thread map:
OMP: Info #171: KMP_AFFINITY: OS proc 22 maps to package 0 core 18 
OMP: Info #171: KMP_AFFINITY: OS proc 24 maps to package 0 core 19 
OMP: Info #171: KMP_AFFINITY: OS proc 26 maps to package 0 core 20 
OMP: Info #171: KMP_AFFINITY: OS proc 28 maps to package 0 core 24 
OMP: Info #171: KMP_AFFINITY: OS proc 30 maps to package 0 core 25 
OMP: Info #171: KMP_AFFINITY: OS proc 32 maps to package 0 core 26 
OMP: Info #171: KMP_AFFINITY: OS proc 34 maps to package 0 core 27 
OMP: Info #171: KMP_AFFINITY: OS proc 1 maps to package 1 core 0 
OMP: Info #171: KMP_AFFINITY: OS proc 3 maps to package 1 core 1 
OMP: Info #171: KMP_AFFINITY: OS proc 5 maps to package 1 core 2 
OMP: Info #171: KMP_AFFINITY: OS proc 7 maps to package 1 core 3 
OMP: Info #171: KMP_AFFINITY: OS proc 9 maps to package 1 core 4 
OMP: Info #171: KMP_AFFINITY: OS proc 11 maps to package 1 core 8 
OMP: Info #171: KMP_AFFINITY: OS proc 13 maps to package 1 core 9 
OMP: Info #171: KMP_AFFINITY: OS proc 15 maps to package 1 core 10 
OMP: Info #171: KMP_AFFINITY: OS proc 17 maps to package 1 core 11 
OMP: Info #250: KMP_AFFINITY: pid 44711 tid 44711 thread 0 bound to OS proc set 22
Elapsed time: 18.11
R: 149.659528, G: 148.049722, B: 139.202555
Parallel version with 2 threads
OMP: Info #212: KMP_AFFINITY: decoding x2APIC ids.
OMP: Info #210: KMP_AFFINITY: Affinity capable, using global cpuid leaf 11 info
OMP: Info #154: KMP_AFFINITY: Initial OS proc set respected: 1,3,5,7,9,11,13,15,17,22,24,26,28,30,32,34
OMP: Info #156: KMP_AFFINITY: 16 available OS procs
OMP: Info #158: KMP_AFFINITY: Nonuniform topology
OMP: Info #179: KMP_AFFINITY: 2 packages x 9 cores/pkg x 1 threads/core (16 total cores)
OMP: Info #214: KMP_AFFINITY: OS proc to physical thread map:
OMP: Info #171: KMP_AFFINITY: OS proc 22 maps to package 0 core 18 
OMP: Info #171: KMP_AFFINITY: OS proc 24 maps to package 0 core 19 
OMP: Info #171: KMP_AFFINITY: OS proc 26 maps to package 0 core 20 
OMP: Info #171: KMP_AFFINITY: OS proc 28 maps to package 0 core 24 
OMP: Info #171: KMP_AFFINITY: OS proc 30 maps to package 0 core 25 
OMP: Info #171: KMP_AFFINITY: OS proc 32 maps to package 0 core 26 
OMP: Info #171: KMP_AFFINITY: OS proc 34 maps to package 0 core 27 
OMP: Info #171: KMP_AFFINITY: OS proc 1 maps to package 1 core 0 
OMP: Info #171: KMP_AFFINITY: OS proc 3 maps to package 1 core 1 
OMP: Info #171: KMP_AFFINITY: OS proc 5 maps to package 1 core 2 
OMP: Info #171: KMP_AFFINITY: OS proc 7 maps to package 1 core 3 
OMP: Info #171: KMP_AFFINITY: OS proc 9 maps to package 1 core 4 
OMP: Info #171: KMP_AFFINITY: OS proc 11 maps to package 1 core 8 
OMP: Info #171: KMP_AFFINITY: OS proc 13 maps to package 1 core 9 
OMP: Info #171: KMP_AFFINITY: OS proc 15 maps to package 1 core 10 
OMP: Info #171: KMP_AFFINITY: OS proc 17 maps to package 1 core 11 
OMP: Info #250: KMP_AFFINITY: pid 44733 tid 44733 thread 0 bound to OS proc set 22
OMP: Info #250: KMP_AFFINITY: pid 44733 tid 44734 thread 1 bound to OS proc set 24
Elapsed time: 11.67
R: 149.659528, G: 148.049722, B: 139.202555
Parallel version with 4 threads
OMP: Info #212: KMP_AFFINITY: decoding x2APIC ids.
OMP: Info #210: KMP_AFFINITY: Affinity capable, using global cpuid leaf 11 info
OMP: Info #154: KMP_AFFINITY: Initial OS proc set respected: 1,3,5,7,9,11,13,15,17,22,24,26,28,30,32,34
OMP: Info #156: KMP_AFFINITY: 16 available OS procs
OMP: Info #158: KMP_AFFINITY: Nonuniform topology
OMP: Info #179: KMP_AFFINITY: 2 packages x 9 cores/pkg x 1 threads/core (16 total cores)
OMP: Info #214: KMP_AFFINITY: OS proc to physical thread map:
OMP: Info #171: KMP_AFFINITY: OS proc 22 maps to package 0 core 18 
OMP: Info #171: KMP_AFFINITY: OS proc 24 maps to package 0 core 19 
OMP: Info #171: KMP_AFFINITY: OS proc 26 maps to package 0 core 20 
OMP: Info #171: KMP_AFFINITY: OS proc 28 maps to package 0 core 24 
OMP: Info #171: KMP_AFFINITY: OS proc 30 maps to package 0 core 25 
OMP: Info #171: KMP_AFFINITY: OS proc 32 maps to package 0 core 26 
OMP: Info #171: KMP_AFFINITY: OS proc 34 maps to package 0 core 27 
OMP: Info #171: KMP_AFFINITY: OS proc 1 maps to package 1 core 0 
OMP: Info #171: KMP_AFFINITY: OS proc 3 maps to package 1 core 1 
OMP: Info #171: KMP_AFFINITY: OS proc 5 maps to package 1 core 2 
OMP: Info #171: KMP_AFFINITY: OS proc 7 maps to package 1 core 3 
OMP: Info #171: KMP_AFFINITY: OS proc 9 maps to package 1 core 4 
OMP: Info #171: KMP_AFFINITY: OS proc 11 maps to package 1 core 8 
OMP: Info #171: KMP_AFFINITY: OS proc 13 maps to package 1 core 9 
OMP: Info #171: KMP_AFFINITY: OS proc 15 maps to package 1 core 10 
OMP: Info #171: KMP_AFFINITY: OS proc 17 maps to package 1 core 11 
OMP: Info #250: KMP_AFFINITY: pid 44736 tid 44736 thread 0 bound to OS proc set 22
OMP: Info #250: KMP_AFFINITY: pid 44736 tid 44737 thread 1 bound to OS proc set 24
OMP: Info #250: KMP_AFFINITY: pid 44736 tid 44738 thread 2 bound to OS proc set 26
OMP: Info #250: KMP_AFFINITY: pid 44736 tid 44739 thread 3 bound to OS proc set 28
Elapsed time: 8.37
R: 149.659528, G: 148.049722, B: 139.202555
Parallel version with 8 threads
OMP: Info #212: KMP_AFFINITY: decoding x2APIC ids.
OMP: Info #210: KMP_AFFINITY: Affinity capable, using global cpuid leaf 11 info
OMP: Info #154: KMP_AFFINITY: Initial OS proc set respected: 1,3,5,7,9,11,13,15,17,22,24,26,28,30,32,34
OMP: Info #156: KMP_AFFINITY: 16 available OS procs
OMP: Info #158: KMP_AFFINITY: Nonuniform topology
OMP: Info #179: KMP_AFFINITY: 2 packages x 9 cores/pkg x 1 threads/core (16 total cores)
OMP: Info #214: KMP_AFFINITY: OS proc to physical thread map:
OMP: Info #171: KMP_AFFINITY: OS proc 22 maps to package 0 core 18 
OMP: Info #171: KMP_AFFINITY: OS proc 24 maps to package 0 core 19 
OMP: Info #171: KMP_AFFINITY: OS proc 26 maps to package 0 core 20 
OMP: Info #171: KMP_AFFINITY: OS proc 28 maps to package 0 core 24 
OMP: Info #171: KMP_AFFINITY: OS proc 30 maps to package 0 core 25 
OMP: Info #171: KMP_AFFINITY: OS proc 32 maps to package 0 core 26 
OMP: Info #171: KMP_AFFINITY: OS proc 34 maps to package 0 core 27 
OMP: Info #171: KMP_AFFINITY: OS proc 1 maps to package 1 core 0 
OMP: Info #171: KMP_AFFINITY: OS proc 3 maps to package 1 core 1 
OMP: Info #171: KMP_AFFINITY: OS proc 5 maps to package 1 core 2 
OMP: Info #171: KMP_AFFINITY: OS proc 7 maps to package 1 core 3 
OMP: Info #171: KMP_AFFINITY: OS proc 9 maps to package 1 core 4 
OMP: Info #171: KMP_AFFINITY: OS proc 11 maps to package 1 core 8 
OMP: Info #171: KMP_AFFINITY: OS proc 13 maps to package 1 core 9 
OMP: Info #171: KMP_AFFINITY: OS proc 15 maps to package 1 core 10 
OMP: Info #171: KMP_AFFINITY: OS proc 17 maps to package 1 core 11 
OMP: Info #250: KMP_AFFINITY: pid 44740 tid 44740 thread 0 bound to OS proc set 22
OMP: Info #250: KMP_AFFINITY: pid 44740 tid 44741 thread 1 bound to OS proc set 24
OMP: Info #250: KMP_AFFINITY: pid 44740 tid 44742 thread 2 bound to OS proc set 26
OMP: Info #250: KMP_AFFINITY: pid 44740 tid 44744 thread 4 bound to OS proc set 30
OMP: Info #250: KMP_AFFINITY: pid 44740 tid 44743 thread 3 bound to OS proc set 28
OMP: Info #250: KMP_AFFINITY: pid 44740 tid 44745 thread 5 bound to OS proc set 32
OMP: Info #250: KMP_AFFINITY: pid 44740 tid 44746 thread 6 bound to OS proc set 34
OMP: Info #250: KMP_AFFINITY: pid 44740 tid 44747 thread 7 bound to OS proc set 1
Elapsed time: 6.71
R: 149.659528, G: 148.049722, B: 139.202555
Parallel version with 16 threads
OMP: Info #212: KMP_AFFINITY: decoding x2APIC ids.
OMP: Info #210: KMP_AFFINITY: Affinity capable, using global cpuid leaf 11 info
OMP: Info #154: KMP_AFFINITY: Initial OS proc set respected: 1,3,5,7,9,11,13,15,17,22,24,26,28,30,32,34
OMP: Info #156: KMP_AFFINITY: 16 available OS procs
OMP: Info #158: KMP_AFFINITY: Nonuniform topology
OMP: Info #179: KMP_AFFINITY: 2 packages x 9 cores/pkg x 1 threads/core (16 total cores)
OMP: Info #214: KMP_AFFINITY: OS proc to physical thread map:
OMP: Info #171: KMP_AFFINITY: OS proc 22 maps to package 0 core 18 
OMP: Info #171: KMP_AFFINITY: OS proc 24 maps to package 0 core 19 
OMP: Info #171: KMP_AFFINITY: OS proc 26 maps to package 0 core 20 
OMP: Info #171: KMP_AFFINITY: OS proc 28 maps to package 0 core 24 
OMP: Info #171: KMP_AFFINITY: OS proc 30 maps to package 0 core 25 
OMP: Info #171: KMP_AFFINITY: OS proc 32 maps to package 0 core 26 
OMP: Info #171: KMP_AFFINITY: OS proc 34 maps to package 0 core 27 
OMP: Info #171: KMP_AFFINITY: OS proc 1 maps to package 1 core 0 
OMP: Info #171: KMP_AFFINITY: OS proc 3 maps to package 1 core 1 
OMP: Info #171: KMP_AFFINITY: OS proc 5 maps to package 1 core 2 
OMP: Info #171: KMP_AFFINITY: OS proc 7 maps to package 1 core 3 
OMP: Info #171: KMP_AFFINITY: OS proc 9 maps to package 1 core 4 
OMP: Info #171: KMP_AFFINITY: OS proc 11 maps to package 1 core 8 
OMP: Info #171: KMP_AFFINITY: OS proc 13 maps to package 1 core 9 
OMP: Info #171: KMP_AFFINITY: OS proc 15 maps to package 1 core 10 
OMP: Info #171: KMP_AFFINITY: OS proc 17 maps to package 1 core 11 
OMP: Info #250: KMP_AFFINITY: pid 44748 tid 44748 thread 0 bound to OS proc set 22
OMP: Info #250: KMP_AFFINITY: pid 44748 tid 44749 thread 1 bound to OS proc set 24
OMP: Info #250: KMP_AFFINITY: pid 44748 tid 44750 thread 2 bound to OS proc set 26
OMP: Info #250: KMP_AFFINITY: pid 44748 tid 44753 thread 5 bound to OS proc set 32
OMP: Info #250: KMP_AFFINITY: pid 44748 tid 44751 thread 3 bound to OS proc set 28
OMP: Info #250: KMP_AFFINITY: pid 44748 tid 44752 thread 4 bound to OS proc set 30
OMP: Info #250: KMP_AFFINITY: pid 44748 tid 44754 thread 6 bound to OS proc set 34
OMP: Info #250: KMP_AFFINITY: pid 44748 tid 44755 thread 7 bound to OS proc set 1
OMP: Info #250: KMP_AFFINITY: pid 44748 tid 44756 thread 8 bound to OS proc set 3
OMP: Info #250: KMP_AFFINITY: pid 44748 tid 44759 thread 11 bound to OS proc set 9
OMP: Info #250: KMP_AFFINITY: pid 44748 tid 44760 thread 12 bound to OS proc set 11
OMP: Info #250: KMP_AFFINITY: pid 44748 tid 44758 thread 10 bound to OS proc set 7
OMP: Info #250: KMP_AFFINITY: pid 44748 tid 44757 thread 9 bound to OS proc set 5
OMP: Info #250: KMP_AFFINITY: pid 44748 tid 44762 thread 14 bound to OS proc set 15
OMP: Info #250: KMP_AFFINITY: pid 44748 tid 44761 thread 13 bound to OS proc set 13
OMP: Info #250: KMP_AFFINITY: pid 44748 tid 44763 thread 15 bound to OS proc set 17
Elapsed time: 5.97
R: 149.659528, G: 148.049722, B: 139.202555
Parallel version with 32 threads
OMP: Info #212: KMP_AFFINITY: decoding x2APIC ids.
OMP: Info #210: KMP_AFFINITY: Affinity capable, using global cpuid leaf 11 info
OMP: Info #154: KMP_AFFINITY: Initial OS proc set respected: 1,3,5,7,9,11,13,15,17,22,24,26,28,30,32,34
OMP: Info #156: KMP_AFFINITY: 16 available OS procs
OMP: Info #158: KMP_AFFINITY: Nonuniform topology
OMP: Info #179: KMP_AFFINITY: 2 packages x 9 cores/pkg x 1 threads/core (16 total cores)
OMP: Info #214: KMP_AFFINITY: OS proc to physical thread map:
OMP: Info #171: KMP_AFFINITY: OS proc 22 maps to package 0 core 18 
OMP: Info #171: KMP_AFFINITY: OS proc 24 maps to package 0 core 19 
OMP: Info #171: KMP_AFFINITY: OS proc 26 maps to package 0 core 20 
OMP: Info #171: KMP_AFFINITY: OS proc 28 maps to package 0 core 24 
OMP: Info #171: KMP_AFFINITY: OS proc 30 maps to package 0 core 25 
OMP: Info #171: KMP_AFFINITY: OS proc 32 maps to package 0 core 26 
OMP: Info #171: KMP_AFFINITY: OS proc 34 maps to package 0 core 27 
OMP: Info #171: KMP_AFFINITY: OS proc 1 maps to package 1 core 0 
OMP: Info #171: KMP_AFFINITY: OS proc 3 maps to package 1 core 1 
OMP: Info #171: KMP_AFFINITY: OS proc 5 maps to package 1 core 2 
OMP: Info #171: KMP_AFFINITY: OS proc 7 maps to package 1 core 3 
OMP: Info #171: KMP_AFFINITY: OS proc 9 maps to package 1 core 4 
OMP: Info #171: KMP_AFFINITY: OS proc 11 maps to package 1 core 8 
OMP: Info #171: KMP_AFFINITY: OS proc 13 maps to package 1 core 9 
OMP: Info #171: KMP_AFFINITY: OS proc 15 maps to package 1 core 10 
OMP: Info #171: KMP_AFFINITY: OS proc 17 maps to package 1 core 11 
OMP: Info #250: KMP_AFFINITY: pid 44764 tid 44764 thread 0 bound to OS proc set 22
OMP: Info #250: KMP_AFFINITY: pid 44764 tid 44765 thread 1 bound to OS proc set 24
OMP: Info #250: KMP_AFFINITY: pid 44764 tid 44766 thread 2 bound to OS proc set 26
OMP: Info #250: KMP_AFFINITY: pid 44764 tid 44768 thread 4 bound to OS proc set 30
OMP: Info #250: KMP_AFFINITY: pid 44764 tid 44767 thread 3 bound to OS proc set 28
OMP: Info #250: KMP_AFFINITY: pid 44764 tid 44769 thread 5 bound to OS proc set 32
OMP: Info #250: KMP_AFFINITY: pid 44764 tid 44770 thread 6 bound to OS proc set 34
OMP: Info #250: KMP_AFFINITY: pid 44764 tid 44771 thread 7 bound to OS proc set 1
OMP: Info #250: KMP_AFFINITY: pid 44764 tid 44772 thread 8 bound to OS proc set 3
OMP: Info #250: KMP_AFFINITY: pid 44764 tid 44774 thread 10 bound to OS proc set 7
OMP: Info #250: KMP_AFFINITY: pid 44764 tid 44775 thread 11 bound to OS proc set 9
OMP: Info #250: KMP_AFFINITY: pid 44764 tid 44773 thread 9 bound to OS proc set 5
OMP: Info #250: KMP_AFFINITY: pid 44764 tid 44776 thread 12 bound to OS proc set 11
OMP: Info #250: KMP_AFFINITY: pid 44764 tid 44777 thread 13 bound to OS proc set 13
OMP: Info #250: KMP_AFFINITY: pid 44764 tid 44778 thread 14 bound to OS proc set 15
OMP: Info #250: KMP_AFFINITY: pid 44764 tid 44779 thread 15 bound to OS proc set 17
OMP: Info #250: KMP_AFFINITY: pid 44764 tid 44780 thread 16 bound to OS proc set 22
OMP: Info #250: KMP_AFFINITY: pid 44764 tid 44782 thread 18 bound to OS proc set 26
OMP: Info #250: KMP_AFFINITY: pid 44764 tid 44783 thread 19 bound to OS proc set 28
OMP: Info #250: KMP_AFFINITY: pid 44764 tid 44781 thread 17 bound to OS proc set 24
OMP: Info #250: KMP_AFFINITY: pid 44764 tid 44785 thread 21 bound to OS proc set 32
OMP: Info #250: KMP_AFFINITY: pid 44764 tid 44784 thread 20 bound to OS proc set 30
OMP: Info #250: KMP_AFFINITY: pid 44764 tid 44786 thread 22 bound to OS proc set 34
OMP: Info #250: KMP_AFFINITY: pid 44764 tid 44788 thread 24 bound to OS proc set 3
OMP: Info #250: KMP_AFFINITY: pid 44764 tid 44791 thread 27 bound to OS proc set 9
OMP: Info #250: KMP_AFFINITY: pid 44764 tid 44793 thread 29 bound to OS proc set 13
OMP: Info #250: KMP_AFFINITY: pid 44764 tid 44789 thread 25 bound to OS proc set 5
OMP: Info #250: KMP_AFFINITY: pid 44764 tid 44787 thread 23 bound to OS proc set 1
OMP: Info #250: KMP_AFFINITY: pid 44764 tid 44792 thread 28 bound to OS proc set 11
OMP: Info #250: KMP_AFFINITY: pid 44764 tid 44795 thread 31 bound to OS proc set 17
OMP: Info #250: KMP_AFFINITY: pid 44764 tid 44790 thread 26 bound to OS proc set 7
OMP: Info #250: KMP_AFFINITY: pid 44764 tid 44794 thread 30 bound to OS proc set 15
Elapsed time: 6.56
R: 149.659528, G: 148.049722, B: 139.202555
