Setting stack size to unlimited...
core file size          (blocks, -c) 0
data seg size           (kbytes, -d) unlimited
scheduling priority             (-e) 0
file size               (blocks, -f) unlimited
pending signals                 (-i) 2063001
max locked memory       (kbytes, -l) unlimited
max memory size         (kbytes, -m) 253952000
open files                      (-n) 1024
pipe size            (512 bytes, -p) 8
POSIX message queues     (bytes, -q) 819200
real-time priority              (-r) 0
stack size              (kbytes, -s) unlimited
cpu time               (seconds, -t) unlimited
max user processes              (-u) 4096
virtual memory          (kbytes, -v) unlimited
file locks                      (-x) unlimited

Running Job...!
===============================================================================
Running compiled binary...
Serial version...
Elapsed time: 230.08
R: 149.659528, G: 148.049722, B: 139.202555
Parallel version with 1 threads
OMP: Info #212: KMP_AFFINITY: decoding x2APIC ids.
OMP: Info #210: KMP_AFFINITY: Affinity capable, using global cpuid leaf 11 info
OMP: Info #154: KMP_AFFINITY: Initial OS proc set respected: 3,5-19
OMP: Info #156: KMP_AFFINITY: 16 available OS procs
OMP: Info #157: KMP_AFFINITY: Uniform topology
OMP: Info #179: KMP_AFFINITY: 2 packages x 8 cores/pkg x 1 threads/core (16 total cores)
OMP: Info #214: KMP_AFFINITY: OS proc to physical thread map:
OMP: Info #171: KMP_AFFINITY: OS proc 3 maps to package 0 core 3 
OMP: Info #171: KMP_AFFINITY: OS proc 5 maps to package 0 core 5 
OMP: Info #171: KMP_AFFINITY: OS proc 6 maps to package 0 core 8 
OMP: Info #171: KMP_AFFINITY: OS proc 7 maps to package 0 core 9 
OMP: Info #171: KMP_AFFINITY: OS proc 8 maps to package 0 core 10 
OMP: Info #171: KMP_AFFINITY: OS proc 9 maps to package 0 core 11 
OMP: Info #171: KMP_AFFINITY: OS proc 10 maps to package 0 core 12 
OMP: Info #171: KMP_AFFINITY: OS proc 11 maps to package 0 core 13 
OMP: Info #171: KMP_AFFINITY: OS proc 12 maps to package 1 core 0 
OMP: Info #171: KMP_AFFINITY: OS proc 13 maps to package 1 core 1 
OMP: Info #171: KMP_AFFINITY: OS proc 14 maps to package 1 core 2 
OMP: Info #171: KMP_AFFINITY: OS proc 15 maps to package 1 core 3 
OMP: Info #171: KMP_AFFINITY: OS proc 16 maps to package 1 core 4 
OMP: Info #171: KMP_AFFINITY: OS proc 17 maps to package 1 core 5 
OMP: Info #171: KMP_AFFINITY: OS proc 18 maps to package 1 core 8 
OMP: Info #171: KMP_AFFINITY: OS proc 19 maps to package 1 core 9 
OMP: Info #250: KMP_AFFINITY: pid 33609 tid 33609 thread 0 bound to OS proc set 3
Elapsed time: 117.46
R: 149.659528, G: 148.049722, B: 139.202555
Parallel version with 2 threads
OMP: Info #212: KMP_AFFINITY: decoding x2APIC ids.
OMP: Info #210: KMP_AFFINITY: Affinity capable, using global cpuid leaf 11 info
OMP: Info #154: KMP_AFFINITY: Initial OS proc set respected: 3,5-19
OMP: Info #156: KMP_AFFINITY: 16 available OS procs
OMP: Info #157: KMP_AFFINITY: Uniform topology
OMP: Info #179: KMP_AFFINITY: 2 packages x 8 cores/pkg x 1 threads/core (16 total cores)
OMP: Info #214: KMP_AFFINITY: OS proc to physical thread map:
OMP: Info #171: KMP_AFFINITY: OS proc 3 maps to package 0 core 3 
OMP: Info #171: KMP_AFFINITY: OS proc 5 maps to package 0 core 5 
OMP: Info #171: KMP_AFFINITY: OS proc 6 maps to package 0 core 8 
OMP: Info #171: KMP_AFFINITY: OS proc 7 maps to package 0 core 9 
OMP: Info #171: KMP_AFFINITY: OS proc 8 maps to package 0 core 10 
OMP: Info #171: KMP_AFFINITY: OS proc 9 maps to package 0 core 11 
OMP: Info #171: KMP_AFFINITY: OS proc 10 maps to package 0 core 12 
OMP: Info #171: KMP_AFFINITY: OS proc 11 maps to package 0 core 13 
OMP: Info #171: KMP_AFFINITY: OS proc 12 maps to package 1 core 0 
OMP: Info #171: KMP_AFFINITY: OS proc 13 maps to package 1 core 1 
OMP: Info #171: KMP_AFFINITY: OS proc 14 maps to package 1 core 2 
OMP: Info #171: KMP_AFFINITY: OS proc 15 maps to package 1 core 3 
OMP: Info #171: KMP_AFFINITY: OS proc 16 maps to package 1 core 4 
OMP: Info #171: KMP_AFFINITY: OS proc 17 maps to package 1 core 5 
OMP: Info #171: KMP_AFFINITY: OS proc 18 maps to package 1 core 8 
OMP: Info #171: KMP_AFFINITY: OS proc 19 maps to package 1 core 9 
OMP: Info #250: KMP_AFFINITY: pid 33732 tid 33732 thread 0 bound to OS proc set 3
OMP: Info #250: KMP_AFFINITY: pid 33732 tid 33739 thread 1 bound to OS proc set 5
Elapsed time: 63.35
R: 149.659528, G: 148.049722, B: 139.202555
Parallel version with 4 threads
OMP: Info #212: KMP_AFFINITY: decoding x2APIC ids.
OMP: Info #210: KMP_AFFINITY: Affinity capable, using global cpuid leaf 11 info
OMP: Info #154: KMP_AFFINITY: Initial OS proc set respected: 3,5-19
OMP: Info #156: KMP_AFFINITY: 16 available OS procs
OMP: Info #157: KMP_AFFINITY: Uniform topology
OMP: Info #179: KMP_AFFINITY: 2 packages x 8 cores/pkg x 1 threads/core (16 total cores)
OMP: Info #214: KMP_AFFINITY: OS proc to physical thread map:
OMP: Info #171: KMP_AFFINITY: OS proc 3 maps to package 0 core 3 
OMP: Info #171: KMP_AFFINITY: OS proc 5 maps to package 0 core 5 
OMP: Info #171: KMP_AFFINITY: OS proc 6 maps to package 0 core 8 
OMP: Info #171: KMP_AFFINITY: OS proc 7 maps to package 0 core 9 
OMP: Info #171: KMP_AFFINITY: OS proc 8 maps to package 0 core 10 
OMP: Info #171: KMP_AFFINITY: OS proc 9 maps to package 0 core 11 
OMP: Info #171: KMP_AFFINITY: OS proc 10 maps to package 0 core 12 
OMP: Info #171: KMP_AFFINITY: OS proc 11 maps to package 0 core 13 
OMP: Info #171: KMP_AFFINITY: OS proc 12 maps to package 1 core 0 
OMP: Info #171: KMP_AFFINITY: OS proc 13 maps to package 1 core 1 
OMP: Info #171: KMP_AFFINITY: OS proc 14 maps to package 1 core 2 
OMP: Info #171: KMP_AFFINITY: OS proc 15 maps to package 1 core 3 
OMP: Info #171: KMP_AFFINITY: OS proc 16 maps to package 1 core 4 
OMP: Info #171: KMP_AFFINITY: OS proc 17 maps to package 1 core 5 
OMP: Info #171: KMP_AFFINITY: OS proc 18 maps to package 1 core 8 
OMP: Info #171: KMP_AFFINITY: OS proc 19 maps to package 1 core 9 
OMP: Info #250: KMP_AFFINITY: pid 33845 tid 33845 thread 0 bound to OS proc set 3
OMP: Info #250: KMP_AFFINITY: pid 33845 tid 33848 thread 2 bound to OS proc set 6
OMP: Info #250: KMP_AFFINITY: pid 33845 tid 33847 thread 1 bound to OS proc set 5
OMP: Info #250: KMP_AFFINITY: pid 33845 tid 33849 thread 3 bound to OS proc set 7
Elapsed time: 35.44
R: 149.659528, G: 148.049722, B: 139.202555
Parallel version with 8 threads
OMP: Info #212: KMP_AFFINITY: decoding x2APIC ids.
OMP: Info #210: KMP_AFFINITY: Affinity capable, using global cpuid leaf 11 info
OMP: Info #154: KMP_AFFINITY: Initial OS proc set respected: 3,5-19
OMP: Info #156: KMP_AFFINITY: 16 available OS procs
OMP: Info #157: KMP_AFFINITY: Uniform topology
OMP: Info #179: KMP_AFFINITY: 2 packages x 8 cores/pkg x 1 threads/core (16 total cores)
OMP: Info #214: KMP_AFFINITY: OS proc to physical thread map:
OMP: Info #171: KMP_AFFINITY: OS proc 3 maps to package 0 core 3 
OMP: Info #171: KMP_AFFINITY: OS proc 5 maps to package 0 core 5 
OMP: Info #171: KMP_AFFINITY: OS proc 6 maps to package 0 core 8 
OMP: Info #171: KMP_AFFINITY: OS proc 7 maps to package 0 core 9 
OMP: Info #171: KMP_AFFINITY: OS proc 8 maps to package 0 core 10 
OMP: Info #171: KMP_AFFINITY: OS proc 9 maps to package 0 core 11 
OMP: Info #171: KMP_AFFINITY: OS proc 10 maps to package 0 core 12 
OMP: Info #171: KMP_AFFINITY: OS proc 11 maps to package 0 core 13 
OMP: Info #171: KMP_AFFINITY: OS proc 12 maps to package 1 core 0 
OMP: Info #171: KMP_AFFINITY: OS proc 13 maps to package 1 core 1 
OMP: Info #171: KMP_AFFINITY: OS proc 14 maps to package 1 core 2 
OMP: Info #171: KMP_AFFINITY: OS proc 15 maps to package 1 core 3 
OMP: Info #171: KMP_AFFINITY: OS proc 16 maps to package 1 core 4 
OMP: Info #171: KMP_AFFINITY: OS proc 17 maps to package 1 core 5 
OMP: Info #171: KMP_AFFINITY: OS proc 18 maps to package 1 core 8 
OMP: Info #171: KMP_AFFINITY: OS proc 19 maps to package 1 core 9 
OMP: Info #250: KMP_AFFINITY: pid 33880 tid 33880 thread 0 bound to OS proc set 3
OMP: Info #250: KMP_AFFINITY: pid 33880 tid 33887 thread 1 bound to OS proc set 5
OMP: Info #250: KMP_AFFINITY: pid 33880 tid 33888 thread 2 bound to OS proc set 6
OMP: Info #250: KMP_AFFINITY: pid 33880 tid 33889 thread 3 bound to OS proc set 7
OMP: Info #250: KMP_AFFINITY: pid 33880 tid 33891 thread 5 bound to OS proc set 9
OMP: Info #250: KMP_AFFINITY: pid 33880 tid 33890 thread 4 bound to OS proc set 8
OMP: Info #250: KMP_AFFINITY: pid 33880 tid 33892 thread 6 bound to OS proc set 10
OMP: Info #250: KMP_AFFINITY: pid 33880 tid 33893 thread 7 bound to OS proc set 11
Elapsed time: 20.24
R: 149.659528, G: 148.049722, B: 139.202555
Parallel version with 16 threads
OMP: Info #212: KMP_AFFINITY: decoding x2APIC ids.
OMP: Info #210: KMP_AFFINITY: Affinity capable, using global cpuid leaf 11 info
OMP: Info #154: KMP_AFFINITY: Initial OS proc set respected: 3,5-19
OMP: Info #156: KMP_AFFINITY: 16 available OS procs
OMP: Info #157: KMP_AFFINITY: Uniform topology
OMP: Info #179: KMP_AFFINITY: 2 packages x 8 cores/pkg x 1 threads/core (16 total cores)
OMP: Info #214: KMP_AFFINITY: OS proc to physical thread map:
OMP: Info #171: KMP_AFFINITY: OS proc 3 maps to package 0 core 3 
OMP: Info #171: KMP_AFFINITY: OS proc 5 maps to package 0 core 5 
OMP: Info #171: KMP_AFFINITY: OS proc 6 maps to package 0 core 8 
OMP: Info #171: KMP_AFFINITY: OS proc 7 maps to package 0 core 9 
OMP: Info #171: KMP_AFFINITY: OS proc 8 maps to package 0 core 10 
OMP: Info #171: KMP_AFFINITY: OS proc 9 maps to package 0 core 11 
OMP: Info #171: KMP_AFFINITY: OS proc 10 maps to package 0 core 12 
OMP: Info #171: KMP_AFFINITY: OS proc 11 maps to package 0 core 13 
OMP: Info #171: KMP_AFFINITY: OS proc 12 maps to package 1 core 0 
OMP: Info #171: KMP_AFFINITY: OS proc 13 maps to package 1 core 1 
OMP: Info #171: KMP_AFFINITY: OS proc 14 maps to package 1 core 2 
OMP: Info #171: KMP_AFFINITY: OS proc 15 maps to package 1 core 3 
OMP: Info #171: KMP_AFFINITY: OS proc 16 maps to package 1 core 4 
OMP: Info #171: KMP_AFFINITY: OS proc 17 maps to package 1 core 5 
OMP: Info #171: KMP_AFFINITY: OS proc 18 maps to package 1 core 8 
OMP: Info #171: KMP_AFFINITY: OS proc 19 maps to package 1 core 9 
OMP: Info #250: KMP_AFFINITY: pid 33906 tid 33906 thread 0 bound to OS proc set 3
OMP: Info #250: KMP_AFFINITY: pid 33906 tid 33913 thread 1 bound to OS proc set 5
OMP: Info #250: KMP_AFFINITY: pid 33906 tid 33915 thread 3 bound to OS proc set 7
OMP: Info #250: KMP_AFFINITY: pid 33906 tid 33914 thread 2 bound to OS proc set 6
OMP: Info #250: KMP_AFFINITY: pid 33906 tid 33917 thread 5 bound to OS proc set 9
OMP: Info #250: KMP_AFFINITY: pid 33906 tid 33916 thread 4 bound to OS proc set 8
OMP: Info #250: KMP_AFFINITY: pid 33906 tid 33918 thread 6 bound to OS proc set 10
OMP: Info #250: KMP_AFFINITY: pid 33906 tid 33919 thread 7 bound to OS proc set 11
OMP: Info #250: KMP_AFFINITY: pid 33906 tid 33920 thread 8 bound to OS proc set 12
OMP: Info #250: KMP_AFFINITY: pid 33906 tid 33921 thread 9 bound to OS proc set 13
OMP: Info #250: KMP_AFFINITY: pid 33906 tid 33922 thread 10 bound to OS proc set 14
OMP: Info #250: KMP_AFFINITY: pid 33906 tid 33923 thread 11 bound to OS proc set 15
OMP: Info #250: KMP_AFFINITY: pid 33906 tid 33924 thread 12 bound to OS proc set 16
OMP: Info #250: KMP_AFFINITY: pid 33906 tid 33925 thread 13 bound to OS proc set 17
OMP: Info #250: KMP_AFFINITY: pid 33906 tid 33926 thread 14 bound to OS proc set 18
OMP: Info #250: KMP_AFFINITY: pid 33906 tid 33927 thread 15 bound to OS proc set 19
Elapsed time: 13.78
R: 149.659528, G: 148.049722, B: 139.202555
Parallel version with 32 threads
OMP: Info #212: KMP_AFFINITY: decoding x2APIC ids.
OMP: Info #210: KMP_AFFINITY: Affinity capable, using global cpuid leaf 11 info
OMP: Info #154: KMP_AFFINITY: Initial OS proc set respected: 3,5-19
OMP: Info #156: KMP_AFFINITY: 16 available OS procs
OMP: Info #157: KMP_AFFINITY: Uniform topology
OMP: Info #179: KMP_AFFINITY: 2 packages x 8 cores/pkg x 1 threads/core (16 total cores)
OMP: Info #214: KMP_AFFINITY: OS proc to physical thread map:
OMP: Info #171: KMP_AFFINITY: OS proc 3 maps to package 0 core 3 
OMP: Info #171: KMP_AFFINITY: OS proc 5 maps to package 0 core 5 
OMP: Info #171: KMP_AFFINITY: OS proc 6 maps to package 0 core 8 
OMP: Info #171: KMP_AFFINITY: OS proc 7 maps to package 0 core 9 
OMP: Info #171: KMP_AFFINITY: OS proc 8 maps to package 0 core 10 
OMP: Info #171: KMP_AFFINITY: OS proc 9 maps to package 0 core 11 
OMP: Info #171: KMP_AFFINITY: OS proc 10 maps to package 0 core 12 
OMP: Info #171: KMP_AFFINITY: OS proc 11 maps to package 0 core 13 
OMP: Info #171: KMP_AFFINITY: OS proc 12 maps to package 1 core 0 
OMP: Info #171: KMP_AFFINITY: OS proc 13 maps to package 1 core 1 
OMP: Info #171: KMP_AFFINITY: OS proc 14 maps to package 1 core 2 
OMP: Info #171: KMP_AFFINITY: OS proc 15 maps to package 1 core 3 
OMP: Info #171: KMP_AFFINITY: OS proc 16 maps to package 1 core 4 
OMP: Info #171: KMP_AFFINITY: OS proc 17 maps to package 1 core 5 
OMP: Info #171: KMP_AFFINITY: OS proc 18 maps to package 1 core 8 
OMP: Info #171: KMP_AFFINITY: OS proc 19 maps to package 1 core 9 
OMP: Info #250: KMP_AFFINITY: pid 33940 tid 33940 thread 0 bound to OS proc set 3
OMP: Info #250: KMP_AFFINITY: pid 33940 tid 33942 thread 2 bound to OS proc set 6
OMP: Info #250: KMP_AFFINITY: pid 33940 tid 33941 thread 1 bound to OS proc set 5
OMP: Info #250: KMP_AFFINITY: pid 33940 tid 33943 thread 3 bound to OS proc set 7
OMP: Info #250: KMP_AFFINITY: pid 33940 tid 33945 thread 5 bound to OS proc set 9
OMP: Info #250: KMP_AFFINITY: pid 33940 tid 33944 thread 4 bound to OS proc set 8
OMP: Info #250: KMP_AFFINITY: pid 33940 tid 33946 thread 6 bound to OS proc set 10
OMP: Info #250: KMP_AFFINITY: pid 33940 tid 33947 thread 7 bound to OS proc set 11
OMP: Info #250: KMP_AFFINITY: pid 33940 tid 33950 thread 10 bound to OS proc set 14
OMP: Info #250: KMP_AFFINITY: pid 33940 tid 33949 thread 9 bound to OS proc set 13
OMP: Info #250: KMP_AFFINITY: pid 33940 tid 33948 thread 8 bound to OS proc set 12
OMP: Info #250: KMP_AFFINITY: pid 33940 tid 33951 thread 11 bound to OS proc set 15
OMP: Info #250: KMP_AFFINITY: pid 33940 tid 33952 thread 12 bound to OS proc set 16
OMP: Info #250: KMP_AFFINITY: pid 33940 tid 33953 thread 13 bound to OS proc set 17
OMP: Info #250: KMP_AFFINITY: pid 33940 tid 33954 thread 14 bound to OS proc set 18
OMP: Info #250: KMP_AFFINITY: pid 33940 tid 33955 thread 15 bound to OS proc set 19
OMP: Info #250: KMP_AFFINITY: pid 33940 tid 33956 thread 16 bound to OS proc set 3
OMP: Info #250: KMP_AFFINITY: pid 33940 tid 33957 thread 17 bound to OS proc set 5
OMP: Info #250: KMP_AFFINITY: pid 33940 tid 33958 thread 18 bound to OS proc set 6
OMP: Info #250: KMP_AFFINITY: pid 33940 tid 33971 thread 31 bound to OS proc set 19
OMP: Info #250: KMP_AFFINITY: pid 33940 tid 33959 thread 19 bound to OS proc set 7
OMP: Info #250: KMP_AFFINITY: pid 33940 tid 33966 thread 26 bound to OS proc set 14
OMP: Info #250: KMP_AFFINITY: pid 33940 tid 33960 thread 20 bound to OS proc set 8
OMP: Info #250: KMP_AFFINITY: pid 33940 tid 33963 thread 23 bound to OS proc set 11
OMP: Info #250: KMP_AFFINITY: pid 33940 tid 33969 thread 29 bound to OS proc set 17
OMP: Info #250: KMP_AFFINITY: pid 33940 tid 33962 thread 22 bound to OS proc set 10
OMP: Info #250: KMP_AFFINITY: pid 33940 tid 33964 thread 24 bound to OS proc set 12
OMP: Info #250: KMP_AFFINITY: pid 33940 tid 33967 thread 27 bound to OS proc set 15
OMP: Info #250: KMP_AFFINITY: pid 33940 tid 33970 thread 30 bound to OS proc set 18
OMP: Info #250: KMP_AFFINITY: pid 33940 tid 33965 thread 25 bound to OS proc set 13
OMP: Info #250: KMP_AFFINITY: pid 33940 tid 33961 thread 21 bound to OS proc set 9
OMP: Info #250: KMP_AFFINITY: pid 33940 tid 33968 thread 28 bound to OS proc set 16
Elapsed time: 13.19
R: 149.659528, G: 148.049722, B: 139.202555
