Setting stack size to unlimited...
core file size          (blocks, -c) 0
data seg size           (kbytes, -d) unlimited
scheduling priority             (-e) 0
file size               (blocks, -f) unlimited
pending signals                 (-i) 2062720
max locked memory       (kbytes, -l) unlimited
max memory size         (kbytes, -m) 253952000
open files                      (-n) 1024
pipe size            (512 bytes, -p) 8
POSIX message queues     (bytes, -q) 819200
real-time priority              (-r) 0
stack size              (kbytes, -s) unlimited
cpu time               (seconds, -t) unlimited
max user processes              (-u) 4096
virtual memory          (kbytes, -v) unlimited
file locks                      (-x) unlimited

Running Job...!
===============================================================================
Running compiled binary...
Serial version...
Elapsed time: 223.65
R: 149.659528, G: 148.049722, B: 139.202555
Parallel version with 1 threads
OMP: Info #212: KMP_AFFINITY: decoding x2APIC ids.
OMP: Info #210: KMP_AFFINITY: Affinity capable, using global cpuid leaf 11 info
OMP: Info #154: KMP_AFFINITY: Initial OS proc set respected: 0,2-6,8,12,36,38-42,44,48
OMP: Info #156: KMP_AFFINITY: 16 available OS procs
OMP: Info #157: KMP_AFFINITY: Uniform topology
OMP: Info #179: KMP_AFFINITY: 1 packages x 8 cores/pkg x 2 threads/core (8 total cores)
OMP: Info #214: KMP_AFFINITY: OS proc to physical thread map:
OMP: Info #171: KMP_AFFINITY: OS proc 0 maps to package 0 core 0 thread 0 
OMP: Info #171: KMP_AFFINITY: OS proc 36 maps to package 0 core 0 thread 1 
OMP: Info #171: KMP_AFFINITY: OS proc 2 maps to package 0 core 2 thread 0 
OMP: Info #171: KMP_AFFINITY: OS proc 38 maps to package 0 core 2 thread 1 
OMP: Info #171: KMP_AFFINITY: OS proc 3 maps to package 0 core 3 thread 0 
OMP: Info #171: KMP_AFFINITY: OS proc 39 maps to package 0 core 3 thread 1 
OMP: Info #171: KMP_AFFINITY: OS proc 4 maps to package 0 core 4 thread 0 
OMP: Info #171: KMP_AFFINITY: OS proc 40 maps to package 0 core 4 thread 1 
OMP: Info #171: KMP_AFFINITY: OS proc 5 maps to package 0 core 8 thread 0 
OMP: Info #171: KMP_AFFINITY: OS proc 41 maps to package 0 core 8 thread 1 
OMP: Info #171: KMP_AFFINITY: OS proc 6 maps to package 0 core 9 thread 0 
OMP: Info #171: KMP_AFFINITY: OS proc 42 maps to package 0 core 9 thread 1 
OMP: Info #171: KMP_AFFINITY: OS proc 8 maps to package 0 core 11 thread 0 
OMP: Info #171: KMP_AFFINITY: OS proc 44 maps to package 0 core 11 thread 1 
OMP: Info #171: KMP_AFFINITY: OS proc 12 maps to package 0 core 19 thread 0 
OMP: Info #171: KMP_AFFINITY: OS proc 48 maps to package 0 core 19 thread 1 
OMP: Info #250: KMP_AFFINITY: pid 140736 tid 140736 thread 0 bound to OS proc set 0
Elapsed time: 116.38
R: 149.659528, G: 148.049722, B: 139.202555
Parallel version with 2 threads
OMP: Info #212: KMP_AFFINITY: decoding x2APIC ids.
OMP: Info #210: KMP_AFFINITY: Affinity capable, using global cpuid leaf 11 info
OMP: Info #154: KMP_AFFINITY: Initial OS proc set respected: 0,2-6,8,12,36,38-42,44,48
OMP: Info #156: KMP_AFFINITY: 16 available OS procs
OMP: Info #157: KMP_AFFINITY: Uniform topology
OMP: Info #179: KMP_AFFINITY: 1 packages x 8 cores/pkg x 2 threads/core (8 total cores)
OMP: Info #214: KMP_AFFINITY: OS proc to physical thread map:
OMP: Info #171: KMP_AFFINITY: OS proc 0 maps to package 0 core 0 thread 0 
OMP: Info #171: KMP_AFFINITY: OS proc 36 maps to package 0 core 0 thread 1 
OMP: Info #171: KMP_AFFINITY: OS proc 2 maps to package 0 core 2 thread 0 
OMP: Info #171: KMP_AFFINITY: OS proc 38 maps to package 0 core 2 thread 1 
OMP: Info #171: KMP_AFFINITY: OS proc 3 maps to package 0 core 3 thread 0 
OMP: Info #171: KMP_AFFINITY: OS proc 39 maps to package 0 core 3 thread 1 
OMP: Info #171: KMP_AFFINITY: OS proc 4 maps to package 0 core 4 thread 0 
OMP: Info #171: KMP_AFFINITY: OS proc 40 maps to package 0 core 4 thread 1 
OMP: Info #171: KMP_AFFINITY: OS proc 5 maps to package 0 core 8 thread 0 
OMP: Info #171: KMP_AFFINITY: OS proc 41 maps to package 0 core 8 thread 1 
OMP: Info #171: KMP_AFFINITY: OS proc 6 maps to package 0 core 9 thread 0 
OMP: Info #171: KMP_AFFINITY: OS proc 42 maps to package 0 core 9 thread 1 
OMP: Info #171: KMP_AFFINITY: OS proc 8 maps to package 0 core 11 thread 0 
OMP: Info #171: KMP_AFFINITY: OS proc 44 maps to package 0 core 11 thread 1 
OMP: Info #171: KMP_AFFINITY: OS proc 12 maps to package 0 core 19 thread 0 
OMP: Info #171: KMP_AFFINITY: OS proc 48 maps to package 0 core 19 thread 1 
OMP: Info #250: KMP_AFFINITY: pid 140738 tid 140738 thread 0 bound to OS proc set 0
OMP: Info #250: KMP_AFFINITY: pid 140738 tid 140739 thread 1 bound to OS proc set 36
Elapsed time: 98.23
R: 149.659528, G: 148.049722, B: 139.202555
Parallel version with 4 threads
OMP: Info #212: KMP_AFFINITY: decoding x2APIC ids.
OMP: Info #210: KMP_AFFINITY: Affinity capable, using global cpuid leaf 11 info
OMP: Info #154: KMP_AFFINITY: Initial OS proc set respected: 0,2-6,8,12,36,38-42,44,48
OMP: Info #156: KMP_AFFINITY: 16 available OS procs
OMP: Info #157: KMP_AFFINITY: Uniform topology
OMP: Info #179: KMP_AFFINITY: 1 packages x 8 cores/pkg x 2 threads/core (8 total cores)
OMP: Info #214: KMP_AFFINITY: OS proc to physical thread map:
OMP: Info #171: KMP_AFFINITY: OS proc 0 maps to package 0 core 0 thread 0 
OMP: Info #171: KMP_AFFINITY: OS proc 36 maps to package 0 core 0 thread 1 
OMP: Info #171: KMP_AFFINITY: OS proc 2 maps to package 0 core 2 thread 0 
OMP: Info #171: KMP_AFFINITY: OS proc 38 maps to package 0 core 2 thread 1 
OMP: Info #171: KMP_AFFINITY: OS proc 3 maps to package 0 core 3 thread 0 
OMP: Info #171: KMP_AFFINITY: OS proc 39 maps to package 0 core 3 thread 1 
OMP: Info #171: KMP_AFFINITY: OS proc 4 maps to package 0 core 4 thread 0 
OMP: Info #171: KMP_AFFINITY: OS proc 40 maps to package 0 core 4 thread 1 
OMP: Info #171: KMP_AFFINITY: OS proc 5 maps to package 0 core 8 thread 0 
OMP: Info #171: KMP_AFFINITY: OS proc 41 maps to package 0 core 8 thread 1 
OMP: Info #171: KMP_AFFINITY: OS proc 6 maps to package 0 core 9 thread 0 
OMP: Info #171: KMP_AFFINITY: OS proc 42 maps to package 0 core 9 thread 1 
OMP: Info #171: KMP_AFFINITY: OS proc 8 maps to package 0 core 11 thread 0 
OMP: Info #171: KMP_AFFINITY: OS proc 44 maps to package 0 core 11 thread 1 
OMP: Info #171: KMP_AFFINITY: OS proc 12 maps to package 0 core 19 thread 0 
OMP: Info #171: KMP_AFFINITY: OS proc 48 maps to package 0 core 19 thread 1 
OMP: Info #250: KMP_AFFINITY: pid 140748 tid 140748 thread 0 bound to OS proc set 0
OMP: Info #250: KMP_AFFINITY: pid 140748 tid 140749 thread 1 bound to OS proc set 36
OMP: Info #250: KMP_AFFINITY: pid 140748 tid 140751 thread 3 bound to OS proc set 38
OMP: Info #250: KMP_AFFINITY: pid 140748 tid 140750 thread 2 bound to OS proc set 2
Elapsed time: 51.56
R: 149.659528, G: 148.049722, B: 139.202555
Parallel version with 8 threads
OMP: Info #212: KMP_AFFINITY: decoding x2APIC ids.
OMP: Info #210: KMP_AFFINITY: Affinity capable, using global cpuid leaf 11 info
OMP: Info #154: KMP_AFFINITY: Initial OS proc set respected: 0,2-6,8,12,36,38-42,44,48
OMP: Info #156: KMP_AFFINITY: 16 available OS procs
OMP: Info #157: KMP_AFFINITY: Uniform topology
OMP: Info #179: KMP_AFFINITY: 1 packages x 8 cores/pkg x 2 threads/core (8 total cores)
OMP: Info #214: KMP_AFFINITY: OS proc to physical thread map:
OMP: Info #171: KMP_AFFINITY: OS proc 0 maps to package 0 core 0 thread 0 
OMP: Info #171: KMP_AFFINITY: OS proc 36 maps to package 0 core 0 thread 1 
OMP: Info #171: KMP_AFFINITY: OS proc 2 maps to package 0 core 2 thread 0 
OMP: Info #171: KMP_AFFINITY: OS proc 38 maps to package 0 core 2 thread 1 
OMP: Info #171: KMP_AFFINITY: OS proc 3 maps to package 0 core 3 thread 0 
OMP: Info #171: KMP_AFFINITY: OS proc 39 maps to package 0 core 3 thread 1 
OMP: Info #171: KMP_AFFINITY: OS proc 4 maps to package 0 core 4 thread 0 
OMP: Info #171: KMP_AFFINITY: OS proc 40 maps to package 0 core 4 thread 1 
OMP: Info #171: KMP_AFFINITY: OS proc 5 maps to package 0 core 8 thread 0 
OMP: Info #171: KMP_AFFINITY: OS proc 41 maps to package 0 core 8 thread 1 
OMP: Info #171: KMP_AFFINITY: OS proc 6 maps to package 0 core 9 thread 0 
OMP: Info #171: KMP_AFFINITY: OS proc 42 maps to package 0 core 9 thread 1 
OMP: Info #171: KMP_AFFINITY: OS proc 8 maps to package 0 core 11 thread 0 
OMP: Info #171: KMP_AFFINITY: OS proc 44 maps to package 0 core 11 thread 1 
OMP: Info #171: KMP_AFFINITY: OS proc 12 maps to package 0 core 19 thread 0 
OMP: Info #171: KMP_AFFINITY: OS proc 48 maps to package 0 core 19 thread 1 
OMP: Info #250: KMP_AFFINITY: pid 140766 tid 140766 thread 0 bound to OS proc set 0
OMP: Info #250: KMP_AFFINITY: pid 140766 tid 140767 thread 1 bound to OS proc set 36
OMP: Info #250: KMP_AFFINITY: pid 140766 tid 140768 thread 2 bound to OS proc set 2
OMP: Info #250: KMP_AFFINITY: pid 140766 tid 140770 thread 4 bound to OS proc set 3
OMP: Info #250: KMP_AFFINITY: pid 140766 tid 140771 thread 5 bound to OS proc set 39
OMP: Info #250: KMP_AFFINITY: pid 140766 tid 140769 thread 3 bound to OS proc set 38
OMP: Info #250: KMP_AFFINITY: pid 140766 tid 140772 thread 6 bound to OS proc set 4
OMP: Info #250: KMP_AFFINITY: pid 140766 tid 140773 thread 7 bound to OS proc set 40
Elapsed time: 28.29
R: 149.659528, G: 148.049722, B: 139.202555
Parallel version with 16 threads
OMP: Info #212: KMP_AFFINITY: decoding x2APIC ids.
OMP: Info #210: KMP_AFFINITY: Affinity capable, using global cpuid leaf 11 info
OMP: Info #154: KMP_AFFINITY: Initial OS proc set respected: 0,2-6,8,12,36,38-42,44,48
OMP: Info #156: KMP_AFFINITY: 16 available OS procs
OMP: Info #157: KMP_AFFINITY: Uniform topology
OMP: Info #179: KMP_AFFINITY: 1 packages x 8 cores/pkg x 2 threads/core (8 total cores)
OMP: Info #214: KMP_AFFINITY: OS proc to physical thread map:
OMP: Info #171: KMP_AFFINITY: OS proc 0 maps to package 0 core 0 thread 0 
OMP: Info #171: KMP_AFFINITY: OS proc 36 maps to package 0 core 0 thread 1 
OMP: Info #171: KMP_AFFINITY: OS proc 2 maps to package 0 core 2 thread 0 
OMP: Info #171: KMP_AFFINITY: OS proc 38 maps to package 0 core 2 thread 1 
OMP: Info #171: KMP_AFFINITY: OS proc 3 maps to package 0 core 3 thread 0 
OMP: Info #171: KMP_AFFINITY: OS proc 39 maps to package 0 core 3 thread 1 
OMP: Info #171: KMP_AFFINITY: OS proc 4 maps to package 0 core 4 thread 0 
OMP: Info #171: KMP_AFFINITY: OS proc 40 maps to package 0 core 4 thread 1 
OMP: Info #171: KMP_AFFINITY: OS proc 5 maps to package 0 core 8 thread 0 
OMP: Info #171: KMP_AFFINITY: OS proc 41 maps to package 0 core 8 thread 1 
OMP: Info #171: KMP_AFFINITY: OS proc 6 maps to package 0 core 9 thread 0 
OMP: Info #171: KMP_AFFINITY: OS proc 42 maps to package 0 core 9 thread 1 
OMP: Info #171: KMP_AFFINITY: OS proc 8 maps to package 0 core 11 thread 0 
OMP: Info #171: KMP_AFFINITY: OS proc 44 maps to package 0 core 11 thread 1 
OMP: Info #171: KMP_AFFINITY: OS proc 12 maps to package 0 core 19 thread 0 
OMP: Info #171: KMP_AFFINITY: OS proc 48 maps to package 0 core 19 thread 1 
OMP: Info #250: KMP_AFFINITY: pid 140774 tid 140774 thread 0 bound to OS proc set 0
OMP: Info #250: KMP_AFFINITY: pid 140774 tid 140775 thread 1 bound to OS proc set 36
OMP: Info #250: KMP_AFFINITY: pid 140774 tid 140776 thread 2 bound to OS proc set 2
OMP: Info #250: KMP_AFFINITY: pid 140774 tid 140777 thread 3 bound to OS proc set 38
OMP: Info #250: KMP_AFFINITY: pid 140774 tid 140778 thread 4 bound to OS proc set 3
OMP: Info #250: KMP_AFFINITY: pid 140774 tid 140779 thread 5 bound to OS proc set 39
OMP: Info #250: KMP_AFFINITY: pid 140774 tid 140780 thread 6 bound to OS proc set 4
OMP: Info #250: KMP_AFFINITY: pid 140774 tid 140781 thread 7 bound to OS proc set 40
OMP: Info #250: KMP_AFFINITY: pid 140774 tid 140782 thread 8 bound to OS proc set 5
OMP: Info #250: KMP_AFFINITY: pid 140774 tid 140783 thread 9 bound to OS proc set 41
OMP: Info #250: KMP_AFFINITY: pid 140774 tid 140784 thread 10 bound to OS proc set 6
OMP: Info #250: KMP_AFFINITY: pid 140774 tid 140787 thread 13 bound to OS proc set 44
OMP: Info #250: KMP_AFFINITY: pid 140774 tid 140786 thread 12 bound to OS proc set 8
OMP: Info #250: KMP_AFFINITY: pid 140774 tid 140789 thread 15 bound to OS proc set 48
OMP: Info #250: KMP_AFFINITY: pid 140774 tid 140788 thread 14 bound to OS proc set 12
OMP: Info #250: KMP_AFFINITY: pid 140774 tid 140785 thread 11 bound to OS proc set 42
Elapsed time: 16.74
R: 149.659528, G: 148.049722, B: 139.202555
Parallel version with 32 threads
OMP: Info #212: KMP_AFFINITY: decoding x2APIC ids.
OMP: Info #210: KMP_AFFINITY: Affinity capable, using global cpuid leaf 11 info
OMP: Info #154: KMP_AFFINITY: Initial OS proc set respected: 0,2-6,8,12,36,38-42,44,48
OMP: Info #156: KMP_AFFINITY: 16 available OS procs
OMP: Info #157: KMP_AFFINITY: Uniform topology
OMP: Info #179: KMP_AFFINITY: 1 packages x 8 cores/pkg x 2 threads/core (8 total cores)
OMP: Info #214: KMP_AFFINITY: OS proc to physical thread map:
OMP: Info #171: KMP_AFFINITY: OS proc 0 maps to package 0 core 0 thread 0 
OMP: Info #171: KMP_AFFINITY: OS proc 36 maps to package 0 core 0 thread 1 
OMP: Info #171: KMP_AFFINITY: OS proc 2 maps to package 0 core 2 thread 0 
OMP: Info #171: KMP_AFFINITY: OS proc 38 maps to package 0 core 2 thread 1 
OMP: Info #171: KMP_AFFINITY: OS proc 3 maps to package 0 core 3 thread 0 
OMP: Info #171: KMP_AFFINITY: OS proc 39 maps to package 0 core 3 thread 1 
OMP: Info #171: KMP_AFFINITY: OS proc 4 maps to package 0 core 4 thread 0 
OMP: Info #171: KMP_AFFINITY: OS proc 40 maps to package 0 core 4 thread 1 
OMP: Info #171: KMP_AFFINITY: OS proc 5 maps to package 0 core 8 thread 0 
OMP: Info #171: KMP_AFFINITY: OS proc 41 maps to package 0 core 8 thread 1 
OMP: Info #171: KMP_AFFINITY: OS proc 6 maps to package 0 core 9 thread 0 
OMP: Info #171: KMP_AFFINITY: OS proc 42 maps to package 0 core 9 thread 1 
OMP: Info #171: KMP_AFFINITY: OS proc 8 maps to package 0 core 11 thread 0 
OMP: Info #171: KMP_AFFINITY: OS proc 44 maps to package 0 core 11 thread 1 
OMP: Info #171: KMP_AFFINITY: OS proc 12 maps to package 0 core 19 thread 0 
OMP: Info #171: KMP_AFFINITY: OS proc 48 maps to package 0 core 19 thread 1 
OMP: Info #250: KMP_AFFINITY: pid 140790 tid 140790 thread 0 bound to OS proc set 0
OMP: Info #250: KMP_AFFINITY: pid 140790 tid 140791 thread 1 bound to OS proc set 36
OMP: Info #250: KMP_AFFINITY: pid 140790 tid 140792 thread 2 bound to OS proc set 2
OMP: Info #250: KMP_AFFINITY: pid 140790 tid 140793 thread 3 bound to OS proc set 38
OMP: Info #250: KMP_AFFINITY: pid 140790 tid 140794 thread 4 bound to OS proc set 3
OMP: Info #250: KMP_AFFINITY: pid 140790 tid 140795 thread 5 bound to OS proc set 39
OMP: Info #250: KMP_AFFINITY: pid 140790 tid 140796 thread 6 bound to OS proc set 4
OMP: Info #250: KMP_AFFINITY: pid 140790 tid 140798 thread 8 bound to OS proc set 5
OMP: Info #250: KMP_AFFINITY: pid 140790 tid 140799 thread 9 bound to OS proc set 41
OMP: Info #250: KMP_AFFINITY: pid 140790 tid 140797 thread 7 bound to OS proc set 40
OMP: Info #250: KMP_AFFINITY: pid 140790 tid 140800 thread 10 bound to OS proc set 6
OMP: Info #250: KMP_AFFINITY: pid 140790 tid 140802 thread 12 bound to OS proc set 8
OMP: Info #250: KMP_AFFINITY: pid 140790 tid 140801 thread 11 bound to OS proc set 42
OMP: Info #250: KMP_AFFINITY: pid 140790 tid 140803 thread 13 bound to OS proc set 44
OMP: Info #250: KMP_AFFINITY: pid 140790 tid 140804 thread 14 bound to OS proc set 12
OMP: Info #250: KMP_AFFINITY: pid 140790 tid 140805 thread 15 bound to OS proc set 48
OMP: Info #250: KMP_AFFINITY: pid 140790 tid 140806 thread 16 bound to OS proc set 0
OMP: Info #250: KMP_AFFINITY: pid 140790 tid 140807 thread 17 bound to OS proc set 36
OMP: Info #250: KMP_AFFINITY: pid 140790 tid 140808 thread 18 bound to OS proc set 2
OMP: Info #250: KMP_AFFINITY: pid 140790 tid 140815 thread 25 bound to OS proc set 41
OMP: Info #250: KMP_AFFINITY: pid 140790 tid 140814 thread 24 bound to OS proc set 5
OMP: Info #250: KMP_AFFINITY: pid 140790 tid 140809 thread 19 bound to OS proc set 38
OMP: Info #250: KMP_AFFINITY: pid 140790 tid 140813 thread 23 bound to OS proc set 40
OMP: Info #250: KMP_AFFINITY: pid 140790 tid 140810 thread 20 bound to OS proc set 3
OMP: Info #250: KMP_AFFINITY: pid 140790 tid 140811 thread 21 bound to OS proc set 39
OMP: Info #250: KMP_AFFINITY: pid 140790 tid 140812 thread 22 bound to OS proc set 4
OMP: Info #250: KMP_AFFINITY: pid 140790 tid 140817 thread 27 bound to OS proc set 42
OMP: Info #250: KMP_AFFINITY: pid 140790 tid 140818 thread 28 bound to OS proc set 8
OMP: Info #250: KMP_AFFINITY: pid 140790 tid 140816 thread 26 bound to OS proc set 6
OMP: Info #250: KMP_AFFINITY: pid 140790 tid 140819 thread 29 bound to OS proc set 44
OMP: Info #250: KMP_AFFINITY: pid 140790 tid 140820 thread 30 bound to OS proc set 12
OMP: Info #250: KMP_AFFINITY: pid 140790 tid 140821 thread 31 bound to OS proc set 48
Elapsed time: 16.94
R: 149.659528, G: 148.049722, B: 139.202555
