Setting stack size to unlimited...
core file size          (blocks, -c) 0
data seg size           (kbytes, -d) unlimited
scheduling priority             (-e) 0
file size               (blocks, -f) unlimited
pending signals                 (-i) 1030872
max locked memory       (kbytes, -l) unlimited
max memory size         (kbytes, -m) 253952000
open files                      (-n) 1024
pipe size            (512 bytes, -p) 8
POSIX message queues     (bytes, -q) 819200
real-time priority              (-r) 0
stack size              (kbytes, -s) unlimited
cpu time               (seconds, -t) unlimited
max user processes              (-u) 4096
virtual memory          (kbytes, -v) unlimited
file locks                      (-x) unlimited

Running Job...!
===============================================================================
Running compiled binary...
Serial version...
Elapsed time: 195.55
R: 149.659528, G: 148.049722, B: 139.202555
Parallel version with 1 threads
OMP: Info #212: KMP_AFFINITY: decoding x2APIC ids.
OMP: Info #210: KMP_AFFINITY: Affinity capable, using global cpuid leaf 11 info
OMP: Info #154: KMP_AFFINITY: Initial OS proc set respected: 0-15
OMP: Info #156: KMP_AFFINITY: 16 available OS procs
OMP: Info #158: KMP_AFFINITY: Nonuniform topology
OMP: Info #179: KMP_AFFINITY: 2 packages x 10 cores/pkg x 1 threads/core (16 total cores)
OMP: Info #214: KMP_AFFINITY: OS proc to physical thread map:
OMP: Info #171: KMP_AFFINITY: OS proc 0 maps to package 0 core 0 
OMP: Info #171: KMP_AFFINITY: OS proc 1 maps to package 0 core 1 
OMP: Info #171: KMP_AFFINITY: OS proc 2 maps to package 0 core 2 
OMP: Info #171: KMP_AFFINITY: OS proc 3 maps to package 0 core 3 
OMP: Info #171: KMP_AFFINITY: OS proc 4 maps to package 0 core 4 
OMP: Info #171: KMP_AFFINITY: OS proc 5 maps to package 0 core 8 
OMP: Info #171: KMP_AFFINITY: OS proc 6 maps to package 0 core 9 
OMP: Info #171: KMP_AFFINITY: OS proc 7 maps to package 0 core 10 
OMP: Info #171: KMP_AFFINITY: OS proc 8 maps to package 0 core 11 
OMP: Info #171: KMP_AFFINITY: OS proc 9 maps to package 0 core 12 
OMP: Info #171: KMP_AFFINITY: OS proc 10 maps to package 1 core 0 
OMP: Info #171: KMP_AFFINITY: OS proc 11 maps to package 1 core 1 
OMP: Info #171: KMP_AFFINITY: OS proc 12 maps to package 1 core 2 
OMP: Info #171: KMP_AFFINITY: OS proc 13 maps to package 1 core 3 
OMP: Info #171: KMP_AFFINITY: OS proc 14 maps to package 1 core 4 
OMP: Info #171: KMP_AFFINITY: OS proc 15 maps to package 1 core 8 
OMP: Info #250: KMP_AFFINITY: pid 6471 tid 6471 thread 0 bound to OS proc set 0
Elapsed time: 104.67
R: 149.659528, G: 148.049722, B: 139.202555
Parallel version with 2 threads
OMP: Info #212: KMP_AFFINITY: decoding x2APIC ids.
OMP: Info #210: KMP_AFFINITY: Affinity capable, using global cpuid leaf 11 info
OMP: Info #154: KMP_AFFINITY: Initial OS proc set respected: 0-15
OMP: Info #156: KMP_AFFINITY: 16 available OS procs
OMP: Info #158: KMP_AFFINITY: Nonuniform topology
OMP: Info #179: KMP_AFFINITY: 2 packages x 10 cores/pkg x 1 threads/core (16 total cores)
OMP: Info #214: KMP_AFFINITY: OS proc to physical thread map:
OMP: Info #171: KMP_AFFINITY: OS proc 0 maps to package 0 core 0 
OMP: Info #171: KMP_AFFINITY: OS proc 1 maps to package 0 core 1 
OMP: Info #171: KMP_AFFINITY: OS proc 2 maps to package 0 core 2 
OMP: Info #171: KMP_AFFINITY: OS proc 3 maps to package 0 core 3 
OMP: Info #171: KMP_AFFINITY: OS proc 4 maps to package 0 core 4 
OMP: Info #171: KMP_AFFINITY: OS proc 5 maps to package 0 core 8 
OMP: Info #171: KMP_AFFINITY: OS proc 6 maps to package 0 core 9 
OMP: Info #171: KMP_AFFINITY: OS proc 7 maps to package 0 core 10 
OMP: Info #171: KMP_AFFINITY: OS proc 8 maps to package 0 core 11 
OMP: Info #171: KMP_AFFINITY: OS proc 9 maps to package 0 core 12 
OMP: Info #171: KMP_AFFINITY: OS proc 10 maps to package 1 core 0 
OMP: Info #171: KMP_AFFINITY: OS proc 11 maps to package 1 core 1 
OMP: Info #171: KMP_AFFINITY: OS proc 12 maps to package 1 core 2 
OMP: Info #171: KMP_AFFINITY: OS proc 13 maps to package 1 core 3 
OMP: Info #171: KMP_AFFINITY: OS proc 14 maps to package 1 core 4 
OMP: Info #171: KMP_AFFINITY: OS proc 15 maps to package 1 core 8 
OMP: Info #250: KMP_AFFINITY: pid 6472 tid 6472 thread 0 bound to OS proc set 0
OMP: Info #250: KMP_AFFINITY: pid 6472 tid 6473 thread 1 bound to OS proc set 1
Elapsed time: 57.22
R: 149.659528, G: 148.049722, B: 139.202555
Parallel version with 4 threads
OMP: Info #212: KMP_AFFINITY: decoding x2APIC ids.
OMP: Info #210: KMP_AFFINITY: Affinity capable, using global cpuid leaf 11 info
OMP: Info #154: KMP_AFFINITY: Initial OS proc set respected: 0-15
OMP: Info #156: KMP_AFFINITY: 16 available OS procs
OMP: Info #158: KMP_AFFINITY: Nonuniform topology
OMP: Info #179: KMP_AFFINITY: 2 packages x 10 cores/pkg x 1 threads/core (16 total cores)
OMP: Info #214: KMP_AFFINITY: OS proc to physical thread map:
OMP: Info #171: KMP_AFFINITY: OS proc 0 maps to package 0 core 0 
OMP: Info #171: KMP_AFFINITY: OS proc 1 maps to package 0 core 1 
OMP: Info #171: KMP_AFFINITY: OS proc 2 maps to package 0 core 2 
OMP: Info #171: KMP_AFFINITY: OS proc 3 maps to package 0 core 3 
OMP: Info #171: KMP_AFFINITY: OS proc 4 maps to package 0 core 4 
OMP: Info #171: KMP_AFFINITY: OS proc 5 maps to package 0 core 8 
OMP: Info #171: KMP_AFFINITY: OS proc 6 maps to package 0 core 9 
OMP: Info #171: KMP_AFFINITY: OS proc 7 maps to package 0 core 10 
OMP: Info #171: KMP_AFFINITY: OS proc 8 maps to package 0 core 11 
OMP: Info #171: KMP_AFFINITY: OS proc 9 maps to package 0 core 12 
OMP: Info #171: KMP_AFFINITY: OS proc 10 maps to package 1 core 0 
OMP: Info #171: KMP_AFFINITY: OS proc 11 maps to package 1 core 1 
OMP: Info #171: KMP_AFFINITY: OS proc 12 maps to package 1 core 2 
OMP: Info #171: KMP_AFFINITY: OS proc 13 maps to package 1 core 3 
OMP: Info #171: KMP_AFFINITY: OS proc 14 maps to package 1 core 4 
OMP: Info #171: KMP_AFFINITY: OS proc 15 maps to package 1 core 8 
OMP: Info #250: KMP_AFFINITY: pid 6475 tid 6475 thread 0 bound to OS proc set 0
OMP: Info #250: KMP_AFFINITY: pid 6475 tid 6476 thread 1 bound to OS proc set 1
OMP: Info #250: KMP_AFFINITY: pid 6475 tid 6477 thread 2 bound to OS proc set 2
OMP: Info #250: KMP_AFFINITY: pid 6475 tid 6478 thread 3 bound to OS proc set 3
Elapsed time: 32.20
R: 149.659528, G: 148.049722, B: 139.202555
Parallel version with 8 threads
OMP: Info #212: KMP_AFFINITY: decoding x2APIC ids.
OMP: Info #210: KMP_AFFINITY: Affinity capable, using global cpuid leaf 11 info
OMP: Info #154: KMP_AFFINITY: Initial OS proc set respected: 0-15
OMP: Info #156: KMP_AFFINITY: 16 available OS procs
OMP: Info #158: KMP_AFFINITY: Nonuniform topology
OMP: Info #179: KMP_AFFINITY: 2 packages x 10 cores/pkg x 1 threads/core (16 total cores)
OMP: Info #214: KMP_AFFINITY: OS proc to physical thread map:
OMP: Info #171: KMP_AFFINITY: OS proc 0 maps to package 0 core 0 
OMP: Info #171: KMP_AFFINITY: OS proc 1 maps to package 0 core 1 
OMP: Info #171: KMP_AFFINITY: OS proc 2 maps to package 0 core 2 
OMP: Info #171: KMP_AFFINITY: OS proc 3 maps to package 0 core 3 
OMP: Info #171: KMP_AFFINITY: OS proc 4 maps to package 0 core 4 
OMP: Info #171: KMP_AFFINITY: OS proc 5 maps to package 0 core 8 
OMP: Info #171: KMP_AFFINITY: OS proc 6 maps to package 0 core 9 
OMP: Info #171: KMP_AFFINITY: OS proc 7 maps to package 0 core 10 
OMP: Info #171: KMP_AFFINITY: OS proc 8 maps to package 0 core 11 
OMP: Info #171: KMP_AFFINITY: OS proc 9 maps to package 0 core 12 
OMP: Info #171: KMP_AFFINITY: OS proc 10 maps to package 1 core 0 
OMP: Info #171: KMP_AFFINITY: OS proc 11 maps to package 1 core 1 
OMP: Info #171: KMP_AFFINITY: OS proc 12 maps to package 1 core 2 
OMP: Info #171: KMP_AFFINITY: OS proc 13 maps to package 1 core 3 
OMP: Info #171: KMP_AFFINITY: OS proc 14 maps to package 1 core 4 
OMP: Info #171: KMP_AFFINITY: OS proc 15 maps to package 1 core 8 
OMP: Info #250: KMP_AFFINITY: pid 6480 tid 6480 thread 0 bound to OS proc set 0
OMP: Info #250: KMP_AFFINITY: pid 6480 tid 6482 thread 2 bound to OS proc set 2
OMP: Info #250: KMP_AFFINITY: pid 6480 tid 6481 thread 1 bound to OS proc set 1
OMP: Info #250: KMP_AFFINITY: pid 6480 tid 6484 thread 4 bound to OS proc set 4
OMP: Info #250: KMP_AFFINITY: pid 6480 tid 6483 thread 3 bound to OS proc set 3
OMP: Info #250: KMP_AFFINITY: pid 6480 tid 6486 thread 6 bound to OS proc set 6
OMP: Info #250: KMP_AFFINITY: pid 6480 tid 6485 thread 5 bound to OS proc set 5
OMP: Info #250: KMP_AFFINITY: pid 6480 tid 6487 thread 7 bound to OS proc set 7
Elapsed time: 18.56
R: 149.659528, G: 148.049722, B: 139.202555
Parallel version with 16 threads
OMP: Info #212: KMP_AFFINITY: decoding x2APIC ids.
OMP: Info #210: KMP_AFFINITY: Affinity capable, using global cpuid leaf 11 info
OMP: Info #154: KMP_AFFINITY: Initial OS proc set respected: 0-15
OMP: Info #156: KMP_AFFINITY: 16 available OS procs
OMP: Info #158: KMP_AFFINITY: Nonuniform topology
OMP: Info #179: KMP_AFFINITY: 2 packages x 10 cores/pkg x 1 threads/core (16 total cores)
OMP: Info #214: KMP_AFFINITY: OS proc to physical thread map:
OMP: Info #171: KMP_AFFINITY: OS proc 0 maps to package 0 core 0 
OMP: Info #171: KMP_AFFINITY: OS proc 1 maps to package 0 core 1 
OMP: Info #171: KMP_AFFINITY: OS proc 2 maps to package 0 core 2 
OMP: Info #171: KMP_AFFINITY: OS proc 3 maps to package 0 core 3 
OMP: Info #171: KMP_AFFINITY: OS proc 4 maps to package 0 core 4 
OMP: Info #171: KMP_AFFINITY: OS proc 5 maps to package 0 core 8 
OMP: Info #171: KMP_AFFINITY: OS proc 6 maps to package 0 core 9 
OMP: Info #171: KMP_AFFINITY: OS proc 7 maps to package 0 core 10 
OMP: Info #171: KMP_AFFINITY: OS proc 8 maps to package 0 core 11 
OMP: Info #171: KMP_AFFINITY: OS proc 9 maps to package 0 core 12 
OMP: Info #171: KMP_AFFINITY: OS proc 10 maps to package 1 core 0 
OMP: Info #171: KMP_AFFINITY: OS proc 11 maps to package 1 core 1 
OMP: Info #171: KMP_AFFINITY: OS proc 12 maps to package 1 core 2 
OMP: Info #171: KMP_AFFINITY: OS proc 13 maps to package 1 core 3 
OMP: Info #171: KMP_AFFINITY: OS proc 14 maps to package 1 core 4 
OMP: Info #171: KMP_AFFINITY: OS proc 15 maps to package 1 core 8 
OMP: Info #250: KMP_AFFINITY: pid 6488 tid 6488 thread 0 bound to OS proc set 0
OMP: Info #250: KMP_AFFINITY: pid 6488 tid 6489 thread 1 bound to OS proc set 1
OMP: Info #250: KMP_AFFINITY: pid 6488 tid 6490 thread 2 bound to OS proc set 2
OMP: Info #250: KMP_AFFINITY: pid 6488 tid 6491 thread 3 bound to OS proc set 3
OMP: Info #250: KMP_AFFINITY: pid 6488 tid 6492 thread 4 bound to OS proc set 4
OMP: Info #250: KMP_AFFINITY: pid 6488 tid 6494 thread 6 bound to OS proc set 6
OMP: Info #250: KMP_AFFINITY: pid 6488 tid 6493 thread 5 bound to OS proc set 5
OMP: Info #250: KMP_AFFINITY: pid 6488 tid 6495 thread 7 bound to OS proc set 7
OMP: Info #250: KMP_AFFINITY: pid 6488 tid 6496 thread 8 bound to OS proc set 8
OMP: Info #250: KMP_AFFINITY: pid 6488 tid 6497 thread 9 bound to OS proc set 9
OMP: Info #250: KMP_AFFINITY: pid 6488 tid 6499 thread 11 bound to OS proc set 11
OMP: Info #250: KMP_AFFINITY: pid 6488 tid 6500 thread 12 bound to OS proc set 12
OMP: Info #250: KMP_AFFINITY: pid 6488 tid 6498 thread 10 bound to OS proc set 10
OMP: Info #250: KMP_AFFINITY: pid 6488 tid 6501 thread 13 bound to OS proc set 13
OMP: Info #250: KMP_AFFINITY: pid 6488 tid 6503 thread 15 bound to OS proc set 15
OMP: Info #250: KMP_AFFINITY: pid 6488 tid 6502 thread 14 bound to OS proc set 14
Elapsed time: 11.69
R: 149.659528, G: 148.049722, B: 139.202555
Parallel version with 32 threads
OMP: Info #212: KMP_AFFINITY: decoding x2APIC ids.
OMP: Info #210: KMP_AFFINITY: Affinity capable, using global cpuid leaf 11 info
OMP: Info #154: KMP_AFFINITY: Initial OS proc set respected: 0-15
OMP: Info #156: KMP_AFFINITY: 16 available OS procs
OMP: Info #158: KMP_AFFINITY: Nonuniform topology
OMP: Info #179: KMP_AFFINITY: 2 packages x 10 cores/pkg x 1 threads/core (16 total cores)
OMP: Info #214: KMP_AFFINITY: OS proc to physical thread map:
OMP: Info #171: KMP_AFFINITY: OS proc 0 maps to package 0 core 0 
OMP: Info #171: KMP_AFFINITY: OS proc 1 maps to package 0 core 1 
OMP: Info #171: KMP_AFFINITY: OS proc 2 maps to package 0 core 2 
OMP: Info #171: KMP_AFFINITY: OS proc 3 maps to package 0 core 3 
OMP: Info #171: KMP_AFFINITY: OS proc 4 maps to package 0 core 4 
OMP: Info #171: KMP_AFFINITY: OS proc 5 maps to package 0 core 8 
OMP: Info #171: KMP_AFFINITY: OS proc 6 maps to package 0 core 9 
OMP: Info #171: KMP_AFFINITY: OS proc 7 maps to package 0 core 10 
OMP: Info #171: KMP_AFFINITY: OS proc 8 maps to package 0 core 11 
OMP: Info #171: KMP_AFFINITY: OS proc 9 maps to package 0 core 12 
OMP: Info #171: KMP_AFFINITY: OS proc 10 maps to package 1 core 0 
OMP: Info #171: KMP_AFFINITY: OS proc 11 maps to package 1 core 1 
OMP: Info #171: KMP_AFFINITY: OS proc 12 maps to package 1 core 2 
OMP: Info #171: KMP_AFFINITY: OS proc 13 maps to package 1 core 3 
OMP: Info #171: KMP_AFFINITY: OS proc 14 maps to package 1 core 4 
OMP: Info #171: KMP_AFFINITY: OS proc 15 maps to package 1 core 8 
OMP: Info #250: KMP_AFFINITY: pid 6504 tid 6504 thread 0 bound to OS proc set 0
OMP: Info #250: KMP_AFFINITY: pid 6504 tid 6507 thread 2 bound to OS proc set 2
OMP: Info #250: KMP_AFFINITY: pid 6504 tid 6506 thread 1 bound to OS proc set 1
OMP: Info #250: KMP_AFFINITY: pid 6504 tid 6508 thread 3 bound to OS proc set 3
OMP: Info #250: KMP_AFFINITY: pid 6504 tid 6509 thread 4 bound to OS proc set 4
OMP: Info #250: KMP_AFFINITY: pid 6504 tid 6511 thread 6 bound to OS proc set 6
OMP: Info #250: KMP_AFFINITY: pid 6504 tid 6510 thread 5 bound to OS proc set 5
OMP: Info #250: KMP_AFFINITY: pid 6504 tid 6512 thread 7 bound to OS proc set 7
OMP: Info #250: KMP_AFFINITY: pid 6504 tid 6513 thread 8 bound to OS proc set 8
OMP: Info #250: KMP_AFFINITY: pid 6504 tid 6514 thread 9 bound to OS proc set 9
OMP: Info #250: KMP_AFFINITY: pid 6504 tid 6516 thread 11 bound to OS proc set 11
OMP: Info #250: KMP_AFFINITY: pid 6504 tid 6515 thread 10 bound to OS proc set 10
OMP: Info #250: KMP_AFFINITY: pid 6504 tid 6517 thread 12 bound to OS proc set 12
OMP: Info #250: KMP_AFFINITY: pid 6504 tid 6518 thread 13 bound to OS proc set 13
OMP: Info #250: KMP_AFFINITY: pid 6504 tid 6520 thread 15 bound to OS proc set 15
OMP: Info #250: KMP_AFFINITY: pid 6504 tid 6522 thread 17 bound to OS proc set 1
OMP: Info #250: KMP_AFFINITY: pid 6504 tid 6524 thread 19 bound to OS proc set 3
OMP: Info #250: KMP_AFFINITY: pid 6504 tid 6519 thread 14 bound to OS proc set 14
OMP: Info #250: KMP_AFFINITY: pid 6504 tid 6521 thread 16 bound to OS proc set 0
OMP: Info #250: KMP_AFFINITY: pid 6504 tid 6525 thread 20 bound to OS proc set 4
OMP: Info #250: KMP_AFFINITY: pid 6504 tid 6523 thread 18 bound to OS proc set 2
OMP: Info #250: KMP_AFFINITY: pid 6504 tid 6528 thread 23 bound to OS proc set 7
OMP: Info #250: KMP_AFFINITY: pid 6504 tid 6526 thread 21 bound to OS proc set 5
OMP: Info #250: KMP_AFFINITY: pid 6504 tid 6531 thread 26 bound to OS proc set 10
OMP: Info #250: KMP_AFFINITY: pid 6504 tid 6527 thread 22 bound to OS proc set 6
OMP: Info #250: KMP_AFFINITY: pid 6504 tid 6533 thread 28 bound to OS proc set 12
OMP: Info #250: KMP_AFFINITY: pid 6504 tid 6535 thread 30 bound to OS proc set 14
OMP: Info #250: KMP_AFFINITY: pid 6504 tid 6529 thread 24 bound to OS proc set 8
OMP: Info #250: KMP_AFFINITY: pid 6504 tid 6532 thread 27 bound to OS proc set 11
OMP: Info #250: KMP_AFFINITY: pid 6504 tid 6536 thread 31 bound to OS proc set 15
OMP: Info #250: KMP_AFFINITY: pid 6504 tid 6534 thread 29 bound to OS proc set 13
OMP: Info #250: KMP_AFFINITY: pid 6504 tid 6530 thread 25 bound to OS proc set 9
Elapsed time: 11.75
R: 149.659528, G: 148.049722, B: 139.202555
