Setting stack size to unlimited...
core file size          (blocks, -c) 0
data seg size           (kbytes, -d) unlimited
scheduling priority             (-e) 0
file size               (blocks, -f) unlimited
pending signals                 (-i) 2063001
max locked memory       (kbytes, -l) unlimited
max memory size         (kbytes, -m) 253952000
open files                      (-n) 1024
pipe size            (512 bytes, -p) 8
POSIX message queues     (bytes, -q) 819200
real-time priority              (-r) 0
stack size              (kbytes, -s) unlimited
cpu time               (seconds, -t) unlimited
max user processes              (-u) 4096
virtual memory          (kbytes, -v) unlimited
file locks                      (-x) unlimited

Running Job...!
===============================================================================
Running compiled binary...
Serial version...
Elapsed time: 387.56
R: 151.594597, G: 49.390452, B: 71.300356
Parallel version with 1 threads
OMP: Info #212: KMP_AFFINITY: decoding x2APIC ids.
OMP: Info #210: KMP_AFFINITY: Affinity capable, using global cpuid leaf 11 info
OMP: Info #154: KMP_AFFINITY: Initial OS proc set respected: 3,5,7-20
OMP: Info #156: KMP_AFFINITY: 16 available OS procs
OMP: Info #158: KMP_AFFINITY: Nonuniform topology
OMP: Info #179: KMP_AFFINITY: 2 packages x 9 cores/pkg x 1 threads/core (16 total cores)
OMP: Info #214: KMP_AFFINITY: OS proc to physical thread map:
OMP: Info #171: KMP_AFFINITY: OS proc 3 maps to package 0 core 3 
OMP: Info #171: KMP_AFFINITY: OS proc 5 maps to package 0 core 5 
OMP: Info #171: KMP_AFFINITY: OS proc 7 maps to package 0 core 9 
OMP: Info #171: KMP_AFFINITY: OS proc 8 maps to package 0 core 10 
OMP: Info #171: KMP_AFFINITY: OS proc 9 maps to package 0 core 11 
OMP: Info #171: KMP_AFFINITY: OS proc 10 maps to package 0 core 12 
OMP: Info #171: KMP_AFFINITY: OS proc 11 maps to package 0 core 13 
OMP: Info #171: KMP_AFFINITY: OS proc 12 maps to package 1 core 0 
OMP: Info #171: KMP_AFFINITY: OS proc 13 maps to package 1 core 1 
OMP: Info #171: KMP_AFFINITY: OS proc 14 maps to package 1 core 2 
OMP: Info #171: KMP_AFFINITY: OS proc 15 maps to package 1 core 3 
OMP: Info #171: KMP_AFFINITY: OS proc 16 maps to package 1 core 4 
OMP: Info #171: KMP_AFFINITY: OS proc 17 maps to package 1 core 5 
OMP: Info #171: KMP_AFFINITY: OS proc 18 maps to package 1 core 8 
OMP: Info #171: KMP_AFFINITY: OS proc 19 maps to package 1 core 9 
OMP: Info #171: KMP_AFFINITY: OS proc 20 maps to package 1 core 10 
OMP: Info #250: KMP_AFFINITY: pid 32783 tid 32783 thread 0 bound to OS proc set 3
Elapsed time: 213.52
R: 151.594597, G: 49.390452, B: 71.300356
Parallel version with 2 threads
OMP: Info #212: KMP_AFFINITY: decoding x2APIC ids.
OMP: Info #210: KMP_AFFINITY: Affinity capable, using global cpuid leaf 11 info
OMP: Info #154: KMP_AFFINITY: Initial OS proc set respected: 3,5,7-20
OMP: Info #156: KMP_AFFINITY: 16 available OS procs
OMP: Info #158: KMP_AFFINITY: Nonuniform topology
OMP: Info #179: KMP_AFFINITY: 2 packages x 9 cores/pkg x 1 threads/core (16 total cores)
OMP: Info #214: KMP_AFFINITY: OS proc to physical thread map:
OMP: Info #171: KMP_AFFINITY: OS proc 3 maps to package 0 core 3 
OMP: Info #171: KMP_AFFINITY: OS proc 5 maps to package 0 core 5 
OMP: Info #171: KMP_AFFINITY: OS proc 7 maps to package 0 core 9 
OMP: Info #171: KMP_AFFINITY: OS proc 8 maps to package 0 core 10 
OMP: Info #171: KMP_AFFINITY: OS proc 9 maps to package 0 core 11 
OMP: Info #171: KMP_AFFINITY: OS proc 10 maps to package 0 core 12 
OMP: Info #171: KMP_AFFINITY: OS proc 11 maps to package 0 core 13 
OMP: Info #171: KMP_AFFINITY: OS proc 12 maps to package 1 core 0 
OMP: Info #171: KMP_AFFINITY: OS proc 13 maps to package 1 core 1 
OMP: Info #171: KMP_AFFINITY: OS proc 14 maps to package 1 core 2 
OMP: Info #171: KMP_AFFINITY: OS proc 15 maps to package 1 core 3 
OMP: Info #171: KMP_AFFINITY: OS proc 16 maps to package 1 core 4 
OMP: Info #171: KMP_AFFINITY: OS proc 17 maps to package 1 core 5 
OMP: Info #171: KMP_AFFINITY: OS proc 18 maps to package 1 core 8 
OMP: Info #171: KMP_AFFINITY: OS proc 19 maps to package 1 core 9 
OMP: Info #171: KMP_AFFINITY: OS proc 20 maps to package 1 core 10 
OMP: Info #250: KMP_AFFINITY: pid 33026 tid 33026 thread 0 bound to OS proc set 3
OMP: Info #250: KMP_AFFINITY: pid 33026 tid 33034 thread 1 bound to OS proc set 5
Elapsed time: 115.27
R: 151.594597, G: 49.390452, B: 71.300356
Parallel version with 4 threads
OMP: Info #212: KMP_AFFINITY: decoding x2APIC ids.
OMP: Info #210: KMP_AFFINITY: Affinity capable, using global cpuid leaf 11 info
OMP: Info #154: KMP_AFFINITY: Initial OS proc set respected: 3,5,7-20
OMP: Info #156: KMP_AFFINITY: 16 available OS procs
OMP: Info #158: KMP_AFFINITY: Nonuniform topology
OMP: Info #179: KMP_AFFINITY: 2 packages x 9 cores/pkg x 1 threads/core (16 total cores)
OMP: Info #214: KMP_AFFINITY: OS proc to physical thread map:
OMP: Info #171: KMP_AFFINITY: OS proc 3 maps to package 0 core 3 
OMP: Info #171: KMP_AFFINITY: OS proc 5 maps to package 0 core 5 
OMP: Info #171: KMP_AFFINITY: OS proc 7 maps to package 0 core 9 
OMP: Info #171: KMP_AFFINITY: OS proc 8 maps to package 0 core 10 
OMP: Info #171: KMP_AFFINITY: OS proc 9 maps to package 0 core 11 
OMP: Info #171: KMP_AFFINITY: OS proc 10 maps to package 0 core 12 
OMP: Info #171: KMP_AFFINITY: OS proc 11 maps to package 0 core 13 
OMP: Info #171: KMP_AFFINITY: OS proc 12 maps to package 1 core 0 
OMP: Info #171: KMP_AFFINITY: OS proc 13 maps to package 1 core 1 
OMP: Info #171: KMP_AFFINITY: OS proc 14 maps to package 1 core 2 
OMP: Info #171: KMP_AFFINITY: OS proc 15 maps to package 1 core 3 
OMP: Info #171: KMP_AFFINITY: OS proc 16 maps to package 1 core 4 
OMP: Info #171: KMP_AFFINITY: OS proc 17 maps to package 1 core 5 
OMP: Info #171: KMP_AFFINITY: OS proc 18 maps to package 1 core 8 
OMP: Info #171: KMP_AFFINITY: OS proc 19 maps to package 1 core 9 
OMP: Info #171: KMP_AFFINITY: OS proc 20 maps to package 1 core 10 
OMP: Info #250: KMP_AFFINITY: pid 33143 tid 33143 thread 0 bound to OS proc set 3
OMP: Info #250: KMP_AFFINITY: pid 33143 tid 33145 thread 1 bound to OS proc set 5
OMP: Info #250: KMP_AFFINITY: pid 33143 tid 33147 thread 3 bound to OS proc set 8
OMP: Info #250: KMP_AFFINITY: pid 33143 tid 33146 thread 2 bound to OS proc set 7
Elapsed time: 64.32
R: 151.594597, G: 49.390452, B: 71.300356
Parallel version with 8 threads
OMP: Info #212: KMP_AFFINITY: decoding x2APIC ids.
OMP: Info #210: KMP_AFFINITY: Affinity capable, using global cpuid leaf 11 info
OMP: Info #154: KMP_AFFINITY: Initial OS proc set respected: 3,5,7-20
OMP: Info #156: KMP_AFFINITY: 16 available OS procs
OMP: Info #158: KMP_AFFINITY: Nonuniform topology
OMP: Info #179: KMP_AFFINITY: 2 packages x 9 cores/pkg x 1 threads/core (16 total cores)
OMP: Info #214: KMP_AFFINITY: OS proc to physical thread map:
OMP: Info #171: KMP_AFFINITY: OS proc 3 maps to package 0 core 3 
OMP: Info #171: KMP_AFFINITY: OS proc 5 maps to package 0 core 5 
OMP: Info #171: KMP_AFFINITY: OS proc 7 maps to package 0 core 9 
OMP: Info #171: KMP_AFFINITY: OS proc 8 maps to package 0 core 10 
OMP: Info #171: KMP_AFFINITY: OS proc 9 maps to package 0 core 11 
OMP: Info #171: KMP_AFFINITY: OS proc 10 maps to package 0 core 12 
OMP: Info #171: KMP_AFFINITY: OS proc 11 maps to package 0 core 13 
OMP: Info #171: KMP_AFFINITY: OS proc 12 maps to package 1 core 0 
OMP: Info #171: KMP_AFFINITY: OS proc 13 maps to package 1 core 1 
OMP: Info #171: KMP_AFFINITY: OS proc 14 maps to package 1 core 2 
OMP: Info #171: KMP_AFFINITY: OS proc 15 maps to package 1 core 3 
OMP: Info #171: KMP_AFFINITY: OS proc 16 maps to package 1 core 4 
OMP: Info #171: KMP_AFFINITY: OS proc 17 maps to package 1 core 5 
OMP: Info #171: KMP_AFFINITY: OS proc 18 maps to package 1 core 8 
OMP: Info #171: KMP_AFFINITY: OS proc 19 maps to package 1 core 9 
OMP: Info #171: KMP_AFFINITY: OS proc 20 maps to package 1 core 10 
OMP: Info #250: KMP_AFFINITY: pid 33202 tid 33202 thread 0 bound to OS proc set 3
OMP: Info #250: KMP_AFFINITY: pid 33202 tid 33204 thread 1 bound to OS proc set 5
OMP: Info #250: KMP_AFFINITY: pid 33202 tid 33205 thread 2 bound to OS proc set 7
OMP: Info #250: KMP_AFFINITY: pid 33202 tid 33206 thread 3 bound to OS proc set 8
OMP: Info #250: KMP_AFFINITY: pid 33202 tid 33207 thread 4 bound to OS proc set 9
OMP: Info #250: KMP_AFFINITY: pid 33202 tid 33208 thread 5 bound to OS proc set 10
OMP: Info #250: KMP_AFFINITY: pid 33202 tid 33210 thread 7 bound to OS proc set 12
OMP: Info #250: KMP_AFFINITY: pid 33202 tid 33209 thread 6 bound to OS proc set 11
Elapsed time: 37.66
R: 151.594597, G: 49.390452, B: 71.300356
Parallel version with 16 threads
OMP: Info #212: KMP_AFFINITY: decoding x2APIC ids.
OMP: Info #210: KMP_AFFINITY: Affinity capable, using global cpuid leaf 11 info
OMP: Info #154: KMP_AFFINITY: Initial OS proc set respected: 3,5,7-20
OMP: Info #156: KMP_AFFINITY: 16 available OS procs
OMP: Info #158: KMP_AFFINITY: Nonuniform topology
OMP: Info #179: KMP_AFFINITY: 2 packages x 9 cores/pkg x 1 threads/core (16 total cores)
OMP: Info #214: KMP_AFFINITY: OS proc to physical thread map:
OMP: Info #171: KMP_AFFINITY: OS proc 3 maps to package 0 core 3 
OMP: Info #171: KMP_AFFINITY: OS proc 5 maps to package 0 core 5 
OMP: Info #171: KMP_AFFINITY: OS proc 7 maps to package 0 core 9 
OMP: Info #171: KMP_AFFINITY: OS proc 8 maps to package 0 core 10 
OMP: Info #171: KMP_AFFINITY: OS proc 9 maps to package 0 core 11 
OMP: Info #171: KMP_AFFINITY: OS proc 10 maps to package 0 core 12 
OMP: Info #171: KMP_AFFINITY: OS proc 11 maps to package 0 core 13 
OMP: Info #171: KMP_AFFINITY: OS proc 12 maps to package 1 core 0 
OMP: Info #171: KMP_AFFINITY: OS proc 13 maps to package 1 core 1 
OMP: Info #171: KMP_AFFINITY: OS proc 14 maps to package 1 core 2 
OMP: Info #171: KMP_AFFINITY: OS proc 15 maps to package 1 core 3 
OMP: Info #171: KMP_AFFINITY: OS proc 16 maps to package 1 core 4 
OMP: Info #171: KMP_AFFINITY: OS proc 17 maps to package 1 core 5 
OMP: Info #171: KMP_AFFINITY: OS proc 18 maps to package 1 core 8 
OMP: Info #171: KMP_AFFINITY: OS proc 19 maps to package 1 core 9 
OMP: Info #171: KMP_AFFINITY: OS proc 20 maps to package 1 core 10 
OMP: Info #250: KMP_AFFINITY: pid 33247 tid 33247 thread 0 bound to OS proc set 3
OMP: Info #250: KMP_AFFINITY: pid 33247 tid 33248 thread 1 bound to OS proc set 5
OMP: Info #250: KMP_AFFINITY: pid 33247 tid 33250 thread 3 bound to OS proc set 8
OMP: Info #250: KMP_AFFINITY: pid 33247 tid 33249 thread 2 bound to OS proc set 7
OMP: Info #250: KMP_AFFINITY: pid 33247 tid 33251 thread 4 bound to OS proc set 9
OMP: Info #250: KMP_AFFINITY: pid 33247 tid 33252 thread 5 bound to OS proc set 10
OMP: Info #250: KMP_AFFINITY: pid 33247 tid 33253 thread 6 bound to OS proc set 11
OMP: Info #250: KMP_AFFINITY: pid 33247 tid 33255 thread 8 bound to OS proc set 13
OMP: Info #250: KMP_AFFINITY: pid 33247 tid 33254 thread 7 bound to OS proc set 12
OMP: Info #250: KMP_AFFINITY: pid 33247 tid 33258 thread 11 bound to OS proc set 16
OMP: Info #250: KMP_AFFINITY: pid 33247 tid 33257 thread 10 bound to OS proc set 15
OMP: Info #250: KMP_AFFINITY: pid 33247 tid 33256 thread 9 bound to OS proc set 14
OMP: Info #250: KMP_AFFINITY: pid 33247 tid 33259 thread 12 bound to OS proc set 17
OMP: Info #250: KMP_AFFINITY: pid 33247 tid 33260 thread 13 bound to OS proc set 18
OMP: Info #250: KMP_AFFINITY: pid 33247 tid 33261 thread 14 bound to OS proc set 19
OMP: Info #250: KMP_AFFINITY: pid 33247 tid 33262 thread 15 bound to OS proc set 20
Elapsed time: 23.83
R: 151.594597, G: 49.390452, B: 71.300356
Parallel version with 32 threads
OMP: Info #212: KMP_AFFINITY: decoding x2APIC ids.
OMP: Info #210: KMP_AFFINITY: Affinity capable, using global cpuid leaf 11 info
OMP: Info #154: KMP_AFFINITY: Initial OS proc set respected: 3,5,7-20
OMP: Info #156: KMP_AFFINITY: 16 available OS procs
OMP: Info #158: KMP_AFFINITY: Nonuniform topology
OMP: Info #179: KMP_AFFINITY: 2 packages x 9 cores/pkg x 1 threads/core (16 total cores)
OMP: Info #214: KMP_AFFINITY: OS proc to physical thread map:
OMP: Info #171: KMP_AFFINITY: OS proc 3 maps to package 0 core 3 
OMP: Info #171: KMP_AFFINITY: OS proc 5 maps to package 0 core 5 
OMP: Info #171: KMP_AFFINITY: OS proc 7 maps to package 0 core 9 
OMP: Info #171: KMP_AFFINITY: OS proc 8 maps to package 0 core 10 
OMP: Info #171: KMP_AFFINITY: OS proc 9 maps to package 0 core 11 
OMP: Info #171: KMP_AFFINITY: OS proc 10 maps to package 0 core 12 
OMP: Info #171: KMP_AFFINITY: OS proc 11 maps to package 0 core 13 
OMP: Info #171: KMP_AFFINITY: OS proc 12 maps to package 1 core 0 
OMP: Info #171: KMP_AFFINITY: OS proc 13 maps to package 1 core 1 
OMP: Info #171: KMP_AFFINITY: OS proc 14 maps to package 1 core 2 
OMP: Info #171: KMP_AFFINITY: OS proc 15 maps to package 1 core 3 
OMP: Info #171: KMP_AFFINITY: OS proc 16 maps to package 1 core 4 
OMP: Info #171: KMP_AFFINITY: OS proc 17 maps to package 1 core 5 
OMP: Info #171: KMP_AFFINITY: OS proc 18 maps to package 1 core 8 
OMP: Info #171: KMP_AFFINITY: OS proc 19 maps to package 1 core 9 
OMP: Info #171: KMP_AFFINITY: OS proc 20 maps to package 1 core 10 
OMP: Info #250: KMP_AFFINITY: pid 33281 tid 33281 thread 0 bound to OS proc set 3
OMP: Info #250: KMP_AFFINITY: pid 33281 tid 33288 thread 1 bound to OS proc set 5
OMP: Info #250: KMP_AFFINITY: pid 33281 tid 33290 thread 3 bound to OS proc set 8
OMP: Info #250: KMP_AFFINITY: pid 33281 tid 33289 thread 2 bound to OS proc set 7
OMP: Info #250: KMP_AFFINITY: pid 33281 tid 33292 thread 5 bound to OS proc set 10
OMP: Info #250: KMP_AFFINITY: pid 33281 tid 33291 thread 4 bound to OS proc set 9
OMP: Info #250: KMP_AFFINITY: pid 33281 tid 33294 thread 7 bound to OS proc set 12
OMP: Info #250: KMP_AFFINITY: pid 33281 tid 33295 thread 8 bound to OS proc set 13
OMP: Info #250: KMP_AFFINITY: pid 33281 tid 33293 thread 6 bound to OS proc set 11
OMP: Info #250: KMP_AFFINITY: pid 33281 tid 33298 thread 11 bound to OS proc set 16
OMP: Info #250: KMP_AFFINITY: pid 33281 tid 33296 thread 9 bound to OS proc set 14
OMP: Info #250: KMP_AFFINITY: pid 33281 tid 33297 thread 10 bound to OS proc set 15
OMP: Info #250: KMP_AFFINITY: pid 33281 tid 33300 thread 13 bound to OS proc set 18
OMP: Info #250: KMP_AFFINITY: pid 33281 tid 33299 thread 12 bound to OS proc set 17
OMP: Info #250: KMP_AFFINITY: pid 33281 tid 33301 thread 14 bound to OS proc set 19
OMP: Info #250: KMP_AFFINITY: pid 33281 tid 33302 thread 15 bound to OS proc set 20
OMP: Info #250: KMP_AFFINITY: pid 33281 tid 33304 thread 17 bound to OS proc set 5
OMP: Info #250: KMP_AFFINITY: pid 33281 tid 33303 thread 16 bound to OS proc set 3
OMP: Info #250: KMP_AFFINITY: pid 33281 tid 33305 thread 18 bound to OS proc set 7
OMP: Info #250: KMP_AFFINITY: pid 33281 tid 33306 thread 19 bound to OS proc set 8
OMP: Info #250: KMP_AFFINITY: pid 33281 tid 33312 thread 25 bound to OS proc set 14
OMP: Info #250: KMP_AFFINITY: pid 33281 tid 33308 thread 21 bound to OS proc set 10
OMP: Info #250: KMP_AFFINITY: pid 33281 tid 33310 thread 23 bound to OS proc set 12
OMP: Info #250: KMP_AFFINITY: pid 33281 tid 33314 thread 27 bound to OS proc set 16
OMP: Info #250: KMP_AFFINITY: pid 33281 tid 33315 thread 28 bound to OS proc set 17
OMP: Info #250: KMP_AFFINITY: pid 33281 tid 33307 thread 20 bound to OS proc set 9
OMP: Info #250: KMP_AFFINITY: pid 33281 tid 33311 thread 24 bound to OS proc set 13
OMP: Info #250: KMP_AFFINITY: pid 33281 tid 33313 thread 26 bound to OS proc set 15
OMP: Info #250: KMP_AFFINITY: pid 33281 tid 33309 thread 22 bound to OS proc set 11
OMP: Info #250: KMP_AFFINITY: pid 33281 tid 33316 thread 29 bound to OS proc set 18
OMP: Info #250: KMP_AFFINITY: pid 33281 tid 33318 thread 31 bound to OS proc set 20
OMP: Info #250: KMP_AFFINITY: pid 33281 tid 33317 thread 30 bound to OS proc set 19
Elapsed time: 23.95
R: 151.594597, G: 49.390452, B: 71.300356
