Setting stack size to unlimited...
core file size          (blocks, -c) 0
data seg size           (kbytes, -d) unlimited
scheduling priority             (-e) 0
file size               (blocks, -f) unlimited
pending signals                 (-i) 1029926
max locked memory       (kbytes, -l) unlimited
max memory size         (kbytes, -m) 253952000
open files                      (-n) 1024
pipe size            (512 bytes, -p) 8
POSIX message queues     (bytes, -q) 819200
real-time priority              (-r) 0
stack size              (kbytes, -s) unlimited
cpu time               (seconds, -t) unlimited
max user processes              (-u) 4096
virtual memory          (kbytes, -v) unlimited
file locks                      (-x) unlimited

Running Job...!
===============================================================================
Running compiled binary...
Serial version...
Elapsed time: 14.84
R: 149.659528, G: 148.049722, B: 139.202555
Serial version...
Elapsed time: 14.41
R: 149.659528, G: 148.049722, B: 139.202555
Serial version...
Elapsed time: 14.43
R: 149.659528, G: 148.049722, B: 139.202555
Serial version...
Elapsed time: 14.51
R: 149.659528, G: 148.049722, B: 139.202555
Serial version...
Elapsed time: 15.02
R: 149.659528, G: 148.049722, B: 139.202555
Serial version...
Elapsed time: 14.87
R: 149.659528, G: 148.049722, B: 139.202555
Serial version...
Elapsed time: 14.47
R: 149.659528, G: 148.049722, B: 139.202555
