Setting stack size to unlimited...
core file size          (blocks, -c) 0
data seg size           (kbytes, -d) unlimited
scheduling priority             (-e) 0
file size               (blocks, -f) unlimited
pending signals                 (-i) 2063001
max locked memory       (kbytes, -l) unlimited
max memory size         (kbytes, -m) 253952000
open files                      (-n) 1024
pipe size            (512 bytes, -p) 8
POSIX message queues     (bytes, -q) 819200
real-time priority              (-r) 0
stack size              (kbytes, -s) unlimited
cpu time               (seconds, -t) unlimited
max user processes              (-u) 4096
virtual memory          (kbytes, -v) unlimited
file locks                      (-x) unlimited

Running Job...!
===============================================================================
Running compiled binary...
Serial version...
Elapsed time: 368.64
R: 151.594597, G: 49.390452, B: 71.300356
Parallel version with 1 threads
OMP: Info #212: KMP_AFFINITY: decoding x2APIC ids.
OMP: Info #210: KMP_AFFINITY: Affinity capable, using global cpuid leaf 11 info
OMP: Info #154: KMP_AFFINITY: Initial OS proc set respected: 3,5,7-20
OMP: Info #156: KMP_AFFINITY: 16 available OS procs
OMP: Info #158: KMP_AFFINITY: Nonuniform topology
OMP: Info #179: KMP_AFFINITY: 2 packages x 9 cores/pkg x 1 threads/core (16 total cores)
OMP: Info #214: KMP_AFFINITY: OS proc to physical thread map:
OMP: Info #171: KMP_AFFINITY: OS proc 3 maps to package 0 core 3 
OMP: Info #171: KMP_AFFINITY: OS proc 5 maps to package 0 core 5 
OMP: Info #171: KMP_AFFINITY: OS proc 7 maps to package 0 core 9 
OMP: Info #171: KMP_AFFINITY: OS proc 8 maps to package 0 core 10 
OMP: Info #171: KMP_AFFINITY: OS proc 9 maps to package 0 core 11 
OMP: Info #171: KMP_AFFINITY: OS proc 10 maps to package 0 core 12 
OMP: Info #171: KMP_AFFINITY: OS proc 11 maps to package 0 core 13 
OMP: Info #171: KMP_AFFINITY: OS proc 12 maps to package 1 core 0 
OMP: Info #171: KMP_AFFINITY: OS proc 13 maps to package 1 core 1 
OMP: Info #171: KMP_AFFINITY: OS proc 14 maps to package 1 core 2 
OMP: Info #171: KMP_AFFINITY: OS proc 15 maps to package 1 core 3 
OMP: Info #171: KMP_AFFINITY: OS proc 16 maps to package 1 core 4 
OMP: Info #171: KMP_AFFINITY: OS proc 17 maps to package 1 core 5 
OMP: Info #171: KMP_AFFINITY: OS proc 18 maps to package 1 core 8 
OMP: Info #171: KMP_AFFINITY: OS proc 19 maps to package 1 core 9 
OMP: Info #171: KMP_AFFINITY: OS proc 20 maps to package 1 core 10 
OMP: Info #250: KMP_AFFINITY: pid 31875 tid 31875 thread 0 bound to OS proc set 3
Elapsed time: 212.54
R: 151.594597, G: 49.390452, B: 71.300356
Parallel version with 2 threads
OMP: Info #212: KMP_AFFINITY: decoding x2APIC ids.
OMP: Info #210: KMP_AFFINITY: Affinity capable, using global cpuid leaf 11 info
OMP: Info #154: KMP_AFFINITY: Initial OS proc set respected: 3,5,7-20
OMP: Info #156: KMP_AFFINITY: 16 available OS procs
OMP: Info #158: KMP_AFFINITY: Nonuniform topology
OMP: Info #179: KMP_AFFINITY: 2 packages x 9 cores/pkg x 1 threads/core (16 total cores)
OMP: Info #214: KMP_AFFINITY: OS proc to physical thread map:
OMP: Info #171: KMP_AFFINITY: OS proc 3 maps to package 0 core 3 
OMP: Info #171: KMP_AFFINITY: OS proc 5 maps to package 0 core 5 
OMP: Info #171: KMP_AFFINITY: OS proc 7 maps to package 0 core 9 
OMP: Info #171: KMP_AFFINITY: OS proc 8 maps to package 0 core 10 
OMP: Info #171: KMP_AFFINITY: OS proc 9 maps to package 0 core 11 
OMP: Info #171: KMP_AFFINITY: OS proc 10 maps to package 0 core 12 
OMP: Info #171: KMP_AFFINITY: OS proc 11 maps to package 0 core 13 
OMP: Info #171: KMP_AFFINITY: OS proc 12 maps to package 1 core 0 
OMP: Info #171: KMP_AFFINITY: OS proc 13 maps to package 1 core 1 
OMP: Info #171: KMP_AFFINITY: OS proc 14 maps to package 1 core 2 
OMP: Info #171: KMP_AFFINITY: OS proc 15 maps to package 1 core 3 
OMP: Info #171: KMP_AFFINITY: OS proc 16 maps to package 1 core 4 
OMP: Info #171: KMP_AFFINITY: OS proc 17 maps to package 1 core 5 
OMP: Info #171: KMP_AFFINITY: OS proc 18 maps to package 1 core 8 
OMP: Info #171: KMP_AFFINITY: OS proc 19 maps to package 1 core 9 
OMP: Info #171: KMP_AFFINITY: OS proc 20 maps to package 1 core 10 
OMP: Info #250: KMP_AFFINITY: pid 32076 tid 32076 thread 0 bound to OS proc set 3
OMP: Info #250: KMP_AFFINITY: pid 32076 tid 32077 thread 1 bound to OS proc set 5
Elapsed time: 114.98
R: 151.594597, G: 49.390452, B: 71.300356
Parallel version with 4 threads
OMP: Info #212: KMP_AFFINITY: decoding x2APIC ids.
OMP: Info #210: KMP_AFFINITY: Affinity capable, using global cpuid leaf 11 info
OMP: Info #154: KMP_AFFINITY: Initial OS proc set respected: 3,5,7-20
OMP: Info #156: KMP_AFFINITY: 16 available OS procs
OMP: Info #158: KMP_AFFINITY: Nonuniform topology
OMP: Info #179: KMP_AFFINITY: 2 packages x 9 cores/pkg x 1 threads/core (16 total cores)
OMP: Info #214: KMP_AFFINITY: OS proc to physical thread map:
OMP: Info #171: KMP_AFFINITY: OS proc 3 maps to package 0 core 3 
OMP: Info #171: KMP_AFFINITY: OS proc 5 maps to package 0 core 5 
OMP: Info #171: KMP_AFFINITY: OS proc 7 maps to package 0 core 9 
OMP: Info #171: KMP_AFFINITY: OS proc 8 maps to package 0 core 10 
OMP: Info #171: KMP_AFFINITY: OS proc 9 maps to package 0 core 11 
OMP: Info #171: KMP_AFFINITY: OS proc 10 maps to package 0 core 12 
OMP: Info #171: KMP_AFFINITY: OS proc 11 maps to package 0 core 13 
OMP: Info #171: KMP_AFFINITY: OS proc 12 maps to package 1 core 0 
OMP: Info #171: KMP_AFFINITY: OS proc 13 maps to package 1 core 1 
OMP: Info #171: KMP_AFFINITY: OS proc 14 maps to package 1 core 2 
OMP: Info #171: KMP_AFFINITY: OS proc 15 maps to package 1 core 3 
OMP: Info #171: KMP_AFFINITY: OS proc 16 maps to package 1 core 4 
OMP: Info #171: KMP_AFFINITY: OS proc 17 maps to package 1 core 5 
OMP: Info #171: KMP_AFFINITY: OS proc 18 maps to package 1 core 8 
OMP: Info #171: KMP_AFFINITY: OS proc 19 maps to package 1 core 9 
OMP: Info #171: KMP_AFFINITY: OS proc 20 maps to package 1 core 10 
OMP: Info #250: KMP_AFFINITY: pid 32191 tid 32191 thread 0 bound to OS proc set 3
OMP: Info #250: KMP_AFFINITY: pid 32191 tid 32194 thread 2 bound to OS proc set 7
OMP: Info #250: KMP_AFFINITY: pid 32191 tid 32193 thread 1 bound to OS proc set 5
OMP: Info #250: KMP_AFFINITY: pid 32191 tid 32195 thread 3 bound to OS proc set 8
Elapsed time: 64.17
R: 151.594597, G: 49.390452, B: 71.300356
Parallel version with 8 threads
OMP: Info #212: KMP_AFFINITY: decoding x2APIC ids.
OMP: Info #210: KMP_AFFINITY: Affinity capable, using global cpuid leaf 11 info
OMP: Info #154: KMP_AFFINITY: Initial OS proc set respected: 3,5,7-20
OMP: Info #156: KMP_AFFINITY: 16 available OS procs
OMP: Info #158: KMP_AFFINITY: Nonuniform topology
OMP: Info #179: KMP_AFFINITY: 2 packages x 9 cores/pkg x 1 threads/core (16 total cores)
OMP: Info #214: KMP_AFFINITY: OS proc to physical thread map:
OMP: Info #171: KMP_AFFINITY: OS proc 3 maps to package 0 core 3 
OMP: Info #171: KMP_AFFINITY: OS proc 5 maps to package 0 core 5 
OMP: Info #171: KMP_AFFINITY: OS proc 7 maps to package 0 core 9 
OMP: Info #171: KMP_AFFINITY: OS proc 8 maps to package 0 core 10 
OMP: Info #171: KMP_AFFINITY: OS proc 9 maps to package 0 core 11 
OMP: Info #171: KMP_AFFINITY: OS proc 10 maps to package 0 core 12 
OMP: Info #171: KMP_AFFINITY: OS proc 11 maps to package 0 core 13 
OMP: Info #171: KMP_AFFINITY: OS proc 12 maps to package 1 core 0 
OMP: Info #171: KMP_AFFINITY: OS proc 13 maps to package 1 core 1 
OMP: Info #171: KMP_AFFINITY: OS proc 14 maps to package 1 core 2 
OMP: Info #171: KMP_AFFINITY: OS proc 15 maps to package 1 core 3 
OMP: Info #171: KMP_AFFINITY: OS proc 16 maps to package 1 core 4 
OMP: Info #171: KMP_AFFINITY: OS proc 17 maps to package 1 core 5 
OMP: Info #171: KMP_AFFINITY: OS proc 18 maps to package 1 core 8 
OMP: Info #171: KMP_AFFINITY: OS proc 19 maps to package 1 core 9 
OMP: Info #171: KMP_AFFINITY: OS proc 20 maps to package 1 core 10 
OMP: Info #250: KMP_AFFINITY: pid 32254 tid 32254 thread 0 bound to OS proc set 3
OMP: Info #250: KMP_AFFINITY: pid 32254 tid 32264 thread 3 bound to OS proc set 8
OMP: Info #250: KMP_AFFINITY: pid 32254 tid 32262 thread 1 bound to OS proc set 5
OMP: Info #250: KMP_AFFINITY: pid 32254 tid 32263 thread 2 bound to OS proc set 7
OMP: Info #250: KMP_AFFINITY: pid 32254 tid 32266 thread 5 bound to OS proc set 10
OMP: Info #250: KMP_AFFINITY: pid 32254 tid 32268 thread 7 bound to OS proc set 12
OMP: Info #250: KMP_AFFINITY: pid 32254 tid 32265 thread 4 bound to OS proc set 9
OMP: Info #250: KMP_AFFINITY: pid 32254 tid 32267 thread 6 bound to OS proc set 11
Elapsed time: 37.05
R: 151.594597, G: 49.390452, B: 71.300356
Parallel version with 16 threads
OMP: Info #212: KMP_AFFINITY: decoding x2APIC ids.
OMP: Info #210: KMP_AFFINITY: Affinity capable, using global cpuid leaf 11 info
OMP: Info #154: KMP_AFFINITY: Initial OS proc set respected: 3,5,7-20
OMP: Info #156: KMP_AFFINITY: 16 available OS procs
OMP: Info #158: KMP_AFFINITY: Nonuniform topology
OMP: Info #179: KMP_AFFINITY: 2 packages x 9 cores/pkg x 1 threads/core (16 total cores)
OMP: Info #214: KMP_AFFINITY: OS proc to physical thread map:
OMP: Info #171: KMP_AFFINITY: OS proc 3 maps to package 0 core 3 
OMP: Info #171: KMP_AFFINITY: OS proc 5 maps to package 0 core 5 
OMP: Info #171: KMP_AFFINITY: OS proc 7 maps to package 0 core 9 
OMP: Info #171: KMP_AFFINITY: OS proc 8 maps to package 0 core 10 
OMP: Info #171: KMP_AFFINITY: OS proc 9 maps to package 0 core 11 
OMP: Info #171: KMP_AFFINITY: OS proc 10 maps to package 0 core 12 
OMP: Info #171: KMP_AFFINITY: OS proc 11 maps to package 0 core 13 
OMP: Info #171: KMP_AFFINITY: OS proc 12 maps to package 1 core 0 
OMP: Info #171: KMP_AFFINITY: OS proc 13 maps to package 1 core 1 
OMP: Info #171: KMP_AFFINITY: OS proc 14 maps to package 1 core 2 
OMP: Info #171: KMP_AFFINITY: OS proc 15 maps to package 1 core 3 
OMP: Info #171: KMP_AFFINITY: OS proc 16 maps to package 1 core 4 
OMP: Info #171: KMP_AFFINITY: OS proc 17 maps to package 1 core 5 
OMP: Info #171: KMP_AFFINITY: OS proc 18 maps to package 1 core 8 
OMP: Info #171: KMP_AFFINITY: OS proc 19 maps to package 1 core 9 
OMP: Info #171: KMP_AFFINITY: OS proc 20 maps to package 1 core 10 
OMP: Info #250: KMP_AFFINITY: pid 32301 tid 32301 thread 0 bound to OS proc set 3
OMP: Info #250: KMP_AFFINITY: pid 32301 tid 32303 thread 2 bound to OS proc set 7
OMP: Info #250: KMP_AFFINITY: pid 32301 tid 32302 thread 1 bound to OS proc set 5
OMP: Info #250: KMP_AFFINITY: pid 32301 tid 32304 thread 3 bound to OS proc set 8
OMP: Info #250: KMP_AFFINITY: pid 32301 tid 32305 thread 4 bound to OS proc set 9
OMP: Info #250: KMP_AFFINITY: pid 32301 tid 32306 thread 5 bound to OS proc set 10
OMP: Info #250: KMP_AFFINITY: pid 32301 tid 32307 thread 6 bound to OS proc set 11
OMP: Info #250: KMP_AFFINITY: pid 32301 tid 32308 thread 7 bound to OS proc set 12
OMP: Info #250: KMP_AFFINITY: pid 32301 tid 32309 thread 8 bound to OS proc set 13
OMP: Info #250: KMP_AFFINITY: pid 32301 tid 32310 thread 9 bound to OS proc set 14
OMP: Info #250: KMP_AFFINITY: pid 32301 tid 32311 thread 10 bound to OS proc set 15
OMP: Info #250: KMP_AFFINITY: pid 32301 tid 32312 thread 11 bound to OS proc set 16
OMP: Info #250: KMP_AFFINITY: pid 32301 tid 32313 thread 12 bound to OS proc set 17
OMP: Info #250: KMP_AFFINITY: pid 32301 tid 32314 thread 13 bound to OS proc set 18
OMP: Info #250: KMP_AFFINITY: pid 32301 tid 32315 thread 14 bound to OS proc set 19
OMP: Info #250: KMP_AFFINITY: pid 32301 tid 32316 thread 15 bound to OS proc set 20
Elapsed time: 23.93
R: 151.594597, G: 49.390452, B: 71.300356
Parallel version with 32 threads
OMP: Info #212: KMP_AFFINITY: decoding x2APIC ids.
OMP: Info #210: KMP_AFFINITY: Affinity capable, using global cpuid leaf 11 info
OMP: Info #154: KMP_AFFINITY: Initial OS proc set respected: 3,5,7-20
OMP: Info #156: KMP_AFFINITY: 16 available OS procs
OMP: Info #158: KMP_AFFINITY: Nonuniform topology
OMP: Info #179: KMP_AFFINITY: 2 packages x 9 cores/pkg x 1 threads/core (16 total cores)
OMP: Info #214: KMP_AFFINITY: OS proc to physical thread map:
OMP: Info #171: KMP_AFFINITY: OS proc 3 maps to package 0 core 3 
OMP: Info #171: KMP_AFFINITY: OS proc 5 maps to package 0 core 5 
OMP: Info #171: KMP_AFFINITY: OS proc 7 maps to package 0 core 9 
OMP: Info #171: KMP_AFFINITY: OS proc 8 maps to package 0 core 10 
OMP: Info #171: KMP_AFFINITY: OS proc 9 maps to package 0 core 11 
OMP: Info #171: KMP_AFFINITY: OS proc 10 maps to package 0 core 12 
OMP: Info #171: KMP_AFFINITY: OS proc 11 maps to package 0 core 13 
OMP: Info #171: KMP_AFFINITY: OS proc 12 maps to package 1 core 0 
OMP: Info #171: KMP_AFFINITY: OS proc 13 maps to package 1 core 1 
OMP: Info #171: KMP_AFFINITY: OS proc 14 maps to package 1 core 2 
OMP: Info #171: KMP_AFFINITY: OS proc 15 maps to package 1 core 3 
OMP: Info #171: KMP_AFFINITY: OS proc 16 maps to package 1 core 4 
OMP: Info #171: KMP_AFFINITY: OS proc 17 maps to package 1 core 5 
OMP: Info #171: KMP_AFFINITY: OS proc 18 maps to package 1 core 8 
OMP: Info #171: KMP_AFFINITY: OS proc 19 maps to package 1 core 9 
OMP: Info #171: KMP_AFFINITY: OS proc 20 maps to package 1 core 10 
OMP: Info #250: KMP_AFFINITY: pid 32341 tid 32341 thread 0 bound to OS proc set 3
OMP: Info #250: KMP_AFFINITY: pid 32341 tid 32343 thread 1 bound to OS proc set 5
OMP: Info #250: KMP_AFFINITY: pid 32341 tid 32344 thread 2 bound to OS proc set 7
OMP: Info #250: KMP_AFFINITY: pid 32341 tid 32345 thread 3 bound to OS proc set 8
OMP: Info #250: KMP_AFFINITY: pid 32341 tid 32347 thread 5 bound to OS proc set 10
OMP: Info #250: KMP_AFFINITY: pid 32341 tid 32346 thread 4 bound to OS proc set 9
OMP: Info #250: KMP_AFFINITY: pid 32341 tid 32348 thread 6 bound to OS proc set 11
OMP: Info #250: KMP_AFFINITY: pid 32341 tid 32350 thread 8 bound to OS proc set 13
OMP: Info #250: KMP_AFFINITY: pid 32341 tid 32349 thread 7 bound to OS proc set 12
OMP: Info #250: KMP_AFFINITY: pid 32341 tid 32351 thread 9 bound to OS proc set 14
OMP: Info #250: KMP_AFFINITY: pid 32341 tid 32352 thread 10 bound to OS proc set 15
OMP: Info #250: KMP_AFFINITY: pid 32341 tid 32354 thread 12 bound to OS proc set 17
OMP: Info #250: KMP_AFFINITY: pid 32341 tid 32353 thread 11 bound to OS proc set 16
OMP: Info #250: KMP_AFFINITY: pid 32341 tid 32355 thread 13 bound to OS proc set 18
OMP: Info #250: KMP_AFFINITY: pid 32341 tid 32356 thread 14 bound to OS proc set 19
OMP: Info #250: KMP_AFFINITY: pid 32341 tid 32358 thread 16 bound to OS proc set 3
OMP: Info #250: KMP_AFFINITY: pid 32341 tid 32359 thread 17 bound to OS proc set 5
OMP: Info #250: KMP_AFFINITY: pid 32341 tid 32366 thread 24 bound to OS proc set 13
OMP: Info #250: KMP_AFFINITY: pid 32341 tid 32361 thread 19 bound to OS proc set 8
OMP: Info #250: KMP_AFFINITY: pid 32341 tid 32360 thread 18 bound to OS proc set 7
OMP: Info #250: KMP_AFFINITY: pid 32341 tid 32357 thread 15 bound to OS proc set 20
OMP: Info #250: KMP_AFFINITY: pid 32341 tid 32363 thread 21 bound to OS proc set 10
OMP: Info #250: KMP_AFFINITY: pid 32341 tid 32365 thread 23 bound to OS proc set 12
OMP: Info #250: KMP_AFFINITY: pid 32341 tid 32362 thread 20 bound to OS proc set 9
OMP: Info #250: KMP_AFFINITY: pid 32341 tid 32369 thread 27 bound to OS proc set 16
OMP: Info #250: KMP_AFFINITY: pid 32341 tid 32370 thread 28 bound to OS proc set 17
OMP: Info #250: KMP_AFFINITY: pid 32341 tid 32373 thread 31 bound to OS proc set 20
OMP: Info #250: KMP_AFFINITY: pid 32341 tid 32371 thread 29 bound to OS proc set 18
OMP: Info #250: KMP_AFFINITY: pid 32341 tid 32372 thread 30 bound to OS proc set 19
OMP: Info #250: KMP_AFFINITY: pid 32341 tid 32368 thread 26 bound to OS proc set 15
OMP: Info #250: KMP_AFFINITY: pid 32341 tid 32364 thread 22 bound to OS proc set 11
OMP: Info #250: KMP_AFFINITY: pid 32341 tid 32367 thread 25 bound to OS proc set 14
Elapsed time: 23.97
R: 151.594597, G: 49.390452, B: 71.300356
