Setting stack size to unlimited...
core file size          (blocks, -c) 0
data seg size           (kbytes, -d) unlimited
scheduling priority             (-e) 0
file size               (blocks, -f) unlimited
pending signals                 (-i) 1029926
max locked memory       (kbytes, -l) unlimited
max memory size         (kbytes, -m) 253952000
open files                      (-n) 1024
pipe size            (512 bytes, -p) 8
POSIX message queues     (bytes, -q) 819200
real-time priority              (-r) 0
stack size              (kbytes, -s) unlimited
cpu time               (seconds, -t) unlimited
max user processes              (-u) 4096
virtual memory          (kbytes, -v) unlimited
file locks                      (-x) unlimited

Running Job...!
===============================================================================
Running compiled binary...
Serial version...
Elapsed time: 29.45
R: 151.594597, G: 49.390452, B: 71.300356
Serial version...
Elapsed time: 33.39
R: 151.594597, G: 49.390452, B: 71.300356
Serial version...
Elapsed time: 28.96
R: 151.594597, G: 49.390452, B: 71.300356
Serial version...
Elapsed time: 31.17
R: 151.594597, G: 49.390452, B: 71.300356
Serial version...
Elapsed time: 32.04
R: 151.594597, G: 49.390452, B: 71.300356
Serial version...
Elapsed time: 28.84
R: 151.594597, G: 49.390452, B: 71.300356
Serial version...
Elapsed time: 29.22
R: 151.594597, G: 49.390452, B: 71.300356
