Setting stack size to unlimited...
core file size          (blocks, -c) 0
data seg size           (kbytes, -d) unlimited
scheduling priority             (-e) 0
file size               (blocks, -f) unlimited
pending signals                 (-i) 2062696
max locked memory       (kbytes, -l) unlimited
max memory size         (kbytes, -m) 253952000
open files                      (-n) 1024
pipe size            (512 bytes, -p) 8
POSIX message queues     (bytes, -q) 819200
real-time priority              (-r) 0
stack size              (kbytes, -s) unlimited
cpu time               (seconds, -t) unlimited
max user processes              (-u) 4096
virtual memory          (kbytes, -v) unlimited
file locks                      (-x) unlimited

Running Job...!
===============================================================================
Running compiled binary...
Serial version...
Elapsed time: 329.15
R: 151.594597, G: 49.390452, B: 71.300356
Parallel version with 1 threads
OMP: Info #212: KMP_AFFINITY: decoding x2APIC ids.
OMP: Info #210: KMP_AFFINITY: Affinity capable, using global cpuid leaf 11 info
OMP: Info #154: KMP_AFFINITY: Initial OS proc set respected: 5,7,9,11,13,15,17,19,21,23,24,26,28,30,32,34
OMP: Info #156: KMP_AFFINITY: 16 available OS procs
OMP: Info #158: KMP_AFFINITY: Nonuniform topology
OMP: Info #179: KMP_AFFINITY: 2 packages x 10 cores/pkg x 1 threads/core (16 total cores)
OMP: Info #214: KMP_AFFINITY: OS proc to physical thread map:
OMP: Info #171: KMP_AFFINITY: OS proc 24 maps to package 0 core 19 
OMP: Info #171: KMP_AFFINITY: OS proc 26 maps to package 0 core 20 
OMP: Info #171: KMP_AFFINITY: OS proc 28 maps to package 0 core 24 
OMP: Info #171: KMP_AFFINITY: OS proc 30 maps to package 0 core 25 
OMP: Info #171: KMP_AFFINITY: OS proc 32 maps to package 0 core 26 
OMP: Info #171: KMP_AFFINITY: OS proc 34 maps to package 0 core 27 
OMP: Info #171: KMP_AFFINITY: OS proc 5 maps to package 1 core 2 
OMP: Info #171: KMP_AFFINITY: OS proc 7 maps to package 1 core 3 
OMP: Info #171: KMP_AFFINITY: OS proc 9 maps to package 1 core 4 
OMP: Info #171: KMP_AFFINITY: OS proc 11 maps to package 1 core 8 
OMP: Info #171: KMP_AFFINITY: OS proc 13 maps to package 1 core 9 
OMP: Info #171: KMP_AFFINITY: OS proc 15 maps to package 1 core 10 
OMP: Info #171: KMP_AFFINITY: OS proc 17 maps to package 1 core 11 
OMP: Info #171: KMP_AFFINITY: OS proc 19 maps to package 1 core 16 
OMP: Info #171: KMP_AFFINITY: OS proc 21 maps to package 1 core 17 
OMP: Info #171: KMP_AFFINITY: OS proc 23 maps to package 1 core 18 
OMP: Info #250: KMP_AFFINITY: pid 87084 tid 87084 thread 0 bound to OS proc set 24
Elapsed time: 179.17
R: 151.594597, G: 49.390452, B: 71.300356
Parallel version with 2 threads
OMP: Info #212: KMP_AFFINITY: decoding x2APIC ids.
OMP: Info #210: KMP_AFFINITY: Affinity capable, using global cpuid leaf 11 info
OMP: Info #154: KMP_AFFINITY: Initial OS proc set respected: 5,7,9,11,13,15,17,19,21,23,24,26,28,30,32,34
OMP: Info #156: KMP_AFFINITY: 16 available OS procs
OMP: Info #158: KMP_AFFINITY: Nonuniform topology
OMP: Info #179: KMP_AFFINITY: 2 packages x 10 cores/pkg x 1 threads/core (16 total cores)
OMP: Info #214: KMP_AFFINITY: OS proc to physical thread map:
OMP: Info #171: KMP_AFFINITY: OS proc 24 maps to package 0 core 19 
OMP: Info #171: KMP_AFFINITY: OS proc 26 maps to package 0 core 20 
OMP: Info #171: KMP_AFFINITY: OS proc 28 maps to package 0 core 24 
OMP: Info #171: KMP_AFFINITY: OS proc 30 maps to package 0 core 25 
OMP: Info #171: KMP_AFFINITY: OS proc 32 maps to package 0 core 26 
OMP: Info #171: KMP_AFFINITY: OS proc 34 maps to package 0 core 27 
OMP: Info #171: KMP_AFFINITY: OS proc 5 maps to package 1 core 2 
OMP: Info #171: KMP_AFFINITY: OS proc 7 maps to package 1 core 3 
OMP: Info #171: KMP_AFFINITY: OS proc 9 maps to package 1 core 4 
OMP: Info #171: KMP_AFFINITY: OS proc 11 maps to package 1 core 8 
OMP: Info #171: KMP_AFFINITY: OS proc 13 maps to package 1 core 9 
OMP: Info #171: KMP_AFFINITY: OS proc 15 maps to package 1 core 10 
OMP: Info #171: KMP_AFFINITY: OS proc 17 maps to package 1 core 11 
OMP: Info #171: KMP_AFFINITY: OS proc 19 maps to package 1 core 16 
OMP: Info #171: KMP_AFFINITY: OS proc 21 maps to package 1 core 17 
OMP: Info #171: KMP_AFFINITY: OS proc 23 maps to package 1 core 18 
OMP: Info #250: KMP_AFFINITY: pid 87094 tid 87094 thread 0 bound to OS proc set 24
OMP: Info #250: KMP_AFFINITY: pid 87094 tid 87095 thread 1 bound to OS proc set 26
Elapsed time: 99.11
R: 151.594597, G: 49.390452, B: 71.300356
Parallel version with 4 threads
OMP: Info #212: KMP_AFFINITY: decoding x2APIC ids.
OMP: Info #210: KMP_AFFINITY: Affinity capable, using global cpuid leaf 11 info
OMP: Info #154: KMP_AFFINITY: Initial OS proc set respected: 5,7,9,11,13,15,17,19,21,23,24,26,28,30,32,34
OMP: Info #156: KMP_AFFINITY: 16 available OS procs
OMP: Info #158: KMP_AFFINITY: Nonuniform topology
OMP: Info #179: KMP_AFFINITY: 2 packages x 10 cores/pkg x 1 threads/core (16 total cores)
OMP: Info #214: KMP_AFFINITY: OS proc to physical thread map:
OMP: Info #171: KMP_AFFINITY: OS proc 24 maps to package 0 core 19 
OMP: Info #171: KMP_AFFINITY: OS proc 26 maps to package 0 core 20 
OMP: Info #171: KMP_AFFINITY: OS proc 28 maps to package 0 core 24 
OMP: Info #171: KMP_AFFINITY: OS proc 30 maps to package 0 core 25 
OMP: Info #171: KMP_AFFINITY: OS proc 32 maps to package 0 core 26 
OMP: Info #171: KMP_AFFINITY: OS proc 34 maps to package 0 core 27 
OMP: Info #171: KMP_AFFINITY: OS proc 5 maps to package 1 core 2 
OMP: Info #171: KMP_AFFINITY: OS proc 7 maps to package 1 core 3 
OMP: Info #171: KMP_AFFINITY: OS proc 9 maps to package 1 core 4 
OMP: Info #171: KMP_AFFINITY: OS proc 11 maps to package 1 core 8 
OMP: Info #171: KMP_AFFINITY: OS proc 13 maps to package 1 core 9 
OMP: Info #171: KMP_AFFINITY: OS proc 15 maps to package 1 core 10 
OMP: Info #171: KMP_AFFINITY: OS proc 17 maps to package 1 core 11 
OMP: Info #171: KMP_AFFINITY: OS proc 19 maps to package 1 core 16 
OMP: Info #171: KMP_AFFINITY: OS proc 21 maps to package 1 core 17 
OMP: Info #171: KMP_AFFINITY: OS proc 23 maps to package 1 core 18 
OMP: Info #250: KMP_AFFINITY: pid 87099 tid 87099 thread 0 bound to OS proc set 24
OMP: Info #250: KMP_AFFINITY: pid 87099 tid 87100 thread 1 bound to OS proc set 26
OMP: Info #250: KMP_AFFINITY: pid 87099 tid 87102 thread 3 bound to OS proc set 30
OMP: Info #250: KMP_AFFINITY: pid 87099 tid 87101 thread 2 bound to OS proc set 28
Elapsed time: 55.99
R: 151.594597, G: 49.390452, B: 71.300356
Parallel version with 8 threads
OMP: Info #212: KMP_AFFINITY: decoding x2APIC ids.
OMP: Info #210: KMP_AFFINITY: Affinity capable, using global cpuid leaf 11 info
OMP: Info #154: KMP_AFFINITY: Initial OS proc set respected: 5,7,9,11,13,15,17,19,21,23,24,26,28,30,32,34
OMP: Info #156: KMP_AFFINITY: 16 available OS procs
OMP: Info #158: KMP_AFFINITY: Nonuniform topology
OMP: Info #179: KMP_AFFINITY: 2 packages x 10 cores/pkg x 1 threads/core (16 total cores)
OMP: Info #214: KMP_AFFINITY: OS proc to physical thread map:
OMP: Info #171: KMP_AFFINITY: OS proc 24 maps to package 0 core 19 
OMP: Info #171: KMP_AFFINITY: OS proc 26 maps to package 0 core 20 
OMP: Info #171: KMP_AFFINITY: OS proc 28 maps to package 0 core 24 
OMP: Info #171: KMP_AFFINITY: OS proc 30 maps to package 0 core 25 
OMP: Info #171: KMP_AFFINITY: OS proc 32 maps to package 0 core 26 
OMP: Info #171: KMP_AFFINITY: OS proc 34 maps to package 0 core 27 
OMP: Info #171: KMP_AFFINITY: OS proc 5 maps to package 1 core 2 
OMP: Info #171: KMP_AFFINITY: OS proc 7 maps to package 1 core 3 
OMP: Info #171: KMP_AFFINITY: OS proc 9 maps to package 1 core 4 
OMP: Info #171: KMP_AFFINITY: OS proc 11 maps to package 1 core 8 
OMP: Info #171: KMP_AFFINITY: OS proc 13 maps to package 1 core 9 
OMP: Info #171: KMP_AFFINITY: OS proc 15 maps to package 1 core 10 
OMP: Info #171: KMP_AFFINITY: OS proc 17 maps to package 1 core 11 
OMP: Info #171: KMP_AFFINITY: OS proc 19 maps to package 1 core 16 
OMP: Info #171: KMP_AFFINITY: OS proc 21 maps to package 1 core 17 
OMP: Info #171: KMP_AFFINITY: OS proc 23 maps to package 1 core 18 
OMP: Info #250: KMP_AFFINITY: pid 87103 tid 87103 thread 0 bound to OS proc set 24
OMP: Info #250: KMP_AFFINITY: pid 87103 tid 87107 thread 4 bound to OS proc set 32
OMP: Info #250: KMP_AFFINITY: pid 87103 tid 87104 thread 1 bound to OS proc set 26
OMP: Info #250: KMP_AFFINITY: pid 87103 tid 87108 thread 5 bound to OS proc set 34
OMP: Info #250: KMP_AFFINITY: pid 87103 tid 87105 thread 2 bound to OS proc set 28
OMP: Info #250: KMP_AFFINITY: pid 87103 tid 87106 thread 3 bound to OS proc set 30
OMP: Info #250: KMP_AFFINITY: pid 87103 tid 87110 thread 7 bound to OS proc set 7
OMP: Info #250: KMP_AFFINITY: pid 87103 tid 87109 thread 6 bound to OS proc set 5
Elapsed time: 33.60
R: 151.594597, G: 49.390452, B: 71.300356
Parallel version with 16 threads
OMP: Info #212: KMP_AFFINITY: decoding x2APIC ids.
OMP: Info #210: KMP_AFFINITY: Affinity capable, using global cpuid leaf 11 info
OMP: Info #154: KMP_AFFINITY: Initial OS proc set respected: 5,7,9,11,13,15,17,19,21,23,24,26,28,30,32,34
OMP: Info #156: KMP_AFFINITY: 16 available OS procs
OMP: Info #158: KMP_AFFINITY: Nonuniform topology
OMP: Info #179: KMP_AFFINITY: 2 packages x 10 cores/pkg x 1 threads/core (16 total cores)
OMP: Info #214: KMP_AFFINITY: OS proc to physical thread map:
OMP: Info #171: KMP_AFFINITY: OS proc 24 maps to package 0 core 19 
OMP: Info #171: KMP_AFFINITY: OS proc 26 maps to package 0 core 20 
OMP: Info #171: KMP_AFFINITY: OS proc 28 maps to package 0 core 24 
OMP: Info #171: KMP_AFFINITY: OS proc 30 maps to package 0 core 25 
OMP: Info #171: KMP_AFFINITY: OS proc 32 maps to package 0 core 26 
OMP: Info #171: KMP_AFFINITY: OS proc 34 maps to package 0 core 27 
OMP: Info #171: KMP_AFFINITY: OS proc 5 maps to package 1 core 2 
OMP: Info #171: KMP_AFFINITY: OS proc 7 maps to package 1 core 3 
OMP: Info #171: KMP_AFFINITY: OS proc 9 maps to package 1 core 4 
OMP: Info #171: KMP_AFFINITY: OS proc 11 maps to package 1 core 8 
OMP: Info #171: KMP_AFFINITY: OS proc 13 maps to package 1 core 9 
OMP: Info #171: KMP_AFFINITY: OS proc 15 maps to package 1 core 10 
OMP: Info #171: KMP_AFFINITY: OS proc 17 maps to package 1 core 11 
OMP: Info #171: KMP_AFFINITY: OS proc 19 maps to package 1 core 16 
OMP: Info #171: KMP_AFFINITY: OS proc 21 maps to package 1 core 17 
OMP: Info #171: KMP_AFFINITY: OS proc 23 maps to package 1 core 18 
OMP: Info #250: KMP_AFFINITY: pid 87111 tid 87111 thread 0 bound to OS proc set 24
OMP: Info #250: KMP_AFFINITY: pid 87111 tid 87114 thread 3 bound to OS proc set 30
OMP: Info #250: KMP_AFFINITY: pid 87111 tid 87112 thread 1 bound to OS proc set 26
OMP: Info #250: KMP_AFFINITY: pid 87111 tid 87113 thread 2 bound to OS proc set 28
OMP: Info #250: KMP_AFFINITY: pid 87111 tid 87115 thread 4 bound to OS proc set 32
OMP: Info #250: KMP_AFFINITY: pid 87111 tid 87116 thread 5 bound to OS proc set 34
OMP: Info #250: KMP_AFFINITY: pid 87111 tid 87117 thread 6 bound to OS proc set 5
OMP: Info #250: KMP_AFFINITY: pid 87111 tid 87119 thread 8 bound to OS proc set 9
OMP: Info #250: KMP_AFFINITY: pid 87111 tid 87118 thread 7 bound to OS proc set 7
OMP: Info #250: KMP_AFFINITY: pid 87111 tid 87122 thread 11 bound to OS proc set 15
OMP: Info #250: KMP_AFFINITY: pid 87111 tid 87123 thread 12 bound to OS proc set 17
OMP: Info #250: KMP_AFFINITY: pid 87111 tid 87120 thread 9 bound to OS proc set 11
OMP: Info #250: KMP_AFFINITY: pid 87111 tid 87121 thread 10 bound to OS proc set 13
OMP: Info #250: KMP_AFFINITY: pid 87111 tid 87124 thread 13 bound to OS proc set 19
OMP: Info #250: KMP_AFFINITY: pid 87111 tid 87125 thread 14 bound to OS proc set 21
OMP: Info #250: KMP_AFFINITY: pid 87111 tid 87126 thread 15 bound to OS proc set 23
Elapsed time: 21.33
R: 151.594597, G: 49.390452, B: 71.300356
Parallel version with 32 threads
OMP: Info #212: KMP_AFFINITY: decoding x2APIC ids.
OMP: Info #210: KMP_AFFINITY: Affinity capable, using global cpuid leaf 11 info
OMP: Info #154: KMP_AFFINITY: Initial OS proc set respected: 5,7,9,11,13,15,17,19,21,23,24,26,28,30,32,34
OMP: Info #156: KMP_AFFINITY: 16 available OS procs
OMP: Info #158: KMP_AFFINITY: Nonuniform topology
OMP: Info #179: KMP_AFFINITY: 2 packages x 10 cores/pkg x 1 threads/core (16 total cores)
OMP: Info #214: KMP_AFFINITY: OS proc to physical thread map:
OMP: Info #171: KMP_AFFINITY: OS proc 24 maps to package 0 core 19 
OMP: Info #171: KMP_AFFINITY: OS proc 26 maps to package 0 core 20 
OMP: Info #171: KMP_AFFINITY: OS proc 28 maps to package 0 core 24 
OMP: Info #171: KMP_AFFINITY: OS proc 30 maps to package 0 core 25 
OMP: Info #171: KMP_AFFINITY: OS proc 32 maps to package 0 core 26 
OMP: Info #171: KMP_AFFINITY: OS proc 34 maps to package 0 core 27 
OMP: Info #171: KMP_AFFINITY: OS proc 5 maps to package 1 core 2 
OMP: Info #171: KMP_AFFINITY: OS proc 7 maps to package 1 core 3 
OMP: Info #171: KMP_AFFINITY: OS proc 9 maps to package 1 core 4 
OMP: Info #171: KMP_AFFINITY: OS proc 11 maps to package 1 core 8 
OMP: Info #171: KMP_AFFINITY: OS proc 13 maps to package 1 core 9 
OMP: Info #171: KMP_AFFINITY: OS proc 15 maps to package 1 core 10 
OMP: Info #171: KMP_AFFINITY: OS proc 17 maps to package 1 core 11 
OMP: Info #171: KMP_AFFINITY: OS proc 19 maps to package 1 core 16 
OMP: Info #171: KMP_AFFINITY: OS proc 21 maps to package 1 core 17 
OMP: Info #171: KMP_AFFINITY: OS proc 23 maps to package 1 core 18 
OMP: Info #250: KMP_AFFINITY: pid 87129 tid 87129 thread 0 bound to OS proc set 24
OMP: Info #250: KMP_AFFINITY: pid 87129 tid 87130 thread 1 bound to OS proc set 26
OMP: Info #250: KMP_AFFINITY: pid 87129 tid 87132 thread 3 bound to OS proc set 30
OMP: Info #250: KMP_AFFINITY: pid 87129 tid 87131 thread 2 bound to OS proc set 28
OMP: Info #250: KMP_AFFINITY: pid 87129 tid 87134 thread 5 bound to OS proc set 34
OMP: Info #250: KMP_AFFINITY: pid 87129 tid 87133 thread 4 bound to OS proc set 32
OMP: Info #250: KMP_AFFINITY: pid 87129 tid 87135 thread 6 bound to OS proc set 5
OMP: Info #250: KMP_AFFINITY: pid 87129 tid 87136 thread 7 bound to OS proc set 7
OMP: Info #250: KMP_AFFINITY: pid 87129 tid 87138 thread 9 bound to OS proc set 11
OMP: Info #250: KMP_AFFINITY: pid 87129 tid 87139 thread 10 bound to OS proc set 13
OMP: Info #250: KMP_AFFINITY: pid 87129 tid 87137 thread 8 bound to OS proc set 9
OMP: Info #250: KMP_AFFINITY: pid 87129 tid 87141 thread 12 bound to OS proc set 17
OMP: Info #250: KMP_AFFINITY: pid 87129 tid 87140 thread 11 bound to OS proc set 15
OMP: Info #250: KMP_AFFINITY: pid 87129 tid 87142 thread 13 bound to OS proc set 19
OMP: Info #250: KMP_AFFINITY: pid 87129 tid 87143 thread 14 bound to OS proc set 21
OMP: Info #250: KMP_AFFINITY: pid 87129 tid 87145 thread 16 bound to OS proc set 24
OMP: Info #250: KMP_AFFINITY: pid 87129 tid 87146 thread 17 bound to OS proc set 26
OMP: Info #250: KMP_AFFINITY: pid 87129 tid 87148 thread 19 bound to OS proc set 30
OMP: Info #250: KMP_AFFINITY: pid 87129 tid 87149 thread 20 bound to OS proc set 32
OMP: Info #250: KMP_AFFINITY: pid 87129 tid 87144 thread 15 bound to OS proc set 23
OMP: Info #250: KMP_AFFINITY: pid 87129 tid 87155 thread 26 bound to OS proc set 13
OMP: Info #250: KMP_AFFINITY: pid 87129 tid 87152 thread 23 bound to OS proc set 7
OMP: Info #250: KMP_AFFINITY: pid 87129 tid 87154 thread 25 bound to OS proc set 11
OMP: Info #250: KMP_AFFINITY: pid 87129 tid 87150 thread 21 bound to OS proc set 34
OMP: Info #250: KMP_AFFINITY: pid 87129 tid 87160 thread 31 bound to OS proc set 23
OMP: Info #250: KMP_AFFINITY: pid 87129 tid 87156 thread 27 bound to OS proc set 15
OMP: Info #250: KMP_AFFINITY: pid 87129 tid 87153 thread 24 bound to OS proc set 9
OMP: Info #250: KMP_AFFINITY: pid 87129 tid 87147 thread 18 bound to OS proc set 28
OMP: Info #250: KMP_AFFINITY: pid 87129 tid 87159 thread 30 bound to OS proc set 21
OMP: Info #250: KMP_AFFINITY: pid 87129 tid 87151 thread 22 bound to OS proc set 5
OMP: Info #250: KMP_AFFINITY: pid 87129 tid 87158 thread 29 bound to OS proc set 19
OMP: Info #250: KMP_AFFINITY: pid 87129 tid 87157 thread 28 bound to OS proc set 17
Elapsed time: 21.32
R: 151.594597, G: 49.390452, B: 71.300356
