Setting stack size to unlimited...
core file size          (blocks, -c) 0
data seg size           (kbytes, -d) unlimited
scheduling priority             (-e) 0
file size               (blocks, -f) unlimited
pending signals                 (-i) 2062720
max locked memory       (kbytes, -l) unlimited
max memory size         (kbytes, -m) 253952000
open files                      (-n) 1024
pipe size            (512 bytes, -p) 8
POSIX message queues     (bytes, -q) 819200
real-time priority              (-r) 0
stack size              (kbytes, -s) unlimited
cpu time               (seconds, -t) unlimited
max user processes              (-u) 4096
virtual memory          (kbytes, -v) unlimited
file locks                      (-x) unlimited

Running Job...!
===============================================================================
Running compiled binary...
Serial version...
Elapsed time: 396.74
R: 151.594597, G: 49.390452, B: 71.300356
Parallel version with 1 threads
OMP: Info #212: KMP_AFFINITY: decoding x2APIC ids.
OMP: Info #210: KMP_AFFINITY: Affinity capable, using global cpuid leaf 11 info
OMP: Info #154: KMP_AFFINITY: Initial OS proc set respected: 0,2-6,8,12,36,38-42,44,48
OMP: Info #156: KMP_AFFINITY: 16 available OS procs
OMP: Info #157: KMP_AFFINITY: Uniform topology
OMP: Info #179: KMP_AFFINITY: 1 packages x 8 cores/pkg x 2 threads/core (8 total cores)
OMP: Info #214: KMP_AFFINITY: OS proc to physical thread map:
OMP: Info #171: KMP_AFFINITY: OS proc 0 maps to package 0 core 0 thread 0 
OMP: Info #171: KMP_AFFINITY: OS proc 36 maps to package 0 core 0 thread 1 
OMP: Info #171: KMP_AFFINITY: OS proc 2 maps to package 0 core 2 thread 0 
OMP: Info #171: KMP_AFFINITY: OS proc 38 maps to package 0 core 2 thread 1 
OMP: Info #171: KMP_AFFINITY: OS proc 3 maps to package 0 core 3 thread 0 
OMP: Info #171: KMP_AFFINITY: OS proc 39 maps to package 0 core 3 thread 1 
OMP: Info #171: KMP_AFFINITY: OS proc 4 maps to package 0 core 4 thread 0 
OMP: Info #171: KMP_AFFINITY: OS proc 40 maps to package 0 core 4 thread 1 
OMP: Info #171: KMP_AFFINITY: OS proc 5 maps to package 0 core 8 thread 0 
OMP: Info #171: KMP_AFFINITY: OS proc 41 maps to package 0 core 8 thread 1 
OMP: Info #171: KMP_AFFINITY: OS proc 6 maps to package 0 core 9 thread 0 
OMP: Info #171: KMP_AFFINITY: OS proc 42 maps to package 0 core 9 thread 1 
OMP: Info #171: KMP_AFFINITY: OS proc 8 maps to package 0 core 11 thread 0 
OMP: Info #171: KMP_AFFINITY: OS proc 44 maps to package 0 core 11 thread 1 
OMP: Info #171: KMP_AFFINITY: OS proc 12 maps to package 0 core 19 thread 0 
OMP: Info #171: KMP_AFFINITY: OS proc 48 maps to package 0 core 19 thread 1 
OMP: Info #250: KMP_AFFINITY: pid 140475 tid 140475 thread 0 bound to OS proc set 0
Elapsed time: 216.93
R: 151.594597, G: 49.390452, B: 71.300356
Parallel version with 2 threads
OMP: Info #212: KMP_AFFINITY: decoding x2APIC ids.
OMP: Info #210: KMP_AFFINITY: Affinity capable, using global cpuid leaf 11 info
OMP: Info #154: KMP_AFFINITY: Initial OS proc set respected: 0,2-6,8,12,36,38-42,44,48
OMP: Info #156: KMP_AFFINITY: 16 available OS procs
OMP: Info #157: KMP_AFFINITY: Uniform topology
OMP: Info #179: KMP_AFFINITY: 1 packages x 8 cores/pkg x 2 threads/core (8 total cores)
OMP: Info #214: KMP_AFFINITY: OS proc to physical thread map:
OMP: Info #171: KMP_AFFINITY: OS proc 0 maps to package 0 core 0 thread 0 
OMP: Info #171: KMP_AFFINITY: OS proc 36 maps to package 0 core 0 thread 1 
OMP: Info #171: KMP_AFFINITY: OS proc 2 maps to package 0 core 2 thread 0 
OMP: Info #171: KMP_AFFINITY: OS proc 38 maps to package 0 core 2 thread 1 
OMP: Info #171: KMP_AFFINITY: OS proc 3 maps to package 0 core 3 thread 0 
OMP: Info #171: KMP_AFFINITY: OS proc 39 maps to package 0 core 3 thread 1 
OMP: Info #171: KMP_AFFINITY: OS proc 4 maps to package 0 core 4 thread 0 
OMP: Info #171: KMP_AFFINITY: OS proc 40 maps to package 0 core 4 thread 1 
OMP: Info #171: KMP_AFFINITY: OS proc 5 maps to package 0 core 8 thread 0 
OMP: Info #171: KMP_AFFINITY: OS proc 41 maps to package 0 core 8 thread 1 
OMP: Info #171: KMP_AFFINITY: OS proc 6 maps to package 0 core 9 thread 0 
OMP: Info #171: KMP_AFFINITY: OS proc 42 maps to package 0 core 9 thread 1 
OMP: Info #171: KMP_AFFINITY: OS proc 8 maps to package 0 core 11 thread 0 
OMP: Info #171: KMP_AFFINITY: OS proc 44 maps to package 0 core 11 thread 1 
OMP: Info #171: KMP_AFFINITY: OS proc 12 maps to package 0 core 19 thread 0 
OMP: Info #171: KMP_AFFINITY: OS proc 48 maps to package 0 core 19 thread 1 
OMP: Info #250: KMP_AFFINITY: pid 140484 tid 140484 thread 0 bound to OS proc set 0
OMP: Info #250: KMP_AFFINITY: pid 140484 tid 140485 thread 1 bound to OS proc set 36
Elapsed time: 177.18
R: 151.594597, G: 49.390452, B: 71.300356
Parallel version with 4 threads
OMP: Info #212: KMP_AFFINITY: decoding x2APIC ids.
OMP: Info #210: KMP_AFFINITY: Affinity capable, using global cpuid leaf 11 info
OMP: Info #154: KMP_AFFINITY: Initial OS proc set respected: 0,2-6,8,12,36,38-42,44,48
OMP: Info #156: KMP_AFFINITY: 16 available OS procs
OMP: Info #157: KMP_AFFINITY: Uniform topology
OMP: Info #179: KMP_AFFINITY: 1 packages x 8 cores/pkg x 2 threads/core (8 total cores)
OMP: Info #214: KMP_AFFINITY: OS proc to physical thread map:
OMP: Info #171: KMP_AFFINITY: OS proc 0 maps to package 0 core 0 thread 0 
OMP: Info #171: KMP_AFFINITY: OS proc 36 maps to package 0 core 0 thread 1 
OMP: Info #171: KMP_AFFINITY: OS proc 2 maps to package 0 core 2 thread 0 
OMP: Info #171: KMP_AFFINITY: OS proc 38 maps to package 0 core 2 thread 1 
OMP: Info #171: KMP_AFFINITY: OS proc 3 maps to package 0 core 3 thread 0 
OMP: Info #171: KMP_AFFINITY: OS proc 39 maps to package 0 core 3 thread 1 
OMP: Info #171: KMP_AFFINITY: OS proc 4 maps to package 0 core 4 thread 0 
OMP: Info #171: KMP_AFFINITY: OS proc 40 maps to package 0 core 4 thread 1 
OMP: Info #171: KMP_AFFINITY: OS proc 5 maps to package 0 core 8 thread 0 
OMP: Info #171: KMP_AFFINITY: OS proc 41 maps to package 0 core 8 thread 1 
OMP: Info #171: KMP_AFFINITY: OS proc 6 maps to package 0 core 9 thread 0 
OMP: Info #171: KMP_AFFINITY: OS proc 42 maps to package 0 core 9 thread 1 
OMP: Info #171: KMP_AFFINITY: OS proc 8 maps to package 0 core 11 thread 0 
OMP: Info #171: KMP_AFFINITY: OS proc 44 maps to package 0 core 11 thread 1 
OMP: Info #171: KMP_AFFINITY: OS proc 12 maps to package 0 core 19 thread 0 
OMP: Info #171: KMP_AFFINITY: OS proc 48 maps to package 0 core 19 thread 1 
OMP: Info #250: KMP_AFFINITY: pid 140487 tid 140487 thread 0 bound to OS proc set 0
OMP: Info #250: KMP_AFFINITY: pid 140487 tid 140488 thread 1 bound to OS proc set 36
OMP: Info #250: KMP_AFFINITY: pid 140487 tid 140489 thread 2 bound to OS proc set 2
OMP: Info #250: KMP_AFFINITY: pid 140487 tid 140490 thread 3 bound to OS proc set 38
Elapsed time: 93.62
R: 151.594597, G: 49.390452, B: 71.300356
Parallel version with 8 threads
OMP: Info #212: KMP_AFFINITY: decoding x2APIC ids.
OMP: Info #210: KMP_AFFINITY: Affinity capable, using global cpuid leaf 11 info
OMP: Info #154: KMP_AFFINITY: Initial OS proc set respected: 0,2-6,8,12,36,38-42,44,48
OMP: Info #156: KMP_AFFINITY: 16 available OS procs
OMP: Info #157: KMP_AFFINITY: Uniform topology
OMP: Info #179: KMP_AFFINITY: 1 packages x 8 cores/pkg x 2 threads/core (8 total cores)
OMP: Info #214: KMP_AFFINITY: OS proc to physical thread map:
OMP: Info #171: KMP_AFFINITY: OS proc 0 maps to package 0 core 0 thread 0 
OMP: Info #171: KMP_AFFINITY: OS proc 36 maps to package 0 core 0 thread 1 
OMP: Info #171: KMP_AFFINITY: OS proc 2 maps to package 0 core 2 thread 0 
OMP: Info #171: KMP_AFFINITY: OS proc 38 maps to package 0 core 2 thread 1 
OMP: Info #171: KMP_AFFINITY: OS proc 3 maps to package 0 core 3 thread 0 
OMP: Info #171: KMP_AFFINITY: OS proc 39 maps to package 0 core 3 thread 1 
OMP: Info #171: KMP_AFFINITY: OS proc 4 maps to package 0 core 4 thread 0 
OMP: Info #171: KMP_AFFINITY: OS proc 40 maps to package 0 core 4 thread 1 
OMP: Info #171: KMP_AFFINITY: OS proc 5 maps to package 0 core 8 thread 0 
OMP: Info #171: KMP_AFFINITY: OS proc 41 maps to package 0 core 8 thread 1 
OMP: Info #171: KMP_AFFINITY: OS proc 6 maps to package 0 core 9 thread 0 
OMP: Info #171: KMP_AFFINITY: OS proc 42 maps to package 0 core 9 thread 1 
OMP: Info #171: KMP_AFFINITY: OS proc 8 maps to package 0 core 11 thread 0 
OMP: Info #171: KMP_AFFINITY: OS proc 44 maps to package 0 core 11 thread 1 
OMP: Info #171: KMP_AFFINITY: OS proc 12 maps to package 0 core 19 thread 0 
OMP: Info #171: KMP_AFFINITY: OS proc 48 maps to package 0 core 19 thread 1 
OMP: Info #250: KMP_AFFINITY: pid 140492 tid 140492 thread 0 bound to OS proc set 0
OMP: Info #250: KMP_AFFINITY: pid 140492 tid 140494 thread 2 bound to OS proc set 2
OMP: Info #250: KMP_AFFINITY: pid 140492 tid 140493 thread 1 bound to OS proc set 36
OMP: Info #250: KMP_AFFINITY: pid 140492 tid 140495 thread 3 bound to OS proc set 38
OMP: Info #250: KMP_AFFINITY: pid 140492 tid 140496 thread 4 bound to OS proc set 3
OMP: Info #250: KMP_AFFINITY: pid 140492 tid 140497 thread 5 bound to OS proc set 39
OMP: Info #250: KMP_AFFINITY: pid 140492 tid 140498 thread 6 bound to OS proc set 4
OMP: Info #250: KMP_AFFINITY: pid 140492 tid 140499 thread 7 bound to OS proc set 40
Elapsed time: 51.81
R: 151.594597, G: 49.390452, B: 71.300356
Parallel version with 16 threads
OMP: Info #212: KMP_AFFINITY: decoding x2APIC ids.
OMP: Info #210: KMP_AFFINITY: Affinity capable, using global cpuid leaf 11 info
OMP: Info #154: KMP_AFFINITY: Initial OS proc set respected: 0,2-6,8,12,36,38-42,44,48
OMP: Info #156: KMP_AFFINITY: 16 available OS procs
OMP: Info #157: KMP_AFFINITY: Uniform topology
OMP: Info #179: KMP_AFFINITY: 1 packages x 8 cores/pkg x 2 threads/core (8 total cores)
OMP: Info #214: KMP_AFFINITY: OS proc to physical thread map:
OMP: Info #171: KMP_AFFINITY: OS proc 0 maps to package 0 core 0 thread 0 
OMP: Info #171: KMP_AFFINITY: OS proc 36 maps to package 0 core 0 thread 1 
OMP: Info #171: KMP_AFFINITY: OS proc 2 maps to package 0 core 2 thread 0 
OMP: Info #171: KMP_AFFINITY: OS proc 38 maps to package 0 core 2 thread 1 
OMP: Info #171: KMP_AFFINITY: OS proc 3 maps to package 0 core 3 thread 0 
OMP: Info #171: KMP_AFFINITY: OS proc 39 maps to package 0 core 3 thread 1 
OMP: Info #171: KMP_AFFINITY: OS proc 4 maps to package 0 core 4 thread 0 
OMP: Info #171: KMP_AFFINITY: OS proc 40 maps to package 0 core 4 thread 1 
OMP: Info #171: KMP_AFFINITY: OS proc 5 maps to package 0 core 8 thread 0 
OMP: Info #171: KMP_AFFINITY: OS proc 41 maps to package 0 core 8 thread 1 
OMP: Info #171: KMP_AFFINITY: OS proc 6 maps to package 0 core 9 thread 0 
OMP: Info #171: KMP_AFFINITY: OS proc 42 maps to package 0 core 9 thread 1 
OMP: Info #171: KMP_AFFINITY: OS proc 8 maps to package 0 core 11 thread 0 
OMP: Info #171: KMP_AFFINITY: OS proc 44 maps to package 0 core 11 thread 1 
OMP: Info #171: KMP_AFFINITY: OS proc 12 maps to package 0 core 19 thread 0 
OMP: Info #171: KMP_AFFINITY: OS proc 48 maps to package 0 core 19 thread 1 
OMP: Info #250: KMP_AFFINITY: pid 140500 tid 140500 thread 0 bound to OS proc set 0
OMP: Info #250: KMP_AFFINITY: pid 140500 tid 140501 thread 1 bound to OS proc set 36
OMP: Info #250: KMP_AFFINITY: pid 140500 tid 140503 thread 3 bound to OS proc set 38
OMP: Info #250: KMP_AFFINITY: pid 140500 tid 140502 thread 2 bound to OS proc set 2
OMP: Info #250: KMP_AFFINITY: pid 140500 tid 140504 thread 4 bound to OS proc set 3
OMP: Info #250: KMP_AFFINITY: pid 140500 tid 140505 thread 5 bound to OS proc set 39
OMP: Info #250: KMP_AFFINITY: pid 140500 tid 140506 thread 6 bound to OS proc set 4
OMP: Info #250: KMP_AFFINITY: pid 140500 tid 140507 thread 7 bound to OS proc set 40
OMP: Info #250: KMP_AFFINITY: pid 140500 tid 140508 thread 8 bound to OS proc set 5
OMP: Info #250: KMP_AFFINITY: pid 140500 tid 140510 thread 10 bound to OS proc set 6
OMP: Info #250: KMP_AFFINITY: pid 140500 tid 140512 thread 12 bound to OS proc set 8
OMP: Info #250: KMP_AFFINITY: pid 140500 tid 140509 thread 9 bound to OS proc set 41
OMP: Info #250: KMP_AFFINITY: pid 140500 tid 140511 thread 11 bound to OS proc set 42
OMP: Info #250: KMP_AFFINITY: pid 140500 tid 140513 thread 13 bound to OS proc set 44
OMP: Info #250: KMP_AFFINITY: pid 140500 tid 140515 thread 15 bound to OS proc set 48
OMP: Info #250: KMP_AFFINITY: pid 140500 tid 140514 thread 14 bound to OS proc set 12
Elapsed time: 31.12
R: 151.594597, G: 49.390452, B: 71.300356
Parallel version with 32 threads
OMP: Info #212: KMP_AFFINITY: decoding x2APIC ids.
OMP: Info #210: KMP_AFFINITY: Affinity capable, using global cpuid leaf 11 info
OMP: Info #154: KMP_AFFINITY: Initial OS proc set respected: 0,2-6,8,12,36,38-42,44,48
OMP: Info #156: KMP_AFFINITY: 16 available OS procs
OMP: Info #157: KMP_AFFINITY: Uniform topology
OMP: Info #179: KMP_AFFINITY: 1 packages x 8 cores/pkg x 2 threads/core (8 total cores)
OMP: Info #214: KMP_AFFINITY: OS proc to physical thread map:
OMP: Info #171: KMP_AFFINITY: OS proc 0 maps to package 0 core 0 thread 0 
OMP: Info #171: KMP_AFFINITY: OS proc 36 maps to package 0 core 0 thread 1 
OMP: Info #171: KMP_AFFINITY: OS proc 2 maps to package 0 core 2 thread 0 
OMP: Info #171: KMP_AFFINITY: OS proc 38 maps to package 0 core 2 thread 1 
OMP: Info #171: KMP_AFFINITY: OS proc 3 maps to package 0 core 3 thread 0 
OMP: Info #171: KMP_AFFINITY: OS proc 39 maps to package 0 core 3 thread 1 
OMP: Info #171: KMP_AFFINITY: OS proc 4 maps to package 0 core 4 thread 0 
OMP: Info #171: KMP_AFFINITY: OS proc 40 maps to package 0 core 4 thread 1 
OMP: Info #171: KMP_AFFINITY: OS proc 5 maps to package 0 core 8 thread 0 
OMP: Info #171: KMP_AFFINITY: OS proc 41 maps to package 0 core 8 thread 1 
OMP: Info #171: KMP_AFFINITY: OS proc 6 maps to package 0 core 9 thread 0 
OMP: Info #171: KMP_AFFINITY: OS proc 42 maps to package 0 core 9 thread 1 
OMP: Info #171: KMP_AFFINITY: OS proc 8 maps to package 0 core 11 thread 0 
OMP: Info #171: KMP_AFFINITY: OS proc 44 maps to package 0 core 11 thread 1 
OMP: Info #171: KMP_AFFINITY: OS proc 12 maps to package 0 core 19 thread 0 
OMP: Info #171: KMP_AFFINITY: OS proc 48 maps to package 0 core 19 thread 1 
OMP: Info #250: KMP_AFFINITY: pid 140516 tid 140516 thread 0 bound to OS proc set 0
OMP: Info #250: KMP_AFFINITY: pid 140516 tid 140517 thread 1 bound to OS proc set 36
OMP: Info #250: KMP_AFFINITY: pid 140516 tid 140518 thread 2 bound to OS proc set 2
OMP: Info #250: KMP_AFFINITY: pid 140516 tid 140519 thread 3 bound to OS proc set 38
OMP: Info #250: KMP_AFFINITY: pid 140516 tid 140520 thread 4 bound to OS proc set 3
OMP: Info #250: KMP_AFFINITY: pid 140516 tid 140521 thread 5 bound to OS proc set 39
OMP: Info #250: KMP_AFFINITY: pid 140516 tid 140522 thread 6 bound to OS proc set 4
OMP: Info #250: KMP_AFFINITY: pid 140516 tid 140523 thread 7 bound to OS proc set 40
OMP: Info #250: KMP_AFFINITY: pid 140516 tid 140525 thread 9 bound to OS proc set 41
OMP: Info #250: KMP_AFFINITY: pid 140516 tid 140524 thread 8 bound to OS proc set 5
OMP: Info #250: KMP_AFFINITY: pid 140516 tid 140526 thread 10 bound to OS proc set 6
OMP: Info #250: KMP_AFFINITY: pid 140516 tid 140528 thread 12 bound to OS proc set 8
OMP: Info #250: KMP_AFFINITY: pid 140516 tid 140527 thread 11 bound to OS proc set 42
OMP: Info #250: KMP_AFFINITY: pid 140516 tid 140531 thread 15 bound to OS proc set 48
OMP: Info #250: KMP_AFFINITY: pid 140516 tid 140529 thread 13 bound to OS proc set 44
OMP: Info #250: KMP_AFFINITY: pid 140516 tid 140530 thread 14 bound to OS proc set 12
OMP: Info #250: KMP_AFFINITY: pid 140516 tid 140532 thread 16 bound to OS proc set 0
OMP: Info #250: KMP_AFFINITY: pid 140516 tid 140534 thread 18 bound to OS proc set 2
OMP: Info #250: KMP_AFFINITY: pid 140516 tid 140533 thread 17 bound to OS proc set 36
OMP: Info #250: KMP_AFFINITY: pid 140516 tid 140535 thread 19 bound to OS proc set 38
OMP: Info #250: KMP_AFFINITY: pid 140516 tid 140537 thread 21 bound to OS proc set 39
OMP: Info #250: KMP_AFFINITY: pid 140516 tid 140536 thread 20 bound to OS proc set 3
OMP: Info #250: KMP_AFFINITY: pid 140516 tid 140539 thread 23 bound to OS proc set 40
OMP: Info #250: KMP_AFFINITY: pid 140516 tid 140538 thread 22 bound to OS proc set 4
OMP: Info #250: KMP_AFFINITY: pid 140516 tid 140545 thread 29 bound to OS proc set 44
OMP: Info #250: KMP_AFFINITY: pid 140516 tid 140544 thread 28 bound to OS proc set 8
OMP: Info #250: KMP_AFFINITY: pid 140516 tid 140546 thread 30 bound to OS proc set 12
OMP: Info #250: KMP_AFFINITY: pid 140516 tid 140547 thread 31 bound to OS proc set 48
OMP: Info #250: KMP_AFFINITY: pid 140516 tid 140540 thread 24 bound to OS proc set 5
OMP: Info #250: KMP_AFFINITY: pid 140516 tid 140541 thread 25 bound to OS proc set 41
OMP: Info #250: KMP_AFFINITY: pid 140516 tid 140542 thread 26 bound to OS proc set 6
OMP: Info #250: KMP_AFFINITY: pid 140516 tid 140543 thread 27 bound to OS proc set 42
Elapsed time: 31.18
R: 151.594597, G: 49.390452, B: 71.300356
