Setting stack size to unlimited...
core file size          (blocks, -c) 0
data seg size           (kbytes, -d) unlimited
scheduling priority             (-e) 0
file size               (blocks, -f) unlimited
pending signals                 (-i) 2062696
max locked memory       (kbytes, -l) unlimited
max memory size         (kbytes, -m) 253952000
open files                      (-n) 1024
pipe size            (512 bytes, -p) 8
POSIX message queues     (bytes, -q) 819200
real-time priority              (-r) 0
stack size              (kbytes, -s) unlimited
cpu time               (seconds, -t) unlimited
max user processes              (-u) 4096
virtual memory          (kbytes, -v) unlimited
file locks                      (-x) unlimited

Running Job...!
===============================================================================
Running compiled binary...
Serial version...
Elapsed time: 176.48
R: 149.659528, G: 148.049722, B: 139.202555
Parallel version with 1 threads
OMP: Info #212: KMP_AFFINITY: decoding x2APIC ids.
OMP: Info #210: KMP_AFFINITY: Affinity capable, using global cpuid leaf 11 info
OMP: Info #154: KMP_AFFINITY: Initial OS proc set respected: 5,7,9,11,13,15,17,19,21,23,24,26,28,30,32,34
OMP: Info #156: KMP_AFFINITY: 16 available OS procs
OMP: Info #158: KMP_AFFINITY: Nonuniform topology
OMP: Info #179: KMP_AFFINITY: 2 packages x 10 cores/pkg x 1 threads/core (16 total cores)
OMP: Info #214: KMP_AFFINITY: OS proc to physical thread map:
OMP: Info #171: KMP_AFFINITY: OS proc 24 maps to package 0 core 19 
OMP: Info #171: KMP_AFFINITY: OS proc 26 maps to package 0 core 20 
OMP: Info #171: KMP_AFFINITY: OS proc 28 maps to package 0 core 24 
OMP: Info #171: KMP_AFFINITY: OS proc 30 maps to package 0 core 25 
OMP: Info #171: KMP_AFFINITY: OS proc 32 maps to package 0 core 26 
OMP: Info #171: KMP_AFFINITY: OS proc 34 maps to package 0 core 27 
OMP: Info #171: KMP_AFFINITY: OS proc 5 maps to package 1 core 2 
OMP: Info #171: KMP_AFFINITY: OS proc 7 maps to package 1 core 3 
OMP: Info #171: KMP_AFFINITY: OS proc 9 maps to package 1 core 4 
OMP: Info #171: KMP_AFFINITY: OS proc 11 maps to package 1 core 8 
OMP: Info #171: KMP_AFFINITY: OS proc 13 maps to package 1 core 9 
OMP: Info #171: KMP_AFFINITY: OS proc 15 maps to package 1 core 10 
OMP: Info #171: KMP_AFFINITY: OS proc 17 maps to package 1 core 11 
OMP: Info #171: KMP_AFFINITY: OS proc 19 maps to package 1 core 16 
OMP: Info #171: KMP_AFFINITY: OS proc 21 maps to package 1 core 17 
OMP: Info #171: KMP_AFFINITY: OS proc 23 maps to package 1 core 18 
OMP: Info #250: KMP_AFFINITY: pid 87329 tid 87329 thread 0 bound to OS proc set 24
Elapsed time: 94.43
R: 149.659528, G: 148.049722, B: 139.202555
Parallel version with 2 threads
OMP: Info #212: KMP_AFFINITY: decoding x2APIC ids.
OMP: Info #210: KMP_AFFINITY: Affinity capable, using global cpuid leaf 11 info
OMP: Info #154: KMP_AFFINITY: Initial OS proc set respected: 5,7,9,11,13,15,17,19,21,23,24,26,28,30,32,34
OMP: Info #156: KMP_AFFINITY: 16 available OS procs
OMP: Info #158: KMP_AFFINITY: Nonuniform topology
OMP: Info #179: KMP_AFFINITY: 2 packages x 10 cores/pkg x 1 threads/core (16 total cores)
OMP: Info #214: KMP_AFFINITY: OS proc to physical thread map:
OMP: Info #171: KMP_AFFINITY: OS proc 24 maps to package 0 core 19 
OMP: Info #171: KMP_AFFINITY: OS proc 26 maps to package 0 core 20 
OMP: Info #171: KMP_AFFINITY: OS proc 28 maps to package 0 core 24 
OMP: Info #171: KMP_AFFINITY: OS proc 30 maps to package 0 core 25 
OMP: Info #171: KMP_AFFINITY: OS proc 32 maps to package 0 core 26 
OMP: Info #171: KMP_AFFINITY: OS proc 34 maps to package 0 core 27 
OMP: Info #171: KMP_AFFINITY: OS proc 5 maps to package 1 core 2 
OMP: Info #171: KMP_AFFINITY: OS proc 7 maps to package 1 core 3 
OMP: Info #171: KMP_AFFINITY: OS proc 9 maps to package 1 core 4 
OMP: Info #171: KMP_AFFINITY: OS proc 11 maps to package 1 core 8 
OMP: Info #171: KMP_AFFINITY: OS proc 13 maps to package 1 core 9 
OMP: Info #171: KMP_AFFINITY: OS proc 15 maps to package 1 core 10 
OMP: Info #171: KMP_AFFINITY: OS proc 17 maps to package 1 core 11 
OMP: Info #171: KMP_AFFINITY: OS proc 19 maps to package 1 core 16 
OMP: Info #171: KMP_AFFINITY: OS proc 21 maps to package 1 core 17 
OMP: Info #171: KMP_AFFINITY: OS proc 23 maps to package 1 core 18 
OMP: Info #250: KMP_AFFINITY: pid 87330 tid 87330 thread 0 bound to OS proc set 24
OMP: Info #250: KMP_AFFINITY: pid 87330 tid 87331 thread 1 bound to OS proc set 26
Elapsed time: 53.18
R: 149.659528, G: 148.049722, B: 139.202555
Parallel version with 4 threads
OMP: Info #212: KMP_AFFINITY: decoding x2APIC ids.
OMP: Info #210: KMP_AFFINITY: Affinity capable, using global cpuid leaf 11 info
OMP: Info #154: KMP_AFFINITY: Initial OS proc set respected: 5,7,9,11,13,15,17,19,21,23,24,26,28,30,32,34
OMP: Info #156: KMP_AFFINITY: 16 available OS procs
OMP: Info #158: KMP_AFFINITY: Nonuniform topology
OMP: Info #179: KMP_AFFINITY: 2 packages x 10 cores/pkg x 1 threads/core (16 total cores)
OMP: Info #214: KMP_AFFINITY: OS proc to physical thread map:
OMP: Info #171: KMP_AFFINITY: OS proc 24 maps to package 0 core 19 
OMP: Info #171: KMP_AFFINITY: OS proc 26 maps to package 0 core 20 
OMP: Info #171: KMP_AFFINITY: OS proc 28 maps to package 0 core 24 
OMP: Info #171: KMP_AFFINITY: OS proc 30 maps to package 0 core 25 
OMP: Info #171: KMP_AFFINITY: OS proc 32 maps to package 0 core 26 
OMP: Info #171: KMP_AFFINITY: OS proc 34 maps to package 0 core 27 
OMP: Info #171: KMP_AFFINITY: OS proc 5 maps to package 1 core 2 
OMP: Info #171: KMP_AFFINITY: OS proc 7 maps to package 1 core 3 
OMP: Info #171: KMP_AFFINITY: OS proc 9 maps to package 1 core 4 
OMP: Info #171: KMP_AFFINITY: OS proc 11 maps to package 1 core 8 
OMP: Info #171: KMP_AFFINITY: OS proc 13 maps to package 1 core 9 
OMP: Info #171: KMP_AFFINITY: OS proc 15 maps to package 1 core 10 
OMP: Info #171: KMP_AFFINITY: OS proc 17 maps to package 1 core 11 
OMP: Info #171: KMP_AFFINITY: OS proc 19 maps to package 1 core 16 
OMP: Info #171: KMP_AFFINITY: OS proc 21 maps to package 1 core 17 
OMP: Info #171: KMP_AFFINITY: OS proc 23 maps to package 1 core 18 
OMP: Info #250: KMP_AFFINITY: pid 87335 tid 87335 thread 0 bound to OS proc set 24
OMP: Info #250: KMP_AFFINITY: pid 87335 tid 87338 thread 3 bound to OS proc set 30
OMP: Info #250: KMP_AFFINITY: pid 87335 tid 87336 thread 1 bound to OS proc set 26
OMP: Info #250: KMP_AFFINITY: pid 87335 tid 87337 thread 2 bound to OS proc set 28
Elapsed time: 30.18
R: 149.659528, G: 148.049722, B: 139.202555
Parallel version with 8 threads
OMP: Info #212: KMP_AFFINITY: decoding x2APIC ids.
OMP: Info #210: KMP_AFFINITY: Affinity capable, using global cpuid leaf 11 info
OMP: Info #154: KMP_AFFINITY: Initial OS proc set respected: 5,7,9,11,13,15,17,19,21,23,24,26,28,30,32,34
OMP: Info #156: KMP_AFFINITY: 16 available OS procs
OMP: Info #158: KMP_AFFINITY: Nonuniform topology
OMP: Info #179: KMP_AFFINITY: 2 packages x 10 cores/pkg x 1 threads/core (16 total cores)
OMP: Info #214: KMP_AFFINITY: OS proc to physical thread map:
OMP: Info #171: KMP_AFFINITY: OS proc 24 maps to package 0 core 19 
OMP: Info #171: KMP_AFFINITY: OS proc 26 maps to package 0 core 20 
OMP: Info #171: KMP_AFFINITY: OS proc 28 maps to package 0 core 24 
OMP: Info #171: KMP_AFFINITY: OS proc 30 maps to package 0 core 25 
OMP: Info #171: KMP_AFFINITY: OS proc 32 maps to package 0 core 26 
OMP: Info #171: KMP_AFFINITY: OS proc 34 maps to package 0 core 27 
OMP: Info #171: KMP_AFFINITY: OS proc 5 maps to package 1 core 2 
OMP: Info #171: KMP_AFFINITY: OS proc 7 maps to package 1 core 3 
OMP: Info #171: KMP_AFFINITY: OS proc 9 maps to package 1 core 4 
OMP: Info #171: KMP_AFFINITY: OS proc 11 maps to package 1 core 8 
OMP: Info #171: KMP_AFFINITY: OS proc 13 maps to package 1 core 9 
OMP: Info #171: KMP_AFFINITY: OS proc 15 maps to package 1 core 10 
OMP: Info #171: KMP_AFFINITY: OS proc 17 maps to package 1 core 11 
OMP: Info #171: KMP_AFFINITY: OS proc 19 maps to package 1 core 16 
OMP: Info #171: KMP_AFFINITY: OS proc 21 maps to package 1 core 17 
OMP: Info #171: KMP_AFFINITY: OS proc 23 maps to package 1 core 18 
OMP: Info #250: KMP_AFFINITY: pid 87339 tid 87339 thread 0 bound to OS proc set 24
OMP: Info #250: KMP_AFFINITY: pid 87339 tid 87340 thread 1 bound to OS proc set 26
OMP: Info #250: KMP_AFFINITY: pid 87339 tid 87341 thread 2 bound to OS proc set 28
OMP: Info #250: KMP_AFFINITY: pid 87339 tid 87342 thread 3 bound to OS proc set 30
OMP: Info #250: KMP_AFFINITY: pid 87339 tid 87344 thread 5 bound to OS proc set 34
OMP: Info #250: KMP_AFFINITY: pid 87339 tid 87343 thread 4 bound to OS proc set 32
OMP: Info #250: KMP_AFFINITY: pid 87339 tid 87345 thread 6 bound to OS proc set 5
OMP: Info #250: KMP_AFFINITY: pid 87339 tid 87346 thread 7 bound to OS proc set 7
Elapsed time: 18.10
R: 149.659528, G: 148.049722, B: 139.202555
Parallel version with 16 threads
OMP: Info #212: KMP_AFFINITY: decoding x2APIC ids.
OMP: Info #210: KMP_AFFINITY: Affinity capable, using global cpuid leaf 11 info
OMP: Info #154: KMP_AFFINITY: Initial OS proc set respected: 5,7,9,11,13,15,17,19,21,23,24,26,28,30,32,34
OMP: Info #156: KMP_AFFINITY: 16 available OS procs
OMP: Info #158: KMP_AFFINITY: Nonuniform topology
OMP: Info #179: KMP_AFFINITY: 2 packages x 10 cores/pkg x 1 threads/core (16 total cores)
OMP: Info #214: KMP_AFFINITY: OS proc to physical thread map:
OMP: Info #171: KMP_AFFINITY: OS proc 24 maps to package 0 core 19 
OMP: Info #171: KMP_AFFINITY: OS proc 26 maps to package 0 core 20 
OMP: Info #171: KMP_AFFINITY: OS proc 28 maps to package 0 core 24 
OMP: Info #171: KMP_AFFINITY: OS proc 30 maps to package 0 core 25 
OMP: Info #171: KMP_AFFINITY: OS proc 32 maps to package 0 core 26 
OMP: Info #171: KMP_AFFINITY: OS proc 34 maps to package 0 core 27 
OMP: Info #171: KMP_AFFINITY: OS proc 5 maps to package 1 core 2 
OMP: Info #171: KMP_AFFINITY: OS proc 7 maps to package 1 core 3 
OMP: Info #171: KMP_AFFINITY: OS proc 9 maps to package 1 core 4 
OMP: Info #171: KMP_AFFINITY: OS proc 11 maps to package 1 core 8 
OMP: Info #171: KMP_AFFINITY: OS proc 13 maps to package 1 core 9 
OMP: Info #171: KMP_AFFINITY: OS proc 15 maps to package 1 core 10 
OMP: Info #171: KMP_AFFINITY: OS proc 17 maps to package 1 core 11 
OMP: Info #171: KMP_AFFINITY: OS proc 19 maps to package 1 core 16 
OMP: Info #171: KMP_AFFINITY: OS proc 21 maps to package 1 core 17 
OMP: Info #171: KMP_AFFINITY: OS proc 23 maps to package 1 core 18 
OMP: Info #250: KMP_AFFINITY: pid 87349 tid 87349 thread 0 bound to OS proc set 24
OMP: Info #250: KMP_AFFINITY: pid 87349 tid 87350 thread 1 bound to OS proc set 26
OMP: Info #250: KMP_AFFINITY: pid 87349 tid 87353 thread 4 bound to OS proc set 32
OMP: Info #250: KMP_AFFINITY: pid 87349 tid 87354 thread 5 bound to OS proc set 34
OMP: Info #250: KMP_AFFINITY: pid 87349 tid 87351 thread 2 bound to OS proc set 28
OMP: Info #250: KMP_AFFINITY: pid 87349 tid 87352 thread 3 bound to OS proc set 30
OMP: Info #250: KMP_AFFINITY: pid 87349 tid 87356 thread 7 bound to OS proc set 7
OMP: Info #250: KMP_AFFINITY: pid 87349 tid 87355 thread 6 bound to OS proc set 5
OMP: Info #250: KMP_AFFINITY: pid 87349 tid 87357 thread 8 bound to OS proc set 9
OMP: Info #250: KMP_AFFINITY: pid 87349 tid 87360 thread 11 bound to OS proc set 15
OMP: Info #250: KMP_AFFINITY: pid 87349 tid 87361 thread 12 bound to OS proc set 17
OMP: Info #250: KMP_AFFINITY: pid 87349 tid 87358 thread 9 bound to OS proc set 11
OMP: Info #250: KMP_AFFINITY: pid 87349 tid 87362 thread 13 bound to OS proc set 19
OMP: Info #250: KMP_AFFINITY: pid 87349 tid 87359 thread 10 bound to OS proc set 13
OMP: Info #250: KMP_AFFINITY: pid 87349 tid 87363 thread 14 bound to OS proc set 21
OMP: Info #250: KMP_AFFINITY: pid 87349 tid 87364 thread 15 bound to OS proc set 23
Elapsed time: 11.38
R: 149.659528, G: 148.049722, B: 139.202555
Parallel version with 32 threads
OMP: Info #212: KMP_AFFINITY: decoding x2APIC ids.
OMP: Info #210: KMP_AFFINITY: Affinity capable, using global cpuid leaf 11 info
OMP: Info #154: KMP_AFFINITY: Initial OS proc set respected: 5,7,9,11,13,15,17,19,21,23,24,26,28,30,32,34
OMP: Info #156: KMP_AFFINITY: 16 available OS procs
OMP: Info #158: KMP_AFFINITY: Nonuniform topology
OMP: Info #179: KMP_AFFINITY: 2 packages x 10 cores/pkg x 1 threads/core (16 total cores)
OMP: Info #214: KMP_AFFINITY: OS proc to physical thread map:
OMP: Info #171: KMP_AFFINITY: OS proc 24 maps to package 0 core 19 
OMP: Info #171: KMP_AFFINITY: OS proc 26 maps to package 0 core 20 
OMP: Info #171: KMP_AFFINITY: OS proc 28 maps to package 0 core 24 
OMP: Info #171: KMP_AFFINITY: OS proc 30 maps to package 0 core 25 
OMP: Info #171: KMP_AFFINITY: OS proc 32 maps to package 0 core 26 
OMP: Info #171: KMP_AFFINITY: OS proc 34 maps to package 0 core 27 
OMP: Info #171: KMP_AFFINITY: OS proc 5 maps to package 1 core 2 
OMP: Info #171: KMP_AFFINITY: OS proc 7 maps to package 1 core 3 
OMP: Info #171: KMP_AFFINITY: OS proc 9 maps to package 1 core 4 
OMP: Info #171: KMP_AFFINITY: OS proc 11 maps to package 1 core 8 
OMP: Info #171: KMP_AFFINITY: OS proc 13 maps to package 1 core 9 
OMP: Info #171: KMP_AFFINITY: OS proc 15 maps to package 1 core 10 
OMP: Info #171: KMP_AFFINITY: OS proc 17 maps to package 1 core 11 
OMP: Info #171: KMP_AFFINITY: OS proc 19 maps to package 1 core 16 
OMP: Info #171: KMP_AFFINITY: OS proc 21 maps to package 1 core 17 
OMP: Info #171: KMP_AFFINITY: OS proc 23 maps to package 1 core 18 
OMP: Info #250: KMP_AFFINITY: pid 87365 tid 87365 thread 0 bound to OS proc set 24
OMP: Info #250: KMP_AFFINITY: pid 87365 tid 87368 thread 3 bound to OS proc set 30
OMP: Info #250: KMP_AFFINITY: pid 87365 tid 87366 thread 1 bound to OS proc set 26
OMP: Info #250: KMP_AFFINITY: pid 87365 tid 87367 thread 2 bound to OS proc set 28
OMP: Info #250: KMP_AFFINITY: pid 87365 tid 87370 thread 5 bound to OS proc set 34
OMP: Info #250: KMP_AFFINITY: pid 87365 tid 87371 thread 6 bound to OS proc set 5
OMP: Info #250: KMP_AFFINITY: pid 87365 tid 87369 thread 4 bound to OS proc set 32
OMP: Info #250: KMP_AFFINITY: pid 87365 tid 87373 thread 8 bound to OS proc set 9
OMP: Info #250: KMP_AFFINITY: pid 87365 tid 87372 thread 7 bound to OS proc set 7
OMP: Info #250: KMP_AFFINITY: pid 87365 tid 87375 thread 10 bound to OS proc set 13
OMP: Info #250: KMP_AFFINITY: pid 87365 tid 87377 thread 12 bound to OS proc set 17
OMP: Info #250: KMP_AFFINITY: pid 87365 tid 87374 thread 9 bound to OS proc set 11
OMP: Info #250: KMP_AFFINITY: pid 87365 tid 87376 thread 11 bound to OS proc set 15
OMP: Info #250: KMP_AFFINITY: pid 87365 tid 87378 thread 13 bound to OS proc set 19
OMP: Info #250: KMP_AFFINITY: pid 87365 tid 87382 thread 17 bound to OS proc set 26
OMP: Info #250: KMP_AFFINITY: pid 87365 tid 87380 thread 15 bound to OS proc set 23
OMP: Info #250: KMP_AFFINITY: pid 87365 tid 87384 thread 19 bound to OS proc set 30
OMP: Info #250: KMP_AFFINITY: pid 87365 tid 87385 thread 20 bound to OS proc set 32
OMP: Info #250: KMP_AFFINITY: pid 87365 tid 87379 thread 14 bound to OS proc set 21
OMP: Info #250: KMP_AFFINITY: pid 87365 tid 87388 thread 23 bound to OS proc set 7
OMP: Info #250: KMP_AFFINITY: pid 87365 tid 87389 thread 24 bound to OS proc set 9
OMP: Info #250: KMP_AFFINITY: pid 87365 tid 87390 thread 25 bound to OS proc set 11
OMP: Info #250: KMP_AFFINITY: pid 87365 tid 87383 thread 18 bound to OS proc set 28
OMP: Info #250: KMP_AFFINITY: pid 87365 tid 87381 thread 16 bound to OS proc set 24
OMP: Info #250: KMP_AFFINITY: pid 87365 tid 87386 thread 21 bound to OS proc set 34
OMP: Info #250: KMP_AFFINITY: pid 87365 tid 87387 thread 22 bound to OS proc set 5
OMP: Info #250: KMP_AFFINITY: pid 87365 tid 87392 thread 27 bound to OS proc set 15
OMP: Info #250: KMP_AFFINITY: pid 87365 tid 87393 thread 28 bound to OS proc set 17
OMP: Info #250: KMP_AFFINITY: pid 87365 tid 87394 thread 29 bound to OS proc set 19
OMP: Info #250: KMP_AFFINITY: pid 87365 tid 87391 thread 26 bound to OS proc set 13
OMP: Info #250: KMP_AFFINITY: pid 87365 tid 87395 thread 30 bound to OS proc set 21
OMP: Info #250: KMP_AFFINITY: pid 87365 tid 87396 thread 31 bound to OS proc set 23
Elapsed time: 11.55
R: 149.659528, G: 148.049722, B: 139.202555
