Setting stack size to unlimited...
core file size          (blocks, -c) 0
data seg size           (kbytes, -d) unlimited
scheduling priority             (-e) 0
file size               (blocks, -f) unlimited
pending signals                 (-i) 1030562
max locked memory       (kbytes, -l) unlimited
max memory size         (kbytes, -m) 253952000
open files                      (-n) 1024
pipe size            (512 bytes, -p) 8
POSIX message queues     (bytes, -q) 819200
real-time priority              (-r) 0
stack size              (kbytes, -s) unlimited
cpu time               (seconds, -t) unlimited
max user processes              (-u) 4096
virtual memory          (kbytes, -v) unlimited
file locks                      (-x) unlimited

Running Job...!
===============================================================================
Running compiled binary...
Serial version...
Elapsed time: 328.18
R: 151.594597, G: 49.390452, B: 71.300356
Parallel version with 1 threads
OMP: Info #212: KMP_AFFINITY: decoding x2APIC ids.
OMP: Info #210: KMP_AFFINITY: Affinity capable, using global cpuid leaf 11 info
OMP: Info #154: KMP_AFFINITY: Initial OS proc set respected: 0-7,36-43
OMP: Info #156: KMP_AFFINITY: 16 available OS procs
OMP: Info #157: KMP_AFFINITY: Uniform topology
OMP: Info #179: KMP_AFFINITY: 1 packages x 8 cores/pkg x 2 threads/core (8 total cores)
OMP: Info #214: KMP_AFFINITY: OS proc to physical thread map:
OMP: Info #171: KMP_AFFINITY: OS proc 0 maps to package 0 core 0 thread 0 
OMP: Info #171: KMP_AFFINITY: OS proc 36 maps to package 0 core 0 thread 1 
OMP: Info #171: KMP_AFFINITY: OS proc 1 maps to package 0 core 1 thread 0 
OMP: Info #171: KMP_AFFINITY: OS proc 37 maps to package 0 core 1 thread 1 
OMP: Info #171: KMP_AFFINITY: OS proc 2 maps to package 0 core 2 thread 0 
OMP: Info #171: KMP_AFFINITY: OS proc 38 maps to package 0 core 2 thread 1 
OMP: Info #171: KMP_AFFINITY: OS proc 3 maps to package 0 core 3 thread 0 
OMP: Info #171: KMP_AFFINITY: OS proc 39 maps to package 0 core 3 thread 1 
OMP: Info #171: KMP_AFFINITY: OS proc 4 maps to package 0 core 4 thread 0 
OMP: Info #171: KMP_AFFINITY: OS proc 40 maps to package 0 core 4 thread 1 
OMP: Info #171: KMP_AFFINITY: OS proc 5 maps to package 0 core 8 thread 0 
OMP: Info #171: KMP_AFFINITY: OS proc 41 maps to package 0 core 8 thread 1 
OMP: Info #171: KMP_AFFINITY: OS proc 6 maps to package 0 core 9 thread 0 
OMP: Info #171: KMP_AFFINITY: OS proc 42 maps to package 0 core 9 thread 1 
OMP: Info #171: KMP_AFFINITY: OS proc 7 maps to package 0 core 10 thread 0 
OMP: Info #171: KMP_AFFINITY: OS proc 43 maps to package 0 core 10 thread 1 
OMP: Info #250: KMP_AFFINITY: pid 9382 tid 9382 thread 0 bound to OS proc set 0
Elapsed time: 181.88
R: 151.594597, G: 49.390452, B: 71.300356
Parallel version with 2 threads
OMP: Info #212: KMP_AFFINITY: decoding x2APIC ids.
OMP: Info #210: KMP_AFFINITY: Affinity capable, using global cpuid leaf 11 info
OMP: Info #154: KMP_AFFINITY: Initial OS proc set respected: 0-7,36-43
OMP: Info #156: KMP_AFFINITY: 16 available OS procs
OMP: Info #157: KMP_AFFINITY: Uniform topology
OMP: Info #179: KMP_AFFINITY: 1 packages x 8 cores/pkg x 2 threads/core (8 total cores)
OMP: Info #214: KMP_AFFINITY: OS proc to physical thread map:
OMP: Info #171: KMP_AFFINITY: OS proc 0 maps to package 0 core 0 thread 0 
OMP: Info #171: KMP_AFFINITY: OS proc 36 maps to package 0 core 0 thread 1 
OMP: Info #171: KMP_AFFINITY: OS proc 1 maps to package 0 core 1 thread 0 
OMP: Info #171: KMP_AFFINITY: OS proc 37 maps to package 0 core 1 thread 1 
OMP: Info #171: KMP_AFFINITY: OS proc 2 maps to package 0 core 2 thread 0 
OMP: Info #171: KMP_AFFINITY: OS proc 38 maps to package 0 core 2 thread 1 
OMP: Info #171: KMP_AFFINITY: OS proc 3 maps to package 0 core 3 thread 0 
OMP: Info #171: KMP_AFFINITY: OS proc 39 maps to package 0 core 3 thread 1 
OMP: Info #171: KMP_AFFINITY: OS proc 4 maps to package 0 core 4 thread 0 
OMP: Info #171: KMP_AFFINITY: OS proc 40 maps to package 0 core 4 thread 1 
OMP: Info #171: KMP_AFFINITY: OS proc 5 maps to package 0 core 8 thread 0 
OMP: Info #171: KMP_AFFINITY: OS proc 41 maps to package 0 core 8 thread 1 
OMP: Info #171: KMP_AFFINITY: OS proc 6 maps to package 0 core 9 thread 0 
OMP: Info #171: KMP_AFFINITY: OS proc 42 maps to package 0 core 9 thread 1 
OMP: Info #171: KMP_AFFINITY: OS proc 7 maps to package 0 core 10 thread 0 
OMP: Info #171: KMP_AFFINITY: OS proc 43 maps to package 0 core 10 thread 1 
OMP: Info #250: KMP_AFFINITY: pid 9386 tid 9386 thread 0 bound to OS proc set 0
OMP: Info #250: KMP_AFFINITY: pid 9386 tid 9388 thread 1 bound to OS proc set 36
Elapsed time: 149.41
R: 151.594597, G: 49.390452, B: 71.300356
Parallel version with 4 threads
OMP: Info #212: KMP_AFFINITY: decoding x2APIC ids.
OMP: Info #210: KMP_AFFINITY: Affinity capable, using global cpuid leaf 11 info
OMP: Info #154: KMP_AFFINITY: Initial OS proc set respected: 0-7,36-43
OMP: Info #156: KMP_AFFINITY: 16 available OS procs
OMP: Info #157: KMP_AFFINITY: Uniform topology
OMP: Info #179: KMP_AFFINITY: 1 packages x 8 cores/pkg x 2 threads/core (8 total cores)
OMP: Info #214: KMP_AFFINITY: OS proc to physical thread map:
OMP: Info #171: KMP_AFFINITY: OS proc 0 maps to package 0 core 0 thread 0 
OMP: Info #171: KMP_AFFINITY: OS proc 36 maps to package 0 core 0 thread 1 
OMP: Info #171: KMP_AFFINITY: OS proc 1 maps to package 0 core 1 thread 0 
OMP: Info #171: KMP_AFFINITY: OS proc 37 maps to package 0 core 1 thread 1 
OMP: Info #171: KMP_AFFINITY: OS proc 2 maps to package 0 core 2 thread 0 
OMP: Info #171: KMP_AFFINITY: OS proc 38 maps to package 0 core 2 thread 1 
OMP: Info #171: KMP_AFFINITY: OS proc 3 maps to package 0 core 3 thread 0 
OMP: Info #171: KMP_AFFINITY: OS proc 39 maps to package 0 core 3 thread 1 
OMP: Info #171: KMP_AFFINITY: OS proc 4 maps to package 0 core 4 thread 0 
OMP: Info #171: KMP_AFFINITY: OS proc 40 maps to package 0 core 4 thread 1 
OMP: Info #171: KMP_AFFINITY: OS proc 5 maps to package 0 core 8 thread 0 
OMP: Info #171: KMP_AFFINITY: OS proc 41 maps to package 0 core 8 thread 1 
OMP: Info #171: KMP_AFFINITY: OS proc 6 maps to package 0 core 9 thread 0 
OMP: Info #171: KMP_AFFINITY: OS proc 42 maps to package 0 core 9 thread 1 
OMP: Info #171: KMP_AFFINITY: OS proc 7 maps to package 0 core 10 thread 0 
OMP: Info #171: KMP_AFFINITY: OS proc 43 maps to package 0 core 10 thread 1 
OMP: Info #250: KMP_AFFINITY: pid 9396 tid 9396 thread 0 bound to OS proc set 0
OMP: Info #250: KMP_AFFINITY: pid 9396 tid 9397 thread 1 bound to OS proc set 36
OMP: Info #250: KMP_AFFINITY: pid 9396 tid 9398 thread 2 bound to OS proc set 1
OMP: Info #250: KMP_AFFINITY: pid 9396 tid 9399 thread 3 bound to OS proc set 37
Elapsed time: 81.61
R: 151.594597, G: 49.390452, B: 71.300356
Parallel version with 8 threads
OMP: Info #212: KMP_AFFINITY: decoding x2APIC ids.
OMP: Info #210: KMP_AFFINITY: Affinity capable, using global cpuid leaf 11 info
OMP: Info #154: KMP_AFFINITY: Initial OS proc set respected: 0-7,36-43
OMP: Info #156: KMP_AFFINITY: 16 available OS procs
OMP: Info #157: KMP_AFFINITY: Uniform topology
OMP: Info #179: KMP_AFFINITY: 1 packages x 8 cores/pkg x 2 threads/core (8 total cores)
OMP: Info #214: KMP_AFFINITY: OS proc to physical thread map:
OMP: Info #171: KMP_AFFINITY: OS proc 0 maps to package 0 core 0 thread 0 
OMP: Info #171: KMP_AFFINITY: OS proc 36 maps to package 0 core 0 thread 1 
OMP: Info #171: KMP_AFFINITY: OS proc 1 maps to package 0 core 1 thread 0 
OMP: Info #171: KMP_AFFINITY: OS proc 37 maps to package 0 core 1 thread 1 
OMP: Info #171: KMP_AFFINITY: OS proc 2 maps to package 0 core 2 thread 0 
OMP: Info #171: KMP_AFFINITY: OS proc 38 maps to package 0 core 2 thread 1 
OMP: Info #171: KMP_AFFINITY: OS proc 3 maps to package 0 core 3 thread 0 
OMP: Info #171: KMP_AFFINITY: OS proc 39 maps to package 0 core 3 thread 1 
OMP: Info #171: KMP_AFFINITY: OS proc 4 maps to package 0 core 4 thread 0 
OMP: Info #171: KMP_AFFINITY: OS proc 40 maps to package 0 core 4 thread 1 
OMP: Info #171: KMP_AFFINITY: OS proc 5 maps to package 0 core 8 thread 0 
OMP: Info #171: KMP_AFFINITY: OS proc 41 maps to package 0 core 8 thread 1 
OMP: Info #171: KMP_AFFINITY: OS proc 6 maps to package 0 core 9 thread 0 
OMP: Info #171: KMP_AFFINITY: OS proc 42 maps to package 0 core 9 thread 1 
OMP: Info #171: KMP_AFFINITY: OS proc 7 maps to package 0 core 10 thread 0 
OMP: Info #171: KMP_AFFINITY: OS proc 43 maps to package 0 core 10 thread 1 
OMP: Info #250: KMP_AFFINITY: pid 9401 tid 9401 thread 0 bound to OS proc set 0
OMP: Info #250: KMP_AFFINITY: pid 9401 tid 9402 thread 1 bound to OS proc set 36
OMP: Info #250: KMP_AFFINITY: pid 9401 tid 9403 thread 2 bound to OS proc set 1
OMP: Info #250: KMP_AFFINITY: pid 9401 tid 9404 thread 3 bound to OS proc set 37
OMP: Info #250: KMP_AFFINITY: pid 9401 tid 9406 thread 5 bound to OS proc set 38
OMP: Info #250: KMP_AFFINITY: pid 9401 tid 9405 thread 4 bound to OS proc set 2
OMP: Info #250: KMP_AFFINITY: pid 9401 tid 9408 thread 7 bound to OS proc set 39
OMP: Info #250: KMP_AFFINITY: pid 9401 tid 9407 thread 6 bound to OS proc set 3
Elapsed time: 47.64
R: 151.594597, G: 49.390452, B: 71.300356
Parallel version with 16 threads
OMP: Info #212: KMP_AFFINITY: decoding x2APIC ids.
OMP: Info #210: KMP_AFFINITY: Affinity capable, using global cpuid leaf 11 info
OMP: Info #154: KMP_AFFINITY: Initial OS proc set respected: 0-7,36-43
OMP: Info #156: KMP_AFFINITY: 16 available OS procs
OMP: Info #157: KMP_AFFINITY: Uniform topology
OMP: Info #179: KMP_AFFINITY: 1 packages x 8 cores/pkg x 2 threads/core (8 total cores)
OMP: Info #214: KMP_AFFINITY: OS proc to physical thread map:
OMP: Info #171: KMP_AFFINITY: OS proc 0 maps to package 0 core 0 thread 0 
OMP: Info #171: KMP_AFFINITY: OS proc 36 maps to package 0 core 0 thread 1 
OMP: Info #171: KMP_AFFINITY: OS proc 1 maps to package 0 core 1 thread 0 
OMP: Info #171: KMP_AFFINITY: OS proc 37 maps to package 0 core 1 thread 1 
OMP: Info #171: KMP_AFFINITY: OS proc 2 maps to package 0 core 2 thread 0 
OMP: Info #171: KMP_AFFINITY: OS proc 38 maps to package 0 core 2 thread 1 
OMP: Info #171: KMP_AFFINITY: OS proc 3 maps to package 0 core 3 thread 0 
OMP: Info #171: KMP_AFFINITY: OS proc 39 maps to package 0 core 3 thread 1 
OMP: Info #171: KMP_AFFINITY: OS proc 4 maps to package 0 core 4 thread 0 
OMP: Info #171: KMP_AFFINITY: OS proc 40 maps to package 0 core 4 thread 1 
OMP: Info #171: KMP_AFFINITY: OS proc 5 maps to package 0 core 8 thread 0 
OMP: Info #171: KMP_AFFINITY: OS proc 41 maps to package 0 core 8 thread 1 
OMP: Info #171: KMP_AFFINITY: OS proc 6 maps to package 0 core 9 thread 0 
OMP: Info #171: KMP_AFFINITY: OS proc 42 maps to package 0 core 9 thread 1 
OMP: Info #171: KMP_AFFINITY: OS proc 7 maps to package 0 core 10 thread 0 
OMP: Info #171: KMP_AFFINITY: OS proc 43 maps to package 0 core 10 thread 1 
OMP: Info #250: KMP_AFFINITY: pid 9410 tid 9410 thread 0 bound to OS proc set 0
OMP: Info #250: KMP_AFFINITY: pid 9410 tid 9411 thread 1 bound to OS proc set 36
OMP: Info #250: KMP_AFFINITY: pid 9410 tid 9412 thread 2 bound to OS proc set 1
OMP: Info #250: KMP_AFFINITY: pid 9410 tid 9413 thread 3 bound to OS proc set 37
OMP: Info #250: KMP_AFFINITY: pid 9410 tid 9414 thread 4 bound to OS proc set 2
OMP: Info #250: KMP_AFFINITY: pid 9410 tid 9415 thread 5 bound to OS proc set 38
OMP: Info #250: KMP_AFFINITY: pid 9410 tid 9416 thread 6 bound to OS proc set 3
OMP: Info #250: KMP_AFFINITY: pid 9410 tid 9418 thread 8 bound to OS proc set 4
OMP: Info #250: KMP_AFFINITY: pid 9410 tid 9420 thread 10 bound to OS proc set 5
OMP: Info #250: KMP_AFFINITY: pid 9410 tid 9419 thread 9 bound to OS proc set 40
OMP: Info #250: KMP_AFFINITY: pid 9410 tid 9421 thread 11 bound to OS proc set 41
OMP: Info #250: KMP_AFFINITY: pid 9410 tid 9422 thread 12 bound to OS proc set 6
OMP: Info #250: KMP_AFFINITY: pid 9410 tid 9423 thread 13 bound to OS proc set 42
OMP: Info #250: KMP_AFFINITY: pid 9410 tid 9424 thread 14 bound to OS proc set 7
OMP: Info #250: KMP_AFFINITY: pid 9410 tid 9425 thread 15 bound to OS proc set 43
OMP: Info #250: KMP_AFFINITY: pid 9410 tid 9417 thread 7 bound to OS proc set 39
Elapsed time: 29.29
R: 151.594597, G: 49.390452, B: 71.300356
Parallel version with 32 threads
OMP: Info #212: KMP_AFFINITY: decoding x2APIC ids.
OMP: Info #210: KMP_AFFINITY: Affinity capable, using global cpuid leaf 11 info
OMP: Info #154: KMP_AFFINITY: Initial OS proc set respected: 0-7,36-43
OMP: Info #156: KMP_AFFINITY: 16 available OS procs
OMP: Info #157: KMP_AFFINITY: Uniform topology
OMP: Info #179: KMP_AFFINITY: 1 packages x 8 cores/pkg x 2 threads/core (8 total cores)
OMP: Info #214: KMP_AFFINITY: OS proc to physical thread map:
OMP: Info #171: KMP_AFFINITY: OS proc 0 maps to package 0 core 0 thread 0 
OMP: Info #171: KMP_AFFINITY: OS proc 36 maps to package 0 core 0 thread 1 
OMP: Info #171: KMP_AFFINITY: OS proc 1 maps to package 0 core 1 thread 0 
OMP: Info #171: KMP_AFFINITY: OS proc 37 maps to package 0 core 1 thread 1 
OMP: Info #171: KMP_AFFINITY: OS proc 2 maps to package 0 core 2 thread 0 
OMP: Info #171: KMP_AFFINITY: OS proc 38 maps to package 0 core 2 thread 1 
OMP: Info #171: KMP_AFFINITY: OS proc 3 maps to package 0 core 3 thread 0 
OMP: Info #171: KMP_AFFINITY: OS proc 39 maps to package 0 core 3 thread 1 
OMP: Info #171: KMP_AFFINITY: OS proc 4 maps to package 0 core 4 thread 0 
OMP: Info #171: KMP_AFFINITY: OS proc 40 maps to package 0 core 4 thread 1 
OMP: Info #171: KMP_AFFINITY: OS proc 5 maps to package 0 core 8 thread 0 
OMP: Info #171: KMP_AFFINITY: OS proc 41 maps to package 0 core 8 thread 1 
OMP: Info #171: KMP_AFFINITY: OS proc 6 maps to package 0 core 9 thread 0 
OMP: Info #171: KMP_AFFINITY: OS proc 42 maps to package 0 core 9 thread 1 
OMP: Info #171: KMP_AFFINITY: OS proc 7 maps to package 0 core 10 thread 0 
OMP: Info #171: KMP_AFFINITY: OS proc 43 maps to package 0 core 10 thread 1 
OMP: Info #250: KMP_AFFINITY: pid 9426 tid 9426 thread 0 bound to OS proc set 0
OMP: Info #250: KMP_AFFINITY: pid 9426 tid 9427 thread 1 bound to OS proc set 36
OMP: Info #250: KMP_AFFINITY: pid 9426 tid 9428 thread 2 bound to OS proc set 1
OMP: Info #250: KMP_AFFINITY: pid 9426 tid 9429 thread 3 bound to OS proc set 37
OMP: Info #250: KMP_AFFINITY: pid 9426 tid 9430 thread 4 bound to OS proc set 2
OMP: Info #250: KMP_AFFINITY: pid 9426 tid 9431 thread 5 bound to OS proc set 38
OMP: Info #250: KMP_AFFINITY: pid 9426 tid 9432 thread 6 bound to OS proc set 3
OMP: Info #250: KMP_AFFINITY: pid 9426 tid 9433 thread 7 bound to OS proc set 39
OMP: Info #250: KMP_AFFINITY: pid 9426 tid 9434 thread 8 bound to OS proc set 4
OMP: Info #250: KMP_AFFINITY: pid 9426 tid 9435 thread 9 bound to OS proc set 40
OMP: Info #250: KMP_AFFINITY: pid 9426 tid 9436 thread 10 bound to OS proc set 5
OMP: Info #250: KMP_AFFINITY: pid 9426 tid 9437 thread 11 bound to OS proc set 41
OMP: Info #250: KMP_AFFINITY: pid 9426 tid 9438 thread 12 bound to OS proc set 6
OMP: Info #250: KMP_AFFINITY: pid 9426 tid 9439 thread 13 bound to OS proc set 42
OMP: Info #250: KMP_AFFINITY: pid 9426 tid 9441 thread 15 bound to OS proc set 43
OMP: Info #250: KMP_AFFINITY: pid 9426 tid 9440 thread 14 bound to OS proc set 7
OMP: Info #250: KMP_AFFINITY: pid 9426 tid 9442 thread 16 bound to OS proc set 0
OMP: Info #250: KMP_AFFINITY: pid 9426 tid 9443 thread 17 bound to OS proc set 36
OMP: Info #250: KMP_AFFINITY: pid 9426 tid 9447 thread 21 bound to OS proc set 38
OMP: Info #250: KMP_AFFINITY: pid 9426 tid 9448 thread 22 bound to OS proc set 3
OMP: Info #250: KMP_AFFINITY: pid 9426 tid 9450 thread 24 bound to OS proc set 4
OMP: Info #250: KMP_AFFINITY: pid 9426 tid 9445 thread 19 bound to OS proc set 37
OMP: Info #250: KMP_AFFINITY: pid 9426 tid 9452 thread 26 bound to OS proc set 5
OMP: Info #250: KMP_AFFINITY: pid 9426 tid 9444 thread 18 bound to OS proc set 1
OMP: Info #250: KMP_AFFINITY: pid 9426 tid 9453 thread 27 bound to OS proc set 41
OMP: Info #250: KMP_AFFINITY: pid 9426 tid 9446 thread 20 bound to OS proc set 2
OMP: Info #250: KMP_AFFINITY: pid 9426 tid 9455 thread 29 bound to OS proc set 42
OMP: Info #250: KMP_AFFINITY: pid 9426 tid 9454 thread 28 bound to OS proc set 6
OMP: Info #250: KMP_AFFINITY: pid 9426 tid 9456 thread 30 bound to OS proc set 7
OMP: Info #250: KMP_AFFINITY: pid 9426 tid 9457 thread 31 bound to OS proc set 43
OMP: Info #250: KMP_AFFINITY: pid 9426 tid 9449 thread 23 bound to OS proc set 39
OMP: Info #250: KMP_AFFINITY: pid 9426 tid 9451 thread 25 bound to OS proc set 40
Elapsed time: 29.28
R: 151.594597, G: 49.390452, B: 71.300356
