Setting stack size to unlimited...
core file size          (blocks, -c) 0
data seg size           (kbytes, -d) unlimited
scheduling priority             (-e) 0
file size               (blocks, -f) unlimited
pending signals                 (-i) 1030873
max locked memory       (kbytes, -l) unlimited
max memory size         (kbytes, -m) 253952000
open files                      (-n) 1024
pipe size            (512 bytes, -p) 8
POSIX message queues     (bytes, -q) 819200
real-time priority              (-r) 0
stack size              (kbytes, -s) unlimited
cpu time               (seconds, -t) unlimited
max user processes              (-u) 4096
virtual memory          (kbytes, -v) unlimited
file locks                      (-x) unlimited

Running Job...!
===============================================================================
Running compiled binary...
Serial version...
Elapsed time: 197.55
R: 149.659528, G: 148.049722, B: 139.202555
Parallel version with 1 threads
OMP: Info #212: KMP_AFFINITY: decoding x2APIC ids.
OMP: Info #210: KMP_AFFINITY: Affinity capable, using global cpuid leaf 11 info
OMP: Info #154: KMP_AFFINITY: Initial OS proc set respected: 0-15
OMP: Info #156: KMP_AFFINITY: 16 available OS procs
OMP: Info #158: KMP_AFFINITY: Nonuniform topology
OMP: Info #179: KMP_AFFINITY: 2 packages x 10 cores/pkg x 1 threads/core (16 total cores)
OMP: Info #214: KMP_AFFINITY: OS proc to physical thread map:
OMP: Info #171: KMP_AFFINITY: OS proc 0 maps to package 0 core 0 
OMP: Info #171: KMP_AFFINITY: OS proc 1 maps to package 0 core 1 
OMP: Info #171: KMP_AFFINITY: OS proc 2 maps to package 0 core 2 
OMP: Info #171: KMP_AFFINITY: OS proc 3 maps to package 0 core 3 
OMP: Info #171: KMP_AFFINITY: OS proc 4 maps to package 0 core 4 
OMP: Info #171: KMP_AFFINITY: OS proc 5 maps to package 0 core 8 
OMP: Info #171: KMP_AFFINITY: OS proc 6 maps to package 0 core 9 
OMP: Info #171: KMP_AFFINITY: OS proc 7 maps to package 0 core 10 
OMP: Info #171: KMP_AFFINITY: OS proc 8 maps to package 0 core 11 
OMP: Info #171: KMP_AFFINITY: OS proc 9 maps to package 0 core 12 
OMP: Info #171: KMP_AFFINITY: OS proc 10 maps to package 1 core 0 
OMP: Info #171: KMP_AFFINITY: OS proc 11 maps to package 1 core 1 
OMP: Info #171: KMP_AFFINITY: OS proc 12 maps to package 1 core 2 
OMP: Info #171: KMP_AFFINITY: OS proc 13 maps to package 1 core 3 
OMP: Info #171: KMP_AFFINITY: OS proc 14 maps to package 1 core 4 
OMP: Info #171: KMP_AFFINITY: OS proc 15 maps to package 1 core 8 
OMP: Info #250: KMP_AFFINITY: pid 29990 tid 29990 thread 0 bound to OS proc set 0
Elapsed time: 104.95
R: 149.659528, G: 148.049722, B: 139.202555
Parallel version with 2 threads
OMP: Info #212: KMP_AFFINITY: decoding x2APIC ids.
OMP: Info #210: KMP_AFFINITY: Affinity capable, using global cpuid leaf 11 info
OMP: Info #154: KMP_AFFINITY: Initial OS proc set respected: 0-15
OMP: Info #156: KMP_AFFINITY: 16 available OS procs
OMP: Info #158: KMP_AFFINITY: Nonuniform topology
OMP: Info #179: KMP_AFFINITY: 2 packages x 10 cores/pkg x 1 threads/core (16 total cores)
OMP: Info #214: KMP_AFFINITY: OS proc to physical thread map:
OMP: Info #171: KMP_AFFINITY: OS proc 0 maps to package 0 core 0 
OMP: Info #171: KMP_AFFINITY: OS proc 1 maps to package 0 core 1 
OMP: Info #171: KMP_AFFINITY: OS proc 2 maps to package 0 core 2 
OMP: Info #171: KMP_AFFINITY: OS proc 3 maps to package 0 core 3 
OMP: Info #171: KMP_AFFINITY: OS proc 4 maps to package 0 core 4 
OMP: Info #171: KMP_AFFINITY: OS proc 5 maps to package 0 core 8 
OMP: Info #171: KMP_AFFINITY: OS proc 6 maps to package 0 core 9 
OMP: Info #171: KMP_AFFINITY: OS proc 7 maps to package 0 core 10 
OMP: Info #171: KMP_AFFINITY: OS proc 8 maps to package 0 core 11 
OMP: Info #171: KMP_AFFINITY: OS proc 9 maps to package 0 core 12 
OMP: Info #171: KMP_AFFINITY: OS proc 10 maps to package 1 core 0 
OMP: Info #171: KMP_AFFINITY: OS proc 11 maps to package 1 core 1 
OMP: Info #171: KMP_AFFINITY: OS proc 12 maps to package 1 core 2 
OMP: Info #171: KMP_AFFINITY: OS proc 13 maps to package 1 core 3 
OMP: Info #171: KMP_AFFINITY: OS proc 14 maps to package 1 core 4 
OMP: Info #171: KMP_AFFINITY: OS proc 15 maps to package 1 core 8 
OMP: Info #250: KMP_AFFINITY: pid 29991 tid 29991 thread 0 bound to OS proc set 0
OMP: Info #250: KMP_AFFINITY: pid 29991 tid 29992 thread 1 bound to OS proc set 1
Elapsed time: 57.31
R: 149.659528, G: 148.049722, B: 139.202555
Parallel version with 4 threads
OMP: Info #212: KMP_AFFINITY: decoding x2APIC ids.
OMP: Info #210: KMP_AFFINITY: Affinity capable, using global cpuid leaf 11 info
OMP: Info #154: KMP_AFFINITY: Initial OS proc set respected: 0-15
OMP: Info #156: KMP_AFFINITY: 16 available OS procs
OMP: Info #158: KMP_AFFINITY: Nonuniform topology
OMP: Info #179: KMP_AFFINITY: 2 packages x 10 cores/pkg x 1 threads/core (16 total cores)
OMP: Info #214: KMP_AFFINITY: OS proc to physical thread map:
OMP: Info #171: KMP_AFFINITY: OS proc 0 maps to package 0 core 0 
OMP: Info #171: KMP_AFFINITY: OS proc 1 maps to package 0 core 1 
OMP: Info #171: KMP_AFFINITY: OS proc 2 maps to package 0 core 2 
OMP: Info #171: KMP_AFFINITY: OS proc 3 maps to package 0 core 3 
OMP: Info #171: KMP_AFFINITY: OS proc 4 maps to package 0 core 4 
OMP: Info #171: KMP_AFFINITY: OS proc 5 maps to package 0 core 8 
OMP: Info #171: KMP_AFFINITY: OS proc 6 maps to package 0 core 9 
OMP: Info #171: KMP_AFFINITY: OS proc 7 maps to package 0 core 10 
OMP: Info #171: KMP_AFFINITY: OS proc 8 maps to package 0 core 11 
OMP: Info #171: KMP_AFFINITY: OS proc 9 maps to package 0 core 12 
OMP: Info #171: KMP_AFFINITY: OS proc 10 maps to package 1 core 0 
OMP: Info #171: KMP_AFFINITY: OS proc 11 maps to package 1 core 1 
OMP: Info #171: KMP_AFFINITY: OS proc 12 maps to package 1 core 2 
OMP: Info #171: KMP_AFFINITY: OS proc 13 maps to package 1 core 3 
OMP: Info #171: KMP_AFFINITY: OS proc 14 maps to package 1 core 4 
OMP: Info #171: KMP_AFFINITY: OS proc 15 maps to package 1 core 8 
OMP: Info #250: KMP_AFFINITY: pid 29994 tid 29994 thread 0 bound to OS proc set 0
OMP: Info #250: KMP_AFFINITY: pid 29994 tid 29996 thread 2 bound to OS proc set 2
OMP: Info #250: KMP_AFFINITY: pid 29994 tid 29995 thread 1 bound to OS proc set 1
OMP: Info #250: KMP_AFFINITY: pid 29994 tid 29997 thread 3 bound to OS proc set 3
Elapsed time: 32.46
R: 149.659528, G: 148.049722, B: 139.202555
Parallel version with 8 threads
OMP: Info #212: KMP_AFFINITY: decoding x2APIC ids.
OMP: Info #210: KMP_AFFINITY: Affinity capable, using global cpuid leaf 11 info
OMP: Info #154: KMP_AFFINITY: Initial OS proc set respected: 0-15
OMP: Info #156: KMP_AFFINITY: 16 available OS procs
OMP: Info #158: KMP_AFFINITY: Nonuniform topology
OMP: Info #179: KMP_AFFINITY: 2 packages x 10 cores/pkg x 1 threads/core (16 total cores)
OMP: Info #214: KMP_AFFINITY: OS proc to physical thread map:
OMP: Info #171: KMP_AFFINITY: OS proc 0 maps to package 0 core 0 
OMP: Info #171: KMP_AFFINITY: OS proc 1 maps to package 0 core 1 
OMP: Info #171: KMP_AFFINITY: OS proc 2 maps to package 0 core 2 
OMP: Info #171: KMP_AFFINITY: OS proc 3 maps to package 0 core 3 
OMP: Info #171: KMP_AFFINITY: OS proc 4 maps to package 0 core 4 
OMP: Info #171: KMP_AFFINITY: OS proc 5 maps to package 0 core 8 
OMP: Info #171: KMP_AFFINITY: OS proc 6 maps to package 0 core 9 
OMP: Info #171: KMP_AFFINITY: OS proc 7 maps to package 0 core 10 
OMP: Info #171: KMP_AFFINITY: OS proc 8 maps to package 0 core 11 
OMP: Info #171: KMP_AFFINITY: OS proc 9 maps to package 0 core 12 
OMP: Info #171: KMP_AFFINITY: OS proc 10 maps to package 1 core 0 
OMP: Info #171: KMP_AFFINITY: OS proc 11 maps to package 1 core 1 
OMP: Info #171: KMP_AFFINITY: OS proc 12 maps to package 1 core 2 
OMP: Info #171: KMP_AFFINITY: OS proc 13 maps to package 1 core 3 
OMP: Info #171: KMP_AFFINITY: OS proc 14 maps to package 1 core 4 
OMP: Info #171: KMP_AFFINITY: OS proc 15 maps to package 1 core 8 
OMP: Info #250: KMP_AFFINITY: pid 30005 tid 30005 thread 0 bound to OS proc set 0
OMP: Info #250: KMP_AFFINITY: pid 30005 tid 30007 thread 1 bound to OS proc set 1
OMP: Info #250: KMP_AFFINITY: pid 30005 tid 30008 thread 2 bound to OS proc set 2
OMP: Info #250: KMP_AFFINITY: pid 30005 tid 30009 thread 3 bound to OS proc set 3
OMP: Info #250: KMP_AFFINITY: pid 30005 tid 30010 thread 4 bound to OS proc set 4
OMP: Info #250: KMP_AFFINITY: pid 30005 tid 30011 thread 5 bound to OS proc set 5
OMP: Info #250: KMP_AFFINITY: pid 30005 tid 30012 thread 6 bound to OS proc set 6
OMP: Info #250: KMP_AFFINITY: pid 30005 tid 30013 thread 7 bound to OS proc set 7
Elapsed time: 18.59
R: 149.659528, G: 148.049722, B: 139.202555
Parallel version with 16 threads
OMP: Info #212: KMP_AFFINITY: decoding x2APIC ids.
OMP: Info #210: KMP_AFFINITY: Affinity capable, using global cpuid leaf 11 info
OMP: Info #154: KMP_AFFINITY: Initial OS proc set respected: 0-15
OMP: Info #156: KMP_AFFINITY: 16 available OS procs
OMP: Info #158: KMP_AFFINITY: Nonuniform topology
OMP: Info #179: KMP_AFFINITY: 2 packages x 10 cores/pkg x 1 threads/core (16 total cores)
OMP: Info #214: KMP_AFFINITY: OS proc to physical thread map:
OMP: Info #171: KMP_AFFINITY: OS proc 0 maps to package 0 core 0 
OMP: Info #171: KMP_AFFINITY: OS proc 1 maps to package 0 core 1 
OMP: Info #171: KMP_AFFINITY: OS proc 2 maps to package 0 core 2 
OMP: Info #171: KMP_AFFINITY: OS proc 3 maps to package 0 core 3 
OMP: Info #171: KMP_AFFINITY: OS proc 4 maps to package 0 core 4 
OMP: Info #171: KMP_AFFINITY: OS proc 5 maps to package 0 core 8 
OMP: Info #171: KMP_AFFINITY: OS proc 6 maps to package 0 core 9 
OMP: Info #171: KMP_AFFINITY: OS proc 7 maps to package 0 core 10 
OMP: Info #171: KMP_AFFINITY: OS proc 8 maps to package 0 core 11 
OMP: Info #171: KMP_AFFINITY: OS proc 9 maps to package 0 core 12 
OMP: Info #171: KMP_AFFINITY: OS proc 10 maps to package 1 core 0 
OMP: Info #171: KMP_AFFINITY: OS proc 11 maps to package 1 core 1 
OMP: Info #171: KMP_AFFINITY: OS proc 12 maps to package 1 core 2 
OMP: Info #171: KMP_AFFINITY: OS proc 13 maps to package 1 core 3 
OMP: Info #171: KMP_AFFINITY: OS proc 14 maps to package 1 core 4 
OMP: Info #171: KMP_AFFINITY: OS proc 15 maps to package 1 core 8 
OMP: Info #250: KMP_AFFINITY: pid 30015 tid 30015 thread 0 bound to OS proc set 0
OMP: Info #250: KMP_AFFINITY: pid 30015 tid 30016 thread 1 bound to OS proc set 1
OMP: Info #250: KMP_AFFINITY: pid 30015 tid 30018 thread 3 bound to OS proc set 3
OMP: Info #250: KMP_AFFINITY: pid 30015 tid 30017 thread 2 bound to OS proc set 2
OMP: Info #250: KMP_AFFINITY: pid 30015 tid 30019 thread 4 bound to OS proc set 4
OMP: Info #250: KMP_AFFINITY: pid 30015 tid 30020 thread 5 bound to OS proc set 5
OMP: Info #250: KMP_AFFINITY: pid 30015 tid 30022 thread 7 bound to OS proc set 7
OMP: Info #250: KMP_AFFINITY: pid 30015 tid 30021 thread 6 bound to OS proc set 6
OMP: Info #250: KMP_AFFINITY: pid 30015 tid 30023 thread 8 bound to OS proc set 8
OMP: Info #250: KMP_AFFINITY: pid 30015 tid 30024 thread 9 bound to OS proc set 9
OMP: Info #250: KMP_AFFINITY: pid 30015 tid 30026 thread 11 bound to OS proc set 11
OMP: Info #250: KMP_AFFINITY: pid 30015 tid 30027 thread 12 bound to OS proc set 12
OMP: Info #250: KMP_AFFINITY: pid 30015 tid 30025 thread 10 bound to OS proc set 10
OMP: Info #250: KMP_AFFINITY: pid 30015 tid 30028 thread 13 bound to OS proc set 13
OMP: Info #250: KMP_AFFINITY: pid 30015 tid 30029 thread 14 bound to OS proc set 14
OMP: Info #250: KMP_AFFINITY: pid 30015 tid 30030 thread 15 bound to OS proc set 15
Elapsed time: 11.74
R: 149.659528, G: 148.049722, B: 139.202555
Parallel version with 32 threads
OMP: Info #212: KMP_AFFINITY: decoding x2APIC ids.
OMP: Info #210: KMP_AFFINITY: Affinity capable, using global cpuid leaf 11 info
OMP: Info #154: KMP_AFFINITY: Initial OS proc set respected: 0-15
OMP: Info #156: KMP_AFFINITY: 16 available OS procs
OMP: Info #158: KMP_AFFINITY: Nonuniform topology
OMP: Info #179: KMP_AFFINITY: 2 packages x 10 cores/pkg x 1 threads/core (16 total cores)
OMP: Info #214: KMP_AFFINITY: OS proc to physical thread map:
OMP: Info #171: KMP_AFFINITY: OS proc 0 maps to package 0 core 0 
OMP: Info #171: KMP_AFFINITY: OS proc 1 maps to package 0 core 1 
OMP: Info #171: KMP_AFFINITY: OS proc 2 maps to package 0 core 2 
OMP: Info #171: KMP_AFFINITY: OS proc 3 maps to package 0 core 3 
OMP: Info #171: KMP_AFFINITY: OS proc 4 maps to package 0 core 4 
OMP: Info #171: KMP_AFFINITY: OS proc 5 maps to package 0 core 8 
OMP: Info #171: KMP_AFFINITY: OS proc 6 maps to package 0 core 9 
OMP: Info #171: KMP_AFFINITY: OS proc 7 maps to package 0 core 10 
OMP: Info #171: KMP_AFFINITY: OS proc 8 maps to package 0 core 11 
OMP: Info #171: KMP_AFFINITY: OS proc 9 maps to package 0 core 12 
OMP: Info #171: KMP_AFFINITY: OS proc 10 maps to package 1 core 0 
OMP: Info #171: KMP_AFFINITY: OS proc 11 maps to package 1 core 1 
OMP: Info #171: KMP_AFFINITY: OS proc 12 maps to package 1 core 2 
OMP: Info #171: KMP_AFFINITY: OS proc 13 maps to package 1 core 3 
OMP: Info #171: KMP_AFFINITY: OS proc 14 maps to package 1 core 4 
OMP: Info #171: KMP_AFFINITY: OS proc 15 maps to package 1 core 8 
OMP: Info #250: KMP_AFFINITY: pid 30031 tid 30031 thread 0 bound to OS proc set 0
OMP: Info #250: KMP_AFFINITY: pid 30031 tid 30034 thread 2 bound to OS proc set 2
OMP: Info #250: KMP_AFFINITY: pid 30031 tid 30033 thread 1 bound to OS proc set 1
OMP: Info #250: KMP_AFFINITY: pid 30031 tid 30036 thread 4 bound to OS proc set 4
OMP: Info #250: KMP_AFFINITY: pid 30031 tid 30035 thread 3 bound to OS proc set 3
OMP: Info #250: KMP_AFFINITY: pid 30031 tid 30037 thread 5 bound to OS proc set 5
OMP: Info #250: KMP_AFFINITY: pid 30031 tid 30038 thread 6 bound to OS proc set 6
OMP: Info #250: KMP_AFFINITY: pid 30031 tid 30039 thread 7 bound to OS proc set 7
OMP: Info #250: KMP_AFFINITY: pid 30031 tid 30040 thread 8 bound to OS proc set 8
OMP: Info #250: KMP_AFFINITY: pid 30031 tid 30041 thread 9 bound to OS proc set 9
OMP: Info #250: KMP_AFFINITY: pid 30031 tid 30043 thread 11 bound to OS proc set 11
OMP: Info #250: KMP_AFFINITY: pid 30031 tid 30042 thread 10 bound to OS proc set 10
OMP: Info #250: KMP_AFFINITY: pid 30031 tid 30044 thread 12 bound to OS proc set 12
OMP: Info #250: KMP_AFFINITY: pid 30031 tid 30045 thread 13 bound to OS proc set 13
OMP: Info #250: KMP_AFFINITY: pid 30031 tid 30049 thread 17 bound to OS proc set 1
OMP: Info #250: KMP_AFFINITY: pid 30031 tid 30048 thread 16 bound to OS proc set 0
OMP: Info #250: KMP_AFFINITY: pid 30031 tid 30051 thread 19 bound to OS proc set 3
OMP: Info #250: KMP_AFFINITY: pid 30031 tid 30047 thread 15 bound to OS proc set 15
OMP: Info #250: KMP_AFFINITY: pid 30031 tid 30053 thread 21 bound to OS proc set 5
OMP: Info #250: KMP_AFFINITY: pid 30031 tid 30052 thread 20 bound to OS proc set 4
OMP: Info #250: KMP_AFFINITY: pid 30031 tid 30054 thread 22 bound to OS proc set 6
OMP: Info #250: KMP_AFFINITY: pid 30031 tid 30046 thread 14 bound to OS proc set 14
OMP: Info #250: KMP_AFFINITY: pid 30031 tid 30057 thread 25 bound to OS proc set 9
OMP: Info #250: KMP_AFFINITY: pid 30031 tid 30055 thread 23 bound to OS proc set 7
OMP: Info #250: KMP_AFFINITY: pid 30031 tid 30056 thread 24 bound to OS proc set 8
OMP: Info #250: KMP_AFFINITY: pid 30031 tid 30050 thread 18 bound to OS proc set 2
OMP: Info #250: KMP_AFFINITY: pid 30031 tid 30061 thread 29 bound to OS proc set 13
OMP: Info #250: KMP_AFFINITY: pid 30031 tid 30060 thread 28 bound to OS proc set 12
OMP: Info #250: KMP_AFFINITY: pid 30031 tid 30063 thread 31 bound to OS proc set 15
OMP: Info #250: KMP_AFFINITY: pid 30031 tid 30062 thread 30 bound to OS proc set 14
OMP: Info #250: KMP_AFFINITY: pid 30031 tid 30059 thread 27 bound to OS proc set 11
OMP: Info #250: KMP_AFFINITY: pid 30031 tid 30058 thread 26 bound to OS proc set 10
Elapsed time: 11.67
R: 149.659528, G: 148.049722, B: 139.202555
