Setting stack size to unlimited...
core file size          (blocks, -c) 0
data seg size           (kbytes, -d) unlimited
scheduling priority             (-e) 0
file size               (blocks, -f) unlimited
pending signals                 (-i) 1030873
max locked memory       (kbytes, -l) unlimited
max memory size         (kbytes, -m) 253952000
open files                      (-n) 1024
pipe size            (512 bytes, -p) 8
POSIX message queues     (bytes, -q) 819200
real-time priority              (-r) 0
stack size              (kbytes, -s) unlimited
cpu time               (seconds, -t) unlimited
max user processes              (-u) 4096
virtual memory          (kbytes, -v) unlimited
file locks                      (-x) unlimited

Running Job...!
===============================================================================
Running compiled binary...
Serial version...
Elapsed time: 198.51
R: 149.659528, G: 148.049722, B: 139.202555
Parallel version with 1 threads
OMP: Info #212: KMP_AFFINITY: decoding x2APIC ids.
OMP: Info #210: KMP_AFFINITY: Affinity capable, using global cpuid leaf 11 info
OMP: Info #154: KMP_AFFINITY: Initial OS proc set respected: 0-15
OMP: Info #156: KMP_AFFINITY: 16 available OS procs
OMP: Info #158: KMP_AFFINITY: Nonuniform topology
OMP: Info #179: KMP_AFFINITY: 2 packages x 10 cores/pkg x 1 threads/core (16 total cores)
OMP: Info #214: KMP_AFFINITY: OS proc to physical thread map:
OMP: Info #171: KMP_AFFINITY: OS proc 0 maps to package 0 core 0 
OMP: Info #171: KMP_AFFINITY: OS proc 1 maps to package 0 core 1 
OMP: Info #171: KMP_AFFINITY: OS proc 2 maps to package 0 core 2 
OMP: Info #171: KMP_AFFINITY: OS proc 3 maps to package 0 core 3 
OMP: Info #171: KMP_AFFINITY: OS proc 4 maps to package 0 core 4 
OMP: Info #171: KMP_AFFINITY: OS proc 5 maps to package 0 core 8 
OMP: Info #171: KMP_AFFINITY: OS proc 6 maps to package 0 core 9 
OMP: Info #171: KMP_AFFINITY: OS proc 7 maps to package 0 core 10 
OMP: Info #171: KMP_AFFINITY: OS proc 8 maps to package 0 core 11 
OMP: Info #171: KMP_AFFINITY: OS proc 9 maps to package 0 core 12 
OMP: Info #171: KMP_AFFINITY: OS proc 10 maps to package 1 core 0 
OMP: Info #171: KMP_AFFINITY: OS proc 11 maps to package 1 core 1 
OMP: Info #171: KMP_AFFINITY: OS proc 12 maps to package 1 core 2 
OMP: Info #171: KMP_AFFINITY: OS proc 13 maps to package 1 core 3 
OMP: Info #171: KMP_AFFINITY: OS proc 14 maps to package 1 core 4 
OMP: Info #171: KMP_AFFINITY: OS proc 15 maps to package 1 core 8 
OMP: Info #250: KMP_AFFINITY: pid 61838 tid 61838 thread 0 bound to OS proc set 0
Elapsed time: 105.62
R: 149.659528, G: 148.049722, B: 139.202555
Parallel version with 2 threads
OMP: Info #212: KMP_AFFINITY: decoding x2APIC ids.
OMP: Info #210: KMP_AFFINITY: Affinity capable, using global cpuid leaf 11 info
OMP: Info #154: KMP_AFFINITY: Initial OS proc set respected: 0-15
OMP: Info #156: KMP_AFFINITY: 16 available OS procs
OMP: Info #158: KMP_AFFINITY: Nonuniform topology
OMP: Info #179: KMP_AFFINITY: 2 packages x 10 cores/pkg x 1 threads/core (16 total cores)
OMP: Info #214: KMP_AFFINITY: OS proc to physical thread map:
OMP: Info #171: KMP_AFFINITY: OS proc 0 maps to package 0 core 0 
OMP: Info #171: KMP_AFFINITY: OS proc 1 maps to package 0 core 1 
OMP: Info #171: KMP_AFFINITY: OS proc 2 maps to package 0 core 2 
OMP: Info #171: KMP_AFFINITY: OS proc 3 maps to package 0 core 3 
OMP: Info #171: KMP_AFFINITY: OS proc 4 maps to package 0 core 4 
OMP: Info #171: KMP_AFFINITY: OS proc 5 maps to package 0 core 8 
OMP: Info #171: KMP_AFFINITY: OS proc 6 maps to package 0 core 9 
OMP: Info #171: KMP_AFFINITY: OS proc 7 maps to package 0 core 10 
OMP: Info #171: KMP_AFFINITY: OS proc 8 maps to package 0 core 11 
OMP: Info #171: KMP_AFFINITY: OS proc 9 maps to package 0 core 12 
OMP: Info #171: KMP_AFFINITY: OS proc 10 maps to package 1 core 0 
OMP: Info #171: KMP_AFFINITY: OS proc 11 maps to package 1 core 1 
OMP: Info #171: KMP_AFFINITY: OS proc 12 maps to package 1 core 2 
OMP: Info #171: KMP_AFFINITY: OS proc 13 maps to package 1 core 3 
OMP: Info #171: KMP_AFFINITY: OS proc 14 maps to package 1 core 4 
OMP: Info #171: KMP_AFFINITY: OS proc 15 maps to package 1 core 8 
OMP: Info #250: KMP_AFFINITY: pid 61848 tid 61848 thread 0 bound to OS proc set 0
OMP: Info #250: KMP_AFFINITY: pid 61848 tid 61849 thread 1 bound to OS proc set 1
Elapsed time: 58.11
R: 149.659528, G: 148.049722, B: 139.202555
Parallel version with 4 threads
OMP: Info #212: KMP_AFFINITY: decoding x2APIC ids.
OMP: Info #210: KMP_AFFINITY: Affinity capable, using global cpuid leaf 11 info
OMP: Info #154: KMP_AFFINITY: Initial OS proc set respected: 0-15
OMP: Info #156: KMP_AFFINITY: 16 available OS procs
OMP: Info #158: KMP_AFFINITY: Nonuniform topology
OMP: Info #179: KMP_AFFINITY: 2 packages x 10 cores/pkg x 1 threads/core (16 total cores)
OMP: Info #214: KMP_AFFINITY: OS proc to physical thread map:
OMP: Info #171: KMP_AFFINITY: OS proc 0 maps to package 0 core 0 
OMP: Info #171: KMP_AFFINITY: OS proc 1 maps to package 0 core 1 
OMP: Info #171: KMP_AFFINITY: OS proc 2 maps to package 0 core 2 
OMP: Info #171: KMP_AFFINITY: OS proc 3 maps to package 0 core 3 
OMP: Info #171: KMP_AFFINITY: OS proc 4 maps to package 0 core 4 
OMP: Info #171: KMP_AFFINITY: OS proc 5 maps to package 0 core 8 
OMP: Info #171: KMP_AFFINITY: OS proc 6 maps to package 0 core 9 
OMP: Info #171: KMP_AFFINITY: OS proc 7 maps to package 0 core 10 
OMP: Info #171: KMP_AFFINITY: OS proc 8 maps to package 0 core 11 
OMP: Info #171: KMP_AFFINITY: OS proc 9 maps to package 0 core 12 
OMP: Info #171: KMP_AFFINITY: OS proc 10 maps to package 1 core 0 
OMP: Info #171: KMP_AFFINITY: OS proc 11 maps to package 1 core 1 
OMP: Info #171: KMP_AFFINITY: OS proc 12 maps to package 1 core 2 
OMP: Info #171: KMP_AFFINITY: OS proc 13 maps to package 1 core 3 
OMP: Info #171: KMP_AFFINITY: OS proc 14 maps to package 1 core 4 
OMP: Info #171: KMP_AFFINITY: OS proc 15 maps to package 1 core 8 
OMP: Info #250: KMP_AFFINITY: pid 61850 tid 61850 thread 0 bound to OS proc set 0
OMP: Info #250: KMP_AFFINITY: pid 61850 tid 61852 thread 1 bound to OS proc set 1
OMP: Info #250: KMP_AFFINITY: pid 61850 tid 61853 thread 2 bound to OS proc set 2
OMP: Info #250: KMP_AFFINITY: pid 61850 tid 61854 thread 3 bound to OS proc set 3
Elapsed time: 33.01
R: 149.659528, G: 148.049722, B: 139.202555
Parallel version with 8 threads
OMP: Info #212: KMP_AFFINITY: decoding x2APIC ids.
OMP: Info #210: KMP_AFFINITY: Affinity capable, using global cpuid leaf 11 info
OMP: Info #154: KMP_AFFINITY: Initial OS proc set respected: 0-15
OMP: Info #156: KMP_AFFINITY: 16 available OS procs
OMP: Info #158: KMP_AFFINITY: Nonuniform topology
OMP: Info #179: KMP_AFFINITY: 2 packages x 10 cores/pkg x 1 threads/core (16 total cores)
OMP: Info #214: KMP_AFFINITY: OS proc to physical thread map:
OMP: Info #171: KMP_AFFINITY: OS proc 0 maps to package 0 core 0 
OMP: Info #171: KMP_AFFINITY: OS proc 1 maps to package 0 core 1 
OMP: Info #171: KMP_AFFINITY: OS proc 2 maps to package 0 core 2 
OMP: Info #171: KMP_AFFINITY: OS proc 3 maps to package 0 core 3 
OMP: Info #171: KMP_AFFINITY: OS proc 4 maps to package 0 core 4 
OMP: Info #171: KMP_AFFINITY: OS proc 5 maps to package 0 core 8 
OMP: Info #171: KMP_AFFINITY: OS proc 6 maps to package 0 core 9 
OMP: Info #171: KMP_AFFINITY: OS proc 7 maps to package 0 core 10 
OMP: Info #171: KMP_AFFINITY: OS proc 8 maps to package 0 core 11 
OMP: Info #171: KMP_AFFINITY: OS proc 9 maps to package 0 core 12 
OMP: Info #171: KMP_AFFINITY: OS proc 10 maps to package 1 core 0 
OMP: Info #171: KMP_AFFINITY: OS proc 11 maps to package 1 core 1 
OMP: Info #171: KMP_AFFINITY: OS proc 12 maps to package 1 core 2 
OMP: Info #171: KMP_AFFINITY: OS proc 13 maps to package 1 core 3 
OMP: Info #171: KMP_AFFINITY: OS proc 14 maps to package 1 core 4 
OMP: Info #171: KMP_AFFINITY: OS proc 15 maps to package 1 core 8 
OMP: Info #250: KMP_AFFINITY: pid 61856 tid 61856 thread 0 bound to OS proc set 0
OMP: Info #250: KMP_AFFINITY: pid 61856 tid 61857 thread 1 bound to OS proc set 1
OMP: Info #250: KMP_AFFINITY: pid 61856 tid 61858 thread 2 bound to OS proc set 2
OMP: Info #250: KMP_AFFINITY: pid 61856 tid 61859 thread 3 bound to OS proc set 3
OMP: Info #250: KMP_AFFINITY: pid 61856 tid 61861 thread 5 bound to OS proc set 5
OMP: Info #250: KMP_AFFINITY: pid 61856 tid 61860 thread 4 bound to OS proc set 4
OMP: Info #250: KMP_AFFINITY: pid 61856 tid 61862 thread 6 bound to OS proc set 6
OMP: Info #250: KMP_AFFINITY: pid 61856 tid 61863 thread 7 bound to OS proc set 7
Elapsed time: 19.20
R: 149.659528, G: 148.049722, B: 139.202555
Parallel version with 16 threads
OMP: Info #212: KMP_AFFINITY: decoding x2APIC ids.
OMP: Info #210: KMP_AFFINITY: Affinity capable, using global cpuid leaf 11 info
OMP: Info #154: KMP_AFFINITY: Initial OS proc set respected: 0-15
OMP: Info #156: KMP_AFFINITY: 16 available OS procs
OMP: Info #158: KMP_AFFINITY: Nonuniform topology
OMP: Info #179: KMP_AFFINITY: 2 packages x 10 cores/pkg x 1 threads/core (16 total cores)
OMP: Info #214: KMP_AFFINITY: OS proc to physical thread map:
OMP: Info #171: KMP_AFFINITY: OS proc 0 maps to package 0 core 0 
OMP: Info #171: KMP_AFFINITY: OS proc 1 maps to package 0 core 1 
OMP: Info #171: KMP_AFFINITY: OS proc 2 maps to package 0 core 2 
OMP: Info #171: KMP_AFFINITY: OS proc 3 maps to package 0 core 3 
OMP: Info #171: KMP_AFFINITY: OS proc 4 maps to package 0 core 4 
OMP: Info #171: KMP_AFFINITY: OS proc 5 maps to package 0 core 8 
OMP: Info #171: KMP_AFFINITY: OS proc 6 maps to package 0 core 9 
OMP: Info #171: KMP_AFFINITY: OS proc 7 maps to package 0 core 10 
OMP: Info #171: KMP_AFFINITY: OS proc 8 maps to package 0 core 11 
OMP: Info #171: KMP_AFFINITY: OS proc 9 maps to package 0 core 12 
OMP: Info #171: KMP_AFFINITY: OS proc 10 maps to package 1 core 0 
OMP: Info #171: KMP_AFFINITY: OS proc 11 maps to package 1 core 1 
OMP: Info #171: KMP_AFFINITY: OS proc 12 maps to package 1 core 2 
OMP: Info #171: KMP_AFFINITY: OS proc 13 maps to package 1 core 3 
OMP: Info #171: KMP_AFFINITY: OS proc 14 maps to package 1 core 4 
OMP: Info #171: KMP_AFFINITY: OS proc 15 maps to package 1 core 8 
OMP: Info #250: KMP_AFFINITY: pid 61864 tid 61864 thread 0 bound to OS proc set 0
OMP: Info #250: KMP_AFFINITY: pid 61864 tid 61865 thread 1 bound to OS proc set 1
OMP: Info #250: KMP_AFFINITY: pid 61864 tid 61866 thread 2 bound to OS proc set 2
OMP: Info #250: KMP_AFFINITY: pid 61864 tid 61868 thread 4 bound to OS proc set 4
OMP: Info #250: KMP_AFFINITY: pid 61864 tid 61867 thread 3 bound to OS proc set 3
OMP: Info #250: KMP_AFFINITY: pid 61864 tid 61869 thread 5 bound to OS proc set 5
OMP: Info #250: KMP_AFFINITY: pid 61864 tid 61870 thread 6 bound to OS proc set 6
OMP: Info #250: KMP_AFFINITY: pid 61864 tid 61871 thread 7 bound to OS proc set 7
OMP: Info #250: KMP_AFFINITY: pid 61864 tid 61872 thread 8 bound to OS proc set 8
OMP: Info #250: KMP_AFFINITY: pid 61864 tid 61873 thread 9 bound to OS proc set 9
OMP: Info #250: KMP_AFFINITY: pid 61864 tid 61874 thread 10 bound to OS proc set 10
OMP: Info #250: KMP_AFFINITY: pid 61864 tid 61875 thread 11 bound to OS proc set 11
OMP: Info #250: KMP_AFFINITY: pid 61864 tid 61876 thread 12 bound to OS proc set 12
OMP: Info #250: KMP_AFFINITY: pid 61864 tid 61877 thread 13 bound to OS proc set 13
OMP: Info #250: KMP_AFFINITY: pid 61864 tid 61879 thread 15 bound to OS proc set 15
OMP: Info #250: KMP_AFFINITY: pid 61864 tid 61878 thread 14 bound to OS proc set 14
Elapsed time: 12.53
R: 149.659528, G: 148.049722, B: 139.202555
Parallel version with 32 threads
OMP: Info #212: KMP_AFFINITY: decoding x2APIC ids.
OMP: Info #210: KMP_AFFINITY: Affinity capable, using global cpuid leaf 11 info
OMP: Info #154: KMP_AFFINITY: Initial OS proc set respected: 0-15
OMP: Info #156: KMP_AFFINITY: 16 available OS procs
OMP: Info #158: KMP_AFFINITY: Nonuniform topology
OMP: Info #179: KMP_AFFINITY: 2 packages x 10 cores/pkg x 1 threads/core (16 total cores)
OMP: Info #214: KMP_AFFINITY: OS proc to physical thread map:
OMP: Info #171: KMP_AFFINITY: OS proc 0 maps to package 0 core 0 
OMP: Info #171: KMP_AFFINITY: OS proc 1 maps to package 0 core 1 
OMP: Info #171: KMP_AFFINITY: OS proc 2 maps to package 0 core 2 
OMP: Info #171: KMP_AFFINITY: OS proc 3 maps to package 0 core 3 
OMP: Info #171: KMP_AFFINITY: OS proc 4 maps to package 0 core 4 
OMP: Info #171: KMP_AFFINITY: OS proc 5 maps to package 0 core 8 
OMP: Info #171: KMP_AFFINITY: OS proc 6 maps to package 0 core 9 
OMP: Info #171: KMP_AFFINITY: OS proc 7 maps to package 0 core 10 
OMP: Info #171: KMP_AFFINITY: OS proc 8 maps to package 0 core 11 
OMP: Info #171: KMP_AFFINITY: OS proc 9 maps to package 0 core 12 
OMP: Info #171: KMP_AFFINITY: OS proc 10 maps to package 1 core 0 
OMP: Info #171: KMP_AFFINITY: OS proc 11 maps to package 1 core 1 
OMP: Info #171: KMP_AFFINITY: OS proc 12 maps to package 1 core 2 
OMP: Info #171: KMP_AFFINITY: OS proc 13 maps to package 1 core 3 
OMP: Info #171: KMP_AFFINITY: OS proc 14 maps to package 1 core 4 
OMP: Info #171: KMP_AFFINITY: OS proc 15 maps to package 1 core 8 
OMP: Info #250: KMP_AFFINITY: pid 61880 tid 61880 thread 0 bound to OS proc set 0
OMP: Info #250: KMP_AFFINITY: pid 61880 tid 61882 thread 1 bound to OS proc set 1
OMP: Info #250: KMP_AFFINITY: pid 61880 tid 61883 thread 2 bound to OS proc set 2
OMP: Info #250: KMP_AFFINITY: pid 61880 tid 61884 thread 3 bound to OS proc set 3
OMP: Info #250: KMP_AFFINITY: pid 61880 tid 61885 thread 4 bound to OS proc set 4
OMP: Info #250: KMP_AFFINITY: pid 61880 tid 61886 thread 5 bound to OS proc set 5
OMP: Info #250: KMP_AFFINITY: pid 61880 tid 61887 thread 6 bound to OS proc set 6
OMP: Info #250: KMP_AFFINITY: pid 61880 tid 61888 thread 7 bound to OS proc set 7
OMP: Info #250: KMP_AFFINITY: pid 61880 tid 61889 thread 8 bound to OS proc set 8
OMP: Info #250: KMP_AFFINITY: pid 61880 tid 61890 thread 9 bound to OS proc set 9
OMP: Info #250: KMP_AFFINITY: pid 61880 tid 61891 thread 10 bound to OS proc set 10
OMP: Info #250: KMP_AFFINITY: pid 61880 tid 61892 thread 11 bound to OS proc set 11
OMP: Info #250: KMP_AFFINITY: pid 61880 tid 61893 thread 12 bound to OS proc set 12
OMP: Info #250: KMP_AFFINITY: pid 61880 tid 61894 thread 13 bound to OS proc set 13
OMP: Info #250: KMP_AFFINITY: pid 61880 tid 61895 thread 14 bound to OS proc set 14
OMP: Info #250: KMP_AFFINITY: pid 61880 tid 61897 thread 16 bound to OS proc set 0
OMP: Info #250: KMP_AFFINITY: pid 61880 tid 61899 thread 18 bound to OS proc set 2
OMP: Info #250: KMP_AFFINITY: pid 61880 tid 61901 thread 20 bound to OS proc set 4
OMP: Info #250: KMP_AFFINITY: pid 61880 tid 61902 thread 21 bound to OS proc set 5
OMP: Info #250: KMP_AFFINITY: pid 61880 tid 61903 thread 22 bound to OS proc set 6
OMP: Info #250: KMP_AFFINITY: pid 61880 tid 61905 thread 24 bound to OS proc set 8
OMP: Info #250: KMP_AFFINITY: pid 61880 tid 61910 thread 29 bound to OS proc set 13
OMP: Info #250: KMP_AFFINITY: pid 61880 tid 61912 thread 31 bound to OS proc set 15
OMP: Info #250: KMP_AFFINITY: pid 61880 tid 61898 thread 17 bound to OS proc set 1
OMP: Info #250: KMP_AFFINITY: pid 61880 tid 61907 thread 26 bound to OS proc set 10
OMP: Info #250: KMP_AFFINITY: pid 61880 tid 61911 thread 30 bound to OS proc set 14
OMP: Info #250: KMP_AFFINITY: pid 61880 tid 61906 thread 25 bound to OS proc set 9
OMP: Info #250: KMP_AFFINITY: pid 61880 tid 61904 thread 23 bound to OS proc set 7
OMP: Info #250: KMP_AFFINITY: pid 61880 tid 61908 thread 27 bound to OS proc set 11
OMP: Info #250: KMP_AFFINITY: pid 61880 tid 61896 thread 15 bound to OS proc set 15
OMP: Info #250: KMP_AFFINITY: pid 61880 tid 61909 thread 28 bound to OS proc set 12
OMP: Info #250: KMP_AFFINITY: pid 61880 tid 61900 thread 19 bound to OS proc set 3
Elapsed time: 12.17
R: 149.659528, G: 148.049722, B: 139.202555
